<?xml version="1.0" encoding="UTF-8"?>
<!-- Generated by org.testng.reporters.JUnitReportReporter -->
<testsuite hostname="hydwks135838" name="internationalTests.German.PERF002_PerformanceCumulativePerformanceTab" tests="1" failures="0" timestamp="19 Sep 2018 14:31:15 GMT" time="65.680" errors="0">
  <testcase name="validatePerformanceCumulativePerformanceTab" time="65.680" classname="internationalTests.German.PERF002_PerformanceCumulativePerformanceTab"/>
</testsuite> <!-- internationalTests.German.PERF002_PerformanceCumulativePerformanceTab -->
