<?xml version="1.0" encoding="UTF-8"?>
<!-- Generated by org.testng.reporters.JUnitReportReporter -->
<testsuite hostname="hydwks135838" name="internationalTests.Austria.FOVW005_Overview_Fund_Identifiers" tests="1" failures="0" timestamp="18 Jul 2018 08:37:33 GMT" time="78.067" errors="0">
  <testcase name="validateFundIdentifiers" time="78.067" classname="internationalTests.Austria.FOVW005_Overview_Fund_Identifiers"/>
</testsuite> <!-- internationalTests.Austria.FOVW005_Overview_Fund_Identifiers -->
