<?xml version="1.0" encoding="UTF-8"?>
<!-- Generated by org.testng.reporters.JUnitReportReporter -->
<testsuite hostname="hydwks135838" name="internationalTests.Luxembourg.FOVW012_Overview_BreadCrumbs" tests="1" failures="0" timestamp="1 Jun 2018 10:20:44 GMT" time="32.583" errors="0">
  <testcase name="validateOverviewPageBreadCrumbs" time="32.583" classname="internationalTests.Luxembourg.FOVW012_Overview_BreadCrumbs"/>
</testsuite> <!-- internationalTests.Luxembourg.FOVW012_Overview_BreadCrumbs -->
