<?xml version="1.0" encoding="UTF-8"?>
<!-- Generated by org.testng.reporters.JUnitReportReporter -->
<testsuite hostname="hydwks135838" name="internationalTests.Austria.FOVW009_Overview_PerfSnpDiscrete_Performance" tests="1" failures="0" timestamp="18 Jul 2018 07:38:29 GMT" time="83.005" errors="0">
  <testcase name="validatePerfSnpshtDiscretePerformance" time="83.005" classname="internationalTests.Austria.FOVW009_Overview_PerfSnpDiscrete_Performance"/>
</testsuite> <!-- internationalTests.Austria.FOVW009_Overview_PerfSnpDiscrete_Performance -->
