<?xml version="1.0" encoding="UTF-8"?>
<!-- Generated by org.testng.reporters.JUnitReportReporter -->
<testsuite hostname="hydwks135838" name="internationalTests.Italy.PERF010_PerformanceAnnualisedPerformanceQuarterEnd" tests="1" failures="0" timestamp="14 Mar 2018 12:57:49 GMT" time="59.385" errors="0">
  <testcase name="validatePerformanceAnnualisedPerformanceQuarterEnd" time="59.385" classname="internationalTests.Italy.PERF010_PerformanceAnnualisedPerformanceQuarterEnd"/>
</testsuite> <!-- internationalTests.Italy.PERF010_PerformanceAnnualisedPerformanceQuarterEnd -->
