<?xml version="1.0" encoding="UTF-8"?>
<!-- Generated by org.testng.reporters.JUnitReportReporter -->
<testsuite hostname="hydwks135838" name="internationalTests.Singapore.PFOL014_PortfolioAllocation" tests="1" failures="0" timestamp="27 Mar 2018 08:54:43 GMT" time="60.275" errors="0">
  <testcase name="validatePortfolioAllocationWidget" time="60.275" classname="internationalTests.Singapore.PFOL014_PortfolioAllocation"/>
</testsuite> <!-- internationalTests.Singapore.PFOL014_PortfolioAllocation -->
