<?xml version="1.0" encoding="UTF-8"?>
<!-- Generated by org.testng.reporters.JUnitReportReporter -->
<testsuite hostname="hydwks135838" name="internationalTests.Luxembourg.PERF009_PerformanceAnnualisedPerformanceMonthEnd" tests="1" failures="0" timestamp="31 May 2018 11:59:19 GMT" time="67.414" errors="0">
  <testcase name="validatePerformanceAnnualisedPerformanceMonthEnd" time="67.414" classname="internationalTests.Luxembourg.PERF009_PerformanceAnnualisedPerformanceMonthEnd"/>
</testsuite> <!-- internationalTests.Luxembourg.PERF009_PerformanceAnnualisedPerformanceMonthEnd -->
