<?xml version="1.0" encoding="UTF-8"?>
<!-- Generated by org.testng.reporters.JUnitReportReporter -->
<testsuite hostname="hydwks135838" name="internationalTests.UK.FOVW007_Overview_Fund_Managers" tests="1" failures="0" timestamp="12 Mar 2018 14:31:08 GMT" time="56.019" errors="0">
  <testcase name="validateFundManagers" time="56.019" classname="internationalTests.UK.FOVW007_Overview_Fund_Managers"/>
</testsuite> <!-- internationalTests.UK.FOVW007_Overview_Fund_Managers -->
