<?xml version="1.0" encoding="UTF-8"?>
<!-- Generated by org.testng.reporters.JUnitReportReporter -->
<testsuite hostname="HYDNBK136574" name="internationalTests.German.PPSS007_PPSSPage_Filters" tests="1" failures="0" timestamp="23 Nov 2018 09:39:19 GMT" time="71.215" errors="0">
  <testcase name="ppssPageFilterValidation" time="71.215" classname="internationalTests.German.PPSS007_PPSSPage_Filters"/>
</testsuite> <!-- internationalTests.German.PPSS007_PPSSPage_Filters -->
