<?xml version="1.0" encoding="UTF-8"?>
<!-- Generated by org.testng.reporters.JUnitReportReporter -->
<testsuite hostname="HYDNBK136589" name="internationalTests.Luxembourg.PERF028_PerformanceDiscreteAnnualPerformanceViewAllShareClassMonthEnd" tests="1" failures="0" timestamp="3 Apr 2018 09:53:57 GMT" time="72.320" errors="0">
  <testcase name="validatePerformanceDiscreteAnnualPerformanceViewAllShareClassMonthEnd" time="72.320" classname="internationalTests.Luxembourg.PERF028_PerformanceDiscreteAnnualPerformanceViewAllShareClassMonthEnd"/>
</testsuite> <!-- internationalTests.Luxembourg.PERF028_PerformanceDiscreteAnnualPerformanceViewAllShareClassMonthEnd -->
