<?xml version="1.0" encoding="UTF-8"?>
<!-- Generated by org.testng.reporters.JUnitReportReporter -->
<testsuite hostname="hydwks135838" name="internationalTests.UK.FOVW008_Overview_DividendDistributionYield" tests="1" failures="0" timestamp="13 Mar 2018 06:31:48 GMT" time="55.414" errors="0">
  <testcase name="validateDividendDistributionSection" time="55.414" classname="internationalTests.UK.FOVW008_Overview_DividendDistributionYield"/>
</testsuite> <!-- internationalTests.UK.FOVW008_Overview_DividendDistributionYield -->
