<?xml version="1.0" encoding="UTF-8"?>
<!-- Generated by org.testng.reporters.JUnitReportReporter -->
<testsuite hostname="HYDNBK136574" name="internationalTests.German.PPSS001_PageNavigationAndOverview" tests="1" failures="0" timestamp="23 Nov 2018 10:29:58 GMT" time="36.805" errors="0">
  <testcase name="validatePPSSPageNavigation" time="36.805" classname="internationalTests.German.PPSS001_PageNavigationAndOverview"/>
</testsuite> <!-- internationalTests.German.PPSS001_PageNavigationAndOverview -->
