<?xml version="1.0" encoding="UTF-8"?>
<!-- Generated by org.testng.reporters.JUnitReportReporter -->
<testsuite hostname="hydwks135838" name="internationalTests.UK.PPSS003_Performance_DiscreteAnnaul" tests="1" failures="0" timestamp="18 Jul 2018 12:07:36 GMT" time="33.507" errors="0">
  <testcase name="validatePerformanceTabColumnsByDiscreteAnnaul" time="33.507" classname="internationalTests.UK.PPSS003_Performance_DiscreteAnnaul"/>
</testsuite> <!-- internationalTests.UK.PPSS003_Performance_DiscreteAnnaul -->
