<?xml version="1.0" encoding="UTF-8"?>
<!-- Generated by org.testng.reporters.JUnitReportReporter -->
<testsuite hostname="hydwks135838" name="internationalTests.Singapore.PFOL016_SectorExposure" tests="1" failures="0" timestamp="27 Mar 2018 08:56:58 GMT" time="55.471" errors="0">
  <testcase name="validateSectorExposureWidget" time="55.471" classname="internationalTests.Singapore.PFOL016_SectorExposure"/>
</testsuite> <!-- internationalTests.Singapore.PFOL016_SectorExposure -->
