<?xml version="1.0" encoding="UTF-8"?>
<!-- Generated by org.testng.reporters.JUnitReportReporter -->
<testsuite hostname="hydwks135838" name="internationalTests.Offshore.PERF010_PerformanceAnnualisedPerformanceQuarterEnd" tests="1" failures="0" timestamp="16 Apr 2018 07:55:57 GMT" time="67.769" errors="0">
  <testcase name="validatePerformanceAnnualisedPerformanceQuarterEnd" time="67.769" classname="internationalTests.Offshore.PERF010_PerformanceAnnualisedPerformanceQuarterEnd"/>
</testsuite> <!-- internationalTests.Offshore.PERF010_PerformanceAnnualisedPerformanceQuarterEnd -->
