<?xml version="1.0" encoding="UTF-8"?>
<!-- Generated by org.testng.reporters.JUnitReportReporter -->
<testsuite hostname="hydwks135838" name="internationalTests.Canada.PFOL012_ManagerAllocation" tests="1" failures="0" timestamp="9 May 2018 12:54:09 GMT" time="55.755" errors="0">
  <testcase name="validateManagerAllocationWidget" time="55.755" classname="internationalTests.Canada.PFOL012_ManagerAllocation"/>
</testsuite> <!-- internationalTests.Canada.PFOL012_ManagerAllocation -->
