<?xml version="1.0" encoding="UTF-8"?>
<!-- Generated by org.testng.reporters.JUnitReportReporter -->
<testsuite hostname="hydwks135838" name="internationalTests.German.FOVW001_Overview_FundContent" tests="1" failures="0" timestamp="15 Mar 2018 14:08:00 GMT" time="56.262" errors="0">
  <testcase name="validateSummaryOfFundObjective" time="56.262" classname="internationalTests.German.FOVW001_Overview_FundContent"/>
</testsuite> <!-- internationalTests.German.FOVW001_Overview_FundContent -->
