<?xml version="1.0" encoding="UTF-8"?>
<!-- Generated by org.testng.reporters.JUnitReportReporter -->
<testsuite hostname="hydwks135838" name="internationalTests.Austria.FOVW004_Overview_Sales_Charge" tests="1" failures="0" timestamp="18 Jul 2018 07:31:47 GMT" time="66.172" errors="0">
  <testcase name="validateSalesCharge" time="66.172" classname="internationalTests.Austria.FOVW004_Overview_Sales_Charge"/>
</testsuite> <!-- internationalTests.Austria.FOVW004_Overview_Sales_Charge -->
