<?xml version="1.0" encoding="UTF-8"?>
<!-- Generated by org.testng.reporters.JUnitReportReporter -->
<testsuite hostname="hydwks135838" name="internationalTests.Canada.PPSS010_Performance_AnnualizedDataQuarterEnd" tests="1" failures="0" timestamp="31 May 2018 13:45:19 GMT" time="30.304" errors="0">
  <testcase name="validatePerformanceTabDiscreteAnnaulDataByQuarterEnd" time="30.304" classname="internationalTests.Canada.PPSS010_Performance_AnnualizedDataQuarterEnd"/>
</testsuite> <!-- internationalTests.Canada.PPSS010_Performance_AnnualizedDataQuarterEnd -->
