<?xml version="1.0" encoding="UTF-8"?>
<!-- Generated by org.testng.reporters.JUnitReportReporter -->
<testsuite hostname="hydwks135838" name="internationalTests.Switzerland.PPSS002_Performance_Cumulative" tests="1" failures="0" timestamp="19 Mar 2018 12:47:00 GMT" time="34.965" errors="0">
  <testcase name="validatePerformanceTabColumnsByCumulative" time="34.965" classname="internationalTests.Switzerland.PPSS002_Performance_Cumulative"/>
</testsuite> <!-- internationalTests.Switzerland.PPSS002_Performance_Cumulative -->
