<?xml version="1.0" encoding="UTF-8"?>
<!-- Generated by org.testng.reporters.JUnitReportReporter -->
<testsuite hostname="hydwks135838" name="internationalTests.Canada.PPSS002_Performance_Calendar" tests="1" failures="0" timestamp="25 Sep 2018 13:32:51 GMT" time="34.387" errors="0">
  <testcase name="validatePerformanceTabColumnsByCumulative" time="34.387" classname="internationalTests.Canada.PPSS002_Performance_Calendar"/>
</testsuite> <!-- internationalTests.Canada.PPSS002_Performance_Calendar -->
