<?xml version="1.0" encoding="UTF-8"?>
<!-- Generated by org.testng.reporters.JUnitReportReporter -->
<testsuite hostname="hydwks135838" name="internationalTests.Canada.PFOL020_PortfolioStatistics_Equity" tests="1" failures="0" timestamp="10 May 2018 09:30:18 GMT" time="59.239" errors="0">
  <testcase name="validatePortfolioStatisticsEquity" time="59.239" classname="internationalTests.Canada.PFOL020_PortfolioStatistics_Equity"/>
</testsuite> <!-- internationalTests.Canada.PFOL020_PortfolioStatistics_Equity -->
