<?xml version="1.0" encoding="UTF-8"?>
<!-- Generated by org.testng.reporters.JUnitReportReporter -->
<testsuite hostname="hydwks135838" name="internationalTests.Switzerland.PFOL013_PortfolioValueAtRisk" tests="1" failures="0" timestamp="19 Mar 2018 12:02:38 GMT" time="50.333" errors="0">
  <testcase name="validatePortfolioValueAtRisk" time="50.333" classname="internationalTests.Switzerland.PFOL013_PortfolioValueAtRisk"/>
</testsuite> <!-- internationalTests.Switzerland.PFOL013_PortfolioValueAtRisk -->
