<?xml version="1.0" encoding="UTF-8"?>
<!-- Generated by org.testng.reporters.JUnitReportReporter -->
<testsuite hostname="HYDNBK136589" name="internationalTests.Luxembourg.PPSS_Performance_Cumulative" tests="1" failures="0" timestamp="19 Dec 2017 09:12:24 GMT" time="51.707" errors="0">
  <testcase name="validatePerformanceTabColumnsByCumulative" time="51.707" classname="internationalTests.Luxembourg.PPSS_Performance_Cumulative"/>
</testsuite> <!-- internationalTests.Luxembourg.PPSS_Performance_Cumulative -->
