<?xml version="1.0" encoding="UTF-8"?>
<!-- Generated by org.testng.reporters.JUnitReportReporter -->
<testsuite hostname="hydwks135838" name="internationalTests.German.Marketing.HOME005_FeaturedFunds" tests="1" failures="0" timestamp="12 Nov 2018 13:04:17 GMT" time="30.238" errors="0">
  <testcase name="validateFeaturedFunds" time="30.238" classname="internationalTests.German.Marketing.HOME005_FeaturedFunds"/>
</testsuite> <!-- internationalTests.German.Marketing.HOME005_FeaturedFunds -->
