<?xml version="1.0" encoding="UTF-8"?>
<!-- Generated by org.testng.reporters.JUnitReportReporter -->
<testsuite hostname="hydwks135838" name="internationalTests.Italy.FOVW004_Overview_Sales_Charge" tests="1" failures="0" timestamp="18 Jul 2018 09:53:13 GMT" time="54.491" errors="0">
  <testcase name="validateSalesCharge" time="54.491" classname="internationalTests.Italy.FOVW004_Overview_Sales_Charge"/>
</testsuite> <!-- internationalTests.Italy.FOVW004_Overview_Sales_Charge -->
