<?xml version="1.0" encoding="UTF-8"?>
<!-- Generated by org.testng.reporters.JUnitReportReporter -->
<testsuite hostname="hydwks135838" name="internationalTests.German.PFOL013_PortfolioValueAtRisk" tests="1" failures="0" timestamp="8 Mar 2018 13:33:14 GMT" time="51.045" errors="0">
  <testcase name="validatePortfolioValueAtRisk" time="51.045" classname="internationalTests.German.PFOL013_PortfolioValueAtRisk"/>
</testsuite> <!-- internationalTests.German.PFOL013_PortfolioValueAtRisk -->
