<?xml version="1.0" encoding="UTF-8"?>
<!-- Generated by org.testng.reporters.JUnitReportReporter -->
<testsuite hostname="hydwks135838" name="internationalTests.Italy.FOVW003_Overview_Fund_Information" tests="1" failures="0" timestamp="18 Jul 2018 09:40:22 GMT" time="59.544" errors="0">
  <testcase name="validateFundInfo" time="59.544" classname="internationalTests.Italy.FOVW003_Overview_Fund_Information"/>
</testsuite> <!-- internationalTests.Italy.FOVW003_Overview_Fund_Information -->
