<?xml version="1.0" encoding="UTF-8"?>
<!-- Generated by org.testng.reporters.JUnitReportReporter -->
<testsuite hostname="hydwks135838" name="internationalTests.Offshore.PFOL012_ManagerAllocation" tests="1" failures="0" timestamp="24 Apr 2018 09:19:42 GMT" time="68.058" errors="0">
  <testcase name="validateManagerAllocationWidget" time="68.058" classname="internationalTests.Offshore.PFOL012_ManagerAllocation"/>
</testsuite> <!-- internationalTests.Offshore.PFOL012_ManagerAllocation -->
