<?xml version="1.0" encoding="UTF-8"?>
<!-- Generated by org.testng.reporters.JUnitReportReporter -->
<testsuite hostname="hydwks135838" name="internationalTests.UK.FOVW001_Overview_FundContent" tests="1" failures="0" timestamp="12 Mar 2018 11:11:02 GMT" time="51.567" errors="0">
  <testcase name="validateSummaryOfFundObjective" time="51.567" classname="internationalTests.UK.FOVW001_Overview_FundContent"/>
</testsuite> <!-- internationalTests.UK.FOVW001_Overview_FundContent -->
