<?xml version="1.0" encoding="UTF-8"?>
<!-- Generated by org.testng.reporters.JUnitReportReporter -->
<testsuite hostname="hydwks135838" name="internationalTests.Luxembourg.PDST003_PriceAndDistributionHistoricalNAVSearch" tests="1" failures="0" timestamp="8 Jun 2018 11:03:37 GMT" time="130.213" errors="0">
  <testcase name="validatePriceAndDistributionHistoricaNAVSearch" time="130.213" classname="internationalTests.Luxembourg.PDST003_PriceAndDistributionHistoricalNAVSearch"/>
</testsuite> <!-- internationalTests.Luxembourg.PDST003_PriceAndDistributionHistoricalNAVSearch -->
