<?xml version="1.0" encoding="UTF-8"?>
<!-- Generated by org.testng.reporters.JUnitReportReporter -->
<testsuite hostname="hydwks135838" name="internationalTests.Offshore.PPSS002_Performance_Cumulative" tests="1" failures="0" timestamp="24 Apr 2018 11:00:29 GMT" time="41.975" errors="0">
  <testcase name="validatePerformanceTabColumnsByCumulative" time="41.975" classname="internationalTests.Offshore.PPSS002_Performance_Cumulative"/>
</testsuite> <!-- internationalTests.Offshore.PPSS002_Performance_Cumulative -->
