<?xml version="1.0" encoding="UTF-8"?>
<!-- Generated by org.testng.reporters.JUnitReportReporter -->
<testsuite hostname="hydwks135838" name="internationalTests.Luxembourg.PERF018_PerformanceDiscreteAnnualPerformanceTab" tests="1" failures="0" timestamp="9 Mar 2018 10:30:35 GMT" time="58.362" errors="0">
  <testcase name="validatePerformanceDiscreteAnnualPerformanceTab" time="58.362" classname="internationalTests.Luxembourg.PERF018_PerformanceDiscreteAnnualPerformanceTab"/>
</testsuite> <!-- internationalTests.Luxembourg.PERF018_PerformanceDiscreteAnnualPerformanceTab -->
