<?xml version="1.0" encoding="UTF-8"?>
<!-- Generated by org.testng.reporters.JUnitReportReporter -->
<testsuite hostname="hydwks135838" name="internationalTests.Offshore.PDST006_PriceAndDistributionHistoricalDividend" tests="1" failures="0" timestamp="16 Apr 2018 07:13:57 GMT" time="89.499" errors="0">
  <testcase name="validatePriceAndDistributionHistoricalDividend" time="89.499" classname="internationalTests.Offshore.PDST006_PriceAndDistributionHistoricalDividend"/>
</testsuite> <!-- internationalTests.Offshore.PDST006_PriceAndDistributionHistoricalDividend -->
