<?xml version="1.0" encoding="UTF-8"?>
<!-- Generated by org.testng.reporters.JUnitReportReporter -->
<testsuite hostname="hydwks135838" name="internationalTests.Canada.Accounts.ASST004_Assets_SeriesLoad" tests="1" failures="0" timestamp="11 Jun 2018 08:44:32 GMT" time="42.557" errors="0">
  <testcase name="validateAssetSalesSeriesLoad" time="42.557" classname="internationalTests.Canada.Accounts.ASST004_Assets_SeriesLoad"/>
</testsuite> <!-- internationalTests.Canada.Accounts.ASST004_Assets_SeriesLoad -->
