<?xml version="1.0" encoding="UTF-8"?>
<!-- Generated by org.testng.reporters.JUnitReportReporter -->
<testsuite hostname="hydwks135838" name="internationalTests.Italy.PFOL007_PortfolioStatistics_FixedIncome" tests="1" failures="0" timestamp="15 Mar 2018 07:22:52 GMT" time="55.666" errors="0">
  <testcase name="validatePortfolioStatisticsFixedIncome" time="55.666" classname="internationalTests.Italy.PFOL007_PortfolioStatistics_FixedIncome"/>
</testsuite> <!-- internationalTests.Italy.PFOL007_PortfolioStatistics_FixedIncome -->
