<?xml version="1.0" encoding="UTF-8"?>
<!-- Generated by org.testng.reporters.JUnitReportReporter -->
<testsuite hostname="hydwks135838" name="internationalTests.German.Marketing.RESR003_FundDocuments_2" tests="1" failures="0" timestamp="16 Oct 2018 10:11:01 GMT" time="35.059" errors="0">
  <testcase name="validateFundDocuments2" time="35.059" classname="internationalTests.German.Marketing.RESR003_FundDocuments_2"/>
</testsuite> <!-- internationalTests.German.Marketing.RESR003_FundDocuments_2 -->
