<?xml version="1.0" encoding="UTF-8"?>
<!-- Generated by org.testng.reporters.JUnitReportReporter -->
<testsuite hostname="hydwks135838" name="internationalTests.Offshore.PERF006_PerformanceCumulativePerformanceCaveats" tests="1" failures="0" timestamp="16 Apr 2018 07:48:06 GMT" time="86.467" errors="0">
  <testcase name="validatePerformanceCumulativePerformanceCaveats" time="86.467" classname="internationalTests.Offshore.PERF006_PerformanceCumulativePerformanceCaveats"/>
</testsuite> <!-- internationalTests.Offshore.PERF006_PerformanceCumulativePerformanceCaveats -->
