<?xml version="1.0" encoding="UTF-8"?>
<!-- Generated by org.testng.reporters.JUnitReportReporter -->
<testsuite hostname="hydwks135838" name="internationalTests.UK.PFOL021_PortfolioStatistics_NumberOfIssuersHoldings" tests="1" failures="0" timestamp="12 Mar 2018 10:02:27 GMT" time="103.335" errors="0">
  <testcase name="validatePortfolioStatisticsNumberOfIssuersHoldings" time="103.335" classname="internationalTests.UK.PFOL021_PortfolioStatistics_NumberOfIssuersHoldings"/>
</testsuite> <!-- internationalTests.UK.PFOL021_PortfolioStatistics_NumberOfIssuersHoldings -->
