<?xml version="1.0" encoding="UTF-8"?>
<!-- Generated by org.testng.reporters.JUnitReportReporter -->
<testsuite hostname="hydwks135838" name="internationalTests.UK.PFOL016_SectorExposure" tests="1" failures="0" timestamp="12 Mar 2018 09:44:35 GMT" time="59.805" errors="0">
  <testcase name="validateSectorExposureWidget" time="59.805" classname="internationalTests.UK.PFOL016_SectorExposure"/>
</testsuite> <!-- internationalTests.UK.PFOL016_SectorExposure -->
