<?xml version="1.0" encoding="UTF-8"?>
<!-- Generated by org.testng.reporters.JUnitReportReporter -->
<testsuite hostname="hydwks135838" name="internationalTests.Offshore.PPSS011_Performance_CumulativeDataQuarterEnd" tests="1" failures="0" timestamp="24 Apr 2018 12:05:01 GMT" time="40.907" errors="0">
  <testcase name="validatePerformanceTabCumulativeDataByQuarterEnd" time="40.907" classname="internationalTests.Offshore.PPSS011_Performance_CumulativeDataQuarterEnd"/>
</testsuite> <!-- internationalTests.Offshore.PPSS011_Performance_CumulativeDataQuarterEnd -->
