<?xml version="1.0" encoding="UTF-8"?>
<!-- Generated by org.testng.reporters.JUnitReportReporter -->
<testsuite hostname="hydwks135838" name="internationalTests.German.Marketing.HOME006_LearnMore_InvestmentStrategies" tests="1" failures="0" timestamp="12 Nov 2018 13:31:14 GMT" time="26.185" errors="0">
  <testcase name="validateLearMoreInvestmentStrategies" time="26.185" classname="internationalTests.German.Marketing.HOME006_LearnMore_InvestmentStrategies"/>
</testsuite> <!-- internationalTests.German.Marketing.HOME006_LearnMore_InvestmentStrategies -->
