<?xml version="1.0" encoding="UTF-8"?>
<!-- Generated by org.testng.reporters.JUnitReportReporter -->
<testsuite hostname="hydwks135838" name="internationalTests.German.PERF011_PerformanceAnnualisedPerformanceCaveats" tests="1" failures="0" timestamp="8 Mar 2018 13:32:16 GMT" time="57.100" errors="0">
  <testcase name="validatePerformanceAnnualisedPerformanceCaveats" time="57.100" classname="internationalTests.German.PERF011_PerformanceAnnualisedPerformanceCaveats"/>
</testsuite> <!-- internationalTests.German.PERF011_PerformanceAnnualisedPerformanceCaveats -->
