<?xml version="1.0" encoding="UTF-8"?>
<!-- Generated by org.testng.reporters.JUnitReportReporter -->
<testsuite hostname="hydwks135838" name="internationalTests.UK.FOVW013_Overview_FindAFund" tests="1" failures="0" timestamp="14 May 2018 06:43:40 GMT" time="60.007" errors="0">
  <testcase name="validateOverviewFindAFund" time="60.007" classname="internationalTests.UK.FOVW013_Overview_FindAFund"/>
</testsuite> <!-- internationalTests.UK.FOVW013_Overview_FindAFund -->
