<?xml version="1.0" encoding="UTF-8"?>
<!-- Generated by org.testng.reporters.JUnitReportReporter -->
<testsuite hostname="hydwks135838" name="internationalTests.Singapore.FOVW001_Overview_FundContent" tests="1" failures="0" timestamp="17 Apr 2018 09:14:23 GMT" time="121.189" errors="0">
  <testcase name="validateSummaryOfFundObjective" time="121.189" classname="internationalTests.Singapore.FOVW001_Overview_FundContent"/>
</testsuite> <!-- internationalTests.Singapore.FOVW001_Overview_FundContent -->
