<?xml version="1.0" encoding="UTF-8"?>
<!-- Generated by org.testng.reporters.JUnitReportReporter -->
<testsuite hostname="hydwks135838" name="internationalTests.Singapore.PERF008_PerformanceAnnualisedPerformanceTab" tests="1" failures="0" timestamp="27 Mar 2018 07:00:54 GMT" time="48.952" errors="0">
  <testcase name="validatePerformanceAnnualisedPerformanceTab" time="48.952" classname="internationalTests.Singapore.PERF008_PerformanceAnnualisedPerformanceTab"/>
</testsuite> <!-- internationalTests.Singapore.PERF008_PerformanceAnnualisedPerformanceTab -->
