<?xml version="1.0" encoding="UTF-8"?>
<!-- Generated by org.testng.reporters.JUnitReportReporter -->
<testsuite hostname="hydwks135838" name="internationalTests.Canada.FOVW002_Overview_NAVPrice" tests="1" failures="0" timestamp="25 Sep 2018 13:28:40 GMT" time="169.205" errors="0">
  <testcase name="validateNAVPrice" time="169.205" classname="internationalTests.Canada.FOVW002_Overview_NAVPrice"/>
</testsuite> <!-- internationalTests.Canada.FOVW002_Overview_NAVPrice -->
