<?xml version="1.0" encoding="UTF-8"?>
<!-- Generated by org.testng.reporters.JUnitReportReporter -->
<testsuite hostname="hydwks135838" name="internationalTests.Offshore.PFOL013_PortfolioValueAtRisk" tests="1" failures="0" timestamp="24 Apr 2018 09:20:48 GMT" time="59.744" errors="0">
  <testcase name="validatePortfolioValueAtRisk" time="59.744" classname="internationalTests.Offshore.PFOL013_PortfolioValueAtRisk"/>
</testsuite> <!-- internationalTests.Offshore.PFOL013_PortfolioValueAtRisk -->
