<?xml version="1.0" encoding="UTF-8"?>
<!-- Generated by org.testng.reporters.JUnitReportReporter -->
<testsuite hostname="hydwks135838" name="internationalTests.Italy.PPSS010_Performance_DiscreteAnnaulDataQuarterEnd" tests="1" failures="0" timestamp="19 Mar 2018 14:15:31 GMT" time="35.747" errors="0">
  <testcase name="validatePerformanceTabDiscreteAnnaulDataByQuarterEnd" time="35.747" classname="internationalTests.Italy.PPSS010_Performance_DiscreteAnnaulDataQuarterEnd"/>
</testsuite> <!-- internationalTests.Italy.PPSS010_Performance_DiscreteAnnaulDataQuarterEnd -->
