<?xml version="1.0" encoding="UTF-8"?>
<!-- Generated by org.testng.reporters.JUnitReportReporter -->
<testsuite hostname="hydwks135838" name="internationalTests.Offshore.PFOL014_PortfolioAllocation" tests="1" failures="0" timestamp="24 Apr 2018 09:22:07 GMT" time="72.488" errors="0">
  <testcase name="validatePortfolioAllocationWidget" time="72.488" classname="internationalTests.Offshore.PFOL014_PortfolioAllocation"/>
</testsuite> <!-- internationalTests.Offshore.PFOL014_PortfolioAllocation -->
