<?xml version="1.0" encoding="UTF-8"?>
<!-- Generated by org.testng.reporters.JUnitReportReporter -->
<testsuite hostname="hydwks135838" name="internationalTests.Singapore.FOVW013_Overview_FindAFund" tests="1" failures="0" timestamp="26 Mar 2018 14:09:02 GMT" time="40.646" errors="0">
  <testcase name="validateOverviewFindAFund" time="40.646" classname="internationalTests.Singapore.FOVW013_Overview_FindAFund"/>
</testsuite> <!-- internationalTests.Singapore.FOVW013_Overview_FindAFund -->
