<?xml version="1.0" encoding="UTF-8"?>
<!-- Generated by org.testng.reporters.JUnitReportReporter -->
<testsuite hostname="hydwks135838" name="internationalTests.Singapore.PERF025_PerformanceAnnualisedPerformanceViewAllShareClassQuarterEnd" tests="1" failures="0" timestamp="27 Mar 2018 07:41:58 GMT" time="71.076" errors="0">
  <testcase name="validatePerformanceAnnualisedPerformanceViewAllShareClassQuarterEnd" time="71.076" classname="internationalTests.Singapore.PERF025_PerformanceAnnualisedPerformanceViewAllShareClassQuarterEnd"/>
</testsuite> <!-- internationalTests.Singapore.PERF025_PerformanceAnnualisedPerformanceViewAllShareClassQuarterEnd -->
