<?xml version="1.0" encoding="UTF-8"?>
<!-- Generated by org.testng.reporters.JUnitReportReporter -->
<testsuite hostname="hydwks135838" name="internationalTests.German.PERF010_PerformanceAnnualisedPerformanceQuarterEnd" tests="1" failures="0" timestamp="8 Mar 2018 13:25:24 GMT" time="66.313" errors="0">
  <testcase name="validatePerformanceAnnualisedPerformanceQuarterEnd" time="66.313" classname="internationalTests.German.PERF010_PerformanceAnnualisedPerformanceQuarterEnd"/>
</testsuite> <!-- internationalTests.German.PERF010_PerformanceAnnualisedPerformanceQuarterEnd -->
