<?xml version="1.0" encoding="UTF-8"?>
<!-- Generated by org.testng.reporters.JUnitReportReporter -->
<testsuite hostname="hydwks135838" name="internationalTests.Offshore.PFOL015_TopRiskAllocationByAssetClass" tests="1" failures="0" timestamp="24 Apr 2018 09:23:26 GMT" time="71.510" errors="0">
  <testcase name="validateTopRiskAllocationByAssetClassWidget" time="71.510" classname="internationalTests.Offshore.PFOL015_TopRiskAllocationByAssetClass"/>
</testsuite> <!-- internationalTests.Offshore.PFOL015_TopRiskAllocationByAssetClass -->
