<?xml version="1.0" encoding="UTF-8"?>
<!-- Generated by org.testng.reporters.JUnitReportReporter -->
<testsuite hostname="hydwks135838" name="internationalTests.Canada.PDST003_PriceAndDistributionHistoricalNAVSearch" tests="1" failures="0" timestamp="1 Jun 2018 08:43:09 GMT" time="80.564" errors="0">
  <testcase name="validatePriceAndDistributionHistoricaNAVSearch" time="80.564" classname="internationalTests.Canada.PDST003_PriceAndDistributionHistoricalNAVSearch"/>
</testsuite> <!-- internationalTests.Canada.PDST003_PriceAndDistributionHistoricalNAVSearch -->
