<?xml version="1.0" encoding="UTF-8"?>
<!-- Generated by org.testng.reporters.JUnitReportReporter -->
<testsuite hostname="hydwks135838" name="internationalTests.Italy.FOVW002_Overview_NAVPrice" tests="1" failures="0" timestamp="18 Jul 2018 09:36:03 GMT" time="161.708" errors="0">
  <testcase name="validateNAVPrice" time="161.708" classname="internationalTests.Italy.FOVW002_Overview_NAVPrice"/>
</testsuite> <!-- internationalTests.Italy.FOVW002_Overview_NAVPrice -->
