<?xml version="1.0" encoding="UTF-8"?>
<!-- Generated by org.testng.reporters.JUnitReportReporter -->
<testsuite hostname="hydwks135838" name="internationalTests.Luxembourg.PERF014_PerformanceCalendarYearPerformanceMonthEnd" tests="1" failures="0" timestamp="31 May 2018 12:09:41 GMT" time="64.923" errors="0">
  <testcase name="validatePerformanceCalendarYearPerformanceMonthEnd" time="64.923" classname="internationalTests.Luxembourg.PERF014_PerformanceCalendarYearPerformanceMonthEnd"/>
</testsuite> <!-- internationalTests.Luxembourg.PERF014_PerformanceCalendarYearPerformanceMonthEnd -->
