<?xml version="1.0" encoding="UTF-8"?>
<!-- Generated by org.testng.reporters.JUnitReportReporter -->
<testsuite hostname="hydwks135838" name="internationalTests.UK.PPSS010_Performance_DiscreteAnnaulDataQuarterEnd" tests="1" failures="0" timestamp="12 Mar 2018 09:17:36 GMT" time="33.763" errors="0">
  <testcase name="validatePerformanceTabDiscreteAnnaulDataByQuarterEnd" time="33.763" classname="internationalTests.UK.PPSS010_Performance_DiscreteAnnaulDataQuarterEnd"/>
</testsuite> <!-- internationalTests.UK.PPSS010_Performance_DiscreteAnnaulDataQuarterEnd -->
