<?xml version="1.0" encoding="UTF-8"?>
<!-- Generated by org.testng.reporters.JUnitReportReporter -->
<testsuite hostname="hydwks135838" name="internationalTests.Austria.PPSS001_PageNavigationAndOverview" tests="1" failures="0" timestamp="11 Apr 2018 12:35:55 GMT" time="30.602" errors="0">
  <testcase name="validatePPSSPageNavigation" time="30.602" classname="internationalTests.Austria.PPSS001_PageNavigationAndOverview"/>
</testsuite> <!-- internationalTests.Austria.PPSS001_PageNavigationAndOverview -->
