<?xml version="1.0" encoding="UTF-8"?>
<!-- Generated by org.testng.reporters.JUnitReportReporter -->
<testsuite hostname="hydwks135838" name="internationalTests.Offshore.PPSS001_PageNavigationAndOverview" tests="1" failures="0" timestamp="24 Apr 2018 10:54:34 GMT" time="40.578" errors="0">
  <testcase name="validatePPSSPageNavigation" time="40.578" classname="internationalTests.Offshore.PPSS001_PageNavigationAndOverview"/>
</testsuite> <!-- internationalTests.Offshore.PPSS001_PageNavigationAndOverview -->
