<?xml version="1.0" encoding="UTF-8"?>
<!-- Generated by org.testng.reporters.JUnitReportReporter -->
<testsuite hostname="hydwks135838" name="internationalTests.Singapore.PERF026_PerformanceCalendarYearPerformanceViewAllShareClassMonthEnd" tests="1" failures="0" timestamp="27 Mar 2018 07:43:11 GMT" time="66.422" errors="0">
  <testcase name="validatePerformanceCalendarYearPerformanceViewAllShareClasMonthEnd" time="66.422" classname="internationalTests.Singapore.PERF026_PerformanceCalendarYearPerformanceViewAllShareClassMonthEnd"/>
</testsuite> <!-- internationalTests.Singapore.PERF026_PerformanceCalendarYearPerformanceViewAllShareClassMonthEnd -->
