<?xml version="1.0" encoding="UTF-8"?>
<!-- Generated by org.testng.reporters.JUnitReportReporter -->
<testsuite hostname="HYDNBK136574" name="internationalTests.Canada.Marketing.RESR002_FundDocuments_1" tests="1" failures="0" timestamp="22 Nov 2018 06:24:12 GMT" time="40.704" errors="0">
  <testcase name="validateFundDocuments1" time="40.704" classname="internationalTests.Canada.Marketing.RESR002_FundDocuments_1"/>
</testsuite> <!-- internationalTests.Canada.Marketing.RESR002_FundDocuments_1 -->
