<?xml version="1.0" encoding="UTF-8"?>
<!-- Generated by org.testng.reporters.JUnitReportReporter -->
<testsuite hostname="hydwks135838" name="internationalTests.Singapore.FOVW018_Overview_ImportantLegalInformation" tests="1" failures="0" timestamp="27 Mar 2018 06:16:24 GMT" time="54.235" errors="0">
  <testcase name="validateOverviewPageLegalInfo" time="54.235" classname="internationalTests.Singapore.FOVW018_Overview_ImportantLegalInformation"/>
</testsuite> <!-- internationalTests.Singapore.FOVW018_Overview_ImportantLegalInformation -->
