<?xml version="1.0" encoding="UTF-8"?>
<!-- Generated by org.testng.reporters.JUnitReportReporter -->
<testsuite hostname="HYDNBK136574" name="internationalTests.German.PFOL020_PortfolioStatistics_Equity" tests="1" failures="0" timestamp="23 Nov 2018 13:42:06 GMT" time="51.262" errors="0">
  <testcase name="validatePortfolioStatisticsEquity" time="51.262" classname="internationalTests.German.PFOL020_PortfolioStatistics_Equity"/>
</testsuite> <!-- internationalTests.German.PFOL020_PortfolioStatistics_Equity -->
