<?xml version="1.0" encoding="UTF-8"?>
<!-- Generated by org.testng.reporters.JUnitReportReporter -->
<testsuite hostname="hydwks135838" name="internationalTests.German.PERF006_PerformanceCumulativePerformanceCaveats" tests="1" failures="0" timestamp="8 Mar 2018 13:35:20 GMT" time="55.153" errors="0">
  <testcase name="validatePerformanceCumulativePerformanceCaveats" time="55.153" classname="internationalTests.German.PERF006_PerformanceCumulativePerformanceCaveats"/>
</testsuite> <!-- internationalTests.German.PERF006_PerformanceCumulativePerformanceCaveats -->
