<?xml version="1.0" encoding="UTF-8"?>
<!-- Generated by org.testng.reporters.JUnitReportReporter -->
<testsuite hostname="hydwks135838" name="internationalTests.Italy.PERF024_PerformanceAnnualisedPerformanceViewAllShareClassMonthEnd" tests="1" failures="0" timestamp="14 Mar 2018 13:40:14 GMT" time="69.819" errors="0">
  <testcase name="validatePerformanceAnnualisedPerformanceViewAllShareClassMonthEnd" time="69.819" classname="internationalTests.Italy.PERF024_PerformanceAnnualisedPerformanceViewAllShareClassMonthEnd"/>
</testsuite> <!-- internationalTests.Italy.PERF024_PerformanceAnnualisedPerformanceViewAllShareClassMonthEnd -->
