<?xml version="1.0" encoding="UTF-8"?>
<!-- Generated by org.testng.reporters.JUnitReportReporter -->
<testsuite hostname="hydwks135838" name="internationalTests.Offshore.PFOL019_PortfolioComponentsBasedOnAssetClass" tests="1" failures="0" timestamp="24 Apr 2018 13:16:08 GMT" time="123.513" errors="0">
  <testcase name="validatePortfolioComponentsAssetClassWise" time="123.513" classname="internationalTests.Offshore.PFOL019_PortfolioComponentsBasedOnAssetClass"/>
</testsuite> <!-- internationalTests.Offshore.PFOL019_PortfolioComponentsBasedOnAssetClass -->
