<?xml version="1.0" encoding="UTF-8"?>
<!-- Generated by org.testng.reporters.JUnitReportReporter -->
<testsuite hostname="hydwks135838" name="internationalTests.Offshore.PFOL017_SectorAllocation" tests="1" failures="0" timestamp="24 Apr 2018 09:25:57 GMT" time="72.208" errors="0">
  <testcase name="validateSectorAllocationWidget" time="72.208" classname="internationalTests.Offshore.PFOL017_SectorAllocation"/>
</testsuite> <!-- internationalTests.Offshore.PFOL017_SectorAllocation -->
