<?xml version="1.0" encoding="UTF-8"?>
<!-- Generated by org.testng.reporters.JUnitReportReporter -->
<testsuite hostname="hydwks135838" name="internationalTests.Offshore.PPSS010_Performance_AnnualizedDataQuarterEnd" tests="1" failures="0" timestamp="24 Apr 2018 12:19:21 GMT" time="41.038" errors="0">
  <testcase name="validatePerformanceTabDiscreteAnnaulDataByQuarterEnd" time="41.038" classname="internationalTests.Offshore.PPSS010_Performance_AnnualizedDataQuarterEnd"/>
</testsuite> <!-- internationalTests.Offshore.PPSS010_Performance_AnnualizedDataQuarterEnd -->
