<?xml version="1.0" encoding="UTF-8"?>
<!-- Generated by org.testng.reporters.JUnitReportReporter -->
<testsuite hostname="hydwks135838" name="internationalTests.Italy.PERF019_PerformanceDiscreteAnnualPerformanceMonthEnd" tests="1" failures="0" timestamp="18 Jul 2018 10:07:04 GMT" time="67.276" errors="0">
  <testcase name="validatePerformanceDiscreteAnnualPerformanceMonthEnd" time="67.276" classname="internationalTests.Italy.PERF019_PerformanceDiscreteAnnualPerformanceMonthEnd"/>
</testsuite> <!-- internationalTests.Italy.PERF019_PerformanceDiscreteAnnualPerformanceMonthEnd -->
