<?xml version="1.0" encoding="UTF-8"?>
<!-- Generated by org.testng.reporters.JUnitReportReporter -->
<testsuite hostname="hydwks135838" name="internationalTests.Luxembourg.PFOL016_SectorExposure" tests="1" failures="0" timestamp="15 Mar 2018 08:34:49 GMT" time="59.097" errors="0">
  <testcase name="validateSectorExposureWidget" time="59.097" classname="internationalTests.Luxembourg.PFOL016_SectorExposure"/>
</testsuite> <!-- internationalTests.Luxembourg.PFOL016_SectorExposure -->
