<?xml version="1.0" encoding="UTF-8"?>
<!-- Generated by org.testng.reporters.JUnitReportReporter -->
<testsuite hostname="hydwks135838" name="internationalTests.Luxembourg.PPSS007_PPSSPage_Filters" tests="1" failures="0" timestamp="9 May 2018 11:12:07 GMT" time="46.576" errors="0">
  <testcase name="ppssPageFilterValidation" time="46.576" classname="internationalTests.Luxembourg.PPSS007_PPSSPage_Filters"/>
</testsuite> <!-- internationalTests.Luxembourg.PPSS007_PPSSPage_Filters -->
