<?xml version="1.0" encoding="UTF-8"?>
<!-- Generated by org.testng.reporters.JUnitReportReporter -->
<testsuite hostname="hydwks135838" name="internationalTests.Singapore.PPSS006_FundIdentifiersTab" tests="1" failures="0" timestamp="16 Apr 2018 12:50:50 GMT" time="31.138" errors="0">
  <testcase name="validateFndIdentifiers" time="31.138" classname="internationalTests.Singapore.PPSS006_FundIdentifiersTab"/>
</testsuite> <!-- internationalTests.Singapore.PPSS006_FundIdentifiersTab -->
