<?xml version="1.0" encoding="UTF-8"?>
<!-- Generated by org.testng.reporters.JUnitReportReporter -->
<testsuite hostname="HYDNBK136589" name="internationalTests.FOFndInfromationWidget" tests="2" failures="0" timestamp="1 Dec 2017 11:27:14 GMT" time="113.058" errors="0">
  <testcase name="validateFndInfromationWidget" time="60.707" classname="internationalTests.FOFndInfromationWidget"/>
  <testcase name="validateFndInfromationWidget" time="52.351" classname="internationalTests.FOFndInfromationWidget"/>
</testsuite> <!-- internationalTests.FOFndInfromationWidget -->
