<?xml version="1.0" encoding="UTF-8"?>
<!-- Generated by org.testng.reporters.JUnitReportReporter -->
<testsuite hostname="hydwks135838" name="internationalTests.Singapore.PERF009_PerformanceAnnualisedPerformanceMonthEnd" tests="1" failures="0" timestamp="27 Mar 2018 07:02:17 GMT" time="59.778" errors="0">
  <testcase name="validatePerformanceAnnualisedPerformanceMonthEnd" time="59.778" classname="internationalTests.Singapore.PERF009_PerformanceAnnualisedPerformanceMonthEnd"/>
</testsuite> <!-- internationalTests.Singapore.PERF009_PerformanceAnnualisedPerformanceMonthEnd -->
