<?xml version="1.0" encoding="UTF-8"?>
<!-- Generated by org.testng.reporters.JUnitReportReporter -->
<testsuite hostname="hydwks135838" name="internationalTests.Italy.PERF002_PerformanceCumulativePerformanceTab" tests="1" failures="0" timestamp="14 Mar 2018 12:50:35 GMT" time="49.637" errors="0">
  <testcase name="validatePerformanceCumulativePerformanceTab" time="49.637" classname="internationalTests.Italy.PERF002_PerformanceCumulativePerformanceTab"/>
</testsuite> <!-- internationalTests.Italy.PERF002_PerformanceCumulativePerformanceTab -->
