<?xml version="1.0" encoding="UTF-8"?>
<!-- Generated by org.testng.reporters.JUnitReportReporter -->
<testsuite hostname="hydwks135838" name="internationalTests.Italy.PERF021_PerformanceDiscreteAnnualPerformanceCaveats" tests="1" failures="0" timestamp="14 Mar 2018 13:07:35 GMT" time="85.862" errors="0">
  <testcase name="validatePerformanceDiscreteAnnualPerformanceCaveats" time="85.862" classname="internationalTests.Italy.PERF021_PerformanceDiscreteAnnualPerformanceCaveats"/>
</testsuite> <!-- internationalTests.Italy.PERF021_PerformanceDiscreteAnnualPerformanceCaveats -->
