<?xml version="1.0" encoding="UTF-8"?>
<!-- Generated by org.testng.reporters.JUnitReportReporter -->
<testsuite hostname="hydwks135838" name="internationalTests.Switzerland.FOVW013_Overview_FindAFund" tests="1" failures="0" timestamp="20 Mar 2018 06:22:38 GMT" time="41.906" errors="0">
  <testcase name="validateOverviewFindAFund" time="41.906" classname="internationalTests.Switzerland.FOVW013_Overview_FindAFund"/>
</testsuite> <!-- internationalTests.Switzerland.FOVW013_Overview_FindAFund -->
