<?xml version="1.0" encoding="UTF-8"?>
<!-- Generated by org.testng.reporters.JUnitReportReporter -->
<testsuite hostname="hydwks135838" name="internationalTests.Switzerland.PERF018_PerformanceDiscreteAnnualPerformanceTab" tests="1" failures="0" timestamp="19 Mar 2018 10:16:36 GMT" time="51.545" errors="0">
  <testcase name="validatePerformanceDiscreteAnnualPerformanceTab" time="51.545" classname="internationalTests.Switzerland.PERF018_PerformanceDiscreteAnnualPerformanceTab"/>
</testsuite> <!-- internationalTests.Switzerland.PERF018_PerformanceDiscreteAnnualPerformanceTab -->
