<?xml version="1.0" encoding="UTF-8"?>
<!-- Generated by org.testng.reporters.JUnitReportReporter -->
<testsuite hostname="hydwks135838" name="internationalTests.Switzerland.PERF031_PerformanceRiskMeasures_StdDevSharpeRatio" tests="1" failures="0" timestamp="19 Mar 2018 11:47:06 GMT" time="71.051" errors="0">
  <testcase name="validatePerformanceRiskMeasuresStandardDeviationSharpeRatio" time="71.051" classname="internationalTests.Switzerland.PERF031_PerformanceRiskMeasures_StdDevSharpeRatio"/>
</testsuite> <!-- internationalTests.Switzerland.PERF031_PerformanceRiskMeasures_StdDevSharpeRatio -->
