<?xml version="1.0" encoding="UTF-8"?>
<!-- Generated by org.testng.reporters.JUnitReportReporter -->
<testsuite hostname="hydwks135838" name="internationalTests.Italy.PERF014_PerformanceCalendarYearPerformanceMonthEnd" tests="1" failures="0" timestamp="14 Mar 2018 13:01:11 GMT" time="59.914" errors="0">
  <testcase name="validatePerformanceCalendarYearPerformanceMonthEnd" time="59.914" classname="internationalTests.Italy.PERF014_PerformanceCalendarYearPerformanceMonthEnd"/>
</testsuite> <!-- internationalTests.Italy.PERF014_PerformanceCalendarYearPerformanceMonthEnd -->
