<?xml version="1.0" encoding="UTF-8"?>
<!-- Generated by org.testng.reporters.JUnitReportReporter -->
<testsuite hostname="hydwks135838" name="internationalTests.Singapore.FOVW005_Overview_Fund_Identifiers" tests="1" failures="0" timestamp="18 Jul 2018 10:29:05 GMT" time="53.490" errors="0">
  <testcase name="validateFundIdentifiers" time="53.490" classname="internationalTests.Singapore.FOVW005_Overview_Fund_Identifiers"/>
</testsuite> <!-- internationalTests.Singapore.FOVW005_Overview_Fund_Identifiers -->
