<?xml version="1.0" encoding="UTF-8"?>
<!-- Generated by org.testng.reporters.JUnitReportReporter -->
<testsuite hostname="hydwks135838" name="internationalTests.Singapore.PFOL012_ManagerAllocation" tests="1" failures="0" timestamp="27 Mar 2018 08:52:42 GMT" time="56.624" errors="0">
  <testcase name="validateManagerAllocationWidget" time="56.624" classname="internationalTests.Singapore.PFOL012_ManagerAllocation"/>
</testsuite> <!-- internationalTests.Singapore.PFOL012_ManagerAllocation -->
