<?xml version="1.0" encoding="UTF-8"?>
<!-- Generated by org.testng.reporters.JUnitReportReporter -->
<testsuite hostname="HYDNBK136589" name="internationalTests.FOComponents" tests="2" failures="0" timestamp="6 Dec 2017 12:23:56 GMT" time="19.671" errors="2">
  <testcase name="validateOverviewPageForFund" time="19.668" classname="internationalTests.FOComponents">
    <error type="java.lang.RuntimeException" message="FAILED">
      <![CDATA[java.lang.RuntimeException: FAILED
	at utils.Reporter.reportStep(Reporter.java:34)
	at utils.Reporter.reportStep(Reporter.java:44)
	at wdMethods.SeMethods.verifyTitle(SeMethods.java:225)
	at internationalPages.UKHomePage.<init>(UKHomePage.java:18)
	at internationalTests.FOComponents.validateOverviewPageForFund(FOComponents.java:26)
	at sun.reflect.NativeMethodAccessorImpl.invoke0(Native Method)
	at sun.reflect.NativeMethodAccessorImpl.invoke(NativeMethodAccessorImpl.java:62)
	at sun.reflect.DelegatingMethodAccessorImpl.invoke(DelegatingMethodAccessorImpl.java:43)
	at java.lang.reflect.Method.invoke(Method.java:498)
	at org.testng.internal.MethodInvocationHelper.invokeMethod(MethodInvocationHelper.java:86)
	at org.testng.internal.Invoker.invokeMethod(Invoker.java:643)
	at org.testng.internal.Invoker.invokeTestMethod(Invoker.java:820)
	at org.testng.internal.Invoker.invokeTestMethods(Invoker.java:1128)
	at org.testng.internal.TestMethodWorker.invokeTestMethods(TestMethodWorker.java:129)
	at org.testng.internal.TestMethodWorker.run(TestMethodWorker.java:112)
	at org.testng.TestRunner.privateRun(TestRunner.java:782)
	at org.testng.TestRunner.run(TestRunner.java:632)
	at org.testng.SuiteRunner.runTest(SuiteRunner.java:366)
	at org.testng.SuiteRunner.runSequentially(SuiteRunner.java:361)
	at org.testng.SuiteRunner.privateRun(SuiteRunner.java:319)
	at org.testng.SuiteRunner.run(SuiteRunner.java:268)
	at org.testng.SuiteRunnerWorker.runSuite(SuiteRunnerWorker.java:52)
	at org.testng.SuiteRunnerWorker.run(SuiteRunnerWorker.java:86)
	at org.testng.TestNG.runSuitesSequentially(TestNG.java:1244)
	at org.testng.TestNG.runSuitesLocally(TestNG.java:1169)
	at org.testng.TestNG.run(TestNG.java:1064)
	at org.testng.remote.AbstractRemoteTestNG.run(AbstractRemoteTestNG.java:114)
	at org.testng.remote.RemoteTestNG.initAndRun(RemoteTestNG.java:251)
	at org.testng.remote.RemoteTestNG.main(RemoteTestNG.java:77)
]]>
    </error>
  </testcase> <!-- validateOverviewPageForFund -->
  <testcase name="validateOverviewPageForFund" time="0.003" classname="internationalTests.FOComponents">
    <error type="java.lang.StackOverflowError">
      <![CDATA[java.lang.StackOverflowError
	at org.openqa.selenium.remote.service.DriverCommandExecutor.execute(DriverCommandExecutor.java:84)
	at org.openqa.selenium.remote.RemoteWebDriver.execute(RemoteWebDriver.java:637)
	at org.openqa.selenium.remote.RemoteWebDriver.execute(RemoteWebDriver.java:694)
	at org.openqa.selenium.remote.RemoteWebDriver.getScreenshotAs(RemoteWebDriver.java:382)
	at wdMethods.SeMethods.takeSnap(SeMethods.java:378)
	at utils.Reporter.reportStep(Reporter.java:21)
	at utils.Reporter.reportStep(Reporter.java:44)
	at wdMethods.SeMethods.takeSnap(SeMethods.java:381)
	at utils.Reporter.reportStep(Reporter.java:21)
	at utils.Reporter.reportStep(Reporter.java:44)
	at wdMethods.SeMethods.takeSnap(SeMethods.java:381)
	at utils.Reporter.reportStep(Reporter.java:21)
	at utils.Reporter.reportStep(Reporter.java:44)
	at wdMethods.SeMethods.takeSnap(SeMethods.java:381)
	at utils.Reporter.reportStep(Reporter.java:21)
	at utils.Reporter.reportStep(Reporter.java:44)
	at wdMethods.SeMethods.takeSnap(SeMethods.java:381)
	at utils.Reporter.reportStep(Reporter.java:21)
	at utils.Reporter.reportStep(Reporter.java:44)
	at wdMethods.SeMethods.takeSnap(SeMethods.java:381)
	at utils.Reporter.reportStep(Reporter.java:21)
	at utils.Reporter.reportStep(Reporter.java:44)
	at wdMethods.SeMethods.takeSnap(SeMethods.java:381)
	at utils.Reporter.reportStep(Reporter.java:21)
	at utils.Reporter.reportStep(Reporter.java:44)
	at wdMethods.SeMethods.takeSnap(SeMethods.java:381)
	at utils.Reporter.reportStep(Reporter.java:21)
	at utils.Reporter.reportStep(Reporter.java:44)
	at wdMethods.SeMethods.takeSnap(SeMethods.java:381)
	at utils.Reporter.reportStep(Reporter.java:21)
	at utils.Reporter.reportStep(Reporter.java:44)
	at wdMethods.SeMethods.takeSnap(SeMethods.java:381)
	at utils.Reporter.reportStep(Reporter.java:21)
	at utils.Reporter.reportStep(Reporter.java:44)
	at wdMethods.SeMethods.takeSnap(SeMethods.java:381)
	at utils.Reporter.reportStep(Reporter.java:21)
	at utils.Reporter.reportStep(Reporter.java:44)
	at wdMethods.SeMethods.takeSnap(SeMethods.java:381)
	at utils.Reporter.reportStep(Reporter.java:21)
	at utils.Reporter.reportStep(Reporter.java:44)
	at wdMethods.SeMethods.takeSnap(SeMethods.java:381)
	at utils.Reporter.reportStep(Reporter.java:21)
	at utils.Reporter.reportStep(Reporter.java:44)
	at wdMethods.SeMethods.takeSnap(SeMethods.java:381)
	at utils.Reporter.reportStep(Reporter.java:21)
	at utils.Reporter.reportStep(Reporter.java:44)
	at wdMethods.SeMethods.takeSnap(SeMethods.java:381)
	at utils.Reporter.reportStep(Reporter.java:21)
	at utils.Reporter.reportStep(Reporter.java:44)
	at wdMethods.SeMethods.takeSnap(SeMethods.java:381)
	at utils.Reporter.reportStep(Reporter.java:21)
	at utils.Reporter.reportStep(Reporter.java:44)
	at wdMethods.SeMethods.takeSnap(SeMethods.java:381)
	at utils.Reporter.reportStep(Reporter.java:21)
	at utils.Reporter.reportStep(Reporter.java:44)
	at wdMethods.SeMethods.takeSnap(SeMethods.java:381)
	at utils.Reporter.reportStep(Reporter.java:21)
	at utils.Reporter.reportStep(Reporter.java:44)
	at wdMethods.SeMethods.takeSnap(SeMethods.java:381)
	at utils.Reporter.reportStep(Reporter.java:21)
	at utils.Reporter.reportStep(Reporter.java:44)
	at wdMethods.SeMethods.takeSnap(SeMethods.java:381)
	at utils.Reporter.reportStep(Reporter.java:21)
	at utils.Reporter.reportStep(Reporter.java:44)
	at wdMethods.SeMethods.takeSnap(SeMethods.java:381)
	at utils.Reporter.reportStep(Reporter.java:21)
	at utils.Reporter.reportStep(Reporter.java:44)
	at wdMethods.SeMethods.takeSnap(SeMethods.java:381)
	at utils.Reporter.reportStep(Reporter.java:21)
	at utils.Reporter.reportStep(Reporter.java:44)
	at wdMethods.SeMethods.takeSnap(SeMethods.java:381)
	at utils.Reporter.reportStep(Reporter.java:21)
	at utils.Reporter.reportStep(Reporter.java:44)
	at wdMethods.SeMethods.takeSnap(SeMethods.java:381)
	at utils.Reporter.reportStep(Reporter.java:21)
	at utils.Reporter.reportStep(Reporter.java:44)
	at wdMethods.SeMethods.takeSnap(SeMethods.java:381)
	at utils.Reporter.reportStep(Reporter.java:21)
	at utils.Reporter.reportStep(Reporter.java:44)
	at wdMethods.SeMethods.takeSnap(SeMethods.java:381)
	at utils.Reporter.reportStep(Reporter.java:21)
	at utils.Reporter.reportStep(Reporter.java:44)
	at wdMethods.SeMethods.takeSnap(SeMethods.java:381)
	at utils.Reporter.reportStep(Reporter.java:21)
	at utils.Reporter.reportStep(Reporter.java:44)
	at wdMethods.SeMethods.takeSnap(SeMethods.java:381)
	at utils.Reporter.reportStep(Reporter.java:21)
	at utils.Reporter.reportStep(Reporter.java:44)
	at wdMethods.SeMethods.takeSnap(SeMethods.java:381)
	at utils.Reporter.reportStep(Reporter.java:21)
	at utils.Reporter.reportStep(Reporter.java:44)
	at wdMethods.SeMethods.takeSnap(SeMethods.java:381)
	at utils.Reporter.reportStep(Reporter.java:21)
	at utils.Reporter.reportStep(Reporter.java:44)
	at wdMethods.SeMethods.takeSnap(SeMethods.java:381)
	at utils.Reporter.reportStep(Reporter.java:21)
	at utils.Reporter.reportStep(Reporter.java:44)
	at wdMethods.SeMethods.takeSnap(SeMethods.java:381)
	at utils.Reporter.reportStep(Reporter.java:21)
	at utils.Reporter.reportStep(Reporter.java:44)
	at wdMethods.SeMethods.takeSnap(SeMethods.java:381)
	at utils.Reporter.reportStep(Reporter.java:21)
	at utils.Reporter.reportStep(Reporter.java:44)
	at wdMethods.SeMethods.takeSnap(SeMethods.java:381)
	at utils.Reporter.reportStep(Reporter.java:21)
	at utils.Reporter.reportStep(Reporter.java:44)
	at wdMethods.SeMethods.takeSnap(SeMethods.java:381)
	at utils.Reporter.reportStep(Reporter.java:21)
	at utils.Reporter.reportStep(Reporter.java:44)
	at wdMethods.SeMethods.takeSnap(SeMethods.java:381)
	at utils.Reporter.reportStep(Reporter.java:21)
	at utils.Reporter.reportStep(Reporter.java:44)
	at wdMethods.SeMethods.takeSnap(SeMethods.java:381)
	at utils.Reporter.reportStep(Reporter.java:21)
	at utils.Reporter.reportStep(Reporter.java:44)
	at wdMethods.SeMethods.takeSnap(SeMethods.java:381)
	at utils.Reporter.reportStep(Reporter.java:21)
	at utils.Reporter.reportStep(Reporter.java:44)
	at wdMethods.SeMethods.takeSnap(SeMethods.java:381)
	at utils.Reporter.reportStep(Reporter.java:21)
	at utils.Reporter.reportStep(Reporter.java:44)
	at wdMethods.SeMethods.takeSnap(SeMethods.java:381)
	at utils.Reporter.reportStep(Reporter.java:21)
	at utils.Reporter.reportStep(Reporter.java:44)
	at wdMethods.SeMethods.takeSnap(SeMethods.java:381)
	at utils.Reporter.reportStep(Reporter.java:21)
	at utils.Reporter.reportStep(Reporter.java:44)
	at wdMethods.SeMethods.takeSnap(SeMethods.java:381)
	at utils.Reporter.reportStep(Reporter.java:21)
	at utils.Reporter.reportStep(Reporter.java:44)
	at wdMethods.SeMethods.takeSnap(SeMethods.java:381)
	at utils.Reporter.reportStep(Reporter.java:21)
	at utils.Reporter.reportStep(Reporter.java:44)
	at wdMethods.SeMethods.takeSnap(SeMethods.java:381)
	at utils.Reporter.reportStep(Reporter.java:21)
	at utils.Reporter.reportStep(Reporter.java:44)
	at wdMethods.SeMethods.takeSnap(SeMethods.java:381)
	at utils.Reporter.reportStep(Reporter.java:21)
	at utils.Reporter.reportStep(Reporter.java:44)
	at wdMethods.SeMethods.takeSnap(SeMethods.java:381)
	at utils.Reporter.reportStep(Reporter.java:21)
	at utils.Reporter.reportStep(Reporter.java:44)
	at wdMethods.SeMethods.takeSnap(SeMethods.java:381)
	at utils.Reporter.reportStep(Reporter.java:21)
	at utils.Reporter.reportStep(Reporter.java:44)
	at wdMethods.SeMethods.takeSnap(SeMethods.java:381)
	at utils.Reporter.reportStep(Reporter.java:21)
	at utils.Reporter.reportStep(Reporter.java:44)
	at wdMethods.SeMethods.takeSnap(SeMethods.java:381)
	at utils.Reporter.reportStep(Reporter.java:21)
	at utils.Reporter.reportStep(Reporter.java:44)
	at wdMethods.SeMethods.takeSnap(SeMethods.java:381)
	at utils.Reporter.reportStep(Reporter.java:21)
	at utils.Reporter.reportStep(Reporter.java:44)
	at wdMethods.SeMethods.takeSnap(SeMethods.java:381)
	at utils.Reporter.reportStep(Reporter.java:21)
	at utils.Reporter.reportStep(Reporter.java:44)
	at wdMethods.SeMethods.takeSnap(SeMethods.java:381)
	at utils.Reporter.reportStep(Reporter.java:21)
	at utils.Reporter.reportStep(Reporter.java:44)
	at wdMethods.SeMethods.takeSnap(SeMethods.java:381)
	at utils.Reporter.reportStep(Reporter.java:21)
	at utils.Reporter.reportStep(Reporter.java:44)
	at wdMethods.SeMethods.takeSnap(SeMethods.java:381)
	at utils.Reporter.reportStep(Reporter.java:21)
	at utils.Reporter.reportStep(Reporter.java:44)
	at wdMethods.SeMethods.takeSnap(SeMethods.java:381)
	at utils.Reporter.reportStep(Reporter.java:21)
	at utils.Reporter.reportStep(Reporter.java:44)
	at wdMethods.SeMethods.takeSnap(SeMethods.java:381)
	at utils.Reporter.reportStep(Reporter.java:21)
	at utils.Reporter.reportStep(Reporter.java:44)
	at wdMethods.SeMethods.takeSnap(SeMethods.java:381)
	at utils.Reporter.reportStep(Reporter.java:21)
	at utils.Reporter.reportStep(Reporter.java:44)
	at wdMethods.SeMethods.takeSnap(SeMethods.java:381)
	at utils.Reporter.reportStep(Reporter.java:21)
	at utils.Reporter.reportStep(Reporter.java:44)
	at wdMethods.SeMethods.takeSnap(SeMethods.java:381)
	at utils.Reporter.reportStep(Reporter.java:21)
	at utils.Reporter.reportStep(Reporter.java:44)
	at wdMethods.SeMethods.takeSnap(SeMethods.java:381)
	at utils.Reporter.reportStep(Reporter.java:21)
	at utils.Reporter.reportStep(Reporter.java:44)
	at wdMethods.SeMethods.takeSnap(SeMethods.java:381)
	at utils.Reporter.reportStep(Reporter.java:21)
	at utils.Reporter.reportStep(Reporter.java:44)
	at wdMethods.SeMethods.takeSnap(SeMethods.java:381)
	at utils.Reporter.reportStep(Reporter.java:21)
	at utils.Reporter.reportStep(Reporter.java:44)
	at wdMethods.SeMethods.takeSnap(SeMethods.java:381)
	at utils.Reporter.reportStep(Reporter.java:21)
	at utils.Reporter.reportStep(Reporter.java:44)
	at wdMethods.SeMethods.takeSnap(SeMethods.java:381)
	at utils.Reporter.reportStep(Reporter.java:21)
	at utils.Reporter.reportStep(Reporter.java:44)
	at wdMethods.SeMethods.takeSnap(SeMethods.java:381)
	at utils.Reporter.reportStep(Reporter.java:21)
	at utils.Reporter.reportStep(Reporter.java:44)
	at wdMethods.SeMethods.takeSnap(SeMethods.java:381)
	at utils.Reporter.reportStep(Reporter.java:21)
	at utils.Reporter.reportStep(Reporter.java:44)
	at wdMethods.SeMethods.takeSnap(SeMethods.java:381)
	at utils.Reporter.reportStep(Reporter.java:21)
	at utils.Reporter.reportStep(Reporter.java:44)
	at wdMethods.SeMethods.takeSnap(SeMethods.java:381)
	at utils.Reporter.reportStep(Reporter.java:21)
	at utils.Reporter.reportStep(Reporter.java:44)
	at wdMethods.SeMethods.takeSnap(SeMethods.java:381)
	at utils.Reporter.reportStep(Reporter.java:21)
	at utils.Reporter.reportStep(Reporter.java:44)
	at wdMethods.SeMethods.takeSnap(SeMethods.java:381)
	at utils.Reporter.reportStep(Reporter.java:21)
	at utils.Reporter.reportStep(Reporter.java:44)
	at wdMethods.SeMethods.takeSnap(SeMethods.java:381)
	at utils.Reporter.reportStep(Reporter.java:21)
	at utils.Reporter.reportStep(Reporter.java:44)
	at wdMethods.SeMethods.takeSnap(SeMethods.java:381)
	at utils.Reporter.reportStep(Reporter.java:21)
	at utils.Reporter.reportStep(Reporter.java:44)
	at wdMethods.SeMethods.takeSnap(SeMethods.java:381)
	at utils.Reporter.reportStep(Reporter.java:21)
	at utils.Reporter.reportStep(Reporter.java:44)
	at wdMethods.SeMethods.takeSnap(SeMethods.java:381)
	at utils.Reporter.reportStep(Reporter.java:21)
	at utils.Reporter.reportStep(Reporter.java:44)
	at wdMethods.SeMethods.takeSnap(SeMethods.java:381)
	at utils.Reporter.reportStep(Reporter.java:21)
	at utils.Reporter.reportStep(Reporter.java:44)
	at wdMethods.SeMethods.takeSnap(SeMethods.java:381)
	at utils.Reporter.reportStep(Reporter.java:21)
	at utils.Reporter.reportStep(Reporter.java:44)
	at wdMethods.SeMethods.takeSnap(SeMethods.java:381)
	at utils.Reporter.reportStep(Reporter.java:21)
	at utils.Reporter.reportStep(Reporter.java:44)
	at wdMethods.SeMethods.takeSnap(SeMethods.java:381)
	at utils.Reporter.reportStep(Reporter.java:21)
	at utils.Reporter.reportStep(Reporter.java:44)
	at wdMethods.SeMethods.takeSnap(SeMethods.java:381)
	at utils.Reporter.reportStep(Reporter.java:21)
	at utils.Reporter.reportStep(Reporter.java:44)
	at wdMethods.SeMethods.takeSnap(SeMethods.java:381)
	at utils.Reporter.reportStep(Reporter.java:21)
	at utils.Reporter.reportStep(Reporter.java:44)
	at wdMethods.SeMethods.takeSnap(SeMethods.java:381)
	at utils.Reporter.reportStep(Reporter.java:21)
	at utils.Reporter.reportStep(Reporter.java:44)
	at wdMethods.SeMethods.takeSnap(SeMethods.java:381)
	at utils.Reporter.reportStep(Reporter.java:21)
	at utils.Reporter.reportStep(Reporter.java:44)
	at wdMethods.SeMethods.takeSnap(SeMethods.java:381)
	at utils.Reporter.reportStep(Reporter.java:21)
	at utils.Reporter.reportStep(Reporter.java:44)
	at wdMethods.SeMethods.takeSnap(SeMethods.java:381)
	at utils.Reporter.reportStep(Reporter.java:21)
	at utils.Reporter.reportStep(Reporter.java:44)
	at wdMethods.SeMethods.takeSnap(SeMethods.java:381)
	at utils.Reporter.reportStep(Reporter.java:21)
	at utils.Reporter.reportStep(Reporter.java:44)
	at wdMethods.SeMethods.takeSnap(SeMethods.java:381)
	at utils.Reporter.reportStep(Reporter.java:21)
	at utils.Reporter.reportStep(Reporter.java:44)
	at wdMethods.SeMethods.takeSnap(SeMethods.java:381)
	at utils.Reporter.reportStep(Reporter.java:21)
	at utils.Reporter.reportStep(Reporter.java:44)
	at wdMethods.SeMethods.takeSnap(SeMethods.java:381)
	at utils.Reporter.reportStep(Reporter.java:21)
	at utils.Reporter.reportStep(Reporter.java:44)
	at wdMethods.SeMethods.takeSnap(SeMethods.java:381)
	at utils.Reporter.reportStep(Reporter.java:21)
	at utils.Reporter.reportStep(Reporter.java:44)
	at wdMethods.SeMethods.takeSnap(SeMethods.java:381)
	at utils.Reporter.reportStep(Reporter.java:21)
	at utils.Reporter.reportStep(Reporter.java:44)
	at wdMethods.SeMethods.takeSnap(SeMethods.java:381)
	at utils.Reporter.reportStep(Reporter.java:21)
	at utils.Reporter.reportStep(Reporter.java:44)
	at wdMethods.SeMethods.takeSnap(SeMethods.java:381)
	at utils.Reporter.reportStep(Reporter.java:21)
	at utils.Reporter.reportStep(Reporter.java:44)
	at wdMethods.SeMethods.takeSnap(SeMethods.java:381)
	at utils.Reporter.reportStep(Reporter.java:21)
	at utils.Reporter.reportStep(Reporter.java:44)
	at wdMethods.SeMethods.takeSnap(SeMethods.java:381)
	at utils.Reporter.reportStep(Reporter.java:21)
	at utils.Reporter.reportStep(Reporter.java:44)
	at wdMethods.SeMethods.takeSnap(SeMethods.java:381)
	at utils.Reporter.reportStep(Reporter.java:21)
	at utils.Reporter.reportStep(Reporter.java:44)
	at wdMethods.SeMethods.takeSnap(SeMethods.java:381)
	at utils.Reporter.reportStep(Reporter.java:21)
	at utils.Reporter.reportStep(Reporter.java:44)
	at wdMethods.SeMethods.takeSnap(SeMethods.java:381)
	at utils.Reporter.reportStep(Reporter.java:21)
	at utils.Reporter.reportStep(Reporter.java:44)
	at wdMethods.SeMethods.takeSnap(SeMethods.java:381)
	at utils.Reporter.reportStep(Reporter.java:21)
	at utils.Reporter.reportStep(Reporter.java:44)
	at wdMethods.SeMethods.takeSnap(SeMethods.java:381)
	at utils.Reporter.reportStep(Reporter.java:21)
	at utils.Reporter.reportStep(Reporter.java:44)
	at wdMethods.SeMethods.takeSnap(SeMethods.java:381)
	at utils.Reporter.reportStep(Reporter.java:21)
	at utils.Reporter.reportStep(Reporter.java:44)
	at wdMethods.SeMethods.takeSnap(SeMethods.java:381)
	at utils.Reporter.reportStep(Reporter.java:21)
	at utils.Reporter.reportStep(Reporter.java:44)
	at wdMethods.SeMethods.takeSnap(SeMethods.java:381)
	at utils.Reporter.reportStep(Reporter.java:21)
	at utils.Reporter.reportStep(Reporter.java:44)
	at wdMethods.SeMethods.takeSnap(SeMethods.java:381)
	at utils.Reporter.reportStep(Reporter.java:21)
	at utils.Reporter.reportStep(Reporter.java:44)
	at wdMethods.SeMethods.takeSnap(SeMethods.java:381)
	at utils.Reporter.reportStep(Reporter.java:21)
	at utils.Reporter.reportStep(Reporter.java:44)
	at wdMethods.SeMethods.takeSnap(SeMethods.java:381)
	at utils.Reporter.reportStep(Reporter.java:21)
	at utils.Reporter.reportStep(Reporter.java:44)
	at wdMethods.SeMethods.takeSnap(SeMethods.java:381)
	at utils.Reporter.reportStep(Reporter.java:21)
	at utils.Reporter.reportStep(Reporter.java:44)
	at wdMethods.SeMethods.takeSnap(SeMethods.java:381)
	at utils.Reporter.reportStep(Reporter.java:21)
	at utils.Reporter.reportStep(Reporter.java:44)
	at wdMethods.SeMethods.takeSnap(SeMethods.java:381)
	at utils.Reporter.reportStep(Reporter.java:21)
	at utils.Reporter.reportStep(Reporter.java:44)
	at wdMethods.SeMethods.takeSnap(SeMethods.java:381)
	at utils.Reporter.reportStep(Reporter.java:21)
	at utils.Reporter.reportStep(Reporter.java:44)
	at wdMethods.SeMethods.takeSnap(SeMethods.java:381)
	at utils.Reporter.reportStep(Reporter.java:21)
	at utils.Reporter.reportStep(Reporter.java:44)
	at wdMethods.SeMethods.takeSnap(SeMethods.java:381)
	at utils.Reporter.reportStep(Reporter.java:21)
	at utils.Reporter.reportStep(Reporter.java:44)
	at wdMethods.SeMethods.takeSnap(SeMethods.java:381)
	at utils.Reporter.reportStep(Reporter.java:21)
	at utils.Reporter.reportStep(Reporter.java:44)
	at wdMethods.SeMethods.takeSnap(SeMethods.java:381)
	at utils.Reporter.reportStep(Reporter.java:21)
	at utils.Reporter.reportStep(Reporter.java:44)
	at wdMethods.SeMethods.takeSnap(SeMethods.java:381)
	at utils.Reporter.reportStep(Reporter.java:21)
	at utils.Reporter.reportStep(Reporter.java:44)
	at wdMethods.SeMethods.takeSnap(SeMethods.java:381)
	at utils.Reporter.reportStep(Reporter.java:21)
	at utils.Reporter.reportStep(Reporter.java:44)
	at wdMethods.SeMethods.takeSnap(SeMethods.java:381)
	at utils.Reporter.reportStep(Reporter.java:21)
	at utils.Reporter.reportStep(Reporter.java:44)
	at wdMethods.SeMethods.takeSnap(SeMethods.java:381)
	at utils.Reporter.reportStep(Reporter.java:21)
	at utils.Reporter.reportStep(Reporter.java:44)
	at wdMethods.SeMethods.takeSnap(SeMethods.java:381)
	at utils.Reporter.reportStep(Reporter.java:21)
	at utils.Reporter.reportStep(Reporter.java:44)
	at wdMethods.SeMethods.takeSnap(SeMethods.java:381)
	at utils.Reporter.reportStep(Reporter.java:21)
	at utils.Reporter.reportStep(Reporter.java:44)
	at wdMethods.SeMethods.takeSnap(SeMethods.java:381)
	at utils.Reporter.reportStep(Reporter.java:21)
	at utils.Reporter.reportStep(Reporter.java:44)
	at wdMethods.SeMethods.takeSnap(SeMethods.java:381)
	at utils.Reporter.reportStep(Reporter.java:21)
	at utils.Reporter.reportStep(Reporter.java:44)
	at wdMethods.SeMethods.takeSnap(SeMethods.java:381)
	at utils.Reporter.reportStep(Reporter.java:21)
	at utils.Reporter.reportStep(Reporter.java:44)
	at wdMethods.SeMethods.takeSnap(SeMethods.java:381)
	at utils.Reporter.reportStep(Reporter.java:21)
	at utils.Reporter.reportStep(Reporter.java:44)
	at wdMethods.SeMethods.takeSnap(SeMethods.java:381)
	at utils.Reporter.reportStep(Reporter.java:21)
	at utils.Reporter.reportStep(Reporter.java:44)
	at wdMethods.SeMethods.takeSnap(SeMethods.java:381)
	at utils.Reporter.reportStep(Reporter.java:21)
	at utils.Reporter.reportStep(Reporter.java:44)
	at wdMethods.SeMethods.takeSnap(SeMethods.java:381)
	at utils.Reporter.reportStep(Reporter.java:21)
	at utils.Reporter.reportStep(Reporter.java:44)
	at wdMethods.SeMethods.takeSnap(SeMethods.java:381)
	at utils.Reporter.reportStep(Reporter.java:21)
	at utils.Reporter.reportStep(Reporter.java:44)
	at wdMethods.SeMethods.takeSnap(SeMethods.java:381)
	at utils.Reporter.reportStep(Reporter.java:21)
	at utils.Reporter.reportStep(Reporter.java:44)
	at wdMethods.SeMethods.takeSnap(SeMethods.java:381)
	at utils.Reporter.reportStep(Reporter.java:21)
	at utils.Reporter.reportStep(Reporter.java:44)
	at wdMethods.SeMethods.takeSnap(SeMethods.java:381)
	at utils.Reporter.reportStep(Reporter.java:21)
	at utils.Reporter.reportStep(Reporter.java:44)
	at wdMethods.SeMethods.takeSnap(SeMethods.java:381)
	at utils.Reporter.reportStep(Reporter.java:21)
	at utils.Reporter.reportStep(Reporter.java:44)
	at wdMethods.SeMethods.takeSnap(SeMethods.java:381)
	at utils.Reporter.reportStep(Reporter.java:21)
	at utils.Reporter.reportStep(Reporter.java:44)
	at wdMethods.SeMethods.takeSnap(SeMethods.java:381)
	at utils.Reporter.reportStep(Reporter.java:21)
	at utils.Reporter.reportStep(Reporter.java:44)
	at wdMethods.SeMethods.takeSnap(SeMethods.java:381)
	at utils.Reporter.reportStep(Reporter.java:21)
	at utils.Reporter.reportStep(Reporter.java:44)
	at wdMethods.SeMethods.takeSnap(SeMethods.java:381)
	at utils.Reporter.reportStep(Reporter.java:21)
	at utils.Reporter.reportStep(Reporter.java:44)
	at wdMethods.SeMethods.takeSnap(SeMethods.java:381)
	at utils.Reporter.reportStep(Reporter.java:21)
	at utils.Reporter.reportStep(Reporter.java:44)
	at wdMethods.SeMethods.takeSnap(SeMethods.java:381)
	at utils.Reporter.reportStep(Reporter.java:21)
	at utils.Reporter.reportStep(Reporter.java:44)
	at wdMethods.SeMethods.takeSnap(SeMethods.java:381)
	at utils.Reporter.reportStep(Reporter.java:21)
	at utils.Reporter.reportStep(Reporter.java:44)
	at wdMethods.SeMethods.takeSnap(SeMethods.java:381)
	at utils.Reporter.reportStep(Reporter.java:21)
	at utils.Reporter.reportStep(Reporter.java:44)
	at wdMethods.SeMethods.takeSnap(SeMethods.java:381)
	at utils.Reporter.reportStep(Reporter.java:21)
	at utils.Reporter.reportStep(Reporter.java:44)
	at wdMethods.SeMethods.takeSnap(SeMethods.java:381)
	at utils.Reporter.reportStep(Reporter.java:21)
	at utils.Reporter.reportStep(Reporter.java:44)
	at wdMethods.SeMethods.takeSnap(SeMethods.java:381)
	at utils.Reporter.reportStep(Reporter.java:21)
	at utils.Reporter.reportStep(Reporter.java:44)
	at wdMethods.SeMethods.takeSnap(SeMethods.java:381)
	at utils.Reporter.reportStep(Reporter.java:21)
	at utils.Reporter.reportStep(Reporter.java:44)
	at wdMethods.SeMethods.takeSnap(SeMethods.java:381)
	at utils.Reporter.reportStep(Reporter.java:21)
	at utils.Reporter.reportStep(Reporter.java:44)
	at wdMethods.SeMethods.takeSnap(SeMethods.java:381)
	at utils.Reporter.reportStep(Reporter.java:21)
	at utils.Reporter.reportStep(Reporter.java:44)
	at wdMethods.SeMethods.takeSnap(SeMethods.java:381)
	at utils.Reporter.reportStep(Reporter.java:21)
	at utils.Reporter.reportStep(Reporter.java:44)
	at wdMethods.SeMethods.takeSnap(SeMethods.java:381)
	at utils.Reporter.reportStep(Reporter.java:21)
	at utils.Reporter.reportStep(Reporter.java:44)
	at wdMethods.SeMethods.takeSnap(SeMethods.java:381)
	at utils.Reporter.reportStep(Reporter.java:21)
	at utils.Reporter.reportStep(Reporter.java:44)
	at wdMethods.SeMethods.takeSnap(SeMethods.java:381)
	at utils.Reporter.reportStep(Reporter.java:21)
	at utils.Reporter.reportStep(Reporter.java:44)
	at wdMethods.SeMethods.takeSnap(SeMethods.java:381)
	at utils.Reporter.reportStep(Reporter.java:21)
	at utils.Reporter.reportStep(Reporter.java:44)
	at wdMethods.SeMethods.takeSnap(SeMethods.java:381)
	at utils.Reporter.reportStep(Reporter.java:21)
	at utils.Reporter.reportStep(Reporter.java:44)
	at wdMethods.SeMethods.takeSnap(SeMethods.java:381)
	at utils.Reporter.reportStep(Reporter.java:21)
	at utils.Reporter.reportStep(Reporter.java:44)
	at wdMethods.SeMethods.takeSnap(SeMethods.java:381)
	at utils.Reporter.reportStep(Reporter.java:21)
	at utils.Reporter.reportStep(Reporter.java:44)
	at wdMethods.SeMethods.takeSnap(SeMethods.java:381)
	at utils.Reporter.reportStep(Reporter.java:21)
	at utils.Reporter.reportStep(Reporter.java:44)
	at wdMethods.SeMethods.takeSnap(SeMethods.java:381)
	at utils.Reporter.reportStep(Reporter.java:21)
	at utils.Reporter.reportStep(Reporter.java:44)
	at wdMethods.SeMethods.takeSnap(SeMethods.java:381)
	at utils.Reporter.reportStep(Reporter.java:21)
	at utils.Reporter.reportStep(Reporter.java:44)
	at wdMethods.SeMethods.takeSnap(SeMethods.java:381)
	at utils.Reporter.reportStep(Reporter.java:21)
	at utils.Reporter.reportStep(Reporter.java:44)
	at wdMethods.SeMethods.takeSnap(SeMethods.java:381)
	at utils.Reporter.reportStep(Reporter.java:21)
	at utils.Reporter.reportStep(Reporter.java:44)
	at wdMethods.SeMethods.takeSnap(SeMethods.java:381)
	at utils.Reporter.reportStep(Reporter.java:21)
	at utils.Reporter.reportStep(Reporter.java:44)
	at wdMethods.SeMethods.takeSnap(SeMethods.java:381)
	at utils.Reporter.reportStep(Reporter.java:21)
	at utils.Reporter.reportStep(Reporter.java:44)
	at wdMethods.SeMethods.takeSnap(SeMethods.java:381)
	at utils.Reporter.reportStep(Reporter.java:21)
	at utils.Reporter.reportStep(Reporter.java:44)
	at wdMethods.SeMethods.takeSnap(SeMethods.java:381)
	at utils.Reporter.reportStep(Reporter.java:21)
	at utils.Reporter.reportStep(Reporter.java:44)
	at wdMethods.SeMethods.takeSnap(SeMethods.java:381)
	at utils.Reporter.reportStep(Reporter.java:21)
	at utils.Reporter.reportStep(Reporter.java:44)
	at wdMethods.SeMethods.takeSnap(SeMethods.java:381)
	at utils.Reporter.reportStep(Reporter.java:21)
	at utils.Reporter.reportStep(Reporter.java:44)
	at wdMethods.SeMethods.takeSnap(SeMethods.java:381)
	at utils.Reporter.reportStep(Reporter.java:21)
	at utils.Reporter.reportStep(Reporter.java:44)
	at wdMethods.SeMethods.takeSnap(SeMethods.java:381)
	at utils.Reporter.reportStep(Reporter.java:21)
	at utils.Reporter.reportStep(Reporter.java:44)
	at wdMethods.SeMethods.takeSnap(SeMethods.java:381)
	at utils.Reporter.reportStep(Reporter.java:21)
	at utils.Reporter.reportStep(Reporter.java:44)
	at wdMethods.SeMethods.takeSnap(SeMethods.java:381)
	at utils.Reporter.reportStep(Reporter.java:21)
	at utils.Reporter.reportStep(Reporter.java:44)
	at wdMethods.SeMethods.takeSnap(SeMethods.java:381)
	at utils.Reporter.reportStep(Reporter.java:21)
	at utils.Reporter.reportStep(Reporter.java:44)
	at wdMethods.SeMethods.takeSnap(SeMethods.java:381)
	at utils.Reporter.reportStep(Reporter.java:21)
	at utils.Reporter.reportStep(Reporter.java:44)
	at wdMethods.SeMethods.takeSnap(SeMethods.java:381)
	at utils.Reporter.reportStep(Reporter.java:21)
	at utils.Reporter.reportStep(Reporter.java:44)
	at wdMethods.SeMethods.takeSnap(SeMethods.java:381)
	at utils.Reporter.reportStep(Reporter.java:21)
	at utils.Reporter.reportStep(Reporter.java:44)
	at wdMethods.SeMethods.takeSnap(SeMethods.java:381)
	at utils.Reporter.reportStep(Reporter.java:21)
	at utils.Reporter.reportStep(Reporter.java:44)
	at wdMethods.SeMethods.takeSnap(SeMethods.java:381)
	at utils.Reporter.reportStep(Reporter.java:21)
	at utils.Reporter.reportStep(Reporter.java:44)
	at wdMethods.SeMethods.takeSnap(SeMethods.java:381)
	at utils.Reporter.reportStep(Reporter.java:21)
	at utils.Reporter.reportStep(Reporter.java:44)
	at wdMethods.SeMethods.takeSnap(SeMethods.java:381)
	at utils.Reporter.reportStep(Reporter.java:21)
	at utils.Reporter.reportStep(Reporter.java:44)
	at wdMethods.SeMethods.takeSnap(SeMethods.java:381)
	at utils.Reporter.reportStep(Reporter.java:21)
	at utils.Reporter.reportStep(Reporter.java:44)
	at wdMethods.SeMethods.takeSnap(SeMethods.java:381)
	at utils.Reporter.reportStep(Reporter.java:21)
	at utils.Reporter.reportStep(Reporter.java:44)
	at wdMethods.SeMethods.takeSnap(SeMethods.java:381)
	at utils.Reporter.reportStep(Reporter.java:21)
	at utils.Reporter.reportStep(Reporter.java:44)
	at wdMethods.SeMethods.takeSnap(SeMethods.java:381)
	at utils.Reporter.reportStep(Reporter.java:21)
	at utils.Reporter.reportStep(Reporter.java:44)
	at wdMethods.SeMethods.takeSnap(SeMethods.java:381)
	at utils.Reporter.reportStep(Reporter.java:21)
	at utils.Reporter.reportStep(Reporter.java:44)
	at wdMethods.SeMethods.takeSnap(SeMethods.java:381)
	at utils.Reporter.reportStep(Reporter.java:21)
	at utils.Reporter.reportStep(Reporter.java:44)
	at wdMethods.SeMethods.takeSnap(SeMethods.java:381)
	at utils.Reporter.reportStep(Reporter.java:21)
	at utils.Reporter.reportStep(Reporter.java:44)
	at wdMethods.SeMethods.takeSnap(SeMethods.java:381)
	at utils.Reporter.reportStep(Reporter.java:21)
	at utils.Reporter.reportStep(Reporter.java:44)
	at wdMethods.SeMethods.takeSnap(SeMethods.java:381)
	at utils.Reporter.reportStep(Reporter.java:21)
	at utils.Reporter.reportStep(Reporter.java:44)
	at wdMethods.SeMethods.takeSnap(SeMethods.java:381)
	at utils.Reporter.reportStep(Reporter.java:21)
	at utils.Reporter.reportStep(Reporter.java:44)
	at wdMethods.SeMethods.takeSnap(SeMethods.java:381)
	at utils.Reporter.reportStep(Reporter.java:21)
	at utils.Reporter.reportStep(Reporter.java:44)
	at wdMethods.SeMethods.takeSnap(SeMethods.java:381)
	at utils.Reporter.reportStep(Reporter.java:21)
	at utils.Reporter.reportStep(Reporter.java:44)
	at wdMethods.SeMethods.takeSnap(SeMethods.java:381)
	at utils.Reporter.reportStep(Reporter.java:21)
	at utils.Reporter.reportStep(Reporter.java:44)
	at wdMethods.SeMethods.takeSnap(SeMethods.java:381)
	at utils.Reporter.reportStep(Reporter.java:21)
	at utils.Reporter.reportStep(Reporter.java:44)
	at wdMethods.SeMethods.takeSnap(SeMethods.java:381)
	at utils.Reporter.reportStep(Reporter.java:21)
	at utils.Reporter.reportStep(Reporter.java:44)
	at wdMethods.SeMethods.takeSnap(SeMethods.java:381)
	at utils.Reporter.reportStep(Reporter.java:21)
	at utils.Reporter.reportStep(Reporter.java:44)
	at wdMethods.SeMethods.takeSnap(SeMethods.java:381)
	at utils.Reporter.reportStep(Reporter.java:21)
	at utils.Reporter.reportStep(Reporter.java:44)
	at wdMethods.SeMethods.takeSnap(SeMethods.java:381)
	at utils.Reporter.reportStep(Reporter.java:21)
	at utils.Reporter.reportStep(Reporter.java:44)
	at wdMethods.SeMethods.takeSnap(SeMethods.java:381)
	at utils.Reporter.reportStep(Reporter.java:21)
	at utils.Reporter.reportStep(Reporter.java:44)
	at wdMethods.SeMethods.takeSnap(SeMethods.java:381)
	at utils.Reporter.reportStep(Reporter.java:21)
	at utils.Reporter.reportStep(Reporter.java:44)
	at wdMethods.SeMethods.takeSnap(SeMethods.java:381)
	at utils.Reporter.reportStep(Reporter.java:21)
	at utils.Reporter.reportStep(Reporter.java:44)
	at wdMethods.SeMethods.takeSnap(SeMethods.java:381)
	at utils.Reporter.reportStep(Reporter.java:21)
	at utils.Reporter.reportStep(Reporter.java:44)
	at wdMethods.SeMethods.takeSnap(SeMethods.java:381)
	at utils.Reporter.reportStep(Reporter.java:21)
	at utils.Reporter.reportStep(Reporter.java:44)
	at wdMethods.SeMethods.takeSnap(SeMethods.java:381)
	at utils.Reporter.reportStep(Reporter.java:21)
	at utils.Reporter.reportStep(Reporter.java:44)
	at wdMethods.SeMethods.takeSnap(SeMethods.java:381)
	at utils.Reporter.reportStep(Reporter.java:21)
	at utils.Reporter.reportStep(Reporter.java:44)
	at wdMethods.SeMethods.takeSnap(SeMethods.java:381)
	at utils.Reporter.reportStep(Reporter.java:21)
	at utils.Reporter.reportStep(Reporter.java:44)
	at wdMethods.SeMethods.takeSnap(SeMethods.java:381)
	at utils.Reporter.reportStep(Reporter.java:21)
	at utils.Reporter.reportStep(Reporter.java:44)
	at wdMethods.SeMethods.takeSnap(SeMethods.java:381)
	at utils.Reporter.reportStep(Reporter.java:21)
	at utils.Reporter.reportStep(Reporter.java:44)
	at wdMethods.SeMethods.takeSnap(SeMethods.java:381)
	at utils.Reporter.reportStep(Reporter.java:21)
	at utils.Reporter.reportStep(Reporter.java:44)
	at wdMethods.SeMethods.takeSnap(SeMethods.java:381)
	at utils.Reporter.reportStep(Reporter.java:21)
	at utils.Reporter.reportStep(Reporter.java:44)
	at wdMethods.SeMethods.takeSnap(SeMethods.java:381)
	at utils.Reporter.reportStep(Reporter.java:21)
	at utils.Reporter.reportStep(Reporter.java:44)
	at wdMethods.SeMethods.takeSnap(SeMethods.java:381)
	at utils.Reporter.reportStep(Reporter.java:21)
	at utils.Reporter.reportStep(Reporter.java:44)
	at wdMethods.SeMethods.takeSnap(SeMethods.java:381)
	at utils.Reporter.reportStep(Reporter.java:21)
	at utils.Reporter.reportStep(Reporter.java:44)
	at wdMethods.SeMethods.takeSnap(SeMethods.java:381)
	at utils.Reporter.reportStep(Reporter.java:21)
	at utils.Reporter.reportStep(Reporter.java:44)
	at wdMethods.SeMethods.takeSnap(SeMethods.java:381)
	at utils.Reporter.reportStep(Reporter.java:21)
	at utils.Reporter.reportStep(Reporter.java:44)
	at wdMethods.SeMethods.takeSnap(SeMethods.java:381)
	at utils.Reporter.reportStep(Reporter.java:21)
	at utils.Reporter.reportStep(Reporter.java:44)
	at wdMethods.SeMethods.takeSnap(SeMethods.java:381)
	at utils.Reporter.reportStep(Reporter.java:21)
	at utils.Reporter.reportStep(Reporter.java:44)
	at wdMethods.SeMethods.takeSnap(SeMethods.java:381)
	at utils.Reporter.reportStep(Reporter.java:21)
	at utils.Reporter.reportStep(Reporter.java:44)
	at wdMethods.SeMethods.takeSnap(SeMethods.java:381)
	at utils.Reporter.reportStep(Reporter.java:21)
	at utils.Reporter.reportStep(Reporter.java:44)
	at wdMethods.SeMethods.takeSnap(SeMethods.java:381)
	at utils.Reporter.reportStep(Reporter.java:21)
	at utils.Reporter.reportStep(Reporter.java:44)
	at wdMethods.SeMethods.takeSnap(SeMethods.java:381)
	at utils.Reporter.reportStep(Reporter.java:21)
	at utils.Reporter.reportStep(Reporter.java:44)
	at wdMethods.SeMethods.takeSnap(SeMethods.java:381)
	at utils.Reporter.reportStep(Reporter.java:21)
	at utils.Reporter.reportStep(Reporter.java:44)
	at wdMethods.SeMethods.takeSnap(SeMethods.java:381)
	at utils.Reporter.reportStep(Reporter.java:21)
	at utils.Reporter.reportStep(Reporter.java:44)
	at wdMethods.SeMethods.takeSnap(SeMethods.java:381)
	at utils.Reporter.reportStep(Reporter.java:21)
	at utils.Reporter.reportStep(Reporter.java:44)
	at wdMethods.SeMethods.takeSnap(SeMethods.java:381)
	at utils.Reporter.reportStep(Reporter.java:21)
	at utils.Reporter.reportStep(Reporter.java:44)
	at wdMethods.SeMethods.takeSnap(SeMethods.java:381)
	at utils.Reporter.reportStep(Reporter.java:21)
	at utils.Reporter.reportStep(Reporter.java:44)
	at wdMethods.SeMethods.takeSnap(SeMethods.java:381)
	at utils.Reporter.reportStep(Reporter.java:21)
	at utils.Reporter.reportStep(Reporter.java:44)
	at wdMethods.SeMethods.takeSnap(SeMethods.java:381)
	at utils.Reporter.reportStep(Reporter.java:21)
	at utils.Reporter.reportStep(Reporter.java:44)
	at wdMethods.SeMethods.takeSnap(SeMethods.java:381)
	at utils.Reporter.reportStep(Reporter.java:21)
	at utils.Reporter.reportStep(Reporter.java:44)
	at wdMethods.SeMethods.takeSnap(SeMethods.java:381)
	at utils.Reporter.reportStep(Reporter.java:21)
	at utils.Reporter.reportStep(Reporter.java:44)
	at wdMethods.SeMethods.takeSnap(SeMethods.java:381)
	at utils.Reporter.reportStep(Reporter.java:21)
	at utils.Reporter.reportStep(Reporter.java:44)
	at wdMethods.SeMethods.takeSnap(SeMethods.java:381)
	at utils.Reporter.reportStep(Reporter.java:21)
	at utils.Reporter.reportStep(Reporter.java:44)
	at wdMethods.SeMethods.takeSnap(SeMethods.java:381)
	at utils.Reporter.reportStep(Reporter.java:21)
	at utils.Reporter.reportStep(Reporter.java:44)
	at wdMethods.SeMethods.takeSnap(SeMethods.java:381)
	at utils.Reporter.reportStep(Reporter.java:21)
	at utils.Reporter.reportStep(Reporter.java:44)
	at wdMethods.SeMethods.takeSnap(SeMethods.java:381)
	at utils.Reporter.reportStep(Reporter.java:21)
	at utils.Reporter.reportStep(Reporter.java:44)
	at wdMethods.SeMethods.takeSnap(SeMethods.java:381)
	at utils.Reporter.reportStep(Reporter.java:21)
	at utils.Reporter.reportStep(Reporter.java:44)
	at wdMethods.SeMethods.takeSnap(SeMethods.java:381)
	at utils.Reporter.reportStep(Reporter.java:21)
	at utils.Reporter.reportStep(Reporter.java:44)
	at wdMethods.SeMethods.takeSnap(SeMethods.java:381)
	at utils.Reporter.reportStep(Reporter.java:21)
	at utils.Reporter.reportStep(Reporter.java:44)
	at wdMethods.SeMethods.takeSnap(SeMethods.java:381)
	at utils.Reporter.reportStep(Reporter.java:21)
	at utils.Reporter.reportStep(Reporter.java:44)
	at wdMethods.SeMethods.takeSnap(SeMethods.java:381)
	at utils.Reporter.reportStep(Reporter.java:21)
	at utils.Reporter.reportStep(Reporter.java:44)
	at wdMethods.SeMethods.takeSnap(SeMethods.java:381)
	at utils.Reporter.reportStep(Reporter.java:21)
	at utils.Reporter.reportStep(Reporter.java:44)
	at wdMethods.SeMethods.takeSnap(SeMethods.java:381)
	at utils.Reporter.reportStep(Reporter.java:21)
	at utils.Reporter.reportStep(Reporter.java:44)
	at wdMethods.SeMethods.takeSnap(SeMethods.java:381)
	at utils.Reporter.reportStep(Reporter.java:21)
	at utils.Reporter.reportStep(Reporter.java:44)
	at wdMethods.SeMethods.takeSnap(SeMethods.java:381)
	at utils.Reporter.reportStep(Reporter.java:21)
	at utils.Reporter.reportStep(Reporter.java:44)
	at wdMethods.SeMethods.takeSnap(SeMethods.java:381)
	at utils.Reporter.reportStep(Reporter.java:21)
	at utils.Reporter.reportStep(Reporter.java:44)
	at wdMethods.SeMethods.takeSnap(SeMethods.java:381)
	at utils.Reporter.reportStep(Reporter.java:21)
	at utils.Reporter.reportStep(Reporter.java:44)
	at wdMethods.SeMethods.takeSnap(SeMethods.java:381)
	at utils.Reporter.reportStep(Reporter.java:21)
	at utils.Reporter.reportStep(Reporter.java:44)
	at wdMethods.SeMethods.takeSnap(SeMethods.java:381)
	at utils.Reporter.reportStep(Reporter.java:21)
	at utils.Reporter.reportStep(Reporter.java:44)
	at wdMethods.SeMethods.takeSnap(SeMethods.java:381)
	at utils.Reporter.reportStep(Reporter.java:21)
	at utils.Reporter.reportStep(Reporter.java:44)
	at wdMethods.SeMethods.takeSnap(SeMethods.java:381)
	at utils.Reporter.reportStep(Reporter.java:21)
	at utils.Reporter.reportStep(Reporter.java:44)
	at wdMethods.SeMethods.takeSnap(SeMethods.java:381)
	at utils.Reporter.reportStep(Reporter.java:21)
	at utils.Reporter.reportStep(Reporter.java:44)
	at wdMethods.SeMethods.takeSnap(SeMethods.java:381)
	at utils.Reporter.reportStep(Reporter.java:21)
	at utils.Reporter.reportStep(Reporter.java:44)
	at wdMethods.SeMethods.takeSnap(SeMethods.java:381)
	at utils.Reporter.reportStep(Reporter.java:21)
	at utils.Reporter.reportStep(Reporter.java:44)
	at wdMethods.SeMethods.takeSnap(SeMethods.java:381)
	at utils.Reporter.reportStep(Reporter.java:21)
	at utils.Reporter.reportStep(Reporter.java:44)
	at wdMethods.SeMethods.takeSnap(SeMethods.java:381)
	at utils.Reporter.reportStep(Reporter.java:21)
	at utils.Reporter.reportStep(Reporter.java:44)
	at wdMethods.SeMethods.takeSnap(SeMethods.java:381)
	at utils.Reporter.reportStep(Reporter.java:21)
	at utils.Reporter.reportStep(Reporter.java:44)
	at wdMethods.SeMethods.takeSnap(SeMethods.java:381)
	at utils.Reporter.reportStep(Reporter.java:21)
	at utils.Reporter.reportStep(Reporter.java:44)
	at wdMethods.SeMethods.takeSnap(SeMethods.java:381)
	at utils.Reporter.reportStep(Reporter.java:21)
	at utils.Reporter.reportStep(Reporter.java:44)
	at wdMethods.SeMethods.takeSnap(SeMethods.java:381)
	at utils.Reporter.reportStep(Reporter.java:21)
	at utils.Reporter.reportStep(Reporter.java:44)
	at wdMethods.SeMethods.takeSnap(SeMethods.java:381)
	at utils.Reporter.reportStep(Reporter.java:21)
	at utils.Reporter.reportStep(Reporter.java:44)
	at wdMethods.SeMethods.takeSnap(SeMethods.java:381)
	at utils.Reporter.reportStep(Reporter.java:21)
	at utils.Reporter.reportStep(Reporter.java:44)
	at wdMethods.SeMethods.takeSnap(SeMethods.java:381)
	at utils.Reporter.reportStep(Reporter.java:21)
	at utils.Reporter.reportStep(Reporter.java:44)
	at wdMethods.SeMethods.takeSnap(SeMethods.java:381)
	at utils.Reporter.reportStep(Reporter.java:21)
	at utils.Reporter.reportStep(Reporter.java:44)
	at wdMethods.SeMethods.takeSnap(SeMethods.java:381)
	at utils.Reporter.reportStep(Reporter.java:21)
	at utils.Reporter.reportStep(Reporter.java:44)
	at wdMethods.SeMethods.takeSnap(SeMethods.java:381)
	at utils.Reporter.reportStep(Reporter.java:21)
	at utils.Reporter.reportStep(Reporter.java:44)
	at wdMethods.SeMethods.takeSnap(SeMethods.java:381)
	at utils.Reporter.reportStep(Reporter.java:21)
	at utils.Reporter.reportStep(Reporter.java:44)
	at wdMethods.SeMethods.takeSnap(SeMethods.java:381)
	at utils.Reporter.reportStep(Reporter.java:21)
	at utils.Reporter.reportStep(Reporter.java:44)
	at wdMethods.SeMethods.takeSnap(SeMethods.java:381)
	at utils.Reporter.reportStep(Reporter.java:21)
	at utils.Reporter.reportStep(Reporter.java:44)
	at wdMethods.SeMethods.takeSnap(SeMethods.java:381)
	at utils.Reporter.reportStep(Reporter.java:21)
	at utils.Reporter.reportStep(Reporter.java:44)
	at wdMethods.SeMethods.takeSnap(SeMethods.java:381)
	at utils.Reporter.reportStep(Reporter.java:21)
	at utils.Reporter.reportStep(Reporter.java:44)
	at wdMethods.SeMethods.takeSnap(SeMethods.java:381)
	at utils.Reporter.reportStep(Reporter.java:21)
	at utils.Reporter.reportStep(Reporter.java:44)
	at wdMethods.SeMethods.takeSnap(SeMethods.java:381)
	at utils.Reporter.reportStep(Reporter.java:21)
	at utils.Reporter.reportStep(Reporter.java:44)
	at wdMethods.SeMethods.takeSnap(SeMethods.java:381)
	at utils.Reporter.reportStep(Reporter.java:21)
	at utils.Reporter.reportStep(Reporter.java:44)
	at wdMethods.SeMethods.takeSnap(SeMethods.java:381)
	at utils.Reporter.reportStep(Reporter.java:21)
	at utils.Reporter.reportStep(Reporter.java:44)
	at wdMethods.SeMethods.takeSnap(SeMethods.java:381)
	at utils.Reporter.reportStep(Reporter.java:21)
	at utils.Reporter.reportStep(Reporter.java:44)
	at wdMethods.SeMethods.takeSnap(SeMethods.java:381)
	at utils.Reporter.reportStep(Reporter.java:21)
	at utils.Reporter.reportStep(Reporter.java:44)
	at wdMethods.SeMethods.takeSnap(SeMethods.java:381)
	at utils.Reporter.reportStep(Reporter.java:21)
	at utils.Reporter.reportStep(Reporter.java:44)
	at wdMethods.SeMethods.takeSnap(SeMethods.java:381)
	at utils.Reporter.reportStep(Reporter.java:21)
	at utils.Reporter.reportStep(Reporter.java:44)
	at wdMethods.SeMethods.takeSnap(SeMethods.java:381)
	at utils.Reporter.reportStep(Reporter.java:21)
	at utils.Reporter.reportStep(Reporter.java:44)
	at wdMethods.SeMethods.takeSnap(SeMethods.java:381)
	at utils.Reporter.reportStep(Reporter.java:21)
	at utils.Reporter.reportStep(Reporter.java:44)
	at wdMethods.SeMethods.takeSnap(SeMethods.java:381)
	at utils.Reporter.reportStep(Reporter.java:21)
	at utils.Reporter.reportStep(Reporter.java:44)
	at wdMethods.SeMethods.takeSnap(SeMethods.java:381)
	at utils.Reporter.reportStep(Reporter.java:21)
	at utils.Reporter.reportStep(Reporter.java:44)
	at wdMethods.SeMethods.takeSnap(SeMethods.java:381)
	at utils.Reporter.reportStep(Reporter.java:21)
	at utils.Reporter.reportStep(Reporter.java:44)
	at wdMethods.SeMethods.takeSnap(SeMethods.java:381)
	at utils.Reporter.reportStep(Reporter.java:21)
	at utils.Reporter.reportStep(Reporter.java:44)
	at wdMethods.SeMethods.takeSnap(SeMethods.java:381)
	at utils.Reporter.reportStep(Reporter.java:21)
	at utils.Reporter.reportStep(Reporter.java:44)
	at wdMethods.SeMethods.takeSnap(SeMethods.java:381)
	at utils.Reporter.reportStep(Reporter.java:21)
	at utils.Reporter.reportStep(Reporter.java:44)
	at wdMethods.SeMethods.takeSnap(SeMethods.java:381)
	at utils.Reporter.reportStep(Reporter.java:21)
	at utils.Reporter.reportStep(Reporter.java:44)
	at wdMethods.SeMethods.takeSnap(SeMethods.java:381)
	at utils.Reporter.reportStep(Reporter.java:21)
	at utils.Reporter.reportStep(Reporter.java:44)
	at wdMethods.SeMethods.takeSnap(SeMethods.java:381)
	at utils.Reporter.reportStep(Reporter.java:21)
	at utils.Reporter.reportStep(Reporter.java:44)
	at wdMethods.SeMethods.takeSnap(SeMethods.java:381)
	at utils.Reporter.reportStep(Reporter.java:21)
	at utils.Reporter.reportStep(Reporter.java:44)
	at wdMethods.SeMethods.takeSnap(SeMethods.java:381)
	at utils.Reporter.reportStep(Reporter.java:21)
	at utils.Reporter.reportStep(Reporter.java:44)
	at wdMethods.SeMethods.takeSnap(SeMethods.java:381)
	at utils.Reporter.reportStep(Reporter.java:21)
	at utils.Reporter.reportStep(Reporter.java:44)
	at wdMethods.SeMethods.takeSnap(SeMethods.java:381)
	at utils.Reporter.reportStep(Reporter.java:21)
	at utils.Reporter.reportStep(Reporter.java:44)
	at wdMethods.SeMethods.takeSnap(SeMethods.java:381)
	at utils.Reporter.reportStep(Reporter.java:21)
	at utils.Reporter.reportStep(Reporter.java:44)
	at wdMethods.SeMethods.takeSnap(SeMethods.java:381)
	at utils.Reporter.reportStep(Reporter.java:21)
	at utils.Reporter.reportStep(Reporter.java:44)
	at wdMethods.SeMethods.takeSnap(SeMethods.java:381)
	at utils.Reporter.reportStep(Reporter.java:21)
	at utils.Reporter.reportStep(Reporter.java:44)
	at wdMethods.SeMethods.takeSnap(SeMethods.java:381)
	at utils.Reporter.reportStep(Reporter.java:21)
	at utils.Reporter.reportStep(Reporter.java:44)
	at wdMethods.SeMethods.takeSnap(SeMethods.java:381)
	at utils.Reporter.reportStep(Reporter.java:21)
	at utils.Reporter.reportStep(Reporter.java:44)
	at wdMethods.SeMethods.takeSnap(SeMethods.java:381)
	at utils.Reporter.reportStep(Reporter.java:21)
	at utils.Reporter.reportStep(Reporter.java:44)
	at wdMethods.SeMethods.takeSnap(SeMethods.java:381)
	at utils.Reporter.reportStep(Reporter.java:21)
	at utils.Reporter.reportStep(Reporter.java:44)
	at wdMethods.SeMethods.takeSnap(SeMethods.java:381)
	at utils.Reporter.reportStep(Reporter.java:21)
	at utils.Reporter.reportStep(Reporter.java:44)
	at wdMethods.SeMethods.takeSnap(SeMethods.java:381)
	at utils.Reporter.reportStep(Reporter.java:21)
	at utils.Reporter.reportStep(Reporter.java:44)
	at wdMethods.SeMethods.takeSnap(SeMethods.java:381)
	at utils.Reporter.reportStep(Reporter.java:21)
	at utils.Reporter.reportStep(Reporter.java:44)
	at wdMethods.SeMethods.takeSnap(SeMethods.java:381)
	at utils.Reporter.reportStep(Reporter.java:21)
	at utils.Reporter.reportStep(Reporter.java:44)
	at wdMethods.SeMethods.takeSnap(SeMethods.java:381)
	at utils.Reporter.reportStep(Reporter.java:21)
	at utils.Reporter.reportStep(Reporter.java:44)
	at wdMethods.SeMethods.takeSnap(SeMethods.java:381)
	at utils.Reporter.reportStep(Reporter.java:21)
	at utils.Reporter.reportStep(Reporter.java:44)
	at wdMethods.SeMethods.takeSnap(SeMethods.java:381)
	at utils.Reporter.reportStep(Reporter.java:21)
	at utils.Reporter.reportStep(Reporter.java:44)
	at wdMethods.SeMethods.takeSnap(SeMethods.java:381)
	at utils.Reporter.reportStep(Reporter.java:21)
	at utils.Reporter.reportStep(Reporter.java:44)
	at wdMethods.SeMethods.takeSnap(SeMethods.java:381)
	at utils.Reporter.reportStep(Reporter.java:21)
	at utils.Reporter.reportStep(Reporter.java:44)
	at wdMethods.SeMethods.takeSnap(SeMethods.java:381)
	at utils.Reporter.reportStep(Reporter.java:21)
	at utils.Reporter.reportStep(Reporter.java:44)
	at wdMethods.SeMethods.takeSnap(SeMethods.java:381)
	at utils.Reporter.reportStep(Reporter.java:21)
	at utils.Reporter.reportStep(Reporter.java:44)
	at wdMethods.SeMethods.takeSnap(SeMethods.java:381)
	at utils.Reporter.reportStep(Reporter.java:21)
	at utils.Reporter.reportStep(Reporter.java:44)
	at wdMethods.SeMethods.takeSnap(SeMethods.java:381)
	at utils.Reporter.reportStep(Reporter.java:21)
	at utils.Reporter.reportStep(Reporter.java:44)
	at wdMethods.SeMethods.takeSnap(SeMethods.java:381)
	at utils.Reporter.reportStep(Reporter.java:21)
	at utils.Reporter.reportStep(Reporter.java:44)
	at wdMethods.SeMethods.takeSnap(SeMethods.java:381)
	at utils.Reporter.reportStep(Reporter.java:21)
	at utils.Reporter.reportStep(Reporter.java:44)
	at wdMethods.SeMethods.takeSnap(SeMethods.java:381)
	at utils.Reporter.reportStep(Reporter.java:21)
	at utils.Reporter.reportStep(Reporter.java:44)
	at wdMethods.SeMethods.takeSnap(SeMethods.java:381)
	at utils.Reporter.reportStep(Reporter.java:21)
	at utils.Reporter.reportStep(Reporter.java:44)
	at wdMethods.SeMethods.takeSnap(SeMethods.java:381)
	at utils.Reporter.reportStep(Reporter.java:21)
	at utils.Reporter.reportStep(Reporter.java:44)
	at wdMethods.SeMethods.takeSnap(SeMethods.java:381)
	at utils.Reporter.reportStep(Reporter.java:21)
	at utils.Reporter.reportStep(Reporter.java:44)
	at wdMethods.SeMethods.takeSnap(SeMethods.java:381)
	at utils.Reporter.reportStep(Reporter.java:21)
	at utils.Reporter.reportStep(Reporter.java:44)
	at wdMethods.SeMethods.takeSnap(SeMethods.java:381)
	at utils.Reporter.reportStep(Reporter.java:21)
	at utils.Reporter.reportStep(Reporter.java:44)
	at wdMethods.SeMethods.takeSnap(SeMethods.java:381)
	at utils.Reporter.reportStep(Reporter.java:21)
	at utils.Reporter.reportStep(Reporter.java:44)
	at wdMethods.SeMethods.takeSnap(SeMethods.java:381)
	at utils.Reporter.reportStep(Reporter.java:21)
	at utils.Reporter.reportStep(Reporter.java:44)
	at wdMethods.SeMethods.takeSnap(SeMethods.java:381)
	at utils.Reporter.reportStep(Reporter.java:21)
	at utils.Reporter.reportStep(Reporter.java:44)
	at wdMethods.SeMethods.takeSnap(SeMethods.java:381)
	at utils.Reporter.reportStep(Reporter.java:21)
	at utils.Reporter.reportStep(Reporter.java:44)
	at wdMethods.SeMethods.takeSnap(SeMethods.java:381)
	at utils.Reporter.reportStep(Reporter.java:21)
	at utils.Reporter.reportStep(Reporter.java:44)
	at wdMethods.SeMethods.takeSnap(SeMethods.java:381)
	at utils.Reporter.reportStep(Reporter.java:21)
	at utils.Reporter.reportStep(Reporter.java:44)
	at wdMethods.SeMethods.takeSnap(SeMethods.java:381)
	at utils.Reporter.reportStep(Reporter.java:21)
	at utils.Reporter.reportStep(Reporter.java:44)
	at wdMethods.SeMethods.takeSnap(SeMethods.java:381)
	at utils.Reporter.reportStep(Reporter.java:21)
	at utils.Reporter.reportStep(Reporter.java:44)
	at wdMethods.SeMethods.takeSnap(SeMethods.java:381)
	at utils.Reporter.reportStep(Reporter.java:21)
	at utils.Reporter.reportStep(Reporter.java:44)
	at wdMethods.SeMethods.takeSnap(SeMethods.java:381)
	at utils.Reporter.reportStep(Reporter.java:21)
	at utils.Reporter.reportStep(Reporter.java:44)
	at wdMethods.SeMethods.takeSnap(SeMethods.java:381)
	at utils.Reporter.reportStep(Reporter.java:21)
	at utils.Reporter.reportStep(Reporter.java:44)
	at wdMethods.SeMethods.takeSnap(SeMethods.java:381)
	at utils.Reporter.reportStep(Reporter.java:21)
	at utils.Reporter.reportStep(Reporter.java:44)
	at wdMethods.SeMethods.takeSnap(SeMethods.java:381)
	at utils.Reporter.reportStep(Reporter.java:21)
	at utils.Reporter.reportStep(Reporter.java:44)
	at wdMethods.SeMethods.takeSnap(SeMethods.java:381)
	at utils.Reporter.reportStep(Reporter.java:21)
	at utils.Reporter.reportStep(Reporter.java:44)
	at wdMethods.SeMethods.takeSnap(SeMethods.java:381)
	at utils.Reporter.reportStep(Reporter.java:21)
	at utils.Reporter.reportStep(Reporter.java:44)
	at wdMethods.SeMethods.takeSnap(SeMethods.java:381)
	at utils.Reporter.reportStep(Reporter.java:21)
	at utils.Reporter.reportStep(Reporter.java:44)
	at wdMethods.SeMethods.takeSnap(SeMethods.java:381)
	at utils.Reporter.reportStep(Reporter.java:21)
	at utils.Reporter.reportStep(Reporter.java:44)
	at wdMethods.SeMethods.takeSnap(SeMethods.java:381)
	at utils.Reporter.reportStep(Reporter.java:21)
	at utils.Reporter.reportStep(Reporter.java:44)
	at wdMethods.SeMethods.takeSnap(SeMethods.java:381)
	at utils.Reporter.reportStep(Reporter.java:21)
	at utils.Reporter.reportStep(Reporter.java:44)
	at wdMethods.SeMethods.takeSnap(SeMethods.java:381)
	at utils.Reporter.reportStep(Reporter.java:21)
	at utils.Reporter.reportStep(Reporter.java:44)
	at wdMethods.SeMethods.takeSnap(SeMethods.java:381)
	at utils.Reporter.reportStep(Reporter.java:21)
	at utils.Reporter.reportStep(Reporter.java:44)
	at wdMethods.SeMethods.takeSnap(SeMethods.java:381)
	at utils.Reporter.reportStep(Reporter.java:21)
	at utils.Reporter.reportStep(Reporter.java:44)
	at wdMethods.SeMethods.takeSnap(SeMethods.java:381)
	at utils.Reporter.reportStep(Reporter.java:21)
	at utils.Reporter.reportStep(Reporter.java:44)
]]>
    </error>
  </testcase> <!-- validateOverviewPageForFund -->
</testsuite> <!-- internationalTests.FOComponents -->
