<?xml version="1.0" encoding="UTF-8"?>
<!-- Generated by org.testng.reporters.JUnitReportReporter -->
<testsuite hostname="hydwks135838" name="internationalTests.Switzerland.PERF020_PerformanceDiscreteAnnualPerformanceQuarterEnd" tests="1" failures="0" timestamp="19 Mar 2018 10:22:10 GMT" time="65.732" errors="0">
  <testcase name="validatePerformanceDiscreteAnnualPerformanceQuarterEnd" time="65.732" classname="internationalTests.Switzerland.PERF020_PerformanceDiscreteAnnualPerformanceQuarterEnd"/>
</testsuite> <!-- internationalTests.Switzerland.PERF020_PerformanceDiscreteAnnualPerformanceQuarterEnd -->
