<?xml version="1.0" encoding="UTF-8"?>
<!-- Generated by org.testng.reporters.JUnitReportReporter -->
<testsuite hostname="hydwks135838" name="internationalTests.Switzerland.PERF029_PerformanceDiscreteAnnualPerformanceViewAllShareClassQuarterEnd" tests="1" failures="0" timestamp="20 Mar 2018 12:27:52 GMT" time="79.527" errors="0">
  <testcase name="validatePerformanceDiscreteAnnualPerformanceViewAllShareClassQuarterEnd" time="79.527" classname="internationalTests.Switzerland.PERF029_PerformanceDiscreteAnnualPerformanceViewAllShareClassQuarterEnd"/>
</testsuite> <!-- internationalTests.Switzerland.PERF029_PerformanceDiscreteAnnualPerformanceViewAllShareClassQuarterEnd -->
