<?xml version="1.0" encoding="UTF-8"?>
<!-- Generated by org.testng.reporters.JUnitReportReporter -->
<testsuite hostname="hydwks135838" name="internationalTests.Offshore.PDST004_PriceAndDistributionHighestLowestNAV" tests="1" failures="0" timestamp="16 Apr 2018 06:48:56 GMT" time="76.002" errors="0">
  <testcase name="validatePriceAndDistributionHighestLowestNAV" time="76.002" classname="internationalTests.Offshore.PDST004_PriceAndDistributionHighestLowestNAV"/>
</testsuite> <!-- internationalTests.Offshore.PDST004_PriceAndDistributionHighestLowestNAV -->
