<?xml version="1.0" encoding="UTF-8"?>
<!-- Generated by org.testng.reporters.JUnitReportReporter -->
<testsuite hostname="hydwks135838" name="internationalTests.Italy.PERF025_PerformanceAnnualisedPerformanceViewAllShareClassQuarterEnd" tests="1" failures="0" timestamp="14 Mar 2018 13:41:50 GMT" time="71.781" errors="0">
  <testcase name="validatePerformanceAnnualisedPerformanceViewAllShareClassQuarterEnd" time="71.781" classname="internationalTests.Italy.PERF025_PerformanceAnnualisedPerformanceViewAllShareClassQuarterEnd"/>
</testsuite> <!-- internationalTests.Italy.PERF025_PerformanceAnnualisedPerformanceViewAllShareClassQuarterEnd -->
