<?xml version="1.0" encoding="UTF-8"?>
<!-- Generated by org.testng.reporters.JUnitReportReporter -->
<testsuite hostname="hydwks135838" name="internationalTests.Italy.FOVW008_Overview_DividendDistributionYield" tests="1" failures="0" timestamp="18 Jul 2018 09:51:47 GMT" time="56.932" errors="0">
  <testcase name="validateDividendDistributionSection" time="56.932" classname="internationalTests.Italy.FOVW008_Overview_DividendDistributionYield"/>
</testsuite> <!-- internationalTests.Italy.FOVW008_Overview_DividendDistributionYield -->
