<?xml version="1.0" encoding="UTF-8"?>
<!-- Generated by org.testng.reporters.JUnitReportReporter -->
<testsuite hostname="hydwks135838" name="internationalTests.Switzerland.FOVW004_Overview_Sales_Charge" tests="1" failures="0" timestamp="11 Apr 2018 13:20:15 GMT" time="63.331" errors="0">
  <testcase name="validateSalesCharge" time="63.331" classname="internationalTests.Switzerland.FOVW004_Overview_Sales_Charge"/>
</testsuite> <!-- internationalTests.Switzerland.FOVW004_Overview_Sales_Charge -->
