<?xml version="1.0" encoding="UTF-8"?>
<!-- Generated by org.testng.reporters.JUnitReportReporter -->
<testsuite hostname="hydwks135838" name="internationalTests.Switzerland.PFOL006_MarketCapitalisation" tests="1" failures="0" timestamp="19 Mar 2018 11:48:28 GMT" time="61.558" errors="0">
  <testcase name="validateMarketCapitalisationWidget" time="61.558" classname="internationalTests.Switzerland.PFOL006_MarketCapitalisation"/>
</testsuite> <!-- internationalTests.Switzerland.PFOL006_MarketCapitalisation -->
