<?xml version="1.0" encoding="UTF-8"?>
<!-- Generated by org.testng.reporters.JUnitReportReporter -->
<testsuite hostname="hydwks135838" name="internationalTests.Switzerland.PFOL007_PortfolioStatistics_FixedIncome" tests="1" failures="0" timestamp="19 Mar 2018 11:54:17 GMT" time="59.052" errors="0">
  <testcase name="validatePortfolioStatisticsFixedIncome" time="59.052" classname="internationalTests.Switzerland.PFOL007_PortfolioStatistics_FixedIncome"/>
</testsuite> <!-- internationalTests.Switzerland.PFOL007_PortfolioStatistics_FixedIncome -->
