<?xml version="1.0" encoding="UTF-8"?>
<!-- Generated by org.testng.reporters.JUnitReportReporter -->
<testsuite hostname="hydwks135838" name="internationalTests.Canada.FOVW013_Overview_FindAFund" tests="1" failures="0" timestamp="27 Apr 2018 11:08:18 GMT" time="55.624" errors="0">
  <testcase name="validateOverviewFindAFund" time="55.624" classname="internationalTests.Canada.FOVW013_Overview_FindAFund"/>
</testsuite> <!-- internationalTests.Canada.FOVW013_Overview_FindAFund -->
