<?xml version="1.0" encoding="UTF-8"?>
<!-- Generated by org.testng.reporters.JUnitReportReporter -->
<testsuite hostname="hydwks135838" name="internationalTests.Canada.FOVW008_Overview_DividendDistributionYield" tests="1" failures="0" timestamp="1 Jun 2018 10:50:53 GMT" time="78.558" errors="0">
  <testcase name="validateDividendDistributionSection" time="78.558" classname="internationalTests.Canada.FOVW008_Overview_DividendDistributionYield"/>
</testsuite> <!-- internationalTests.Canada.FOVW008_Overview_DividendDistributionYield -->
