<?xml version="1.0" encoding="UTF-8"?>
<!-- Generated by org.testng.reporters.JUnitReportReporter -->
<testsuite hostname="hydwks135838" name="internationalTests.Italy.FOVW001_Overview_FundContent" tests="1" failures="0" timestamp="14 Mar 2018 07:26:32 GMT" time="63.462" errors="0">
  <testcase name="validateSummaryOfFundObjective" time="63.462" classname="internationalTests.Italy.FOVW001_Overview_FundContent"/>
</testsuite> <!-- internationalTests.Italy.FOVW001_Overview_FundContent -->
