<?xml version="1.0" encoding="UTF-8"?>
<!-- Generated by org.testng.reporters.JUnitReportReporter -->
<testsuite hostname="hydwks135838" name="internationalTests.Luxembourg.PFOL006_MarketCapitalisation" tests="1" failures="0" timestamp="1 Jun 2018 07:00:02 GMT" time="63.104" errors="0">
  <testcase name="validateMarketCapitalisationWidget" time="63.104" classname="internationalTests.Luxembourg.PFOL006_MarketCapitalisation"/>
</testsuite> <!-- internationalTests.Luxembourg.PFOL006_MarketCapitalisation -->
