<?xml version="1.0" encoding="UTF-8"?>
<!-- Generated by org.testng.reporters.JUnitReportReporter -->
<testsuite hostname="HYDNBK136589" name="testcases.TC002_InstitutionalSearch" tests="1" failures="0" timestamp="16 Nov 2017 13:20:33 GMT" time="47.629" errors="0">
  <testcase name="institutionalSearch" time="47.629" classname="testcases.TC002_InstitutionalSearch"/>
</testsuite> <!-- testcases.TC002_InstitutionalSearch -->
