<?xml version="1.0" encoding="UTF-8"?>
<!-- Generated by org.testng.reporters.JUnitReportReporter -->
<testsuite hostname="hydwks135838" name="internationalTests.Italy.PDST007_PriceAndDistributionNAVPrices" tests="1" failures="0" timestamp="14 Mar 2018 10:11:30 GMT" time="57.677" errors="0">
  <testcase name="validatePriceAndDistributionNAVPrices" time="57.677" classname="internationalTests.Italy.PDST007_PriceAndDistributionNAVPrices"/>
</testsuite> <!-- internationalTests.Italy.PDST007_PriceAndDistributionNAVPrices -->
