<?xml version="1.0" encoding="UTF-8"?>
<!-- Generated by org.testng.reporters.JUnitReportReporter -->
<testsuite hostname="hydwks135838" name="internationalTests.Switzerland.PFOL014_PortfolioAllocation" tests="1" failures="0" timestamp="19 Mar 2018 12:03:52 GMT" time="67.299" errors="0">
  <testcase name="validatePortfolioAllocationWidget" time="67.299" classname="internationalTests.Switzerland.PFOL014_PortfolioAllocation"/>
</testsuite> <!-- internationalTests.Switzerland.PFOL014_PortfolioAllocation -->
