<?xml version="1.0" encoding="UTF-8"?>
<!-- Generated by org.testng.reporters.JUnitReportReporter -->
<testsuite hostname="hydwks135838" name="internationalTests.Offshore.PPSS006_FundIdentifiersTab" tests="1" failures="0" timestamp="24 Apr 2018 12:21:08 GMT" time="31.676" errors="0">
  <testcase name="validateFndIdentifiers" time="31.676" classname="internationalTests.Offshore.PPSS006_FundIdentifiersTab"/>
</testsuite> <!-- internationalTests.Offshore.PPSS006_FundIdentifiersTab -->
