<?xml version="1.0" encoding="UTF-8"?>
<!-- Generated by org.testng.reporters.JUnitReportReporter -->
<testsuite hostname="hydwks135838" name="internationalTests.UK.PPSS011_Performance_CumulativeDataQuarterEnd" tests="1" failures="0" timestamp="14 May 2018 06:30:40 GMT" time="35.515" errors="0">
  <testcase name="validatePerformanceTabCumulativeDataByQuarterEnd" time="35.515" classname="internationalTests.UK.PPSS011_Performance_CumulativeDataQuarterEnd"/>
</testsuite> <!-- internationalTests.UK.PPSS011_Performance_CumulativeDataQuarterEnd -->
