<?xml version="1.0" encoding="UTF-8"?>
<!-- Generated by org.testng.reporters.JUnitReportReporter -->
<testsuite hostname="hydwks135838" name="internationalTests.UK.PFOL007_PortfolioStatistics_FixedIncome" tests="1" failures="0" timestamp="12 Mar 2018 09:33:35 GMT" time="59.667" errors="0">
  <testcase name="validatePortfolioStatisticsFixedIncome" time="59.667" classname="internationalTests.UK.PFOL007_PortfolioStatistics_FixedIncome"/>
</testsuite> <!-- internationalTests.UK.PFOL007_PortfolioStatistics_FixedIncome -->
