<?xml version="1.0" encoding="UTF-8"?>
<!-- Generated by org.testng.reporters.JUnitReportReporter -->
<testsuite hostname="HYDNBK136574" name="internationalTests.Luxembourg.FOVW001_Overview_FundContent" tests="1" failures="0" timestamp="19 Nov 2018 06:52:10 GMT" time="79.311" errors="0">
  <testcase name="validateSummaryOfFundObjective" time="79.311" classname="internationalTests.Luxembourg.FOVW001_Overview_FundContent"/>
</testsuite> <!-- internationalTests.Luxembourg.FOVW001_Overview_FundContent -->
