<?xml version="1.0" encoding="UTF-8"?>
<!-- Generated by org.testng.reporters.JUnitReportReporter -->
<testsuite hostname="hydwks135838" name="internationalTests.Singapore.PPSS011_Performance_CumulativeDataQuarterEnd" tests="1" failures="0" timestamp="27 Mar 2018 10:04:53 GMT" time="33.069" errors="0">
  <testcase name="validatePerformanceTabCumulativeDataByQuarterEnd" time="33.069" classname="internationalTests.Singapore.PPSS011_Performance_CumulativeDataQuarterEnd"/>
</testsuite> <!-- internationalTests.Singapore.PPSS011_Performance_CumulativeDataQuarterEnd -->
