<?xml version="1.0" encoding="UTF-8"?>
<!-- Generated by org.testng.reporters.JUnitReportReporter -->
<testsuite hostname="hydwks135838" name="internationalTests.Italy.PDST006_PriceAndDistributionHistoricalDividend" tests="1" failures="0" timestamp="14 Mar 2018 10:06:42 GMT" time="99.025" errors="0">
  <testcase name="validatePriceAndDistributionHistoricalDividend" time="99.025" classname="internationalTests.Italy.PDST006_PriceAndDistributionHistoricalDividend"/>
</testsuite> <!-- internationalTests.Italy.PDST006_PriceAndDistributionHistoricalDividend -->
