<?xml version="1.0" encoding="UTF-8"?>
<!-- Generated by org.testng.reporters.JUnitReportReporter -->
<testsuite hostname="hydwks135838" name="internationalTests.Luxembourg.PERF010_PerformanceAnnualisedPerformanceQuarterEnd" tests="1" failures="0" timestamp="31 May 2018 12:00:35 GMT" time="67.232" errors="0">
  <testcase name="validatePerformanceAnnualisedPerformanceQuarterEnd" time="67.232" classname="internationalTests.Luxembourg.PERF010_PerformanceAnnualisedPerformanceQuarterEnd"/>
</testsuite> <!-- internationalTests.Luxembourg.PERF010_PerformanceAnnualisedPerformanceQuarterEnd -->
