<?xml version="1.0" encoding="UTF-8"?>
<!-- Generated by org.testng.reporters.JUnitReportReporter -->
<testsuite hostname="hydwks135838" name="internationalTests.Italy.PFOL010_PortfolioExposure" tests="1" failures="0" timestamp="15 Mar 2018 08:27:11 GMT" time="59.310" errors="0">
  <testcase name="validatePortfolioExposureWidget" time="59.310" classname="internationalTests.Italy.PFOL010_PortfolioExposure"/>
</testsuite> <!-- internationalTests.Italy.PFOL010_PortfolioExposure -->
