<?xml version="1.0" encoding="UTF-8"?>
<!-- Generated by org.testng.reporters.JUnitReportReporter -->
<testsuite hostname="hydwks135838" name="internationalTests.Austria.PERF019_PerformanceDiscreteAnnualPerformanceMonthEnd" tests="1" failures="0" timestamp="18 Jul 2018 08:39:31 GMT" time="73.976" errors="0">
  <testcase name="validatePerformanceDiscreteAnnualPerformanceMonthEnd" time="73.976" classname="internationalTests.Austria.PERF019_PerformanceDiscreteAnnualPerformanceMonthEnd"/>
</testsuite> <!-- internationalTests.Austria.PERF019_PerformanceDiscreteAnnualPerformanceMonthEnd -->
