<?xml version="1.0" encoding="UTF-8"?>
<!-- Generated by org.testng.reporters.JUnitReportReporter -->
<testsuite hostname="hydwks135838" name="internationalTests.Switzerland.PERF028_PerformanceDiscreteAnnualPerformanceViewAllShareClassMonthEnd" tests="1" failures="0" timestamp="19 Mar 2018 10:45:21 GMT" time="75.166" errors="0">
  <testcase name="validatePerformanceDiscreteAnnualPerformanceViewAllShareClassMonthEnd" time="75.166" classname="internationalTests.Switzerland.PERF028_PerformanceDiscreteAnnualPerformanceViewAllShareClassMonthEnd"/>
</testsuite> <!-- internationalTests.Switzerland.PERF028_PerformanceDiscreteAnnualPerformanceViewAllShareClassMonthEnd -->
