<?xml version="1.0" encoding="UTF-8"?>
<!-- Generated by org.testng.reporters.JUnitReportReporter -->
<testsuite hostname="hydwks135838" name="internationalTests.Offshore.FOVW013_Overview_FindAFund" tests="1" failures="0" timestamp="24 Apr 2018 12:18:29 GMT" time="52.222" errors="0">
  <testcase name="validateOverviewFindAFund" time="52.222" classname="internationalTests.Offshore.FOVW013_Overview_FindAFund"/>
</testsuite> <!-- internationalTests.Offshore.FOVW013_Overview_FindAFund -->
