<?xml version="1.0" encoding="UTF-8"?>
<!-- Generated by org.testng.reporters.JUnitReportReporter -->
<testsuite hostname="hydwks135838" name="internationalTests.Switzerland.PERF009_PerformanceAnnualisedPerformanceMonthEnd" tests="1" failures="0" timestamp="19 Mar 2018 10:07:32 GMT" time="62.153" errors="0">
  <testcase name="validatePerformanceAnnualisedPerformanceMonthEnd" time="62.153" classname="internationalTests.Switzerland.PERF009_PerformanceAnnualisedPerformanceMonthEnd"/>
</testsuite> <!-- internationalTests.Switzerland.PERF009_PerformanceAnnualisedPerformanceMonthEnd -->
