<?xml version="1.0" encoding="UTF-8"?>
<!-- Generated by org.testng.reporters.JUnitReportReporter -->
<testsuite hostname="HYDNBK136574" name="internationalTests.German.Marketing.PTAX001_German_PriceTaxPage" tests="1" failures="0" timestamp="19 Nov 2018 11:34:37 GMT" time="47.042" errors="0">
  <testcase name="validateGermanPriceTaxCurrent" time="47.042" classname="internationalTests.German.Marketing.PTAX001_German_PriceTaxPage"/>
</testsuite> <!-- internationalTests.German.Marketing.PTAX001_German_PriceTaxPage -->
