<?xml version="1.0" encoding="UTF-8"?>
<!-- Generated by org.testng.reporters.JUnitReportReporter -->
<testsuite hostname="hydwks135838" name="internationalTests.Singapore.PERF022_PerformanceCumulativePerformanceViewAllShareClassMonthEnd" tests="1" failures="0" timestamp="27 Mar 2018 07:34:22 GMT" time="69.617" errors="0">
  <testcase name="validatePerformanceCumulativePerformanceViewAllShareClassMonthEnd" time="69.617" classname="internationalTests.Singapore.PERF022_PerformanceCumulativePerformanceViewAllShareClassMonthEnd"/>
</testsuite> <!-- internationalTests.Singapore.PERF022_PerformanceCumulativePerformanceViewAllShareClassMonthEnd -->
