<?xml version="1.0" encoding="UTF-8"?>
<!-- Generated by org.testng.reporters.JUnitReportReporter -->
<testsuite hostname="hydwks135838" name="internationalTests.Italy.FDOC001_FDDocumentWidgets" tests="1" failures="0" timestamp="15 Mar 2018 13:55:38 GMT" time="63.053" errors="0">
  <testcase name="validateOverviewPageForFund" time="63.053" classname="internationalTests.Italy.FDOC001_FDDocumentWidgets"/>
</testsuite> <!-- internationalTests.Italy.FDOC001_FDDocumentWidgets -->
