<?xml version="1.0" encoding="UTF-8"?>
<!-- Generated by org.testng.reporters.JUnitReportReporter -->
<testsuite hostname="hydwks135838" name="internationalTests.Offshore.FDOC001_FDDocumentWidgets" tests="1" failures="0" timestamp="9 Oct 2018 09:00:57 GMT" time="78.572" errors="0">
  <testcase name="validateOverviewPageForFund" time="78.572" classname="internationalTests.Offshore.FDOC001_FDDocumentWidgets"/>
</testsuite> <!-- internationalTests.Offshore.FDOC001_FDDocumentWidgets -->
