<?xml version="1.0" encoding="UTF-8"?>
<!-- Generated by org.testng.reporters.JUnitReportReporter -->
<testsuite hostname="HYDNBK136589" name="internationalTests.ppssMainTabValidation" tests="1" failures="0" timestamp="21 Nov 2017 10:38:41 GMT" time="25.151" errors="0">
  <testcase name="validatePPSSPageMainTabs" time="25.151" classname="internationalTests.ppssMainTabValidation"/>
</testsuite> <!-- internationalTests.ppssMainTabValidation -->
