<?xml version="1.0" encoding="UTF-8"?>
<!-- Generated by org.testng.reporters.JUnitReportReporter -->
<testsuite hostname="hydwks135838" name="internationalTests.Singapore.FOVW006_Overview_Ratings" tests="1" failures="0" timestamp="26 Mar 2018 11:58:19 GMT" time="50.744" errors="0">
  <testcase name="validateRatings" time="50.744" classname="internationalTests.Singapore.FOVW006_Overview_Ratings"/>
</testsuite> <!-- internationalTests.Singapore.FOVW006_Overview_Ratings -->
