<?xml version="1.0" encoding="UTF-8"?>
<!-- Generated by org.testng.reporters.JUnitReportReporter -->
<testsuite hostname="hydwks135838" name="internationalTests.Luxembourg.PERF011_PerformanceAnnualisedPerformanceCaveats" tests="1" failures="0" timestamp="31 May 2018 12:04:24 GMT" time="82.726" errors="0">
  <testcase name="validatePerformanceAnnualisedPerformanceCaveats" time="82.726" classname="internationalTests.Luxembourg.PERF011_PerformanceAnnualisedPerformanceCaveats"/>
</testsuite> <!-- internationalTests.Luxembourg.PERF011_PerformanceAnnualisedPerformanceCaveats -->
