<?xml version="1.0" encoding="UTF-8"?>
<!-- Generated by org.testng.reporters.JUnitReportReporter -->
<testsuite hostname="hydwks135838" name="internationalTests.German.FOVW004_Overview_Sales_Charge" tests="1" failures="0" timestamp="18 Jul 2018 09:07:24 GMT" time="62.681" errors="0">
  <testcase name="validateSalesCharge" time="62.681" classname="internationalTests.German.FOVW004_Overview_Sales_Charge"/>
</testsuite> <!-- internationalTests.German.FOVW004_Overview_Sales_Charge -->
