<?xml version="1.0" encoding="UTF-8"?>
<!-- Generated by org.testng.reporters.JUnitReportReporter -->
<testsuite hostname="hydwks135838" name="internationalTests.Luxembourg.FOVW006_Overview_Ratings" tests="1" failures="0" timestamp="27 Apr 2018 09:02:59 GMT" time="58.792" errors="0">
  <testcase name="validateRatings" time="58.792" classname="internationalTests.Luxembourg.FOVW006_Overview_Ratings"/>
</testsuite> <!-- internationalTests.Luxembourg.FOVW006_Overview_Ratings -->
