<?xml version="1.0" encoding="UTF-8"?>
<!-- Generated by org.testng.reporters.JUnitReportReporter -->
<testsuite hostname="hydwks135838" name="internationalTests.Italy.PPSS007_PPSSPage_Filters" tests="1" failures="0" timestamp="15 Mar 2018 10:51:44 GMT" time="45.822" errors="0">
  <testcase name="ppssPageFilterValidation" time="45.822" classname="internationalTests.Italy.PPSS007_PPSSPage_Filters"/>
</testsuite> <!-- internationalTests.Italy.PPSS007_PPSSPage_Filters -->
