<?xml version="1.0" encoding="UTF-8"?>
<!-- Generated by org.testng.reporters.JUnitReportReporter -->
<testsuite hostname="hydwks135838" name="internationalTests.Singapore.PDST005_PriceAndDistributionDividends" tests="1" failures="0" timestamp="27 Mar 2018 06:28:58 GMT" time="57.467" errors="0">
  <testcase name="validatePriceAndDistributionDividendss" time="57.467" classname="internationalTests.Singapore.PDST005_PriceAndDistributionDividends"/>
</testsuite> <!-- internationalTests.Singapore.PDST005_PriceAndDistributionDividends -->
