<?xml version="1.0" encoding="UTF-8"?>
<!-- Generated by org.testng.reporters.JUnitReportReporter -->
<testsuite hostname="hydwks135838" name="internationalTests.Switzerland.PFOL021_PortfolioStatistics_NumberOfIssuersHoldings" tests="1" failures="0" timestamp="19 Mar 2018 12:44:02 GMT" time="110.763" errors="0">
  <testcase name="validatePortfolioStatisticsNumberOfIssuersHoldings" time="110.763" classname="internationalTests.Switzerland.PFOL021_PortfolioStatistics_NumberOfIssuersHoldings"/>
</testsuite> <!-- internationalTests.Switzerland.PFOL021_PortfolioStatistics_NumberOfIssuersHoldings -->
