<?xml version="1.0" encoding="UTF-8"?>
<!-- Generated by org.testng.reporters.JUnitReportReporter -->
<testsuite hostname="hydwks135838" name="internationalTests.Switzerland.PDST003_PriceAndDistributionHistoricalNAVSearch" tests="1" failures="0" timestamp="20 Mar 2018 06:25:41 GMT" time="74.677" errors="0">
  <testcase name="validatePriceAndDistributionHistoricaNAVSearch" time="74.677" classname="internationalTests.Switzerland.PDST003_PriceAndDistributionHistoricalNAVSearch"/>
</testsuite> <!-- internationalTests.Switzerland.PDST003_PriceAndDistributionHistoricalNAVSearch -->
