<?xml version="1.0" encoding="UTF-8"?>
<!-- Generated by org.testng.reporters.JUnitReportReporter -->
<testsuite hostname="hydwks135838" name="internationalTests.Switzerland.FOVW005_Overview_Fund_Identifiers" tests="1" failures="0" timestamp="19 Mar 2018 13:13:23 GMT" time="55.787" errors="0">
  <testcase name="validateFundIdentifiers" time="55.787" classname="internationalTests.Switzerland.FOVW005_Overview_Fund_Identifiers"/>
</testsuite> <!-- internationalTests.Switzerland.FOVW005_Overview_Fund_Identifiers -->
