<?xml version="1.0" encoding="UTF-8"?>
<!-- Generated by org.testng.reporters.JUnitReportReporter -->
<testsuite hostname="hydwks135838" name="internationalTests.Italy.PFOL006_MarketCapitalisation" tests="1" failures="0" timestamp="15 Mar 2018 07:07:36 GMT" time="56.316" errors="0">
  <testcase name="validateMarketCapitalisationWidget" time="56.316" classname="internationalTests.Italy.PFOL006_MarketCapitalisation"/>
</testsuite> <!-- internationalTests.Italy.PFOL006_MarketCapitalisation -->
