<?xml version="1.0" encoding="UTF-8"?>
<!-- Generated by org.testng.reporters.JUnitReportReporter -->
<testsuite hostname="hydwks135838" name="internationalTests.German.FOVW005_Overview_Fund_Identifiers" tests="1" failures="0" timestamp="18 Jul 2018 09:08:49 GMT" time="57.483" errors="0">
  <testcase name="validateFundIdentifiers" time="57.483" classname="internationalTests.German.FOVW005_Overview_Fund_Identifiers"/>
</testsuite> <!-- internationalTests.German.FOVW005_Overview_Fund_Identifiers -->
