<?xml version="1.0" encoding="UTF-8"?>
<!-- Generated by org.testng.reporters.JUnitReportReporter -->
<testsuite hostname="hydwks135838" name="internationalTests.Offshore.PPSS007_PPSSPage_Filters" tests="1" failures="0" timestamp="24 Apr 2018 12:20:31 GMT" time="53.924" errors="0">
  <testcase name="ppssPageFilterValidation" time="53.924" classname="internationalTests.Offshore.PPSS007_PPSSPage_Filters"/>
</testsuite> <!-- internationalTests.Offshore.PPSS007_PPSSPage_Filters -->
