<?xml version="1.0" encoding="UTF-8"?>
<!-- Generated by org.testng.reporters.JUnitReportReporter -->
<testsuite hostname="HYDNBK136574" name="internationalTests.German.Marketing.ARCH002_GermanReports" tests="1" failures="0" timestamp="19 Nov 2018 10:26:04 GMT" time="98.742" errors="0">
  <testcase name="validateGermanReports" time="98.742" classname="internationalTests.German.Marketing.ARCH002_GermanReports"/>
</testsuite> <!-- internationalTests.German.Marketing.ARCH002_GermanReports -->
