<?xml version="1.0" encoding="UTF-8"?>
<!-- Generated by org.testng.reporters.JUnitReportReporter -->
<testsuite hostname="hydwks135838" name="internationalTests.Canada.PDST007_PriceAndDistributionNAVPrices" tests="1" failures="0" timestamp="1 Jun 2018 09:17:51 GMT" time="62.576" errors="0">
  <testcase name="validatePriceAndDistributionNAVPrices" time="62.576" classname="internationalTests.Canada.PDST007_PriceAndDistributionNAVPrices"/>
</testsuite> <!-- internationalTests.Canada.PDST007_PriceAndDistributionNAVPrices -->
