<?xml version="1.0" encoding="UTF-8"?>
<!-- Generated by org.testng.reporters.JUnitReportReporter -->
<testsuite hostname="hydwks135838" name="internationalTests.German.Marketing.HOME003_QuickLinkValidation_Institutional" tests="1" failures="0" timestamp="2 Nov 2018 09:43:50 GMT" time="95.430" errors="0">
  <testcase name="validateQuickLinkInstitutional" time="95.430" classname="internationalTests.German.Marketing.HOME003_QuickLinkValidation_Institutional"/>
</testsuite> <!-- internationalTests.German.Marketing.HOME003_QuickLinkValidation_Institutional -->
