<?xml version="1.0" encoding="UTF-8"?>
<!-- Generated by org.testng.reporters.JUnitReportReporter -->
<testsuite hostname="hydwks135838" name="internationalTests.UK.PFOL010_PortfolioExposure" tests="1" failures="0" timestamp="12 Mar 2018 09:37:08 GMT" time="61.600" errors="0">
  <testcase name="validatePortfolioExposureWidget" time="61.600" classname="internationalTests.UK.PFOL010_PortfolioExposure"/>
</testsuite> <!-- internationalTests.UK.PFOL010_PortfolioExposure -->
