<?xml version="1.0" encoding="UTF-8"?>
<!-- Generated by org.testng.reporters.JUnitReportReporter -->
<testsuite hostname="hydwks135838" name="internationalTests.Offshore.PERF011_PerformanceAnnualisedPerformanceCaveats" tests="1" failures="0" timestamp="16 Apr 2018 07:58:47 GMT" time="85.160" errors="0">
  <testcase name="validatePerformanceAnnualisedPerformanceCaveats" time="85.160" classname="internationalTests.Offshore.PERF011_PerformanceAnnualisedPerformanceCaveats"/>
</testsuite> <!-- internationalTests.Offshore.PERF011_PerformanceAnnualisedPerformanceCaveats -->
