<?xml version="1.0" encoding="UTF-8"?>
<!-- Generated by org.testng.reporters.JUnitReportReporter -->
<testsuite hostname="hydwks135838" name="internationalTests.Austria.PERF028_PerformanceDiscreteAnnualPerformanceViewAllShareClassMonthEnd" tests="1" failures="0" timestamp="18 Jul 2018 06:46:56 GMT" time="83.352" errors="0">
  <testcase name="validatePerformanceDiscreteAnnualPerformanceViewAllShareClassMonthEnd" time="83.352" classname="internationalTests.Austria.PERF028_PerformanceDiscreteAnnualPerformanceViewAllShareClassMonthEnd"/>
</testsuite> <!-- internationalTests.Austria.PERF028_PerformanceDiscreteAnnualPerformanceViewAllShareClassMonthEnd -->
