<?xml version="1.0" encoding="UTF-8"?>
<!-- Generated by org.testng.reporters.JUnitReportReporter -->
<testsuite hostname="hydwks135838" name="internationalTests.Switzerland.PERF024_PerformanceAnnualisedPerformanceViewAllShareClassMonthEnd" tests="1" failures="0" timestamp="19 Mar 2018 10:38:25 GMT" time="74.189" errors="0">
  <testcase name="validatePerformanceAnnualisedPerformanceViewAllShareClassMonthEnd" time="74.189" classname="internationalTests.Switzerland.PERF024_PerformanceAnnualisedPerformanceViewAllShareClassMonthEnd"/>
</testsuite> <!-- internationalTests.Switzerland.PERF024_PerformanceAnnualisedPerformanceViewAllShareClassMonthEnd -->
