<?xml version="1.0" encoding="UTF-8"?>
<!-- Generated by org.testng.reporters.JUnitReportReporter -->
<testsuite hostname="hydwks135838" name="internationalTests.Canada.PPSS008_PPSSPage_FindaFundSection" tests="1" failures="0" timestamp="1 Jun 2018 06:30:21 GMT" time="48.010" errors="0">
  <testcase name="ppssPageFindAFundValidation" time="48.010" classname="internationalTests.Canada.PPSS008_PPSSPage_FindaFundSection"/>
</testsuite> <!-- internationalTests.Canada.PPSS008_PPSSPage_FindaFundSection -->
