<?xml version="1.0" encoding="UTF-8"?>
<!-- Generated by org.testng.reporters.JUnitReportReporter -->
<testsuite hostname="hydwks135838" name="internationalTests.Singapore.PFOL021_PortfolioStatistics_NumberOfIssuersHoldings" tests="1" failures="0" timestamp="27 Mar 2018 09:05:45 GMT" time="95.973" errors="0">
  <testcase name="validatePortfolioStatisticsNumberOfIssuersHoldings" time="95.973" classname="internationalTests.Singapore.PFOL021_PortfolioStatistics_NumberOfIssuersHoldings"/>
</testsuite> <!-- internationalTests.Singapore.PFOL021_PortfolioStatistics_NumberOfIssuersHoldings -->
