<?xml version="1.0" encoding="UTF-8"?>
<!-- Generated by org.testng.reporters.JUnitReportReporter -->
<testsuite hostname="HYDNBK136574" name="internationalTests.Canada.Marketing.RESR004_FundDocuments_3" tests="1" failures="0" timestamp="22 Nov 2018 06:38:59 GMT" time="48.504" errors="0">
  <testcase name="validateFundDocuments3" time="48.504" classname="internationalTests.Canada.Marketing.RESR004_FundDocuments_3"/>
</testsuite> <!-- internationalTests.Canada.Marketing.RESR004_FundDocuments_3 -->
