<?xml version="1.0" encoding="UTF-8"?>
<!-- Generated by org.testng.reporters.JUnitReportReporter -->
<testsuite hostname="hydwks135838" name="internationalTests.German.PERF028_PerformanceDiscreteAnnualPerformanceViewAllShareClassMonthEnd" tests="1" failures="0" timestamp="18 Jul 2018 08:57:28 GMT" time="81.843" errors="0">
  <testcase name="validatePerformanceDiscreteAnnualPerformanceViewAllShareClassMonthEnd" time="81.843" classname="internationalTests.German.PERF028_PerformanceDiscreteAnnualPerformanceViewAllShareClassMonthEnd"/>
</testsuite> <!-- internationalTests.German.PERF028_PerformanceDiscreteAnnualPerformanceViewAllShareClassMonthEnd -->
