<?xml version="1.0" encoding="UTF-8"?>
<!-- Generated by org.testng.reporters.JUnitReportReporter -->
<testsuite hostname="hydwks135838" name="internationalTests.UK.FOVW016_Overview_ShareClass" tests="1" failures="0" timestamp="13 Mar 2018 06:37:21 GMT" time="38.165" errors="0">
  <testcase name="validateOverviewPageSareClass" time="38.165" classname="internationalTests.UK.FOVW016_Overview_ShareClass"/>
</testsuite> <!-- internationalTests.UK.FOVW016_Overview_ShareClass -->
