<?xml version="1.0" encoding="UTF-8"?>
<!-- Generated by org.testng.reporters.JUnitReportReporter -->
<testsuite hostname="hydwks135838" name="internationalTests.Luxembourg.PERF022_PerformanceCumulativePerformanceViewAllShareClassMonthEnd" tests="1" failures="0" timestamp="31 May 2018 12:24:08 GMT" time="78.146" errors="0">
  <testcase name="validatePerformanceCumulativePerformanceViewAllShareClassMonthEnd" time="78.146" classname="internationalTests.Luxembourg.PERF022_PerformanceCumulativePerformanceViewAllShareClassMonthEnd"/>
</testsuite> <!-- internationalTests.Luxembourg.PERF022_PerformanceCumulativePerformanceViewAllShareClassMonthEnd -->
