<?xml version="1.0" encoding="UTF-8"?>
<!-- Generated by org.testng.reporters.JUnitReportReporter -->
<testsuite hostname="hydwks135838" name="internationalTests.Italy.PERF016_PerformanceCalendarYearPerformanceCaveats" tests="1" failures="0" timestamp="14 Mar 2018 13:02:42 GMT" time="84.993" errors="0">
  <testcase name="validatePerformanceCalendarYearPerformanceCaveats" time="84.993" classname="internationalTests.Italy.PERF016_PerformanceCalendarYearPerformanceCaveats"/>
</testsuite> <!-- internationalTests.Italy.PERF016_PerformanceCalendarYearPerformanceCaveats -->
