<?xml version="1.0" encoding="UTF-8"?>
<!-- Generated by org.testng.reporters.JUnitReportReporter -->
<testsuite hostname="hydwks135838" name="internationalTests.Canada.PPSS007_PPSSPage_Filters" tests="1" failures="0" timestamp="1 Jun 2018 06:27:34 GMT" time="46.726" errors="0">
  <testcase name="ppssPageFilterValidation" time="46.726" classname="internationalTests.Canada.PPSS007_PPSSPage_Filters"/>
</testsuite> <!-- internationalTests.Canada.PPSS007_PPSSPage_Filters -->
