<?xml version="1.0" encoding="UTF-8"?>
<!-- Generated by org.testng.reporters.JUnitReportReporter -->
<testsuite hostname="HYDNBK136589" name="internationalTests.FndInfromationWidget" tests="1" failures="0" timestamp="20 Nov 2017 07:12:12 GMT" time="94.032" errors="0">
  <testcase name="validateFndInfromationWidget" time="94.032" classname="internationalTests.FndInfromationWidget"/>
</testsuite> <!-- internationalTests.FndInfromationWidget -->
