<?xml version="1.0" encoding="UTF-8"?>
<!-- Generated by org.testng.reporters.JUnitReportReporter -->
<testsuite hostname="hydwks135838" name="internationalTests.UK.FOVW002_Overview_NAVPrice" tests="1" failures="0" timestamp="18 Jul 2018 12:07:36 GMT" time="154.943" errors="0">
  <testcase name="validateNAVPrice" time="154.943" classname="internationalTests.UK.FOVW002_Overview_NAVPrice"/>
</testsuite> <!-- internationalTests.UK.FOVW002_Overview_NAVPrice -->
