<?xml version="1.0" encoding="UTF-8"?>
<!-- Generated by org.testng.reporters.JUnitReportReporter -->
<testsuite hostname="hydwks135838" name="internationalTests.Singapore.FDOC001_FDDocumentWidgets" tests="1" failures="0" timestamp="26 Mar 2018 11:39:51 GMT" time="59.651" errors="0">
  <testcase name="validateOverviewPageForFund" time="59.651" classname="internationalTests.Singapore.FDOC001_FDDocumentWidgets"/>
</testsuite> <!-- internationalTests.Singapore.FDOC001_FDDocumentWidgets -->
