<?xml version="1.0" encoding="UTF-8"?>
<!-- Generated by org.testng.reporters.JUnitReportReporter -->
<testsuite hostname="hydwks135838" name="internationalTests.Offshore.PDST005_PriceAndDistributionDividends" tests="1" failures="0" timestamp="16 Apr 2018 06:59:51 GMT" time="74.187" errors="0">
  <testcase name="validatePriceAndDistributionDividendss" time="74.187" classname="internationalTests.Offshore.PDST005_PriceAndDistributionDividends"/>
</testsuite> <!-- internationalTests.Offshore.PDST005_PriceAndDistributionDividends -->
