<?xml version="1.0" encoding="UTF-8"?>
<!-- Generated by org.testng.reporters.JUnitReportReporter -->
<testsuite hostname="hydwks135838" name="internationalTests.Luxembourg.PERF016_PerformanceCalendarYearPerformanceCaveats" tests="1" failures="0" timestamp="31 May 2018 12:11:11 GMT" time="81.174" errors="0">
  <testcase name="validatePerformanceCalendarYearPerformanceCaveats" time="81.174" classname="internationalTests.Luxembourg.PERF016_PerformanceCalendarYearPerformanceCaveats"/>
</testsuite> <!-- internationalTests.Luxembourg.PERF016_PerformanceCalendarYearPerformanceCaveats -->
