<?xml version="1.0" encoding="UTF-8"?>
<!-- Generated by org.testng.reporters.JUnitReportReporter -->
<testsuite hostname="hydwks135838" name="internationalTests.Offshore.PERF022_PerformanceCumulativePerformanceViewAllShareClassMonthEnd" tests="1" failures="0" timestamp="18 Jul 2018 12:50:52 GMT" time="95.932" errors="0">
  <testcase name="validatePerformanceCumulativePerformanceViewAllShareClassMonthEnd" time="95.932" classname="internationalTests.Offshore.PERF022_PerformanceCumulativePerformanceViewAllShareClassMonthEnd"/>
</testsuite> <!-- internationalTests.Offshore.PERF022_PerformanceCumulativePerformanceViewAllShareClassMonthEnd -->
