<?xml version="1.0" encoding="UTF-8"?>
<!-- Generated by org.testng.reporters.JUnitReportReporter -->
<testsuite hostname="hydwks135838" name="internationalTests.German.Marketing.INST003_OurInsights" tests="1" failures="0" timestamp="22 Oct 2018 06:34:39 GMT" time="34.329" errors="0">
  <testcase name="validateOurInsights" time="34.329" classname="internationalTests.German.Marketing.INST003_OurInsights"/>
</testsuite> <!-- internationalTests.German.Marketing.INST003_OurInsights -->
