<?xml version="1.0" encoding="UTF-8"?>
<!-- Generated by org.testng.reporters.JUnitReportReporter -->
<testsuite hostname="hydwks135838" name="internationalTests.German.PFOL006_MarketCapitalisation" tests="1" failures="0" timestamp="8 Mar 2018 13:22:27 GMT" time="62.767" errors="0">
  <testcase name="validateMarketCapitalisationWidget" time="62.767" classname="internationalTests.German.PFOL006_MarketCapitalisation"/>
</testsuite> <!-- internationalTests.German.PFOL006_MarketCapitalisation -->
