<?xml version="1.0" encoding="UTF-8"?>
<!-- Generated by org.testng.reporters.JUnitReportReporter -->
<testsuite hostname="hydwks135838" name="internationalTests.Canada.FOVW006_Overview_Ratings" tests="1" failures="0" timestamp="1 Jun 2018 11:00:46 GMT" time="60.978" errors="0">
  <testcase name="validateRatings" time="60.978" classname="internationalTests.Canada.FOVW006_Overview_Ratings"/>
</testsuite> <!-- internationalTests.Canada.FOVW006_Overview_Ratings -->
