<?xml version="1.0" encoding="UTF-8"?>
<!-- Generated by org.testng.reporters.JUnitReportReporter -->
<testsuite hostname="hydwks135838" name="internationalTests.German.PERF029_PerformanceDiscreteAnnualPerformanceViewAllShareClassQuarterEnd" tests="1" failures="0" timestamp="18 Jul 2018 08:50:58 GMT" time="82.210" errors="0">
  <testcase name="validatePerformanceDiscreteAnnualPerformanceViewAllShareClassQuarterEnd" time="82.210" classname="internationalTests.German.PERF029_PerformanceDiscreteAnnualPerformanceViewAllShareClassQuarterEnd"/>
</testsuite> <!-- internationalTests.German.PERF029_PerformanceDiscreteAnnualPerformanceViewAllShareClassQuarterEnd -->
