<?xml version="1.0" encoding="UTF-8"?>
<!-- Generated by org.testng.reporters.JUnitReportReporter -->
<testsuite hostname="hydwks135838" name="internationalTests.Switzerland.PFOL012_ManagerAllocation" tests="1" failures="0" timestamp="19 Mar 2018 12:00:52 GMT" time="67.405" errors="0">
  <testcase name="validateManagerAllocationWidget" time="67.405" classname="internationalTests.Switzerland.PFOL012_ManagerAllocation"/>
</testsuite> <!-- internationalTests.Switzerland.PFOL012_ManagerAllocation -->
