<?xml version="1.0" encoding="UTF-8"?>
<!-- Generated by org.testng.reporters.JUnitReportReporter -->
<testsuite hostname="hydwks135838" name="internationalTests.Canada.Accounts.ASST006_Assets_ProductType" tests="1" failures="0" timestamp="11 Jun 2018 09:48:40 GMT" time="43.979" errors="0">
  <testcase name="validateAssetSalesProductType" time="43.979" classname="internationalTests.Canada.Accounts.ASST006_Assets_ProductType"/>
</testsuite> <!-- internationalTests.Canada.Accounts.ASST006_Assets_ProductType -->
