<?xml version="1.0" encoding="UTF-8"?>
<!-- Generated by org.testng.reporters.JUnitReportReporter -->
<testsuite hostname="hydwks135838" name="internationalTests.Luxembourg.PFOL013_PortfolioValueAtRisk" tests="1" failures="0" timestamp="15 Mar 2018 08:30:51 GMT" time="50.575" errors="0">
  <testcase name="validatePortfolioValueAtRisk" time="50.575" classname="internationalTests.Luxembourg.PFOL013_PortfolioValueAtRisk"/>
</testsuite> <!-- internationalTests.Luxembourg.PFOL013_PortfolioValueAtRisk -->
