<?xml version="1.0" encoding="UTF-8"?>
<!-- Generated by org.testng.reporters.JUnitReportReporter -->
<testsuite hostname="hydwks135838" name="internationalTests.Luxembourg.PERF006_PerformanceCumulativePerformanceCaveats" tests="1" failures="0" timestamp="31 May 2018 11:52:46 GMT" time="84.814" errors="0">
  <testcase name="validatePerformanceCumulativePerformanceCaveats" time="84.814" classname="internationalTests.Luxembourg.PERF006_PerformanceCumulativePerformanceCaveats"/>
</testsuite> <!-- internationalTests.Luxembourg.PERF006_PerformanceCumulativePerformanceCaveats -->
