<?xml version="1.0" encoding="UTF-8"?>
<!-- Generated by org.testng.reporters.JUnitReportReporter -->
<testsuite hostname="hydwks135838" name="internationalTests.UK.PDST003_PriceAndDistributionHistoricalNAVSearch" tests="1" failures="0" timestamp="13 Mar 2018 06:40:16 GMT" time="72.075" errors="0">
  <testcase name="validatePriceAndDistributionHistoricaNAVSearch" time="72.075" classname="internationalTests.UK.PDST003_PriceAndDistributionHistoricalNAVSearch"/>
</testsuite> <!-- internationalTests.UK.PDST003_PriceAndDistributionHistoricalNAVSearch -->
