<?xml version="1.0" encoding="UTF-8"?>
<!-- Generated by org.testng.reporters.JUnitReportReporter -->
<testsuite hostname="hydwks135838" name="internationalTests.Canada.Accounts.RPRT001_Reports_AccountReport" tests="1" failures="0" timestamp="14 Jun 2018 07:34:58 GMT" time="75.450" errors="0">
  <testcase name="validateReportBuilderAccountReport" time="75.450" classname="internationalTests.Canada.Accounts.RPRT001_Reports_AccountReport"/>
</testsuite> <!-- internationalTests.Canada.Accounts.RPRT001_Reports_AccountReport -->
