<?xml version="1.0" encoding="UTF-8"?>
<!-- Generated by org.testng.reporters.JUnitReportReporter -->
<testsuite hostname="HYDNBK136589" name="internationalTests.Luxembourg.PPSS_FndIdentifierAssetClassFilter" tests="1" failures="0" timestamp="14 Dec 2017 09:56:04 GMT" time="50.540" errors="0">
  <testcase name="ppssFndIdentifiesrTabFilterValidation" time="50.540" classname="internationalTests.Luxembourg.PPSS_FndIdentifierAssetClassFilter"/>
</testsuite> <!-- internationalTests.Luxembourg.PPSS_FndIdentifierAssetClassFilter -->
