<?xml version="1.0" encoding="UTF-8"?>
<!-- Generated by org.testng.reporters.JUnitReportReporter -->
<testsuite hostname="hydwks135838" name="internationalTests.Offshore.PPSS008_PPSSPage_FindaFundSection" tests="1" failures="0" timestamp="24 Apr 2018 12:15:12 GMT" time="53.756" errors="0">
  <testcase name="ppssPageFindAFundValidation" time="53.756" classname="internationalTests.Offshore.PPSS008_PPSSPage_FindaFundSection"/>
</testsuite> <!-- internationalTests.Offshore.PPSS008_PPSSPage_FindaFundSection -->
