<?xml version="1.0" encoding="UTF-8"?>
<!-- Generated by org.testng.reporters.JUnitReportReporter -->
<testsuite hostname="hydwks135838" name="internationalTests.Singapore.FOVW012_Overview_BreadCrumbs" tests="1" failures="0" timestamp="26 Mar 2018 14:08:09 GMT" time="30.429" errors="0">
  <testcase name="validateOverviewPageBreadCrumbs" time="30.429" classname="internationalTests.Singapore.FOVW012_Overview_BreadCrumbs"/>
</testsuite> <!-- internationalTests.Singapore.FOVW012_Overview_BreadCrumbs -->
