<?xml version="1.0" encoding="UTF-8"?>
<!-- Generated by org.testng.reporters.JUnitReportReporter -->
<testsuite hostname="hydwks135838" name="internationalTests.Singapore.PFOL010_PortfolioExposure" tests="1" failures="0" timestamp="27 Mar 2018 08:50:10 GMT" time="56.844" errors="0">
  <testcase name="validatePortfolioExposureWidget" time="56.844" classname="internationalTests.Singapore.PFOL010_PortfolioExposure"/>
</testsuite> <!-- internationalTests.Singapore.PFOL010_PortfolioExposure -->
