<?xml version="1.0" encoding="UTF-8"?>
<!-- Generated by org.testng.reporters.JUnitReportReporter -->
<testsuite hostname="hydwks135838" name="internationalTests.Austria.PERF029_PerformanceDiscreteAnnualPerformanceViewAllShareClassQuarterEnd" tests="1" failures="0" timestamp="18 Jul 2018 06:25:37 GMT" time="85.615" errors="0">
  <testcase name="validatePerformanceDiscreteAnnualPerformanceViewAllShareClassQuarterEnd" time="85.615" classname="internationalTests.Austria.PERF029_PerformanceDiscreteAnnualPerformanceViewAllShareClassQuarterEnd"/>
</testsuite> <!-- internationalTests.Austria.PERF029_PerformanceDiscreteAnnualPerformanceViewAllShareClassQuarterEnd -->
