<?xml version="1.0" encoding="UTF-8"?>
<!-- Generated by org.testng.reporters.JUnitReportReporter -->
<testsuite hostname="HYDNBK136574" name="internationalTests.Canada.Marketing.RESR008_SupportingLegalDocuments" tests="1" failures="0" timestamp="21 Nov 2018 08:07:21 GMT" time="62.883" errors="0">
  <testcase name="validateSupportingLegalDocuments" time="62.883" classname="internationalTests.Canada.Marketing.RESR008_SupportingLegalDocuments"/>
</testsuite> <!-- internationalTests.Canada.Marketing.RESR008_SupportingLegalDocuments -->
