<?xml version="1.0" encoding="UTF-8"?>
<!-- Generated by org.testng.reporters.JUnitReportReporter -->
<testsuite hostname="hydwks135838" name="internationalTests.Austria.FOVW007_Overview_Fund_Managers" tests="1" failures="0" timestamp="24 Jul 2018 14:05:14 GMT" time="68.007" errors="0">
  <testcase name="validateFundManagers" time="68.007" classname="internationalTests.Austria.FOVW007_Overview_Fund_Managers"/>
</testsuite> <!-- internationalTests.Austria.FOVW007_Overview_Fund_Managers -->
