<?xml version="1.0" encoding="UTF-8"?>
<!-- Generated by org.testng.reporters.JUnitReportReporter -->
<testsuite hostname="hydwks135838" name="internationalTests.Canada.PERF022_PerformanceCumulativePerformanceViewAllShareClassMonthEnd" tests="1" failures="0" timestamp="11 Sep 2018 10:33:14 GMT" time="102.887" errors="0">
  <testcase name="validatePerformanceCumulativePerformanceViewAllShareClassMonthEnd" time="102.887" classname="internationalTests.Canada.PERF022_PerformanceCumulativePerformanceViewAllShareClassMonthEnd"/>
</testsuite> <!-- internationalTests.Canada.PERF022_PerformanceCumulativePerformanceViewAllShareClassMonthEnd -->
