<?xml version="1.0" encoding="UTF-8"?>
<!-- Generated by org.testng.reporters.JUnitReportReporter -->
<testsuite hostname="hydwks135838" name="internationalTests.Luxembourg.FOVW016_Overview_ShareClass" tests="1" failures="0" timestamp="4 May 2018 09:55:46 GMT" time="45.759" errors="0">
  <testcase name="validateOverviewPageSareClass" time="45.759" classname="internationalTests.Luxembourg.FOVW016_Overview_ShareClass"/>
</testsuite> <!-- internationalTests.Luxembourg.FOVW016_Overview_ShareClass -->
