<?xml version="1.0" encoding="UTF-8"?>
<!-- Generated by org.testng.reporters.JUnitReportReporter -->
<testsuite hostname="hydwks135838" name="internationalTests.Austria.FOVW003_Overview_Fund_Information" tests="1" failures="0" timestamp="18 Jul 2018 06:45:22 GMT" time="75.500" errors="0">
  <testcase name="validateFundInfo" time="75.500" classname="internationalTests.Austria.FOVW003_Overview_Fund_Information"/>
</testsuite> <!-- internationalTests.Austria.FOVW003_Overview_Fund_Information -->
