<?xml version="1.0" encoding="UTF-8"?>
<!-- Generated by org.testng.reporters.JUnitReportReporter -->
<testsuite hostname="HYDNBK136589" name="internationalTests.Luxembourg.PERF029_PerformanceDiscreteAnnualPerformanceViewAllShareClassQuarterEnd" tests="1" failures="0" timestamp="3 Apr 2018 09:51:07 GMT" time="73.751" errors="0">
  <testcase name="validatePerformanceDiscreteAnnualPerformanceViewAllShareClassQuarterEnd" time="73.751" classname="internationalTests.Luxembourg.PERF029_PerformanceDiscreteAnnualPerformanceViewAllShareClassQuarterEnd"/>
</testsuite> <!-- internationalTests.Luxembourg.PERF029_PerformanceDiscreteAnnualPerformanceViewAllShareClassQuarterEnd -->
