<?xml version="1.0" encoding="UTF-8"?>
<!-- Generated by org.testng.reporters.JUnitReportReporter -->
<testsuite hostname="hydwks135838" name="internationalTests.Canada.PERF031_PerformanceRiskMeasures_StdDevSharpeRatio" tests="1" failures="0" timestamp="7 Jun 2018 08:52:56 GMT" time="81.775" errors="0">
  <testcase name="validatePerformanceRiskMeasuresStandardDeviationSharpeRatio" time="81.775" classname="internationalTests.Canada.PERF031_PerformanceRiskMeasures_StdDevSharpeRatio"/>
</testsuite> <!-- internationalTests.Canada.PERF031_PerformanceRiskMeasures_StdDevSharpeRatio -->
