<?xml version="1.0" encoding="UTF-8"?>
<!-- Generated by org.testng.reporters.JUnitReportReporter -->
<testsuite hostname="HYDNBK136574" name="internationalTests.Canada.Marketing.RESR006_ApplicationForms_1" tests="1" failures="0" timestamp="21 Nov 2018 07:43:58 GMT" time="47.441" errors="0">
  <testcase name="validateApplicationForms1" time="47.441" classname="internationalTests.Canada.Marketing.RESR006_ApplicationForms_1"/>
</testsuite> <!-- internationalTests.Canada.Marketing.RESR006_ApplicationForms_1 -->
