<?xml version="1.0" encoding="UTF-8"?>
<!-- Generated by org.testng.reporters.JUnitReportReporter -->
<testsuite hostname="hydwks135838" name="internationalTests.Singapore.PDST006_PriceAndDistributionHistoricalDividend" tests="1" failures="0" timestamp="27 Mar 2018 06:30:13 GMT" time="68.251" errors="0">
  <testcase name="validatePriceAndDistributionHistoricalDividend" time="68.251" classname="internationalTests.Singapore.PDST006_PriceAndDistributionHistoricalDividend"/>
</testsuite> <!-- internationalTests.Singapore.PDST006_PriceAndDistributionHistoricalDividend -->
