<?xml version="1.0" encoding="UTF-8"?>
<!-- Generated by org.testng.reporters.JUnitReportReporter -->
<testsuite hostname="hydwks135838" name="internationalTests.Offshore.PERF030_PerformanceRiskMeasures_OvrvwStaticSection" tests="1" failures="0" timestamp="18 Jul 2018 12:44:22 GMT" time="71.106" errors="0">
  <testcase name="validatePerformanceRiskMeasuresOverviewAndStatic" time="71.106" classname="internationalTests.Offshore.PERF030_PerformanceRiskMeasures_OvrvwStaticSection"/>
</testsuite> <!-- internationalTests.Offshore.PERF030_PerformanceRiskMeasures_OvrvwStaticSection -->
