<?xml version="1.0" encoding="UTF-8"?>
<!-- Generated by org.testng.reporters.JUnitReportReporter -->
<testsuite hostname="hydwks135838" name="internationalTests.UK.PFOL006_MarketCapitalisation" tests="1" failures="0" timestamp="12 Mar 2018 09:24:49 GMT" time="60.752" errors="0">
  <testcase name="validateMarketCapitalisationWidget" time="60.752" classname="internationalTests.UK.PFOL006_MarketCapitalisation"/>
</testsuite> <!-- internationalTests.UK.PFOL006_MarketCapitalisation -->
