<?xml version="1.0" encoding="UTF-8"?>
<!-- Generated by org.testng.reporters.JUnitReportReporter -->
<testsuite hostname="hydwks135838" name="internationalTests.German.PERF025_PerformanceAnnualisedPerformanceViewAllShareClassQuarterEnd" tests="1" failures="0" timestamp="8 Mar 2018 13:45:34 GMT" time="66.474" errors="0">
  <testcase name="validatePerformanceAnnualisedPerformanceViewAllShareClassQuarterEnd" time="66.474" classname="internationalTests.German.PERF025_PerformanceAnnualisedPerformanceViewAllShareClassQuarterEnd"/>
</testsuite> <!-- internationalTests.German.PERF025_PerformanceAnnualisedPerformanceViewAllShareClassQuarterEnd -->
