<?xml version="1.0" encoding="UTF-8"?>
<!-- Generated by org.testng.reporters.JUnitReportReporter -->
<testsuite hostname="hydwks135838" name="internationalTests.Switzerland.FOVW012_Overview_BreadCrumbs" tests="1" failures="0" timestamp="20 Mar 2018 06:17:12 GMT" time="30.155" errors="0">
  <testcase name="validateOverviewPageBreadCrumbs" time="30.155" classname="internationalTests.Switzerland.FOVW012_Overview_BreadCrumbs"/>
</testsuite> <!-- internationalTests.Switzerland.FOVW012_Overview_BreadCrumbs -->
