<?xml version="1.0" encoding="UTF-8"?>
<!-- Generated by org.testng.reporters.JUnitReportReporter -->
<testsuite hostname="hydwks135838" name="internationalTests.UK.PERF020_PerformanceDiscreteAnnualPerformanceQuarterEnd" tests="1" failures="0" timestamp="18 Jul 2018 12:07:36 GMT" time="62.930" errors="0">
  <testcase name="validatePerformanceDiscreteAnnualPerformanceQuarterEnd" time="62.930" classname="internationalTests.UK.PERF020_PerformanceDiscreteAnnualPerformanceQuarterEnd"/>
</testsuite> <!-- internationalTests.UK.PERF020_PerformanceDiscreteAnnualPerformanceQuarterEnd -->
