<?xml version="1.0" encoding="UTF-8"?>
<!-- Generated by org.testng.reporters.JUnitReportReporter -->
<testsuite hostname="HYDNBK136574" name="internationalTests.Canada.Marketing.RESR012_PlanningMegamenu" tests="1" failures="0" timestamp="21 Nov 2018 12:34:37 GMT" time="34.281" errors="0">
  <testcase name="validatePlanningMegamenu" time="34.281" classname="internationalTests.Canada.Marketing.RESR012_PlanningMegamenu"/>
</testsuite> <!-- internationalTests.Canada.Marketing.RESR012_PlanningMegamenu -->
