<?xml version="1.0" encoding="UTF-8"?>
<!-- Generated by org.testng.reporters.JUnitReportReporter -->
<testsuite hostname="hydwks135838" name="internationalTests.Singapore.PERF024_PerformanceAnnualisedPerformanceViewAllShareClassMonthEnd" tests="1" failures="0" timestamp="27 Mar 2018 07:40:39 GMT" time="70.208" errors="0">
  <testcase name="validatePerformanceAnnualisedPerformanceViewAllShareClassMonthEnd" time="70.208" classname="internationalTests.Singapore.PERF024_PerformanceAnnualisedPerformanceViewAllShareClassMonthEnd"/>
</testsuite> <!-- internationalTests.Singapore.PERF024_PerformanceAnnualisedPerformanceViewAllShareClassMonthEnd -->
