<?xml version="1.0" encoding="UTF-8"?>
<!-- Generated by org.testng.reporters.JUnitReportReporter -->
<testsuite hostname="hydwks135838" name="internationalTests.Luxembourg.PPSS005_Performance_CumulativeDataMonthEnd" tests="1" failures="0" timestamp="28 Mar 2018 10:03:58 GMT" time="29.699" errors="0">
  <testcase name="validatePerformanceTabCumulativeDataByMonthEnd" time="29.699" classname="internationalTests.Luxembourg.PPSS005_Performance_CumulativeDataMonthEnd"/>
</testsuite> <!-- internationalTests.Luxembourg.PPSS005_Performance_CumulativeDataMonthEnd -->
