<?xml version="1.0" encoding="UTF-8"?>
<!-- Generated by org.testng.reporters.JUnitReportReporter -->
<testsuite hostname="hydwks135838" name="internationalTests.Singapore.PFOL005_GeographicalAllocation" tests="1" failures="0" timestamp="27 Mar 2018 08:40:44 GMT" time="60.977" errors="0">
  <testcase name="validateGeographicalAllocationWidget" time="60.977" classname="internationalTests.Singapore.PFOL005_GeographicalAllocation"/>
</testsuite> <!-- internationalTests.Singapore.PFOL005_GeographicalAllocation -->
