<?xml version="1.0" encoding="UTF-8"?>
<!-- Generated by org.testng.reporters.JUnitReportReporter -->
<testsuite hostname="hydwks135838" name="internationalTests.Singapore.PERF016_PerformanceCalendarYearPerformanceCaveats" tests="1" failures="0" timestamp="27 Mar 2018 07:26:27 GMT" time="54.583" errors="0">
  <testcase name="validatePerformanceCalendarYearPerformanceCaveats" time="54.583" classname="internationalTests.Singapore.PERF016_PerformanceCalendarYearPerformanceCaveats"/>
</testsuite> <!-- internationalTests.Singapore.PERF016_PerformanceCalendarYearPerformanceCaveats -->
