<?xml version="1.0" encoding="UTF-8"?>
<!-- Generated by org.testng.reporters.JUnitReportReporter -->
<testsuite hostname="HYDNBK136574" name="internationalTests.German.PERF005_PerformanceCumulativePerformanceQuarterEnd" tests="1" failures="0" timestamp="23 Nov 2018 07:41:45 GMT" time="130.569" errors="0">
  <testcase name="validatePerformanceCumulativePerformanceQuarterEnd" time="130.569" classname="internationalTests.German.PERF005_PerformanceCumulativePerformanceQuarterEnd"/>
</testsuite> <!-- internationalTests.German.PERF005_PerformanceCumulativePerformanceQuarterEnd -->
