<?xml version="1.0" encoding="UTF-8"?>
<!-- Generated by org.testng.reporters.JUnitReportReporter -->
<testsuite hostname="hydwks135838" name="internationalTests.German.PPSS003_Performance_DiscreteAnnaul" tests="1" failures="0" timestamp="8 Mar 2018 14:25:33 GMT" time="31.615" errors="0">
  <testcase name="validatePerformanceTabColumnsByDiscreteAnnaul" time="31.615" classname="internationalTests.German.PPSS003_Performance_DiscreteAnnaul"/>
</testsuite> <!-- internationalTests.German.PPSS003_Performance_DiscreteAnnaul -->
