<?xml version="1.0" encoding="UTF-8"?>
<!-- Generated by org.testng.reporters.JUnitReportReporter -->
<testsuite hostname="hydwks135838" name="internationalTests.Luxembourg.FOVW013_Overview_FindAFund" tests="1" failures="0" timestamp="24 Jul 2018 11:48:07 GMT" time="46.515" errors="0">
  <testcase name="validateOverviewFindAFund" time="46.515" classname="internationalTests.Luxembourg.FOVW013_Overview_FindAFund"/>
</testsuite> <!-- internationalTests.Luxembourg.FOVW013_Overview_FindAFund -->
