<?xml version="1.0" encoding="UTF-8"?>
<!-- Generated by org.testng.reporters.JUnitReportReporter -->
<testsuite hostname="hydwks135838" name="internationalTests.Switzerland.FOVW001_Overview_NAVPrice" tests="1" failures="0" timestamp="19 Mar 2018 09:07:42 GMT" time="102.897" errors="0">
  <testcase name="validateNAVPrice" time="102.897" classname="internationalTests.Switzerland.FOVW001_Overview_NAVPrice"/>
</testsuite> <!-- internationalTests.Switzerland.FOVW001_Overview_NAVPrice -->
