<?xml version="1.0" encoding="UTF-8"?>
<!-- Generated by org.testng.reporters.JUnitReportReporter -->
<testsuite hostname="hydwks135838" name="internationalTests.Singapore.FOVW004_Overview_Sales_Charge" tests="1" failures="0" timestamp="18 Jul 2018 10:29:05 GMT" time="51.486" errors="0">
  <testcase name="validateSalesCharge" time="51.486" classname="internationalTests.Singapore.FOVW004_Overview_Sales_Charge"/>
</testsuite> <!-- internationalTests.Singapore.FOVW004_Overview_Sales_Charge -->
