<?xml version="1.0" encoding="UTF-8"?>
<!-- Generated by org.testng.reporters.JUnitReportReporter -->
<testsuite hostname="hydwks135838" name="internationalTests.Luxembourg.PPSS010_Performance_DiscreteAnnaulDataQuarterEnd" tests="1" failures="0" timestamp="15 Mar 2018 11:25:34 GMT" time="32.322" errors="0">
  <testcase name="validatePerformanceTabDiscreteAnnaulDataByQuarterEnd" time="32.322" classname="internationalTests.Luxembourg.PPSS010_Performance_DiscreteAnnaulDataQuarterEnd"/>
</testsuite> <!-- internationalTests.Luxembourg.PPSS010_Performance_DiscreteAnnaulDataQuarterEnd -->
