<?xml version="1.0" encoding="UTF-8"?>
<!-- Generated by org.testng.reporters.JUnitReportReporter -->
<testsuite hostname="hydwks135838" name="internationalTests.Switzerland.PFOL016_SectorExposure" tests="1" failures="0" timestamp="19 Mar 2018 12:06:20 GMT" time="66.025" errors="0">
  <testcase name="validateSectorExposureWidget" time="66.025" classname="internationalTests.Switzerland.PFOL016_SectorExposure"/>
</testsuite> <!-- internationalTests.Switzerland.PFOL016_SectorExposure -->
