<?xml version="1.0" encoding="UTF-8"?>
<!-- Generated by org.testng.reporters.JUnitReportReporter -->
<testsuite hostname="hydwks135838" name="internationalTests.Canada.Accounts.ASST002_Assets_AssetClass" tests="1" failures="0" timestamp="11 Jun 2018 08:40:40 GMT" time="42.073" errors="0">
  <testcase name="validateAssetSalesFundTab" time="42.073" classname="internationalTests.Canada.Accounts.ASST002_Assets_AssetClass"/>
</testsuite> <!-- internationalTests.Canada.Accounts.ASST002_Assets_AssetClass -->
