<?xml version="1.0" encoding="UTF-8"?>
<!-- Generated by org.testng.reporters.JUnitReportReporter -->
<testsuite hostname="hydwks135838" name="internationalTests.German.PERF016_PerformanceCalendarYearPerformanceCaveats" tests="1" failures="0" timestamp="8 Mar 2018 12:49:31 GMT" time="55.573" errors="0">
  <testcase name="validatePerformanceCalendarYearPerformanceCaveats" time="55.573" classname="internationalTests.German.PERF016_PerformanceCalendarYearPerformanceCaveats"/>
</testsuite> <!-- internationalTests.German.PERF016_PerformanceCalendarYearPerformanceCaveats -->
