<?xml version="1.0" encoding="UTF-8"?>
<!-- Generated by org.testng.reporters.JUnitReportReporter -->
<testsuite hostname="hydwks135838" name="internationalTests.Italy.PPSS003_Performance_DiscreteAnnaul" tests="1" failures="0" timestamp="18 Jul 2018 10:07:04 GMT" time="31.798" errors="0">
  <testcase name="validatePerformanceTabColumnsByDiscreteAnnaul" time="31.798" classname="internationalTests.Italy.PPSS003_Performance_DiscreteAnnaul"/>
</testsuite> <!-- internationalTests.Italy.PPSS003_Performance_DiscreteAnnaul -->
