<?xml version="1.0" encoding="UTF-8"?>
<!-- Generated by org.testng.reporters.JUnitReportReporter -->
<testsuite hostname="hydwks135838" name="internationalTests.Singapore.FOVW008_Overview_DividendDistributionYield" tests="1" failures="0" timestamp="26 Mar 2018 12:14:18 GMT" time="53.399" errors="0">
  <testcase name="validateDividendDistributionSection" time="53.399" classname="internationalTests.Singapore.FOVW008_Overview_DividendDistributionYield"/>
</testsuite> <!-- internationalTests.Singapore.FOVW008_Overview_DividendDistributionYield -->
