<?xml version="1.0" encoding="UTF-8"?>
<!-- Generated by org.testng.reporters.JUnitReportReporter -->
<testsuite hostname="hydwks135838" name="internationalTests.Singapore.PDST007_PriceAndDistributionNAVPrices" tests="1" failures="0" timestamp="27 Mar 2018 06:31:13 GMT" time="53.797" errors="0">
  <testcase name="validatePriceAndDistributionNAVPrices" time="53.797" classname="internationalTests.Singapore.PDST007_PriceAndDistributionNAVPrices"/>
</testsuite> <!-- internationalTests.Singapore.PDST007_PriceAndDistributionNAVPrices -->
