<?xml version="1.0" encoding="UTF-8"?>
<!-- Generated by org.testng.reporters.JUnitReportReporter -->
<testsuite hostname="hydwks135838" name="internationalTests.Singapore.PDST003_PriceAndDistributionHistoricalNAVSearch" tests="1" failures="0" timestamp="27 Mar 2018 06:21:44 GMT" time="74.644" errors="0">
  <testcase name="validatePriceAndDistributionHistoricaNAVSearch" time="74.644" classname="internationalTests.Singapore.PDST003_PriceAndDistributionHistoricalNAVSearch"/>
</testsuite> <!-- internationalTests.Singapore.PDST003_PriceAndDistributionHistoricalNAVSearch -->
