<?xml version="1.0" encoding="UTF-8"?>
<!-- Generated by org.testng.reporters.JUnitReportReporter -->
<testsuite hostname="HYDNBK136574" name="internationalTests.Canada.Marketing.RESR015_MRFP" tests="1" failures="0" timestamp="22 Nov 2018 06:09:47 GMT" time="79.944" errors="0">
  <testcase name="validateManagementReportofFundPerformance" time="79.944" classname="internationalTests.Canada.Marketing.RESR015_MRFP"/>
</testsuite> <!-- internationalTests.Canada.Marketing.RESR015_MRFP -->
