<?xml version="1.0" encoding="UTF-8"?>
<!-- Generated by org.testng.reporters.JUnitReportReporter -->
<testsuite hostname="hydwks135838" name="internationalTests.Austria.PDST007_PriceAndDistributionNAVPrices" tests="1" failures="0" timestamp="11 Apr 2018 12:46:15 GMT" time="75.969" errors="0">
  <testcase name="validatePriceAndDistributionNAVPrices" time="75.969" classname="internationalTests.Austria.PDST007_PriceAndDistributionNAVPrices"/>
</testsuite> <!-- internationalTests.Austria.PDST007_PriceAndDistributionNAVPrices -->
