<?xml version="1.0" encoding="UTF-8"?>
<!-- Generated by org.testng.reporters.JUnitReportReporter -->
<testsuite hostname="hydwks135838" name="internationalTests.Luxembourg.PERF013_PerformanceCalendarYearPerformanceTab" tests="1" failures="0" timestamp="31 May 2018 12:05:54 GMT" time="45.115" errors="0">
  <testcase name="validatePerformanceCalendarYearPerformanceTab" time="45.115" classname="internationalTests.Luxembourg.PERF013_PerformanceCalendarYearPerformanceTab"/>
</testsuite> <!-- internationalTests.Luxembourg.PERF013_PerformanceCalendarYearPerformanceTab -->
