<?xml version="1.0" encoding="UTF-8"?>
<!-- Generated by org.testng.reporters.JUnitReportReporter -->
<testsuite hostname="hydwks135838" name="internationalTests.Offshore.PFOL005_GeographicalAllocation" tests="1" failures="0" timestamp="24 Apr 2018 12:22:21 GMT" time="67.194" errors="0">
  <testcase name="validateGeographicalAllocationWidget" time="67.194" classname="internationalTests.Offshore.PFOL005_GeographicalAllocation"/>
</testsuite> <!-- internationalTests.Offshore.PFOL005_GeographicalAllocation -->
