<?xml version="1.0" encoding="UTF-8"?>
<!-- Generated by org.testng.reporters.JUnitReportReporter -->
<testsuite hostname="HYDNBK136574" name="internationalTests.German.PERF020_PerformanceDiscreteAnnualPerformanceQuarterEnd" tests="1" failures="0" timestamp="22 Nov 2018 10:24:48 GMT" time="94.065" errors="0">
  <testcase name="validatePerformanceDiscreteAnnualPerformanceQuarterEnd" time="94.065" classname="internationalTests.German.PERF020_PerformanceDiscreteAnnualPerformanceQuarterEnd"/>
</testsuite> <!-- internationalTests.German.PERF020_PerformanceDiscreteAnnualPerformanceQuarterEnd -->
