<?xml version="1.0" encoding="UTF-8"?>
<!-- Generated by org.testng.reporters.JUnitReportReporter -->
<testsuite hostname="hydwks135838" name="internationalTests.Luxembourg.PFOL007_PortfolioStatistics_FixedIncome" tests="1" failures="0" timestamp="14 May 2018 05:59:53 GMT" time="72.348" errors="0">
  <testcase name="validatePortfolioStatisticsFixedIncome" time="72.348" classname="internationalTests.Luxembourg.PFOL007_PortfolioStatistics_FixedIncome"/>
</testsuite> <!-- internationalTests.Luxembourg.PFOL007_PortfolioStatistics_FixedIncome -->
