<?xml version="1.0" encoding="UTF-8"?>
<!-- Generated by org.testng.reporters.JUnitReportReporter -->
<testsuite hostname="hydwks135838" name="internationalTests.Italy.PERF008_PerformanceAnnualisedPerformanceTab" tests="1" failures="0" timestamp="14 Mar 2018 12:55:29 GMT" time="44.605" errors="0">
  <testcase name="validatePerformanceAnnualisedPerformanceTab" time="44.605" classname="internationalTests.Italy.PERF008_PerformanceAnnualisedPerformanceTab"/>
</testsuite> <!-- internationalTests.Italy.PERF008_PerformanceAnnualisedPerformanceTab -->
