<?xml version="1.0" encoding="UTF-8"?>
<!-- Generated by org.testng.reporters.JUnitReportReporter -->
<testsuite hostname="hydwks135838" name="internationalTests.Luxembourg.PFOL005_GeographicalAllocation" tests="1" failures="0" timestamp="1 Jun 2018 06:58:49 GMT" time="64.667" errors="0">
  <testcase name="validateGeographicalAllocationWidget" time="64.667" classname="internationalTests.Luxembourg.PFOL005_GeographicalAllocation"/>
</testsuite> <!-- internationalTests.Luxembourg.PFOL005_GeographicalAllocation -->
