<?xml version="1.0" encoding="UTF-8"?>
<!-- Generated by org.testng.reporters.JUnitReportReporter -->
<testsuite hostname="hydwks135838" name="internationalTests.Switzerland.FOVW006_Overview_Ratings" tests="1" failures="0" timestamp="19 Mar 2018 13:15:42 GMT" time="52.506" errors="0">
  <testcase name="validateRatings" time="52.506" classname="internationalTests.Switzerland.FOVW006_Overview_Ratings"/>
</testsuite> <!-- internationalTests.Switzerland.FOVW006_Overview_Ratings -->
