<?xml version="1.0" encoding="UTF-8"?>
<!-- Generated by org.testng.reporters.JUnitReportReporter -->
<testsuite hostname="hydwks135838" name="internationalTests.Singapore.PERF010_PerformanceAnnualisedPerformanceQuarterEnd" tests="1" failures="0" timestamp="27 Mar 2018 07:03:26 GMT" time="59.597" errors="0">
  <testcase name="validatePerformanceAnnualisedPerformanceQuarterEnd" time="59.597" classname="internationalTests.Singapore.PERF010_PerformanceAnnualisedPerformanceQuarterEnd"/>
</testsuite> <!-- internationalTests.Singapore.PERF010_PerformanceAnnualisedPerformanceQuarterEnd -->
