<?xml version="1.0" encoding="UTF-8"?>
<!-- Generated by org.testng.reporters.JUnitReportReporter -->
<testsuite hostname="hydwks135838" name="internationalTests.Switzerland.PDST006_PriceAndDistributionHistoricalDividend" tests="1" failures="0" timestamp="20 Mar 2018 06:29:20 GMT" time="71.540" errors="0">
  <testcase name="validatePriceAndDistributionHistoricalDividend" time="71.540" classname="internationalTests.Switzerland.PDST006_PriceAndDistributionHistoricalDividend"/>
</testsuite> <!-- internationalTests.Switzerland.PDST006_PriceAndDistributionHistoricalDividend -->
