<?xml version="1.0" encoding="UTF-8"?>
<!-- Generated by org.testng.reporters.JUnitReportReporter -->
<testsuite hostname="hydwks135838" name="internationalTests.Switzerland.PERF004_PerformanceCumulativePerformanceMonthEnd" tests="1" failures="0" timestamp="19 Mar 2018 10:00:35 GMT" time="64.523" errors="0">
  <testcase name="validatePerformanceCumulativePerformanceMonthEnd" time="64.523" classname="internationalTests.Switzerland.PERF004_PerformanceCumulativePerformanceMonthEnd"/>
</testsuite> <!-- internationalTests.Switzerland.PERF004_PerformanceCumulativePerformanceMonthEnd -->
