<?xml version="1.0" encoding="UTF-8"?>
<!-- Generated by org.testng.reporters.JUnitReportReporter -->
<testsuite hostname="hydwks135838" name="internationalTests.German.PPSS004_Performance_DiscreteAnnaulDataMonthEnd" tests="1" failures="0" timestamp="18 Sep 2018 12:33:44 GMT" time="44.631" errors="0">
  <testcase name="validatePerformanceTabDiscreteAnnaulDataByMonthEnd" time="44.631" classname="internationalTests.German.PPSS004_Performance_DiscreteAnnaulDataMonthEnd"/>
</testsuite> <!-- internationalTests.German.PPSS004_Performance_DiscreteAnnaulDataMonthEnd -->
