<?xml version="1.0" encoding="UTF-8"?>
<!-- Generated by org.testng.reporters.JUnitReportReporter -->
<testsuite hostname="hydwks135838" name="internationalTests.Singapore.PFOL007_PortfolioStatistics_FixedIncome" tests="1" failures="0" timestamp="27 Mar 2018 08:46:28 GMT" time="52.628" errors="0">
  <testcase name="validatePortfolioStatisticsFixedIncome" time="52.628" classname="internationalTests.Singapore.PFOL007_PortfolioStatistics_FixedIncome"/>
</testsuite> <!-- internationalTests.Singapore.PFOL007_PortfolioStatistics_FixedIncome -->
