<?xml version="1.0" encoding="UTF-8"?>
<!-- Generated by org.testng.reporters.JUnitReportReporter -->
<testsuite hostname="hydwks135838" name="internationalTests.Switzerland.PERF030_PerformanceRiskMeasures_OvrvwStaticSection" tests="1" failures="0" timestamp="19 Mar 2018 11:45:17 GMT" time="67.961" errors="0">
  <testcase name="validatePerformanceRiskMeasuresOverviewAndStatic" time="67.961" classname="internationalTests.Switzerland.PERF030_PerformanceRiskMeasures_OvrvwStaticSection"/>
</testsuite> <!-- internationalTests.Switzerland.PERF030_PerformanceRiskMeasures_OvrvwStaticSection -->
