<?xml version="1.0" encoding="UTF-8"?>
<!-- Generated by org.testng.reporters.JUnitReportReporter -->
<testsuite hostname="hydwks135838" name="internationalTests.Luxembourg.PERF026_PerformanceCalendarYearPerformanceViewAllShareClassMonthEnd" tests="1" failures="0" timestamp="31 May 2018 12:35:02 GMT" time="75.837" errors="0">
  <testcase name="validatePerformanceCalendarYearPerformanceViewAllShareClasMonthEnd" time="75.837" classname="internationalTests.Luxembourg.PERF026_PerformanceCalendarYearPerformanceViewAllShareClassMonthEnd"/>
</testsuite> <!-- internationalTests.Luxembourg.PERF026_PerformanceCalendarYearPerformanceViewAllShareClassMonthEnd -->
