<?xml version="1.0" encoding="UTF-8"?>
<!-- Generated by org.testng.reporters.JUnitReportReporter -->
<testsuite hostname="hydwks135838" name="internationalTests.Canada.PPSS005_Performance_CalendarDataMonthEnd" tests="1" failures="0" timestamp="31 May 2018 13:46:01 GMT" time="30.896" errors="0">
  <testcase name="validatePerformanceTabCumulativeDataByMonthEnd" time="30.896" classname="internationalTests.Canada.PPSS005_Performance_CalendarDataMonthEnd"/>
</testsuite> <!-- internationalTests.Canada.PPSS005_Performance_CalendarDataMonthEnd -->
