<?xml version="1.0" encoding="UTF-8"?>
<!-- Generated by org.testng.reporters.JUnitReportReporter -->
<testsuite hostname="hydwks135838" name="internationalTests.Singapore.PERF023_PerformanceCumulativePerformanceViewAllShareClassQuarterEnd" tests="1" failures="0" timestamp="27 Mar 2018 07:36:12 GMT" time="68.456" errors="0">
  <testcase name="validatePerformanceCumulativePerformanceViewAllShareClassQuarterEnd" time="68.456" classname="internationalTests.Singapore.PERF023_PerformanceCumulativePerformanceViewAllShareClassQuarterEnd"/>
</testsuite> <!-- internationalTests.Singapore.PERF023_PerformanceCumulativePerformanceViewAllShareClassQuarterEnd -->
