<?xml version="1.0" encoding="UTF-8"?>
<!-- Generated by org.testng.reporters.JUnitReportReporter -->
<testsuite hostname="hydwks135838" name="internationalTests.Offshore.FOVW005_Overview_Fund_Identifiers" tests="1" failures="0" timestamp="18 Jul 2018 13:54:48 GMT" time="69.463" errors="0">
  <testcase name="validateFundIdentifiers" time="69.463" classname="internationalTests.Offshore.FOVW005_Overview_Fund_Identifiers"/>
</testsuite> <!-- internationalTests.Offshore.FOVW005_Overview_Fund_Identifiers -->
