<?xml version="1.0" encoding="UTF-8"?>
<!-- Generated by org.testng.reporters.JUnitReportReporter -->
<testsuite hostname="hydwks135838" name="internationalTests.Offshore.FOVW002_Overview_NAVPrice" tests="1" failures="0" timestamp="18 Jul 2018 13:07:12 GMT" time="167.134" errors="0">
  <testcase name="validateNAVPrice" time="167.134" classname="internationalTests.Offshore.FOVW002_Overview_NAVPrice"/>
</testsuite> <!-- internationalTests.Offshore.FOVW002_Overview_NAVPrice -->
