<?xml version="1.0" encoding="UTF-8"?>
<!-- Generated by org.testng.reporters.JUnitReportReporter -->
<testsuite hostname="hydwks135838" name="internationalTests.Singapore.PFOL018_PortfolioComponentsBasedOnFund" tests="1" failures="0" timestamp="27 Mar 2018 09:00:15 GMT" time="129.827" errors="0">
  <testcase name="validatePortfolioComponentsFundWise" time="129.827" classname="internationalTests.Singapore.PFOL018_PortfolioComponentsBasedOnFund"/>
</testsuite> <!-- internationalTests.Singapore.PFOL018_PortfolioComponentsBasedOnFund -->
