<?xml version="1.0" encoding="UTF-8"?>
<!-- Generated by org.testng.reporters.JUnitReportReporter -->
<testsuite hostname="hydwks135838" name="internationalTests.Switzerland.PPSS005_Performance_CumulativeDataMonthEnd" tests="1" failures="0" timestamp="19 Mar 2018 12:49:29 GMT" time="33.905" errors="0">
  <testcase name="validatePerformanceTabCumulativeDataByMonthEnd" time="33.905" classname="internationalTests.Switzerland.PPSS005_Performance_CumulativeDataMonthEnd"/>
</testsuite> <!-- internationalTests.Switzerland.PPSS005_Performance_CumulativeDataMonthEnd -->
