<?xml version="1.0" encoding="UTF-8"?>
<!-- Generated by org.testng.reporters.JUnitReportReporter -->
<testsuite hostname="hydwks135838" name="internationalTests.Canada.FOVW016_Overview_ShareClass" tests="1" failures="0" timestamp="1 Jun 2018 09:24:56 GMT" time="47.918" errors="0">
  <testcase name="validateOverviewPageSareClass" time="47.918" classname="internationalTests.Canada.FOVW016_Overview_ShareClass"/>
</testsuite> <!-- internationalTests.Canada.FOVW016_Overview_ShareClass -->
