<?xml version="1.0" encoding="UTF-8"?>
<!-- Generated by org.testng.reporters.JUnitReportReporter -->
<testsuite hostname="hydwks135838" name="internationalTests.Luxembourg.PFOL018_PortfolioComponentsBasedOnFund" tests="1" failures="0" timestamp="24 Apr 2018 10:42:23 GMT" time="143.158" errors="0">
  <testcase name="validatePortfolioComponentsFundWise" time="143.158" classname="internationalTests.Luxembourg.PFOL018_PortfolioComponentsBasedOnFund"/>
</testsuite> <!-- internationalTests.Luxembourg.PFOL018_PortfolioComponentsBasedOnFund -->
