<?xml version="1.0" encoding="UTF-8"?>
<!-- Generated by org.testng.reporters.JUnitReportReporter -->
<testsuite hostname="hydwks135838" name="internationalTests.Canada.PERF026_PerformanceCalendarYearPerformanceViewAllShareClassMonthEnd" tests="1" failures="0" timestamp="1 Jun 2018 12:41:07 GMT" time="81.963" errors="0">
  <testcase name="validatePerformanceCalendarYearPerformanceViewAllShareClasMonthEnd" time="81.963" classname="internationalTests.Canada.PERF026_PerformanceCalendarYearPerformanceViewAllShareClassMonthEnd"/>
</testsuite> <!-- internationalTests.Canada.PERF026_PerformanceCalendarYearPerformanceViewAllShareClassMonthEnd -->
