<?xml version="1.0" encoding="UTF-8"?>
<!-- Generated by org.testng.reporters.JUnitReportReporter -->
<testsuite hostname="hydwks135838" name="internationalTests.Switzerland.PPSS003_Performance_DiscreteAnnaul" tests="1" failures="0" timestamp="19 Mar 2018 12:47:43 GMT" time="36.224" errors="0">
  <testcase name="validatePerformanceTabColumnsByDiscreteAnnaul" time="36.224" classname="internationalTests.Switzerland.PPSS003_Performance_DiscreteAnnaul"/>
</testsuite> <!-- internationalTests.Switzerland.PPSS003_Performance_DiscreteAnnaul -->
