<?xml version="1.0" encoding="UTF-8"?>
<!-- Generated by org.testng.reporters.JUnitReportReporter -->
<testsuite hostname="hydwks135838" name="internationalTests.Offshore.FOVW007_Overview_Fund_Managers" tests="1" failures="0" timestamp="16 Aug 2018 10:05:29 GMT" time="82.437" errors="0">
  <testcase name="validateFundManagers" time="82.437" classname="internationalTests.Offshore.FOVW007_Overview_Fund_Managers"/>
</testsuite> <!-- internationalTests.Offshore.FOVW007_Overview_Fund_Managers -->
