<?xml version="1.0" encoding="UTF-8"?>
<!-- Generated by org.testng.reporters.JUnitReportReporter -->
<testsuite hostname="HYDNBK136574" name="internationalTests.German.PERF030_PerformanceRiskMeasures_OvrvwStaticSection" tests="1" failures="0" timestamp="23 Nov 2018 13:58:18 GMT" time="74.339" errors="0">
  <testcase name="validatePerformanceRiskMeasuresOverviewAndStatic" time="74.339" classname="internationalTests.German.PERF030_PerformanceRiskMeasures_OvrvwStaticSection"/>
</testsuite> <!-- internationalTests.German.PERF030_PerformanceRiskMeasures_OvrvwStaticSection -->
