<?xml version="1.0" encoding="UTF-8"?>
<!-- Generated by org.testng.reporters.JUnitReportReporter -->
<testsuite hostname="hydwks135838" name="internationalTests.Offshore.PPSS004_Performance_AnnualizedDataMonthEnd" tests="1" failures="0" timestamp="24 Apr 2018 11:04:58 GMT" time="39.352" errors="0">
  <testcase name="validatePerformanceTabDiscreteAnnaulDataByMonthEnd" time="39.352" classname="internationalTests.Offshore.PPSS004_Performance_AnnualizedDataMonthEnd"/>
</testsuite> <!-- internationalTests.Offshore.PPSS004_Performance_AnnualizedDataMonthEnd -->
