<?xml version="1.0" encoding="UTF-8"?>
<!-- Generated by org.testng.reporters.JUnitReportReporter -->
<testsuite hostname="hydwks135838" name="internationalTests.Luxembourg.PERF004_PerformanceCumulativePerformanceMonthEnd" tests="1" failures="0" timestamp="31 May 2018 11:47:59 GMT" time="85.856" errors="0">
  <testcase name="validatePerformanceCumulativePerformanceMonthEnd" time="85.856" classname="internationalTests.Luxembourg.PERF004_PerformanceCumulativePerformanceMonthEnd"/>
</testsuite> <!-- internationalTests.Luxembourg.PERF004_PerformanceCumulativePerformanceMonthEnd -->
