<?xml version="1.0" encoding="UTF-8"?>
<!-- Generated by org.testng.reporters.JUnitReportReporter -->
<testsuite hostname="hydwks135838" name="internationalTests.Canada.PFOL021_PortfolioStatistics_NumberOfIssuersHoldings" tests="1" failures="0" timestamp="1 Jun 2018 08:34:24 GMT" time="132.883" errors="0">
  <testcase name="validatePortfolioStatisticsNumberOfIssuersHoldings" time="132.883" classname="internationalTests.Canada.PFOL021_PortfolioStatistics_NumberOfIssuersHoldings"/>
</testsuite> <!-- internationalTests.Canada.PFOL021_PortfolioStatistics_NumberOfIssuersHoldings -->
