<?xml version="1.0" encoding="UTF-8"?>
<!-- Generated by org.testng.reporters.JUnitReportReporter -->
<testsuite hostname="hydwks135838" name="internationalTests.Singapore.PFOL015_TopRiskAllocationByAssetClass" tests="1" failures="0" timestamp="27 Mar 2018 08:55:48 GMT" time="59.244" errors="0">
  <testcase name="validateTopRiskAllocationByAssetClassWidget" time="59.244" classname="internationalTests.Singapore.PFOL015_TopRiskAllocationByAssetClass"/>
</testsuite> <!-- internationalTests.Singapore.PFOL015_TopRiskAllocationByAssetClass -->
