<?xml version="1.0" encoding="UTF-8"?>
<!-- Generated by org.testng.reporters.JUnitReportReporter -->
<testsuite hostname="hydwks135838" name="internationalTests.Italy.PERF022_PerformanceCumulativePerformanceViewAllShareClassMonthEnd" tests="1" failures="0" timestamp="14 Mar 2018 13:12:34 GMT" time="68.965" errors="0">
  <testcase name="validatePerformanceCumulativePerformanceViewAllShareClassMonthEnd" time="68.965" classname="internationalTests.Italy.PERF022_PerformanceCumulativePerformanceViewAllShareClassMonthEnd"/>
</testsuite> <!-- internationalTests.Italy.PERF022_PerformanceCumulativePerformanceViewAllShareClassMonthEnd -->
