<?xml version="1.0" encoding="UTF-8"?>
<!-- Generated by org.testng.reporters.JUnitReportReporter -->
<testsuite hostname="hydwks135838" name="internationalTests.Switzerland.PERF014_PerformanceCalendarYearPerformanceMonthEnd" tests="1" failures="0" timestamp="19 Mar 2018 10:14:34 GMT" time="63.669" errors="0">
  <testcase name="validatePerformanceCalendarYearPerformanceMonthEnd" time="63.669" classname="internationalTests.Switzerland.PERF014_PerformanceCalendarYearPerformanceMonthEnd"/>
</testsuite> <!-- internationalTests.Switzerland.PERF014_PerformanceCalendarYearPerformanceMonthEnd -->
