<?xml version="1.0" encoding="UTF-8"?>
<!-- Generated by org.testng.reporters.JUnitReportReporter -->
<testsuite hostname="hydwks135838" name="internationalTests.Offshore.FOVW012_Overview_BreadCrumbs" tests="1" failures="0" timestamp="24 Apr 2018 13:51:22 GMT" time="36.961" errors="0">
  <testcase name="validateOverviewPageBreadCrumbs" time="36.961" classname="internationalTests.Offshore.FOVW012_Overview_BreadCrumbs"/>
</testsuite> <!-- internationalTests.Offshore.FOVW012_Overview_BreadCrumbs -->
