<?xml version="1.0" encoding="UTF-8"?>
<!-- Generated by org.testng.reporters.JUnitReportReporter -->
<testsuite hostname="hydwks135838" name="internationalTests.Singapore.PPSS002_Performance_Cumulative" tests="1" failures="0" timestamp="16 Apr 2018 12:41:42 GMT" time="43.889" errors="0">
  <testcase name="validatePerformanceTabColumnsByCumulative" time="43.889" classname="internationalTests.Singapore.PPSS002_Performance_Cumulative"/>
</testsuite> <!-- internationalTests.Singapore.PPSS002_Performance_Cumulative -->
