<?xml version="1.0" encoding="UTF-8"?>
<!-- Generated by org.testng.reporters.JUnitReportReporter -->
<testsuite hostname="hydwks135838" name="internationalTests.Luxembourg.PERF024_PerformanceAnnualisedPerformanceViewAllShareClassMonthEnd" tests="1" failures="0" timestamp="31 May 2018 12:31:19 GMT" time="78.542" errors="0">
  <testcase name="validatePerformanceAnnualisedPerformanceViewAllShareClassMonthEnd" time="78.542" classname="internationalTests.Luxembourg.PERF024_PerformanceAnnualisedPerformanceViewAllShareClassMonthEnd"/>
</testsuite> <!-- internationalTests.Luxembourg.PERF024_PerformanceAnnualisedPerformanceViewAllShareClassMonthEnd -->
