<?xml version="1.0" encoding="UTF-8"?>
<!-- Generated by org.testng.reporters.JUnitReportReporter -->
<testsuite hostname="hydwks135838" name="internationalTests.UK.PFOL012_ManagerAllocation" tests="1" failures="0" timestamp="12 Mar 2018 09:40:20 GMT" time="63.416" errors="0">
  <testcase name="validateManagerAllocationWidget" time="63.416" classname="internationalTests.UK.PFOL012_ManagerAllocation"/>
</testsuite> <!-- internationalTests.UK.PFOL012_ManagerAllocation -->
