<?xml version="1.0" encoding="UTF-8"?>
<!-- Generated by org.testng.reporters.JUnitReportReporter -->
<testsuite hostname="hydwks135838" name="internationalTests.Offshore.PDST007_PriceAndDistributionNAVPrices" tests="1" failures="0" timestamp="16 Apr 2018 07:20:46 GMT" time="69.735" errors="0">
  <testcase name="validatePriceAndDistributionNAVPrices" time="69.735" classname="internationalTests.Offshore.PDST007_PriceAndDistributionNAVPrices"/>
</testsuite> <!-- internationalTests.Offshore.PDST007_PriceAndDistributionNAVPrices -->
