<?xml version="1.0" encoding="UTF-8"?>
<!-- Generated by org.testng.reporters.JUnitReportReporter -->
<testsuite hostname="hydwks135838" name="internationalTests.Italy.PERF006_PerformanceCumulativePerformanceCaveats" tests="1" failures="0" timestamp="14 Mar 2018 12:54:40 GMT" time="87.047" errors="0">
  <testcase name="validatePerformanceCumulativePerformanceCaveats" time="87.047" classname="internationalTests.Italy.PERF006_PerformanceCumulativePerformanceCaveats"/>
</testsuite> <!-- internationalTests.Italy.PERF006_PerformanceCumulativePerformanceCaveats -->
