<?xml version="1.0" encoding="UTF-8"?>
<!-- Generated by org.testng.reporters.JUnitReportReporter -->
<testsuite hostname="hydwks135838" name="internationalTests.German.FDOC001_FDDocumentWidgets" tests="1" failures="0" timestamp="20 Sep 2018 09:57:51 GMT" time="93.168" errors="0">
  <testcase name="validateOverviewPageForFund" time="93.168" classname="internationalTests.German.FDOC001_FDDocumentWidgets"/>
</testsuite> <!-- internationalTests.German.FDOC001_FDDocumentWidgets -->
