<?xml version="1.0" encoding="UTF-8"?>
<!-- Generated by org.testng.reporters.JUnitReportReporter -->
<testsuite hostname="HYDNBK136574" name="internationalTests.Canada.Marketing.RESR014_QuarterlyPortfolioDisclosure" tests="1" failures="0" timestamp="22 Nov 2018 05:57:18 GMT" time="96.592" errors="0">
  <testcase name="validateQuarterlyPortfolioDisclosure" time="96.592" classname="internationalTests.Canada.Marketing.RESR014_QuarterlyPortfolioDisclosure"/>
</testsuite> <!-- internationalTests.Canada.Marketing.RESR014_QuarterlyPortfolioDisclosure -->
