<?xml version="1.0" encoding="UTF-8"?>
<!-- Generated by org.testng.reporters.JUnitReportReporter -->
<testsuite hostname="hydwks135838" name="internationalTests.Singapore.PPSS001_PageNavigationAndOverview" tests="1" failures="0" timestamp="18 Jul 2018 10:25:35 GMT" time="37.416" errors="0">
  <testcase name="validatePPSSPageNavigation" time="37.416" classname="internationalTests.Singapore.PPSS001_PageNavigationAndOverview"/>
</testsuite> <!-- internationalTests.Singapore.PPSS001_PageNavigationAndOverview -->
