<?xml version="1.0" encoding="UTF-8"?>
<!-- Generated by org.testng.reporters.JUnitReportReporter -->
<testsuite hostname="hydwks135838" name="internationalTests.Singapore.PERF004_PerformanceCumulativePerformanceMonthEnd" tests="1" failures="0" timestamp="27 Mar 2018 06:50:03 GMT" time="62.928" errors="0">
  <testcase name="validatePerformanceCumulativePerformanceMonthEnd" time="62.928" classname="internationalTests.Singapore.PERF004_PerformanceCumulativePerformanceMonthEnd"/>
</testsuite> <!-- internationalTests.Singapore.PERF004_PerformanceCumulativePerformanceMonthEnd -->
