<?xml version="1.0" encoding="UTF-8"?>
<!-- Generated by org.testng.reporters.JUnitReportReporter -->
<testsuite hostname="hydwks135838" name="internationalTests.Canada.FOVW009_Overview_PerfSnpDiscrete_Performance" tests="1" failures="0" timestamp="1 Jun 2018 10:26:26 GMT" time="81.988" errors="0">
  <testcase name="validatePerfSnpshtDiscretePerformance" time="81.988" classname="internationalTests.Canada.FOVW009_Overview_PerfSnpDiscrete_Performance"/>
</testsuite> <!-- internationalTests.Canada.FOVW009_Overview_PerfSnpDiscrete_Performance -->
