<?xml version="1.0" encoding="UTF-8"?>
<!-- Generated by org.testng.reporters.JUnitReportReporter -->
<testsuite hostname="hydwks135838" name="internationalTests.German.PFOL018_PortfolioComponentsBasedOnFund" tests="1" failures="0" timestamp="9 Mar 2018 06:13:22 GMT" time="145.726" errors="0">
  <testcase name="validatePortfolioComponentsFundWise" time="145.726" classname="internationalTests.German.PFOL018_PortfolioComponentsBasedOnFund"/>
</testsuite> <!-- internationalTests.German.PFOL018_PortfolioComponentsBasedOnFund -->
