<?xml version="1.0" encoding="UTF-8"?>
<!-- Generated by org.testng.reporters.JUnitReportReporter -->
<testsuite hostname="hydwks135838" name="internationalTests.German.Marketing.PRSS001_PressReleases" tests="1" failures="0" timestamp="13 Nov 2018 12:15:41 GMT" time="37.008" errors="0">
  <testcase name="validatePressReleases" time="37.008" classname="internationalTests.German.Marketing.PRSS001_PressReleases"/>
</testsuite> <!-- internationalTests.German.Marketing.PRSS001_PressReleases -->
