<?xml version="1.0" encoding="UTF-8"?>
<!-- Generated by org.testng.reporters.JUnitReportReporter -->
<testsuite hostname="hydwks135838" name="internationalTests.Offshore.FOVW018_Overview_ImportantLegalInformation" tests="1" failures="0" timestamp="16 Aug 2018 09:15:14 GMT" time="86.345" errors="0">
  <testcase name="validateOverviewPageLegalInfo" time="86.345" classname="internationalTests.Offshore.FOVW018_Overview_ImportantLegalInformation"/>
</testsuite> <!-- internationalTests.Offshore.FOVW018_Overview_ImportantLegalInformation -->
