<?xml version="1.0" encoding="UTF-8"?>
<!-- Generated by org.testng.reporters.JUnitReportReporter -->
<testsuite hostname="hydwks135838" name="internationalTests.Singapore.PERF013_PerformanceCalendarYearPerformanceTab" tests="1" failures="0" timestamp="27 Mar 2018 07:13:54 GMT" time="45.490" errors="0">
  <testcase name="validatePerformanceCalendarYearPerformanceTab" time="45.490" classname="internationalTests.Singapore.PERF013_PerformanceCalendarYearPerformanceTab"/>
</testsuite> <!-- internationalTests.Singapore.PERF013_PerformanceCalendarYearPerformanceTab -->
