<?xml version="1.0" encoding="UTF-8"?>
<!-- Generated by org.testng.reporters.JUnitReportReporter -->
<testsuite hostname="hydwks135838" name="internationalTests.UK.FOVW001_Overview_NAVPrice" tests="1" failures="0" timestamp="12 Mar 2018 11:24:41 GMT" time="200.877" errors="0">
  <testcase name="validateNAVPrice" time="200.877" classname="internationalTests.UK.FOVW001_Overview_NAVPrice"/>
</testsuite> <!-- internationalTests.UK.FOVW001_Overview_NAVPrice -->
