<?xml version="1.0" encoding="UTF-8"?>
<!-- Generated by org.testng.reporters.JUnitReportReporter -->
<testsuite hostname="hydwks135838" name="internationalTests.Canada.PDST004_PriceAndDistributionHighestLowestNAV" tests="1" failures="0" timestamp="1 Jun 2018 08:50:47 GMT" time="67.509" errors="0">
  <testcase name="validatePriceAndDistributionHighestLowestNAV" time="67.509" classname="internationalTests.Canada.PDST004_PriceAndDistributionHighestLowestNAV"/>
</testsuite> <!-- internationalTests.Canada.PDST004_PriceAndDistributionHighestLowestNAV -->
