<?xml version="1.0" encoding="UTF-8"?>
<!-- Generated by org.testng.reporters.JUnitReportReporter -->
<testsuite hostname="HYDNBK136574" name="internationalTests.German.PERF014_PerformanceCalendarYearPerformanceMonthEnd" tests="1" failures="0" timestamp="23 Nov 2018 13:14:15 GMT" time="80.881" errors="0">
  <testcase name="validatePerformanceCalendarYearPerformanceMonthEnd" time="80.881" classname="internationalTests.German.PERF014_PerformanceCalendarYearPerformanceMonthEnd"/>
</testsuite> <!-- internationalTests.German.PERF014_PerformanceCalendarYearPerformanceMonthEnd -->
