<?xml version="1.0" encoding="UTF-8"?>
<!-- Generated by org.testng.reporters.JUnitReportReporter -->
<testsuite hostname="hydwks135838" name="internationalTests.Austria.PPSS003_Performance_DiscreteAnnaul" tests="1" failures="0" timestamp="18 Jul 2018 08:30:40 GMT" time="45.052" errors="0">
  <testcase name="validatePerformanceTabColumnsByDiscreteAnnaul" time="45.052" classname="internationalTests.Austria.PPSS003_Performance_DiscreteAnnaul"/>
</testsuite> <!-- internationalTests.Austria.PPSS003_Performance_DiscreteAnnaul -->
