<?xml version="1.0" encoding="UTF-8"?>
<!-- Generated by org.testng.reporters.JUnitReportReporter -->
<testsuite hostname="hydwks135838" name="internationalTests.Switzerland.PFOL020_PortfolioStatistics_Equity" tests="1" failures="0" timestamp="19 Mar 2018 12:41:57 GMT" time="60.683" errors="0">
  <testcase name="validatePortfolioStatisticsEquity" time="60.683" classname="internationalTests.Switzerland.PFOL020_PortfolioStatistics_Equity"/>
</testsuite> <!-- internationalTests.Switzerland.PFOL020_PortfolioStatistics_Equity -->
