<?xml version="1.0" encoding="UTF-8"?>
<!-- Generated by org.testng.reporters.JUnitReportReporter -->
<testsuite hostname="hydwks135838" name="internationalTests.Singapore.PFOL017_SectorAllocation" tests="1" failures="0" timestamp="27 Mar 2018 08:58:00 GMT" time="56.767" errors="0">
  <testcase name="validateSectorAllocationWidget" time="56.767" classname="internationalTests.Singapore.PFOL017_SectorAllocation"/>
</testsuite> <!-- internationalTests.Singapore.PFOL017_SectorAllocation -->
