<?xml version="1.0" encoding="UTF-8"?>
<!-- Generated by org.testng.reporters.JUnitReportReporter -->
<testsuite hostname="hydwks135838" name="internationalTests.Canada.Accounts.ASST002_Assets_FundTab" tests="1" failures="0" timestamp="8 Jun 2018 14:18:13 GMT" time="38.472" errors="0">
  <testcase name="validateAssetSalesFundTab" time="38.472" classname="internationalTests.Canada.Accounts.ASST002_Assets_FundTab"/>
</testsuite> <!-- internationalTests.Canada.Accounts.ASST002_Assets_FundTab -->
