<?xml version="1.0" encoding="UTF-8"?>
<!-- Generated by org.testng.reporters.JUnitReportReporter -->
<testsuite hostname="hydwks135838" name="internationalTests.German.Marketing.ARCH001_GermanArchives" tests="1" failures="0" timestamp="29 Oct 2018 12:48:13 GMT" time="74.429" errors="0">
  <testcase name="validateGermanArchives" time="74.429" classname="internationalTests.German.Marketing.ARCH001_GermanArchives"/>
</testsuite> <!-- internationalTests.German.Marketing.ARCH001_GermanArchives -->
