<?xml version="1.0" encoding="UTF-8"?>
<!-- Generated by org.testng.reporters.JUnitReportReporter -->
<testsuite hostname="hydwks135838" name="internationalTests.Italy.PERF026_PerformanceCalendarYearPerformanceViewAllShareClassMonthEnd" tests="1" failures="0" timestamp="2 May 2018 12:55:33 GMT" time="77.765" errors="0">
  <testcase name="validatePerformanceCalendarYearPerformanceViewAllShareClasMonthEnd" time="77.765" classname="internationalTests.Italy.PERF026_PerformanceCalendarYearPerformanceViewAllShareClassMonthEnd"/>
</testsuite> <!-- internationalTests.Italy.PERF026_PerformanceCalendarYearPerformanceViewAllShareClassMonthEnd -->
