<?xml version="1.0" encoding="UTF-8"?>
<!-- Generated by org.testng.reporters.JUnitReportReporter -->
<testsuite hostname="hydwks135838" name="internationalTests.UK.PERF004_PerformanceCumulativePerformanceMonthEnd" tests="1" failures="0" timestamp="9 Aug 2018 07:43:25 GMT" time="64.666" errors="0">
  <testcase name="validatePerformanceCumulativePerformanceMonthEnd" time="64.666" classname="internationalTests.UK.PERF004_PerformanceCumulativePerformanceMonthEnd"/>
</testsuite> <!-- internationalTests.UK.PERF004_PerformanceCumulativePerformanceMonthEnd -->
