<?xml version="1.0" encoding="UTF-8"?>
<!-- Generated by org.testng.reporters.JUnitReportReporter -->
<testsuite hostname="hydwks135838" name="internationalTests.Italy.PERF005_PerformanceCumulativePerformanceQuarterEnd" tests="1" failures="0" timestamp="14 Mar 2018 12:53:02 GMT" time="62.070" errors="0">
  <testcase name="validatePerformanceCumulativePerformanceQuarterEnd" time="62.070" classname="internationalTests.Italy.PERF005_PerformanceCumulativePerformanceQuarterEnd"/>
</testsuite> <!-- internationalTests.Italy.PERF005_PerformanceCumulativePerformanceQuarterEnd -->
