<?xml version="1.0" encoding="UTF-8"?>
<!-- Generated by org.testng.reporters.JUnitReportReporter -->
<testsuite hostname="hydwks135838" name="internationalTests.Luxembourg.PPSS002_Performance_Cumulative" tests="1" failures="0" timestamp="15 Mar 2018 10:19:18 GMT" time="34.399" errors="0">
  <testcase name="validatePerformanceTabColumnsByCumulative" time="34.399" classname="internationalTests.Luxembourg.PPSS002_Performance_Cumulative"/>
</testsuite> <!-- internationalTests.Luxembourg.PPSS002_Performance_Cumulative -->
