<?xml version="1.0" encoding="UTF-8"?>
<!-- Generated by org.testng.reporters.JUnitReportReporter -->
<testsuite hostname="hydwks135838" name="internationalTests.Switzerland.PDST005_PriceAndDistributionDividends" tests="1" failures="0" timestamp="8 Jun 2018 10:54:27 GMT" time="120.381" errors="0">
  <testcase name="validatePriceAndDistributionDividendss" time="120.381" classname="internationalTests.Switzerland.PDST005_PriceAndDistributionDividends"/>
</testsuite> <!-- internationalTests.Switzerland.PDST005_PriceAndDistributionDividends -->
