<?xml version="1.0" encoding="UTF-8"?>
<!-- Generated by org.testng.reporters.JUnitReportReporter -->
<testsuite hostname="hydwks135838" name="internationalTests.Singapore.FOVW016_Overview_ShareClass" tests="1" failures="0" timestamp="26 Mar 2018 14:25:40 GMT" time="39.509" errors="0">
  <testcase name="validateOverviewPageSareClass" time="39.509" classname="internationalTests.Singapore.FOVW016_Overview_ShareClass"/>
</testsuite> <!-- internationalTests.Singapore.FOVW016_Overview_ShareClass -->
