<?xml version="1.0" encoding="UTF-8"?>
<!-- Generated by org.testng.reporters.JUnitReportReporter -->
<testsuite hostname="hydwks135838" name="internationalTests.Italy.FOVW018_Overview_ImportantLegalInformation" tests="1" failures="0" timestamp="14 Mar 2018 08:57:24 GMT" time="68.446" errors="0">
  <testcase name="validateOverviewPageLegalInfo" time="68.446" classname="internationalTests.Italy.FOVW018_Overview_ImportantLegalInformation"/>
</testsuite> <!-- internationalTests.Italy.FOVW018_Overview_ImportantLegalInformation -->
