<?xml version="1.0" encoding="UTF-8"?>
<!-- Generated by org.testng.reporters.JUnitReportReporter -->
<testsuite hostname="hydwks135838" name="internationalTests.Switzerland.PERF019_PerformanceDiscreteAnnualPerformanceMonthEnd" tests="1" failures="0" timestamp="19 Mar 2018 10:20:40 GMT" time="68.214" errors="0">
  <testcase name="validatePerformanceDiscreteAnnualPerformanceMonthEnd" time="68.214" classname="internationalTests.Switzerland.PERF019_PerformanceDiscreteAnnualPerformanceMonthEnd"/>
</testsuite> <!-- internationalTests.Switzerland.PERF019_PerformanceDiscreteAnnualPerformanceMonthEnd -->
