<?xml version="1.0" encoding="UTF-8"?>
<!-- Generated by org.testng.reporters.JUnitReportReporter -->
<testsuite hostname="hydwks135838" name="internationalTests.Switzerland.PPSS011_Performance_CumulativeDataQuarterEnd" tests="1" failures="0" timestamp="19 Mar 2018 12:55:31 GMT" time="37.689" errors="0">
  <testcase name="validatePerformanceTabCumulativeDataByQuarterEnd" time="37.689" classname="internationalTests.Switzerland.PPSS011_Performance_CumulativeDataQuarterEnd"/>
</testsuite> <!-- internationalTests.Switzerland.PPSS011_Performance_CumulativeDataQuarterEnd -->
