<?xml version="1.0" encoding="UTF-8"?>
<!-- Generated by org.testng.reporters.JUnitReportReporter -->
<testsuite hostname="hydwks135838" name="internationalTests.UK.FOVW005_Overview_Fund_Identifiers" tests="1" failures="0" timestamp="18 Jul 2018 12:07:36 GMT" time="56.887" errors="0">
  <testcase name="validateFundIdentifiers" time="56.887" classname="internationalTests.UK.FOVW005_Overview_Fund_Identifiers"/>
</testsuite> <!-- internationalTests.UK.FOVW005_Overview_Fund_Identifiers -->
