<?xml version="1.0" encoding="UTF-8"?>
<!-- Generated by org.testng.reporters.JUnitReportReporter -->
<testsuite hostname="hydwks135838" name="internationalTests.UK.FDOC001_FDDocumentWidgets" tests="1" failures="0" timestamp="14 May 2018 06:48:40 GMT" time="84.239" errors="0">
  <testcase name="validateOverviewPageForFund" time="84.239" classname="internationalTests.UK.FDOC001_FDDocumentWidgets"/>
</testsuite> <!-- internationalTests.UK.FDOC001_FDDocumentWidgets -->
