<?xml version="1.0" encoding="UTF-8"?>
<!-- Generated by org.testng.reporters.JUnitReportReporter -->
<testsuite hostname="HYDNBK136574" name="internationalTests.Canada.Marketing.RESR009_NonResidentTaxForms" tests="1" failures="0" timestamp="21 Nov 2018 10:09:23 GMT" time="47.731" errors="0">
  <testcase name="validateNonResidentTaxForms" time="47.731" classname="internationalTests.Canada.Marketing.RESR009_NonResidentTaxForms"/>
</testsuite> <!-- internationalTests.Canada.Marketing.RESR009_NonResidentTaxForms -->
