<?xml version="1.0" encoding="UTF-8"?>
<!-- Generated by org.testng.reporters.JUnitReportReporter -->
<testsuite hostname="hydwks135838" name="internationalTests.Offshore.PFOL007_PortfolioStatistics_FixedIncome" tests="1" failures="0" timestamp="18 Jul 2018 13:58:48 GMT" time="72.617" errors="0">
  <testcase name="validatePortfolioStatisticsFixedIncome" time="72.617" classname="internationalTests.Offshore.PFOL007_PortfolioStatistics_FixedIncome"/>
</testsuite> <!-- internationalTests.Offshore.PFOL007_PortfolioStatistics_FixedIncome -->
