<?xml version="1.0" encoding="UTF-8"?>
<!-- Generated by org.testng.reporters.JUnitReportReporter -->
<testsuite hostname="HYDNBK136589" name="internationalTests.FndOverview" tests="2" failures="0" timestamp="16 Nov 2017 06:40:59 GMT" time="131.582" errors="0">
  <testcase name="validateOverviewPageForFund" time="96.185" classname="internationalTests.FndOverview"/>
  <testcase name="validateOverviewPageForFund" time="35.397" classname="internationalTests.FndOverview"/>
</testsuite> <!-- internationalTests.FndOverview -->
