<?xml version="1.0" encoding="UTF-8"?>
<!-- Generated by org.testng.reporters.JUnitReportReporter -->
<testsuite hostname="HYDNBK136589" name="internationalTests.Luxembourg.PPSS004_Performance_DiscreteAnnaulDataMonthEnd" tests="1" failures="0" timestamp="3 Apr 2018 10:39:40 GMT" time="32.889" errors="0">
  <testcase name="validatePerformanceTabDiscreteAnnaulDataByMonthEnd" time="32.889" classname="internationalTests.Luxembourg.PPSS004_Performance_DiscreteAnnaulDataMonthEnd"/>
</testsuite> <!-- internationalTests.Luxembourg.PPSS004_Performance_DiscreteAnnaulDataMonthEnd -->
