<?xml version="1.0" encoding="UTF-8"?>
<!-- Generated by org.testng.reporters.JUnitReportReporter -->
<testsuite hostname="hydwks135838" name="internationalTests.Offshore.PERF016_PerformanceCalendarYearPerformanceCaveats" tests="1" failures="0" timestamp="16 Apr 2018 08:01:47 GMT" time="85.952" errors="0">
  <testcase name="validatePerformanceCalendarYearPerformanceCaveats" time="85.952" classname="internationalTests.Offshore.PERF016_PerformanceCalendarYearPerformanceCaveats"/>
</testsuite> <!-- internationalTests.Offshore.PERF016_PerformanceCalendarYearPerformanceCaveats -->
