<?xml version="1.0" encoding="UTF-8"?>
<!-- Generated by org.testng.reporters.JUnitReportReporter -->
<testsuite hostname="hydwks135838" name="internationalTests.Offshore.PERF005_PerformanceCumulativePerformanceQuarterEnd" tests="1" failures="0" timestamp="9 Oct 2018 07:30:58 GMT" time="95.684" errors="0">
  <testcase name="validatePerformanceCumulativePerformanceQuarterEnd" time="95.684" classname="internationalTests.Offshore.PERF005_PerformanceCumulativePerformanceQuarterEnd"/>
</testsuite> <!-- internationalTests.Offshore.PERF005_PerformanceCumulativePerformanceQuarterEnd -->
