<?xml version="1.0" encoding="UTF-8"?>
<!-- Generated by org.testng.reporters.JUnitReportReporter -->
<testsuite hostname="HYDNBK136589" name="internationalTests.Luxembourg.PERF019_PerformanceDiscreteAnnualPerformanceMonthEnd" tests="1" failures="0" timestamp="3 Apr 2018 09:47:42 GMT" time="62.693" errors="0">
  <testcase name="validatePerformanceDiscreteAnnualPerformanceMonthEnd" time="62.693" classname="internationalTests.Luxembourg.PERF019_PerformanceDiscreteAnnualPerformanceMonthEnd"/>
</testsuite> <!-- internationalTests.Luxembourg.PERF019_PerformanceDiscreteAnnualPerformanceMonthEnd -->
