<?xml version="1.0" encoding="UTF-8"?>
<!-- Generated by org.testng.reporters.JUnitReportReporter -->
<testsuite hostname="HYDNBK136589" name="internationalTests.Luxembourg.PPSS_Performance_DiscreteAnnaul" tests="1" failures="0" timestamp="19 Dec 2017 12:31:04 GMT" time="54.977" errors="0">
  <testcase name="validatePerformanceTabColumnsByDiscreteAnnaul" time="54.977" classname="internationalTests.Luxembourg.PPSS_Performance_DiscreteAnnaul"/>
</testsuite> <!-- internationalTests.Luxembourg.PPSS_Performance_DiscreteAnnaul -->
