<?xml version="1.0" encoding="UTF-8"?>
<!-- Generated by org.testng.reporters.JUnitReportReporter -->
<testsuite hostname="hydwks135838" name="internationalTests.Switzerland.PERF006_PerformanceCumulativePerformanceCaveats" tests="1" failures="0" timestamp="19 Mar 2018 10:03:17 GMT" time="57.452" errors="0">
  <testcase name="validatePerformanceCumulativePerformanceCaveats" time="57.452" classname="internationalTests.Switzerland.PERF006_PerformanceCumulativePerformanceCaveats"/>
</testsuite> <!-- internationalTests.Switzerland.PERF006_PerformanceCumulativePerformanceCaveats -->
