<?xml version="1.0" encoding="UTF-8"?>
<!-- Generated by org.testng.reporters.JUnitReportReporter -->
<testsuite hostname="HYDNBK136589" name="internationalTests.Luxembourg.PFOL001_PortfolioPageNavigation" tests="1" failures="0" timestamp="5 Jan 2018 10:24:31 GMT" time="175.941" errors="0">
  <testcase name="validateOverviewPageBreadCrumbs" time="175.941" classname="internationalTests.Luxembourg.PFOL001_PortfolioPageNavigation"/>
</testsuite> <!-- internationalTests.Luxembourg.PFOL001_PortfolioPageNavigation -->
