<?xml version="1.0" encoding="UTF-8"?>
<!-- Generated by org.testng.reporters.JUnitReportReporter -->
<testsuite hostname="hydwks135838" name="internationalTests.Offshore.PFOL010_PortfolioExposure" tests="1" failures="0" timestamp="24 Apr 2018 09:16:44 GMT" time="70.262" errors="0">
  <testcase name="validatePortfolioExposureWidget" time="70.262" classname="internationalTests.Offshore.PFOL010_PortfolioExposure"/>
</testsuite> <!-- internationalTests.Offshore.PFOL010_PortfolioExposure -->
