<?xml version="1.0" encoding="UTF-8"?>
<!-- Generated by org.testng.reporters.JUnitReportReporter -->
<testsuite hostname="hydwks135838" name="internationalTests.Offshore.PERF031_PerformanceRiskMeasures_StdDevSharpeRatio" tests="1" failures="0" timestamp="18 Jul 2018 13:07:12 GMT" time="67.482" errors="0">
  <testcase name="validatePerformanceRiskMeasuresStandardDeviationSharpeRatio" time="67.482" classname="internationalTests.Offshore.PERF031_PerformanceRiskMeasures_StdDevSharpeRatio"/>
</testsuite> <!-- internationalTests.Offshore.PERF031_PerformanceRiskMeasures_StdDevSharpeRatio -->
