<?xml version="1.0" encoding="UTF-8"?>
<!-- Generated by org.testng.reporters.JUnitReportReporter -->
<testsuite hostname="hydwks135838" name="internationalTests.Canada.PPSS003_Performance_Annualized" tests="1" failures="0" timestamp="25 Sep 2018 13:32:00 GMT" time="28.476" errors="0">
  <testcase name="validatePerformanceTabColumnsByDiscreteAnnaul" time="28.476" classname="internationalTests.Canada.PPSS003_Performance_Annualized"/>
</testsuite> <!-- internationalTests.Canada.PPSS003_Performance_Annualized -->
