<?xml version="1.0" encoding="UTF-8"?>
<!-- Generated by org.testng.reporters.JUnitReportReporter -->
<testsuite hostname="hydwks135838" name="internationalTests.Italy.PERF004_PerformanceCumulativePerformanceMonthEnd" tests="1" failures="0" timestamp="14 Mar 2018 12:51:53 GMT" time="61.556" errors="0">
  <testcase name="validatePerformanceCumulativePerformanceMonthEnd" time="61.556" classname="internationalTests.Italy.PERF004_PerformanceCumulativePerformanceMonthEnd"/>
</testsuite> <!-- internationalTests.Italy.PERF004_PerformanceCumulativePerformanceMonthEnd -->
