<?xml version="1.0" encoding="UTF-8"?>
<!-- Generated by org.testng.reporters.JUnitReportReporter -->
<testsuite hostname="hydwks135838" name="internationalTests.Switzerland.PERF021_PerformanceDiscreteAnnualPerformanceCaveats" tests="1" failures="0" timestamp="19 Mar 2018 10:23:14 GMT" time="56.880" errors="0">
  <testcase name="validatePerformanceDiscreteAnnualPerformanceCaveats" time="56.880" classname="internationalTests.Switzerland.PERF021_PerformanceDiscreteAnnualPerformanceCaveats"/>
</testsuite> <!-- internationalTests.Switzerland.PERF021_PerformanceDiscreteAnnualPerformanceCaveats -->
