<?xml version="1.0" encoding="UTF-8"?>
<!-- Generated by org.testng.reporters.JUnitReportReporter -->
<testsuite hostname="hydwks135838" name="internationalTests.Switzerland.PFOL015_TopRiskAllocationByAssetClass" tests="1" failures="0" timestamp="19 Mar 2018 12:05:07 GMT" time="67.597" errors="0">
  <testcase name="validateTopRiskAllocationByAssetClassWidget" time="67.597" classname="internationalTests.Switzerland.PFOL015_TopRiskAllocationByAssetClass"/>
</testsuite> <!-- internationalTests.Switzerland.PFOL015_TopRiskAllocationByAssetClass -->
