<?xml version="1.0" encoding="UTF-8"?>
<!-- Generated by org.testng.reporters.JUnitReportReporter -->
<testsuite hostname="hydwks135838" name="internationalTests.Switzerland.PERF016_PerformanceCalendarYearPerformanceCaveats" tests="1" failures="0" timestamp="19 Mar 2018 10:15:38 GMT" time="58.238" errors="0">
  <testcase name="validatePerformanceCalendarYearPerformanceCaveats" time="58.238" classname="internationalTests.Switzerland.PERF016_PerformanceCalendarYearPerformanceCaveats"/>
</testsuite> <!-- internationalTests.Switzerland.PERF016_PerformanceCalendarYearPerformanceCaveats -->
