<?xml version="1.0" encoding="UTF-8"?>
<!-- Generated by org.testng.reporters.JUnitReportReporter -->
<testsuite hostname="hydwks135838" name="internationalTests.Italy.PERF023_PerformanceCumulativePerformanceViewAllShareClassQuarterEnd" tests="1" failures="0" timestamp="14 Mar 2018 13:14:26 GMT" time="75.219" errors="0">
  <testcase name="validatePerformanceCumulativePerformanceViewAllShareClassQuarterEnd" time="75.219" classname="internationalTests.Italy.PERF023_PerformanceCumulativePerformanceViewAllShareClassQuarterEnd"/>
</testsuite> <!-- internationalTests.Italy.PERF023_PerformanceCumulativePerformanceViewAllShareClassQuarterEnd -->
