<?xml version="1.0" encoding="UTF-8"?>
<!-- Generated by org.testng.reporters.JUnitReportReporter -->
<testsuite hostname="hydwks135838" name="internationalTests.Luxembourg.PPSS008_PPSSPage_FindaFundSection" tests="1" failures="0" timestamp="9 May 2018 11:30:01 GMT" time="41.793" errors="0">
  <testcase name="ppssPageFindAFundValidation" time="41.793" classname="internationalTests.Luxembourg.PPSS008_PPSSPage_FindaFundSection"/>
</testsuite> <!-- internationalTests.Luxembourg.PPSS008_PPSSPage_FindaFundSection -->
