<?xml version="1.0" encoding="UTF-8"?>
<!-- Generated by org.testng.reporters.JUnitReportReporter -->
<testsuite hostname="hydwks135838" name="internationalTests.Singapore.PPSS003_Performance_Annualized" tests="1" failures="0" timestamp="16 Apr 2018 12:45:01 GMT" time="43.481" errors="0">
  <testcase name="validatePerformanceTabColumnsByDiscreteAnnaul" time="43.481" classname="internationalTests.Singapore.PPSS003_Performance_Annualized"/>
</testsuite> <!-- internationalTests.Singapore.PPSS003_Performance_Annualized -->
