<?xml version="1.0" encoding="UTF-8"?>
<!-- Generated by org.testng.reporters.JUnitReportReporter -->
<testsuite hostname="hydwks135838" name="internationalTests.Switzerland.PFOL019_PortfolioComponentsBasedOnAssetClass" tests="1" failures="0" timestamp="19 Mar 2018 12:13:05 GMT" time="106.562" errors="0">
  <testcase name="validatePortfolioComponentsAssetClassWise" time="106.562" classname="internationalTests.Switzerland.PFOL019_PortfolioComponentsBasedOnAssetClass"/>
</testsuite> <!-- internationalTests.Switzerland.PFOL019_PortfolioComponentsBasedOnAssetClass -->
