<?xml version="1.0" encoding="UTF-8"?>
<!-- Generated by org.testng.reporters.JUnitReportReporter -->
<testsuite hostname="hydwks135838" name="internationalTests.Italy.FOVW012_Overview_BreadCrumbs" tests="1" failures="0" timestamp="14 Mar 2018 08:54:10 GMT" time="28.863" errors="0">
  <testcase name="validateOverviewPageBreadCrumbs" time="28.863" classname="internationalTests.Italy.FOVW012_Overview_BreadCrumbs"/>
</testsuite> <!-- internationalTests.Italy.FOVW012_Overview_BreadCrumbs -->
