<?xml version="1.0" encoding="UTF-8"?>
<!-- Generated by org.testng.reporters.JUnitReportReporter -->
<testsuite hostname="hydwks135838" name="internationalTests.Singapore.FOVW009_Overview_PerfSnpDiscrete_Performance" tests="1" failures="0" timestamp="26 Mar 2018 12:32:52 GMT" time="53.523" errors="0">
  <testcase name="validatePerfSnpshtDiscretePerformance" time="53.523" classname="internationalTests.Singapore.FOVW009_Overview_PerfSnpDiscrete_Performance"/>
</testsuite> <!-- internationalTests.Singapore.FOVW009_Overview_PerfSnpDiscrete_Performance -->
