<?xml version="1.0" encoding="UTF-8"?>
<!-- Generated by org.testng.reporters.JUnitReportReporter -->
<testsuite hostname="hydwks135838" name="internationalTests.Offshore.PFOL016_SectorExposure" tests="1" failures="0" timestamp="24 Apr 2018 13:06:05 GMT" time="76.212" errors="0">
  <testcase name="validateSectorExposureWidget" time="76.212" classname="internationalTests.Offshore.PFOL016_SectorExposure"/>
</testsuite> <!-- internationalTests.Offshore.PFOL016_SectorExposure -->
