<?xml version="1.0" encoding="UTF-8"?>
<!-- Generated by org.testng.reporters.JUnitReportReporter -->
<testsuite hostname="hydwks135838" name="internationalTests.Luxembourg.FOVW009_Overview_PerfSnpDiscrete_Performance" tests="1" failures="0" timestamp="2 May 2018 11:06:47 GMT" time="81.351" errors="0">
  <testcase name="validatePerfSnpshtDiscretePerformance" time="81.351" classname="internationalTests.Luxembourg.FOVW009_Overview_PerfSnpDiscrete_Performance"/>
</testsuite> <!-- internationalTests.Luxembourg.FOVW009_Overview_PerfSnpDiscrete_Performance -->
