<?xml version="1.0" encoding="UTF-8"?>
<!-- Generated by org.testng.reporters.JUnitReportReporter -->
<testsuite hostname="hydwks135838" name="internationalTests.Switzerland.PFOL010_PortfolioExposure" tests="1" failures="0" timestamp="19 Mar 2018 11:58:08 GMT" time="63.430" errors="0">
  <testcase name="validatePortfolioExposureWidget" time="63.430" classname="internationalTests.Switzerland.PFOL010_PortfolioExposure"/>
</testsuite> <!-- internationalTests.Switzerland.PFOL010_PortfolioExposure -->
