<?xml version="1.0" encoding="UTF-8"?>
<!-- Generated by org.testng.reporters.JUnitReportReporter -->
<testsuite hostname="hydwks135838" name="internationalTests.Canada.Accounts.ASST005_Assets_AccountType" tests="1" failures="0" timestamp="11 Jun 2018 09:04:05 GMT" time="43.703" errors="0">
  <testcase name="validateAssetSalesAccountType" time="43.703" classname="internationalTests.Canada.Accounts.ASST005_Assets_AccountType"/>
</testsuite> <!-- internationalTests.Canada.Accounts.ASST005_Assets_AccountType -->
