<?xml version="1.0" encoding="UTF-8"?>
<!-- Generated by org.testng.reporters.JUnitReportReporter -->
<testsuite hostname="hydwks135838" name="internationalTests.Switzerland.PERF005_PerformanceCumulativePerformanceQuarterEnd" tests="1" failures="0" timestamp="19 Mar 2018 10:02:12 GMT" time="63.413" errors="0">
  <testcase name="validatePerformanceCumulativePerformanceQuarterEnd" time="63.413" classname="internationalTests.Switzerland.PERF005_PerformanceCumulativePerformanceQuarterEnd"/>
</testsuite> <!-- internationalTests.Switzerland.PERF005_PerformanceCumulativePerformanceQuarterEnd -->
