<?xml version="1.0" encoding="UTF-8"?>
<!-- Generated by org.testng.reporters.JUnitReportReporter -->
<testsuite hostname="hydwks135838" name="internationalTests.UK.PFOL014_PortfolioAllocation" tests="1" failures="0" timestamp="12 Mar 2018 09:42:24 GMT" time="63.142" errors="0">
  <testcase name="validatePortfolioAllocationWidget" time="63.142" classname="internationalTests.UK.PFOL014_PortfolioAllocation"/>
</testsuite> <!-- internationalTests.UK.PFOL014_PortfolioAllocation -->
