<?xml version="1.0" encoding="UTF-8"?>
<!-- Generated by org.testng.reporters.JUnitReportReporter -->
<testsuite hostname="hydwks135838" name="internationalTests.Switzerland.FOVW003_Overview_Fund_Information" tests="1" failures="0" timestamp="12 Apr 2018 06:05:57 GMT" time="88.849" errors="0">
  <testcase name="validateFundInfo" time="88.849" classname="internationalTests.Switzerland.FOVW003_Overview_Fund_Information"/>
</testsuite> <!-- internationalTests.Switzerland.FOVW003_Overview_Fund_Information -->
