<?xml version="1.0" encoding="UTF-8"?>
<!-- Generated by org.testng.reporters.JUnitReportReporter -->
<testsuite hostname="hydwks135838" name="internationalTests.UK.PPSS008_PPSSPage_FindaFundSection" tests="1" failures="0" timestamp="12 Mar 2018 09:16:20 GMT" time="44.985" errors="0">
  <testcase name="ppssPageFindAFundValidation" time="44.985" classname="internationalTests.UK.PPSS008_PPSSPage_FindaFundSection"/>
</testsuite> <!-- internationalTests.UK.PPSS008_PPSSPage_FindaFundSection -->
