<?xml version="1.0" encoding="UTF-8"?>
<!-- Generated by org.testng.reporters.JUnitReportReporter -->
<testsuite hostname="hydwks135838" name="internationalTests.German.Marketing.HOME002_QuickLinkValidation_Advisor" tests="1" failures="0" timestamp="2 Nov 2018 07:19:33 GMT" time="38.920" errors="0">
  <testcase name="validateQuickLinkAdvisor" time="38.920" classname="internationalTests.German.Marketing.HOME002_QuickLinkValidation_Advisor"/>
</testsuite> <!-- internationalTests.German.Marketing.HOME002_QuickLinkValidation_Advisor -->
