<?xml version="1.0" encoding="UTF-8"?>
<!-- Generated by org.testng.reporters.JUnitReportReporter -->
<testsuite hostname="hydwks135838" name="internationalTests.German.PERF024_PerformanceAnnualisedPerformanceViewAllShareClassMonthEnd" tests="1" failures="0" timestamp="8 Mar 2018 13:43:06 GMT" time="69.558" errors="0">
  <testcase name="validatePerformanceAnnualisedPerformanceViewAllShareClassMonthEnd" time="69.558" classname="internationalTests.German.PERF024_PerformanceAnnualisedPerformanceViewAllShareClassMonthEnd"/>
</testsuite> <!-- internationalTests.German.PERF024_PerformanceAnnualisedPerformanceViewAllShareClassMonthEnd -->
