<?xml version="1.0" encoding="UTF-8"?>
<!-- Generated by org.testng.reporters.JUnitReportReporter -->
<testsuite hostname="hydwks135838" name="internationalTests.Italy.PFOL005_GeographicalAllocation" tests="1" failures="0" timestamp="15 Mar 2018 07:06:01 GMT" time="59.077" errors="0">
  <testcase name="validateGeographicalAllocationWidget" time="59.077" classname="internationalTests.Italy.PFOL005_GeographicalAllocation"/>
</testsuite> <!-- internationalTests.Italy.PFOL005_GeographicalAllocation -->
