<?xml version="1.0" encoding="UTF-8"?>
<!-- Generated by org.testng.reporters.JUnitReportReporter -->
<testsuite hostname="hydwks135838" name="internationalTests.Offshore.PERF023_PerformanceCumulativePerformanceViewAllShareClassQuarterEnd" tests="1" failures="0" timestamp="18 Jul 2018 13:07:12 GMT" time="88.215" errors="0">
  <testcase name="validatePerformanceCumulativePerformanceViewAllShareClassQuarterEnd" time="88.215" classname="internationalTests.Offshore.PERF023_PerformanceCumulativePerformanceViewAllShareClassQuarterEnd"/>
</testsuite> <!-- internationalTests.Offshore.PERF023_PerformanceCumulativePerformanceViewAllShareClassQuarterEnd -->
