<?xml version="1.0" encoding="UTF-8"?>
<!-- Generated by org.testng.reporters.JUnitReportReporter -->
<testsuite hostname="hydwks135838" name="internationalTests.Austria.PERF020_PerformanceDiscreteAnnualPerformanceQuarterEnd" tests="1" failures="0" timestamp="18 Jul 2018 06:17:10 GMT" time="76.323" errors="0">
  <testcase name="validatePerformanceDiscreteAnnualPerformanceQuarterEnd" time="76.323" classname="internationalTests.Austria.PERF020_PerformanceDiscreteAnnualPerformanceQuarterEnd"/>
</testsuite> <!-- internationalTests.Austria.PERF020_PerformanceDiscreteAnnualPerformanceQuarterEnd -->
