<?xml version="1.0" encoding="UTF-8"?>
<!-- Generated by org.testng.reporters.JUnitReportReporter -->
<testsuite hostname="hydwks135838" name="internationalTests.Singapore.PERF006_PerformanceCumulativePerformanceCaveats" tests="1" failures="0" timestamp="27 Mar 2018 06:52:11 GMT" time="52.726" errors="0">
  <testcase name="validatePerformanceCumulativePerformanceCaveats" time="52.726" classname="internationalTests.Singapore.PERF006_PerformanceCumulativePerformanceCaveats"/>
</testsuite> <!-- internationalTests.Singapore.PERF006_PerformanceCumulativePerformanceCaveats -->
