<?xml version="1.0" encoding="UTF-8"?>
<!-- Generated by org.testng.reporters.JUnitReportReporter -->
<testsuite hostname="hydwks135838" name="internationalTests.Singapore.FOVW007_Overview_Fund_Managers" tests="1" failures="0" timestamp="26 Mar 2018 12:01:39 GMT" time="55.822" errors="0">
  <testcase name="validateFundManagers" time="55.822" classname="internationalTests.Singapore.FOVW007_Overview_Fund_Managers"/>
</testsuite> <!-- internationalTests.Singapore.FOVW007_Overview_Fund_Managers -->
