<?xml version="1.0" encoding="UTF-8"?>
<!-- Generated by org.testng.reporters.JUnitReportReporter -->
<testsuite hostname="hydwks135838" name="internationalTests.Switzerland.PERF013_PerformanceCalendarYearPerformanceTab" tests="1" failures="0" timestamp="19 Mar 2018 10:13:24 GMT" time="57.305" errors="0">
  <testcase name="validatePerformanceCalendarYearPerformanceTab" time="57.305" classname="internationalTests.Switzerland.PERF013_PerformanceCalendarYearPerformanceTab"/>
</testsuite> <!-- internationalTests.Switzerland.PERF013_PerformanceCalendarYearPerformanceTab -->
