<?xml version="1.0" encoding="UTF-8"?>
<!-- Generated by org.testng.reporters.JUnitReportReporter -->
<testsuite hostname="hydwks135838" name="internationalTests.Italy.FOVW009_Overview_PerfSnpDiscrete_Performance" tests="1" failures="0" timestamp="18 Jul 2018 10:07:04 GMT" time="74.549" errors="0">
  <testcase name="validatePerfSnpshtDiscretePerformance" time="74.549" classname="internationalTests.Italy.FOVW009_Overview_PerfSnpDiscrete_Performance"/>
</testsuite> <!-- internationalTests.Italy.FOVW009_Overview_PerfSnpDiscrete_Performance -->
