<?xml version="1.0" encoding="UTF-8"?>
<!-- Generated by org.testng.reporters.JUnitReportReporter -->
<testsuite hostname="hydwks135838" name="internationalTests.Italy.PERF009_PerformanceAnnualisedPerformanceMonthEnd" tests="1" failures="0" timestamp="14 Mar 2018 12:56:46 GMT" time="59.611" errors="0">
  <testcase name="validatePerformanceAnnualisedPerformanceMonthEnd" time="59.611" classname="internationalTests.Italy.PERF009_PerformanceAnnualisedPerformanceMonthEnd"/>
</testsuite> <!-- internationalTests.Italy.PERF009_PerformanceAnnualisedPerformanceMonthEnd -->
