<?xml version="1.0" encoding="UTF-8"?>
<!-- Generated by org.testng.reporters.JUnitReportReporter -->
<testsuite hostname="HYDNBK136589" name="testcases.BabelTest" tests="1" failures="0" timestamp="17 Nov 2017 06:07:59 GMT" time="16.846" errors="0">
  <testcase name="LoginBabel" time="16.846" classname="testcases.BabelTest"/>
</testsuite> <!-- testcases.BabelTest -->
