<?xml version="1.0" encoding="UTF-8"?>
<!-- Generated by org.testng.reporters.JUnitReportReporter -->
<testsuite hostname="hydwks135838" name="internationalTests.Switzerland.PFOL005_GeographicalAllocation" tests="1" failures="0" timestamp="19 Mar 2018 09:42:09 GMT" time="61.871" errors="0">
  <testcase name="validateGeographicalAllocationWidget" time="61.871" classname="internationalTests.Switzerland.PFOL005_GeographicalAllocation"/>
</testsuite> <!-- internationalTests.Switzerland.PFOL005_GeographicalAllocation -->
