<?xml version="1.0" encoding="UTF-8"?>
<!-- Generated by org.testng.reporters.JUnitReportReporter -->
<testsuite hostname="hydwks135838" name="internationalTests.Switzerland.PERF010_PerformanceAnnualisedPerformanceQuarterEnd" tests="1" failures="0" timestamp="19 Mar 2018 10:09:23 GMT" time="62.914" errors="0">
  <testcase name="validatePerformanceAnnualisedPerformanceQuarterEnd" time="62.914" classname="internationalTests.Switzerland.PERF010_PerformanceAnnualisedPerformanceQuarterEnd"/>
</testsuite> <!-- internationalTests.Switzerland.PERF010_PerformanceAnnualisedPerformanceQuarterEnd -->
