<?xml version="1.0" encoding="UTF-8"?>
<!-- Generated by org.testng.reporters.JUnitReportReporter -->
<testsuite hostname="HYDNBK136574" name="internationalTests.Canada.Marketing.RESR005_ApplicationForms" tests="1" failures="0" timestamp="21 Nov 2018 06:35:53 GMT" time="55.576" errors="0">
  <testcase name="validateApplicationForms" time="55.576" classname="internationalTests.Canada.Marketing.RESR005_ApplicationForms"/>
</testsuite> <!-- internationalTests.Canada.Marketing.RESR005_ApplicationForms -->
