<?xml version="1.0" encoding="UTF-8"?>
<!-- Generated by org.testng.reporters.JUnitReportReporter -->
<testsuite hostname="hydwks135838" name="internationalTests.Canada.FOVW005_Overview_Fund_Identifiers" tests="1" failures="0" timestamp="28 Aug 2018 06:22:39 GMT" time="88.161" errors="0">
  <testcase name="validateFundIdentifiers" time="88.161" classname="internationalTests.Canada.FOVW005_Overview_Fund_Identifiers"/>
</testsuite> <!-- internationalTests.Canada.FOVW005_Overview_Fund_Identifiers -->
