<?xml version="1.0" encoding="UTF-8"?>
<!-- Generated by org.testng.reporters.JUnitReportReporter -->
<testsuite hostname="hydwks135838" name="internationalTests.Offshore.PFOL006_MarketCapitalisation" tests="1" failures="0" timestamp="24 Apr 2018 09:12:47 GMT" time="68.080" errors="0">
  <testcase name="validateMarketCapitalisationWidget" time="68.080" classname="internationalTests.Offshore.PFOL006_MarketCapitalisation"/>
</testsuite> <!-- internationalTests.Offshore.PFOL006_MarketCapitalisation -->
