<?xml version="1.0" encoding="UTF-8"?>
<!-- Generated by org.testng.reporters.JUnitReportReporter -->
<testsuite hostname="hydwks135838" name="internationalTests.UK.PFOL020_PortfolioStatistics_Equity" tests="1" failures="0" timestamp="12 Mar 2018 09:50:11 GMT" time="58.154" errors="0">
  <testcase name="validatePortfolioStatisticsEquity" time="58.154" classname="internationalTests.UK.PFOL020_PortfolioStatistics_Equity"/>
</testsuite> <!-- internationalTests.UK.PFOL020_PortfolioStatistics_Equity -->
