<?xml version="1.0" encoding="UTF-8"?>
<!-- Generated by org.testng.reporters.JUnitReportReporter -->
<testsuite hostname="hydwks135838" name="internationalTests.UK.FOVW018_Overview_ImportantLegalInformation" tests="1" failures="0" timestamp="13 Mar 2018 06:38:50 GMT" time="74.405" errors="0">
  <testcase name="validateOverviewPageLegalInfo" time="74.405" classname="internationalTests.UK.FOVW018_Overview_ImportantLegalInformation"/>
</testsuite> <!-- internationalTests.UK.FOVW018_Overview_ImportantLegalInformation -->
