<?xml version="1.0" encoding="UTF-8"?>
<!-- Generated by org.testng.reporters.JUnitReportReporter -->
<testsuite hostname="hydwks135838" name="internationalTests.UK.PERF011_PerformanceAnnualisedPerformanceCaveats" tests="1" failures="0" timestamp="9 Aug 2018 07:19:17 GMT" time="79.825" errors="0">
  <testcase name="validatePerformanceAnnualisedPerformanceCaveats" time="79.825" classname="internationalTests.UK.PERF011_PerformanceAnnualisedPerformanceCaveats"/>
</testsuite> <!-- internationalTests.UK.PERF011_PerformanceAnnualisedPerformanceCaveats -->
