<?xml version="1.0" encoding="UTF-8"?>
<!-- Generated by org.testng.reporters.JUnitReportReporter -->
<testsuite hostname="hydwks135838" name="internationalTests.Switzerland.FDOC001_FDDocumentWidgets" tests="1" failures="0" timestamp="20 Mar 2018 12:23:38 GMT" time="70.950" errors="0">
  <testcase name="validateOverviewPageForFund" time="70.950" classname="internationalTests.Switzerland.FDOC001_FDDocumentWidgets"/>
</testsuite> <!-- internationalTests.Switzerland.FDOC001_FDDocumentWidgets -->
