<?xml version="1.0" encoding="UTF-8"?>
<!-- Generated by org.testng.reporters.JUnitReportReporter -->
<testsuite hostname="hydwks135838" name="internationalTests.German.PERF021_PerformanceDiscreteAnnualPerformanceCaveats" tests="1" failures="0" timestamp="8 Mar 2018 13:39:44 GMT" time="56.931" errors="0">
  <testcase name="validatePerformanceDiscreteAnnualPerformanceCaveats" time="56.931" classname="internationalTests.German.PERF021_PerformanceDiscreteAnnualPerformanceCaveats"/>
</testsuite> <!-- internationalTests.German.PERF021_PerformanceDiscreteAnnualPerformanceCaveats -->
