<?xml version="1.0" encoding="UTF-8"?>
<!-- Generated by org.testng.reporters.JUnitReportReporter -->
<testsuite hostname="hydwks135838" name="internationalTests.Austria.FOVW008_Overview_DividendDistributionYield" tests="1" failures="0" timestamp="24 Jul 2018 13:22:56 GMT" time="69.576" errors="0">
  <testcase name="validateDividendDistributionSection" time="69.576" classname="internationalTests.Austria.FOVW008_Overview_DividendDistributionYield"/>
</testsuite> <!-- internationalTests.Austria.FOVW008_Overview_DividendDistributionYield -->
