<?xml version="1.0" encoding="UTF-8"?>
<!-- Generated by org.testng.reporters.JUnitReportReporter -->
<testsuite hostname="hydwks135838" name="internationalTests.Switzerland.PFOL017_SectorAllocation" tests="1" failures="0" timestamp="19 Mar 2018 12:07:34 GMT" time="64.473" errors="0">
  <testcase name="validateSectorAllocationWidget" time="64.473" classname="internationalTests.Switzerland.PFOL017_SectorAllocation"/>
</testsuite> <!-- internationalTests.Switzerland.PFOL017_SectorAllocation -->
