<?xml version="1.0" encoding="UTF-8"?>
<!-- Generated by org.testng.reporters.JUnitReportReporter -->
<testsuite hostname="hydwks135838" name="internationalTests.Switzerland.PPSS006_FundIdentifiersTab" tests="1" failures="0" timestamp="13 Apr 2018 06:50:50 GMT" time="28.562" errors="0">
  <testcase name="validateFndIdentifiers" time="28.562" classname="internationalTests.Switzerland.PPSS006_FundIdentifiersTab"/>
</testsuite> <!-- internationalTests.Switzerland.PPSS006_FundIdentifiersTab -->
