<?xml version="1.0" encoding="UTF-8"?>
<!-- Generated by org.testng.reporters.JUnitReportReporter -->
<testsuite hostname="hydwks135838" name="internationalTests.UK.PDST004_PriceAndDistributionHighestLowestNAV" tests="1" failures="0" timestamp="13 Mar 2018 06:53:41 GMT" time="62.935" errors="0">
  <testcase name="validatePriceAndDistributionHighestLowestNAV" time="62.935" classname="internationalTests.UK.PDST004_PriceAndDistributionHighestLowestNAV"/>
</testsuite> <!-- internationalTests.UK.PDST004_PriceAndDistributionHighestLowestNAV -->
