<?xml version="1.0" encoding="UTF-8"?>
<!-- Generated by org.testng.reporters.JUnitReportReporter -->
<testsuite hostname="hydwks135838" name="internationalTests.Switzerland.PERF011_PerformanceAnnualisedPerformanceCaveats" tests="1" failures="0" timestamp="19 Mar 2018 10:10:28 GMT" time="59.524" errors="0">
  <testcase name="validatePerformanceAnnualisedPerformanceCaveats" time="59.524" classname="internationalTests.Switzerland.PERF011_PerformanceAnnualisedPerformanceCaveats"/>
</testsuite> <!-- internationalTests.Switzerland.PERF011_PerformanceAnnualisedPerformanceCaveats -->
