<?xml version="1.0" encoding="UTF-8"?>
<!-- Generated by org.testng.reporters.JUnitReportReporter -->
<testsuite hostname="HYDNBK136589" name="internationalTests.Luxembourg.PPSS001_PageNavigationAndOverview" tests="1" failures="0" timestamp="2 Apr 2018 10:36:41 GMT" time="26.532" errors="0">
  <testcase name="validatePPSSPageNavigation" time="26.532" classname="internationalTests.Luxembourg.PPSS001_PageNavigationAndOverview"/>
</testsuite> <!-- internationalTests.Luxembourg.PPSS001_PageNavigationAndOverview -->
