<?xml version="1.0" encoding="UTF-8"?>
<!-- Generated by org.testng.reporters.JUnitReportReporter -->
<testsuite hostname="hydwks135838" name="internationalTests.Switzerland.FOVW007_Overview_Fund_Managers" tests="1" failures="0" timestamp="19 Mar 2018 13:16:45 GMT" time="56.123" errors="0">
  <testcase name="validateFundManagers" time="56.123" classname="internationalTests.Switzerland.FOVW007_Overview_Fund_Managers"/>
</testsuite> <!-- internationalTests.Switzerland.FOVW007_Overview_Fund_Managers -->
