<?xml version="1.0" encoding="UTF-8"?>
<!-- Generated by org.testng.reporters.JUnitReportReporter -->
<testsuite hostname="hydwks135838" name="internationalTests.Switzerland.PDST007_PriceAndDistributionNAVPrices" tests="1" failures="0" timestamp="9 Aug 2018 07:09:33 GMT" time="78.407" errors="0">
  <testcase name="validatePriceAndDistributionNAVPrices" time="78.407" classname="internationalTests.Switzerland.PDST007_PriceAndDistributionNAVPrices"/>
</testsuite> <!-- internationalTests.Switzerland.PDST007_PriceAndDistributionNAVPrices -->
