<?xml version="1.0" encoding="UTF-8"?>
<!-- Generated by org.testng.reporters.JUnitReportReporter -->
<testsuite hostname="HYDNBK136574" name="internationalTests.German.PFOL007_PortfolioStatistics_FixedIncome" tests="1" failures="0" timestamp="22 Nov 2018 12:01:42 GMT" time="79.235" errors="0">
  <testcase name="validatePortfolioStatisticsFixedIncome" time="79.235" classname="internationalTests.German.PFOL007_PortfolioStatistics_FixedIncome"/>
</testsuite> <!-- internationalTests.German.PFOL007_PortfolioStatistics_FixedIncome -->
