<?xml version="1.0" encoding="UTF-8"?>
<!-- Generated by org.testng.reporters.JUnitReportReporter -->
<testsuite hostname="hydwks135838" name="internationalTests.German.PERF023_PerformanceCumulativePerformanceViewAllShareClassQuarterEnd" tests="1" failures="0" timestamp="8 Mar 2018 13:44:18 GMT" time="66.938" errors="0">
  <testcase name="validatePerformanceCumulativePerformanceViewAllShareClassQuarterEnd" time="66.938" classname="internationalTests.German.PERF023_PerformanceCumulativePerformanceViewAllShareClassQuarterEnd"/>
</testsuite> <!-- internationalTests.German.PERF023_PerformanceCumulativePerformanceViewAllShareClassQuarterEnd -->
