<?xml version="1.0" encoding="UTF-8"?>
<!-- Generated by org.testng.reporters.JUnitReportReporter -->
<testsuite hostname="hydwks135838" name="internationalTests.Singapore.PERF030_PerformanceRiskMeasures_OvrvwStaticSection" tests="1" failures="0" timestamp="17 Apr 2018 09:08:43 GMT" time="107.825" errors="0">
  <testcase name="validatePerformanceRiskMeasuresOverviewAndStatic" time="107.825" classname="internationalTests.Singapore.PERF030_PerformanceRiskMeasures_OvrvwStaticSection"/>
</testsuite> <!-- internationalTests.Singapore.PERF030_PerformanceRiskMeasures_OvrvwStaticSection -->
