<?xml version="1.0" encoding="UTF-8"?>
<!-- Generated by org.testng.reporters.JUnitReportReporter -->
<testsuite hostname="hydwks135838" name="internationalTests.Singapore.PPSS008_PPSSPage_FindaFundSection" tests="1" failures="0" timestamp="27 Mar 2018 10:04:11 GMT" time="42.617" errors="0">
  <testcase name="ppssPageFindAFundValidation" time="42.617" classname="internationalTests.Singapore.PPSS008_PPSSPage_FindaFundSection"/>
</testsuite> <!-- internationalTests.Singapore.PPSS008_PPSSPage_FindaFundSection -->
