<?xml version="1.0" encoding="UTF-8"?>
<!-- Generated by org.testng.reporters.JUnitReportReporter -->
<testsuite hostname="hydwks135838" name="internationalTests.Luxembourg.PDST007_PriceAndDistributionNAVPrices" tests="1" failures="0" timestamp="7 May 2018 06:18:49 GMT" time="61.853" errors="0">
  <testcase name="validatePriceAndDistributionNAVPrices" time="61.853" classname="internationalTests.Luxembourg.PDST007_PriceAndDistributionNAVPrices"/>
</testsuite> <!-- internationalTests.Luxembourg.PDST007_PriceAndDistributionNAVPrices -->
