<?xml version="1.0" encoding="UTF-8"?>
<!-- Generated by org.testng.reporters.JUnitReportReporter -->
<testsuite hostname="hydwks135838" name="internationalTests.Italy.PERF013_PerformanceCalendarYearPerformanceTab" tests="1" failures="0" timestamp="14 Mar 2018 13:00:07 GMT" time="44.183" errors="0">
  <testcase name="validatePerformanceCalendarYearPerformanceTab" time="44.183" classname="internationalTests.Italy.PERF013_PerformanceCalendarYearPerformanceTab"/>
</testsuite> <!-- internationalTests.Italy.PERF013_PerformanceCalendarYearPerformanceTab -->
