<?xml version="1.0" encoding="UTF-8"?>
<!-- Generated by org.testng.reporters.JUnitReportReporter -->
<testsuite hostname="hydwks135838" name="internationalTests.German.FOVW002_Overview_NAVPrice" tests="1" failures="0" timestamp="18 Jul 2018 08:55:31 GMT" time="162.777" errors="0">
  <testcase name="validateNAVPrice" time="162.777" classname="internationalTests.German.FOVW002_Overview_NAVPrice"/>
</testsuite> <!-- internationalTests.German.FOVW002_Overview_NAVPrice -->
