<?xml version="1.0" encoding="UTF-8"?>
<!-- Generated by org.testng.reporters.JUnitReportReporter -->
<testsuite hostname="hydwks135838" name="internationalTests.Canada.PFOL011_PortfolioStrategyBreakdown" tests="1" failures="0" timestamp="9 May 2018 12:51:03 GMT" time="55.261" errors="0">
  <testcase name="validateStragetyBreakdownWidget" time="55.261" classname="internationalTests.Canada.PFOL011_PortfolioStrategyBreakdown"/>
</testsuite> <!-- internationalTests.Canada.PFOL011_PortfolioStrategyBreakdown -->
