<?xml version="1.0" encoding="UTF-8"?>
<!-- Generated by org.testng.reporters.JUnitReportReporter -->
<testsuite hostname="hydwks135838" name="internationalTests.Switzerland.PPSS007_PPSSPage_Filters" tests="1" failures="0" timestamp="19 Mar 2018 12:50:44 GMT" time="37.711" errors="0">
  <testcase name="ppssPageFilterValidation" time="37.711" classname="internationalTests.Switzerland.PPSS007_PPSSPage_Filters"/>
</testsuite> <!-- internationalTests.Switzerland.PPSS007_PPSSPage_Filters -->
