<?xml version="1.0" encoding="UTF-8"?>
<!-- Generated by org.testng.reporters.JUnitReportReporter -->
<testsuite hostname="hydwks135838" name="internationalTests.Offshore.PERF008_PerformanceAnnualisedPerformanceTab" tests="1" failures="0" timestamp="24 Apr 2018 13:49:34 GMT" time="55.835" errors="0">
  <testcase name="validatePerformanceAnnualisedPerformanceTab" time="55.835" classname="internationalTests.Offshore.PERF008_PerformanceAnnualisedPerformanceTab"/>
</testsuite> <!-- internationalTests.Offshore.PERF008_PerformanceAnnualisedPerformanceTab -->
