<?xml version="1.0" encoding="UTF-8"?>
<!-- Generated by org.testng.reporters.JUnitReportReporter -->
<testsuite hostname="hydwks135838" name="internationalTests.Canada.PPSS011_Performance_CalendarDataQuarterEnd" tests="1" failures="0" timestamp="31 May 2018 13:46:49 GMT" time="30.834" errors="0">
  <testcase name="validatePerformanceTabCumulativeDataByQuarterEnd" time="30.834" classname="internationalTests.Canada.PPSS011_Performance_CalendarDataQuarterEnd"/>
</testsuite> <!-- internationalTests.Canada.PPSS011_Performance_CalendarDataQuarterEnd -->
