<?xml version="1.0" encoding="UTF-8"?>
<!-- Generated by org.testng.reporters.JUnitReportReporter -->
<testsuite hostname="hydwks135838" name="internationalTests.Italy.PDST005_PriceAndDistributionDividends" tests="1" failures="0" timestamp="14 Mar 2018 09:46:07 GMT" time="57.547" errors="0">
  <testcase name="validatePriceAndDistributionDividendss" time="57.547" classname="internationalTests.Italy.PDST005_PriceAndDistributionDividends"/>
</testsuite> <!-- internationalTests.Italy.PDST005_PriceAndDistributionDividends -->
