<?xml version="1.0" encoding="UTF-8"?>
<!-- Generated by org.testng.reporters.JUnitReportReporter -->
<testsuite hostname="hydwks135838" name="internationalTests.Switzerland.PPSS004_Performance_DiscreteAnnaulDataMonthEnd" tests="1" failures="0" timestamp="19 Mar 2018 12:48:38 GMT" time="40.519" errors="0">
  <testcase name="validatePerformanceTabDiscreteAnnaulDataByMonthEnd" time="40.519" classname="internationalTests.Switzerland.PPSS004_Performance_DiscreteAnnaulDataMonthEnd"/>
</testsuite> <!-- internationalTests.Switzerland.PPSS004_Performance_DiscreteAnnaulDataMonthEnd -->
