<?xml version="1.0" encoding="UTF-8"?>
<!-- Generated by org.testng.reporters.JUnitReportReporter -->
<testsuite hostname="hydwks135838" name="internationalTests.German.FOVW003_Overview_Fund_Information" tests="1" failures="0" timestamp="18 Jul 2018 09:10:34 GMT" time="59.467" errors="0">
  <testcase name="validateFundInfo" time="59.467" classname="internationalTests.German.FOVW003_Overview_Fund_Information"/>
</testsuite> <!-- internationalTests.German.FOVW003_Overview_Fund_Information -->
