<?xml version="1.0" encoding="UTF-8"?>
<!-- Generated by org.testng.reporters.JUnitReportReporter -->
<testsuite hostname="hydwks135838" name="internationalTests.German.PERF019_PerformanceDiscreteAnnualPerformanceMonthEnd" tests="1" failures="0" timestamp="18 Jul 2018 09:11:51 GMT" time="69.241" errors="0">
  <testcase name="validatePerformanceDiscreteAnnualPerformanceMonthEnd" time="69.241" classname="internationalTests.German.PERF019_PerformanceDiscreteAnnualPerformanceMonthEnd"/>
</testsuite> <!-- internationalTests.German.PERF019_PerformanceDiscreteAnnualPerformanceMonthEnd -->
