<?xml version="1.0" encoding="UTF-8"?>
<!-- Generated by org.testng.reporters.JUnitReportReporter -->
<testsuite hostname="hydwks135838" name="internationalTests.Singapore.PERF014_PerformanceCalendarYearPerformanceMonthEnd" tests="1" failures="0" timestamp="27 Mar 2018 07:25:24 GMT" time="58.622" errors="0">
  <testcase name="validatePerformanceCalendarYearPerformanceMonthEnd" time="58.622" classname="internationalTests.Singapore.PERF014_PerformanceCalendarYearPerformanceMonthEnd"/>
</testsuite> <!-- internationalTests.Singapore.PERF014_PerformanceCalendarYearPerformanceMonthEnd -->
