<?xml version="1.0" encoding="UTF-8"?>
<!-- Generated by org.testng.reporters.JUnitReportReporter -->
<testsuite hostname="hydwks135838" name="internationalTests.Offshore.FOVW008_Overview_DividendDistributionYield" tests="1" failures="0" timestamp="9 Oct 2018 08:52:56 GMT" time="82.324" errors="0">
  <testcase name="validateDividendDistributionSection" time="82.324" classname="internationalTests.Offshore.FOVW008_Overview_DividendDistributionYield"/>
</testsuite> <!-- internationalTests.Offshore.FOVW008_Overview_DividendDistributionYield -->
