<?xml version="1.0" encoding="UTF-8"?>
<!-- Generated by org.testng.reporters.JUnitReportReporter -->
<testsuite hostname="hydwks135838" name="internationalTests.Luxembourg.PFOL015_TopRiskAllocationByAssetClass" tests="1" failures="0" timestamp="15 Mar 2018 08:33:46 GMT" time="62.779" errors="0">
  <testcase name="validateTopRiskAllocationByAssetClassWidget" time="62.779" classname="internationalTests.Luxembourg.PFOL015_TopRiskAllocationByAssetClass"/>
</testsuite> <!-- internationalTests.Luxembourg.PFOL015_TopRiskAllocationByAssetClass -->
