<?xml version="1.0" encoding="UTF-8"?>
<!-- Generated by org.testng.reporters.JUnitReportReporter -->
<testsuite hostname="hydwks135838" name="internationalTests.Canada.FOVW004_Overview_Sales_Charge" tests="1" failures="0" timestamp="11 Sep 2018 12:48:40 GMT" time="80.029" errors="0">
  <testcase name="validateSalesCharge" time="80.029" classname="internationalTests.Canada.FOVW004_Overview_Sales_Charge"/>
</testsuite> <!-- internationalTests.Canada.FOVW004_Overview_Sales_Charge -->
