<?xml version="1.0" encoding="UTF-8"?>
<!-- Generated by org.testng.reporters.JUnitReportReporter -->
<testsuite hostname="hydwks135838" name="internationalTests.Switzerland.PERF008_PerformanceAnnualisedPerformanceTab" tests="1" failures="0" timestamp="19 Mar 2018 10:04:21 GMT" time="52.886" errors="0">
  <testcase name="validatePerformanceAnnualisedPerformanceTab" time="52.886" classname="internationalTests.Switzerland.PERF008_PerformanceAnnualisedPerformanceTab"/>
</testsuite> <!-- internationalTests.Switzerland.PERF008_PerformanceAnnualisedPerformanceTab -->
