<?xml version="1.0" encoding="UTF-8"?>
<!-- Generated by org.testng.reporters.JUnitReportReporter -->
<testsuite hostname="hydwks135838" name="internationalTests.UK.PFOL005_GeographicalAllocation" tests="1" failures="0" timestamp="12 Mar 2018 09:23:39 GMT" time="64.878" errors="0">
  <testcase name="validateGeographicalAllocationWidget" time="64.878" classname="internationalTests.UK.PFOL005_GeographicalAllocation"/>
</testsuite> <!-- internationalTests.UK.PFOL005_GeographicalAllocation -->
