<?xml version="1.0" encoding="UTF-8"?>
<!-- Generated by org.testng.reporters.JUnitReportReporter -->
<testsuite hostname="hydwks135838" name="internationalTests.Canada.PERF023_PerformanceCumulativePerformanceViewAllShareClassQuarterEnd" tests="1" failures="0" timestamp="11 Sep 2018 12:50:29 GMT" time="93.584" errors="0">
  <testcase name="validatePerformanceCumulativePerformanceViewAllShareClassQuarterEnd" time="93.584" classname="internationalTests.Canada.PERF023_PerformanceCumulativePerformanceViewAllShareClassQuarterEnd"/>
</testsuite> <!-- internationalTests.Canada.PERF023_PerformanceCumulativePerformanceViewAllShareClassQuarterEnd -->
