<?xml version="1.0" encoding="UTF-8"?>
<!-- Generated by org.testng.reporters.JUnitReportReporter -->
<testsuite hostname="hydwks135838" name="internationalTests.Italy.FOVW005_Overview_Fund_Identifiers" tests="1" failures="0" timestamp="18 Jul 2018 09:56:23 GMT" time="51.818" errors="0">
  <testcase name="validateFundIdentifiers" time="51.818" classname="internationalTests.Italy.FOVW005_Overview_Fund_Identifiers"/>
</testsuite> <!-- internationalTests.Italy.FOVW005_Overview_Fund_Identifiers -->
