<?xml version="1.0" encoding="UTF-8"?>
<!-- Generated by org.testng.reporters.JUnitReportReporter -->
<testsuite hostname="hydwks135838" name="internationalTests.UK.PDST005_PriceAndDistributionDividends" tests="1" failures="0" timestamp="18 Jul 2018 12:10:52 GMT" time="64.445" errors="0">
  <testcase name="validatePriceAndDistributionDividendss" time="64.445" classname="internationalTests.UK.PDST005_PriceAndDistributionDividends"/>
</testsuite> <!-- internationalTests.UK.PDST005_PriceAndDistributionDividends -->
