<?xml version="1.0" encoding="UTF-8"?>
<!-- Generated by org.testng.reporters.JUnitReportReporter -->
<testsuite hostname="HYDNBK136574" name="internationalTests.German.PFOL016_SectorExposure" tests="1" failures="0" timestamp="23 Nov 2018 07:43:54 GMT" time="85.159" errors="0">
  <testcase name="validateSectorExposureWidget" time="85.159" classname="internationalTests.German.PFOL016_SectorExposure"/>
</testsuite> <!-- internationalTests.German.PFOL016_SectorExposure -->
