<?xml version="1.0" encoding="UTF-8"?>
<!-- Generated by org.testng.reporters.JUnitReportReporter -->
<testsuite hostname="hydwks135838" name="internationalTests.Canada.Accounts.ASST003_Assets_FundTab" tests="1" failures="0" timestamp="11 Jun 2018 08:41:51 GMT" time="44.356" errors="0">
  <testcase name="validateAssetSalesAssetClass" time="44.356" classname="internationalTests.Canada.Accounts.ASST003_Assets_FundTab"/>
</testsuite> <!-- internationalTests.Canada.Accounts.ASST003_Assets_FundTab -->
