<?xml version="1.0" encoding="UTF-8"?>
<!-- Generated by org.testng.reporters.JUnitReportReporter -->
<testsuite hostname="hydwks135838" name="internationalTests.UK.PERF005_PerformanceCumulativePerformanceQuarterEnd" tests="1" failures="0" timestamp="2 May 2018 13:08:32 GMT" time="66.381" errors="0">
  <testcase name="validatePerformanceCumulativePerformanceQuarterEnd" time="66.381" classname="internationalTests.UK.PERF005_PerformanceCumulativePerformanceQuarterEnd"/>
</testsuite> <!-- internationalTests.UK.PERF005_PerformanceCumulativePerformanceQuarterEnd -->
