<?xml version="1.0" encoding="UTF-8"?>
<!-- Generated by org.testng.reporters.JUnitReportReporter -->
<testsuite hostname="hydwks135838" name="internationalTests.Singapore.PERF011_PerformanceAnnualisedPerformanceCaveats" tests="1" failures="0" timestamp="27 Mar 2018 07:10:34 GMT" time="59.259" errors="0">
  <testcase name="validatePerformanceAnnualisedPerformanceCaveats" time="59.259" classname="internationalTests.Singapore.PERF011_PerformanceAnnualisedPerformanceCaveats"/>
</testsuite> <!-- internationalTests.Singapore.PERF011_PerformanceAnnualisedPerformanceCaveats -->
