<?xml version="1.0" encoding="UTF-8"?>
<!-- Generated by org.testng.reporters.JUnitReportReporter -->
<testsuite hostname="hydwks135838" name="internationalTests.Singapore.FOVW003_Overview_Fund_Information" tests="1" failures="0" timestamp="18 Jul 2018 10:29:05 GMT" time="59.362" errors="0">
  <testcase name="validateFundInfo" time="59.362" classname="internationalTests.Singapore.FOVW003_Overview_Fund_Information"/>
</testsuite> <!-- internationalTests.Singapore.FOVW003_Overview_Fund_Information -->
