<?xml version="1.0" encoding="UTF-8"?>
<!-- Generated by org.testng.reporters.JUnitReportReporter -->
<testsuite hostname="hydwks135838" name="internationalTests.Offshore.PERF014_PerformanceCalendarYearPerformanceMonthEnd" tests="1" failures="0" timestamp="16 Aug 2018 09:20:37 GMT" time="80.841" errors="0">
  <testcase name="validatePerformanceCalendarYearPerformanceMonthEnd" time="80.841" classname="internationalTests.Offshore.PERF014_PerformanceCalendarYearPerformanceMonthEnd"/>
</testsuite> <!-- internationalTests.Offshore.PERF014_PerformanceCalendarYearPerformanceMonthEnd -->
