<?xml version="1.0" encoding="UTF-8"?>
<!-- Generated by org.testng.reporters.JUnitReportReporter -->
<testsuite hostname="hydwks135838" name="internationalTests.IDE.IDET002_CustServices_SubLinks" tests="1" failures="0" timestamp="15 Jun 2018 10:22:41 GMT" time="43.647" errors="0">
  <testcase name="validateFlow" time="43.647" classname="internationalTests.IDE.IDET002_CustServices_SubLinks"/>
</testsuite> <!-- internationalTests.IDE.IDET002_CustServices_SubLinks -->
