<?xml version="1.0" encoding="UTF-8"?>
<!-- Generated by org.testng.reporters.JUnitReportReporter -->
<testsuite hostname="HYDNBK136589" name="internationalTests.ppssFndIdentifiesrTabFilter" tests="1" failures="0" timestamp="21 Nov 2017 10:38:41 GMT" time="40.558" errors="0">
  <testcase name="ppssFndIdentifiesrTabFilterValidation" time="40.558" classname="internationalTests.ppssFndIdentifiesrTabFilter"/>
</testsuite> <!-- internationalTests.ppssFndIdentifiesrTabFilter -->
