<?xml version="1.0" encoding="UTF-8"?>
<!-- Generated by org.testng.reporters.JUnitReportReporter -->
<testsuite hostname="hydwks135838" name="internationalTests.UK.PERF028_PerformanceDiscreteAnnualPerformanceViewAllShareClassMonthEnd" tests="1" failures="0" timestamp="18 Jul 2018 12:07:36 GMT" time="76.724" errors="0">
  <testcase name="validatePerformanceDiscreteAnnualPerformanceViewAllShareClassMonthEnd" time="76.724" classname="internationalTests.UK.PERF028_PerformanceDiscreteAnnualPerformanceViewAllShareClassMonthEnd"/>
</testsuite> <!-- internationalTests.UK.PERF028_PerformanceDiscreteAnnualPerformanceViewAllShareClassMonthEnd -->
