<?xml version="1.0" encoding="UTF-8"?>
<!-- Generated by org.testng.reporters.JUnitReportReporter -->
<testsuite hostname="hydwks135838" name="internationalTests.Switzerland.PPSS010_Performance_DiscreteAnnaulDataQuarterEnd" tests="1" failures="0" timestamp="19 Mar 2018 12:54:47 GMT" time="39.230" errors="0">
  <testcase name="validatePerformanceTabDiscreteAnnaulDataByQuarterEnd" time="39.230" classname="internationalTests.Switzerland.PPSS010_Performance_DiscreteAnnaulDataQuarterEnd"/>
</testsuite> <!-- internationalTests.Switzerland.PPSS010_Performance_DiscreteAnnaulDataQuarterEnd -->
