<?xml version="1.0" encoding="UTF-8"?>
<!-- Generated by org.testng.reporters.JUnitReportReporter -->
<testsuite hostname="hydwks135838" name="internationalTests.Austria.PPSS008_PPSSPage_FindaFundSection" tests="1" failures="0" timestamp="24 Jul 2018 10:19:49 GMT" time="52.433" errors="0">
  <testcase name="ppssPageFindAFundValidation" time="52.433" classname="internationalTests.Austria.PPSS008_PPSSPage_FindaFundSection"/>
</testsuite> <!-- internationalTests.Austria.PPSS008_PPSSPage_FindaFundSection -->
