<?xml version="1.0" encoding="UTF-8"?>
<!-- Generated by org.testng.reporters.JUnitReportReporter -->
<testsuite hostname="hydwks135838" name="internationalTests.UK.PERF002_PerformanceCumulativePerformanceTab" tests="1" failures="0" timestamp="14 May 2018 06:45:18 GMT" time="67.768" errors="0">
  <testcase name="validatePerformanceCumulativePerformanceTab" time="67.768" classname="internationalTests.UK.PERF002_PerformanceCumulativePerformanceTab"/>
</testsuite> <!-- internationalTests.UK.PERF002_PerformanceCumulativePerformanceTab -->
