<?xml version="1.0" encoding="UTF-8"?>
<!-- Generated by org.testng.reporters.JUnitReportReporter -->
<testsuite hostname="hydwks135838" name="internationalTests.Italy.PERF018_PerformanceDiscreteAnnualPerformanceTab" tests="1" failures="0" timestamp="14 Mar 2018 13:37:58 GMT" time="0.001" errors="1">
  <testcase name="validatePerformanceDiscreteAnnualPerformanceTab" time="0.001" classname="internationalTests.Italy.PERF018_PerformanceDiscreteAnnualPerformanceTab">
    <error type="java.lang.StackOverflowError">
      <![CDATA[java.lang.StackOverflowError
	at java.net.DualStackPlainSocketImpl.waitForConnect(Native Method)
	at java.net.DualStackPlainSocketImpl.socketConnect(DualStackPlainSocketImpl.java:85)
	at java.net.AbstractPlainSocketImpl.doConnect(AbstractPlainSocketImpl.java:350)
	at java.net.AbstractPlainSocketImpl.connectToAddress(AbstractPlainSocketImpl.java:206)
	at java.net.AbstractPlainSocketImpl.connect(AbstractPlainSocketImpl.java:188)
	at java.net.PlainSocketImpl.connect(PlainSocketImpl.java:172)
	at java.net.SocksSocketImpl.connect(SocksSocketImpl.java:392)
	at java.net.Socket.connect(Socket.java:589)
	at org.apache.http.conn.socket.PlainConnectionSocketFactory.connectSocket(PlainConnectionSocketFactory.java:75)
	at org.apache.http.impl.conn.DefaultHttpClientConnectionOperator.connect(DefaultHttpClientConnectionOperator.java:142)
	at org.apache.http.impl.conn.PoolingHttpClientConnectionManager.connect(PoolingHttpClientConnectionManager.java:359)
	at org.apache.http.impl.execchain.MainClientExec.establishRoute(MainClientExec.java:381)
	at org.apache.http.impl.execchain.MainClientExec.execute(MainClientExec.java:237)
	at org.apache.http.impl.execchain.ProtocolExec.execute(ProtocolExec.java:185)
	at org.apache.http.impl.execchain.RetryExec.execute(RetryExec.java:89)
	at org.apache.http.impl.execchain.RedirectExec.execute(RedirectExec.java:111)
	at org.apache.http.impl.client.InternalHttpClient.doExecute(InternalHttpClient.java:185)
	at org.apache.http.impl.client.CloseableHttpClient.execute(CloseableHttpClient.java:72)
	at org.apache.http.impl.client.CloseableHttpClient.execute(CloseableHttpClient.java:56)
	at org.openqa.selenium.remote.internal.ApacheHttpClient.fallBackExecute(ApacheHttpClient.java:138)
	at org.openqa.selenium.remote.internal.ApacheHttpClient.execute(ApacheHttpClient.java:86)
	at org.openqa.selenium.remote.HttpCommandExecutor.execute(HttpCommandExecutor.java:161)
	at org.openqa.selenium.remote.service.DriverCommandExecutor.execute(DriverCommandExecutor.java:83)
	at org.openqa.selenium.remote.RemoteWebDriver.execute(RemoteWebDriver.java:586)
	at org.openqa.selenium.remote.RemoteWebDriver.execute(RemoteWebDriver.java:643)
	at org.openqa.selenium.remote.RemoteWebDriver.getScreenshotAs(RemoteWebDriver.java:328)
	at wdMethods.SeMethods.takeSnap(SeMethods.java:423)
	at utils.Reporter.reportStep(Reporter.java:21)
	at utils.Reporter.reportStep(Reporter.java:45)
	at wdMethods.SeMethods.takeSnap(SeMethods.java:426)
	at utils.Reporter.reportStep(Reporter.java:21)
	at utils.Reporter.reportStep(Reporter.java:45)
	at wdMethods.SeMethods.takeSnap(SeMethods.java:426)
	at utils.Reporter.reportStep(Reporter.java:21)
	at utils.Reporter.reportStep(Reporter.java:45)
	at wdMethods.SeMethods.takeSnap(SeMethods.java:426)
	at utils.Reporter.reportStep(Reporter.java:21)
	at utils.Reporter.reportStep(Reporter.java:45)
	at wdMethods.SeMethods.takeSnap(SeMethods.java:426)
	at utils.Reporter.reportStep(Reporter.java:21)
	at utils.Reporter.reportStep(Reporter.java:45)
	at wdMethods.SeMethods.takeSnap(SeMethods.java:426)
	at utils.Reporter.reportStep(Reporter.java:21)
	at utils.Reporter.reportStep(Reporter.java:45)
	at wdMethods.SeMethods.takeSnap(SeMethods.java:426)
	at utils.Reporter.reportStep(Reporter.java:21)
	at utils.Reporter.reportStep(Reporter.java:45)
	at wdMethods.SeMethods.takeSnap(SeMethods.java:426)
	at utils.Reporter.reportStep(Reporter.java:21)
	at utils.Reporter.reportStep(Reporter.java:45)
	at wdMethods.SeMethods.takeSnap(SeMethods.java:426)
	at utils.Reporter.reportStep(Reporter.java:21)
	at utils.Reporter.reportStep(Reporter.java:45)
	at wdMethods.SeMethods.takeSnap(SeMethods.java:426)
	at utils.Reporter.reportStep(Reporter.java:21)
	at utils.Reporter.reportStep(Reporter.java:45)
	at wdMethods.SeMethods.takeSnap(SeMethods.java:426)
	at utils.Reporter.reportStep(Reporter.java:21)
	at utils.Reporter.reportStep(Reporter.java:45)
	at wdMethods.SeMethods.takeSnap(SeMethods.java:426)
	at utils.Reporter.reportStep(Reporter.java:21)
	at utils.Reporter.reportStep(Reporter.java:45)
	at wdMethods.SeMethods.takeSnap(SeMethods.java:426)
	at utils.Reporter.reportStep(Reporter.java:21)
	at utils.Reporter.reportStep(Reporter.java:45)
	at wdMethods.SeMethods.takeSnap(SeMethods.java:426)
	at utils.Reporter.reportStep(Reporter.java:21)
	at utils.Reporter.reportStep(Reporter.java:45)
	at wdMethods.SeMethods.takeSnap(SeMethods.java:426)
	at utils.Reporter.reportStep(Reporter.java:21)
	at utils.Reporter.reportStep(Reporter.java:45)
	at wdMethods.SeMethods.takeSnap(SeMethods.java:426)
	at utils.Reporter.reportStep(Reporter.java:21)
	at utils.Reporter.reportStep(Reporter.java:45)
	at wdMethods.SeMethods.takeSnap(SeMethods.java:426)
	at utils.Reporter.reportStep(Reporter.java:21)
	at utils.Reporter.reportStep(Reporter.java:45)
	at wdMethods.SeMethods.takeSnap(SeMethods.java:426)
	at utils.Reporter.reportStep(Reporter.java:21)
	at utils.Reporter.reportStep(Reporter.java:45)
	at wdMethods.SeMethods.takeSnap(SeMethods.java:426)
	at utils.Reporter.reportStep(Reporter.java:21)
	at utils.Reporter.reportStep(Reporter.java:45)
	at wdMethods.SeMethods.takeSnap(SeMethods.java:426)
	at utils.Reporter.reportStep(Reporter.java:21)
	at utils.Reporter.reportStep(Reporter.java:45)
	at wdMethods.SeMethods.takeSnap(SeMethods.java:426)
	at utils.Reporter.reportStep(Reporter.java:21)
	at utils.Reporter.reportStep(Reporter.java:45)
	at wdMethods.SeMethods.takeSnap(SeMethods.java:426)
	at utils.Reporter.reportStep(Reporter.java:21)
	at utils.Reporter.reportStep(Reporter.java:45)
	at wdMethods.SeMethods.takeSnap(SeMethods.java:426)
	at utils.Reporter.reportStep(Reporter.java:21)
	at utils.Reporter.reportStep(Reporter.java:45)
	at wdMethods.SeMethods.takeSnap(SeMethods.java:426)
	at utils.Reporter.reportStep(Reporter.java:21)
	at utils.Reporter.reportStep(Reporter.java:45)
	at wdMethods.SeMethods.takeSnap(SeMethods.java:426)
	at utils.Reporter.reportStep(Reporter.java:21)
	at utils.Reporter.reportStep(Reporter.java:45)
	at wdMethods.SeMethods.takeSnap(SeMethods.java:426)
	at utils.Reporter.reportStep(Reporter.java:21)
	at utils.Reporter.reportStep(Reporter.java:45)
	at wdMethods.SeMethods.takeSnap(SeMethods.java:426)
	at utils.Reporter.reportStep(Reporter.java:21)
	at utils.Reporter.reportStep(Reporter.java:45)
	at wdMethods.SeMethods.takeSnap(SeMethods.java:426)
	at utils.Reporter.reportStep(Reporter.java:21)
	at utils.Reporter.reportStep(Reporter.java:45)
	at wdMethods.SeMethods.takeSnap(SeMethods.java:426)
	at utils.Reporter.reportStep(Reporter.java:21)
	at utils.Reporter.reportStep(Reporter.java:45)
	at wdMethods.SeMethods.takeSnap(SeMethods.java:426)
	at utils.Reporter.reportStep(Reporter.java:21)
	at utils.Reporter.reportStep(Reporter.java:45)
	at wdMethods.SeMethods.takeSnap(SeMethods.java:426)
	at utils.Reporter.reportStep(Reporter.java:21)
	at utils.Reporter.reportStep(Reporter.java:45)
	at wdMethods.SeMethods.takeSnap(SeMethods.java:426)
	at utils.Reporter.reportStep(Reporter.java:21)
	at utils.Reporter.reportStep(Reporter.java:45)
	at wdMethods.SeMethods.takeSnap(SeMethods.java:426)
	at utils.Reporter.reportStep(Reporter.java:21)
	at utils.Reporter.reportStep(Reporter.java:45)
	at wdMethods.SeMethods.takeSnap(SeMethods.java:426)
	at utils.Reporter.reportStep(Reporter.java:21)
	at utils.Reporter.reportStep(Reporter.java:45)
	at wdMethods.SeMethods.takeSnap(SeMethods.java:426)
	at utils.Reporter.reportStep(Reporter.java:21)
	at utils.Reporter.reportStep(Reporter.java:45)
	at wdMethods.SeMethods.takeSnap(SeMethods.java:426)
	at utils.Reporter.reportStep(Reporter.java:21)
	at utils.Reporter.reportStep(Reporter.java:45)
	at wdMethods.SeMethods.takeSnap(SeMethods.java:426)
	at utils.Reporter.reportStep(Reporter.java:21)
	at utils.Reporter.reportStep(Reporter.java:45)
	at wdMethods.SeMethods.takeSnap(SeMethods.java:426)
	at utils.Reporter.reportStep(Reporter.java:21)
	at utils.Reporter.reportStep(Reporter.java:45)
	at wdMethods.SeMethods.takeSnap(SeMethods.java:426)
	at utils.Reporter.reportStep(Reporter.java:21)
	at utils.Reporter.reportStep(Reporter.java:45)
	at wdMethods.SeMethods.takeSnap(SeMethods.java:426)
	at utils.Reporter.reportStep(Reporter.java:21)
	at utils.Reporter.reportStep(Reporter.java:45)
	at wdMethods.SeMethods.takeSnap(SeMethods.java:426)
	at utils.Reporter.reportStep(Reporter.java:21)
	at utils.Reporter.reportStep(Reporter.java:45)
	at wdMethods.SeMethods.takeSnap(SeMethods.java:426)
	at utils.Reporter.reportStep(Reporter.java:21)
	at utils.Reporter.reportStep(Reporter.java:45)
	at wdMethods.SeMethods.takeSnap(SeMethods.java:426)
	at utils.Reporter.reportStep(Reporter.java:21)
	at utils.Reporter.reportStep(Reporter.java:45)
	at wdMethods.SeMethods.takeSnap(SeMethods.java:426)
	at utils.Reporter.reportStep(Reporter.java:21)
	at utils.Reporter.reportStep(Reporter.java:45)
	at wdMethods.SeMethods.takeSnap(SeMethods.java:426)
	at utils.Reporter.reportStep(Reporter.java:21)
	at utils.Reporter.reportStep(Reporter.java:45)
	at wdMethods.SeMethods.takeSnap(SeMethods.java:426)
	at utils.Reporter.reportStep(Reporter.java:21)
	at utils.Reporter.reportStep(Reporter.java:45)
	at wdMethods.SeMethods.takeSnap(SeMethods.java:426)
	at utils.Reporter.reportStep(Reporter.java:21)
	at utils.Reporter.reportStep(Reporter.java:45)
	at wdMethods.SeMethods.takeSnap(SeMethods.java:426)
	at utils.Reporter.reportStep(Reporter.java:21)
	at utils.Reporter.reportStep(Reporter.java:45)
	at wdMethods.SeMethods.takeSnap(SeMethods.java:426)
	at utils.Reporter.reportStep(Reporter.java:21)
	at utils.Reporter.reportStep(Reporter.java:45)
	at wdMethods.SeMethods.takeSnap(SeMethods.java:426)
	at utils.Reporter.reportStep(Reporter.java:21)
	at utils.Reporter.reportStep(Reporter.java:45)
	at wdMethods.SeMethods.takeSnap(SeMethods.java:426)
	at utils.Reporter.reportStep(Reporter.java:21)
	at utils.Reporter.reportStep(Reporter.java:45)
	at wdMethods.SeMethods.takeSnap(SeMethods.java:426)
	at utils.Reporter.reportStep(Reporter.java:21)
	at utils.Reporter.reportStep(Reporter.java:45)
	at wdMethods.SeMethods.takeSnap(SeMethods.java:426)
	at utils.Reporter.reportStep(Reporter.java:21)
	at utils.Reporter.reportStep(Reporter.java:45)
	at wdMethods.SeMethods.takeSnap(SeMethods.java:426)
	at utils.Reporter.reportStep(Reporter.java:21)
	at utils.Reporter.reportStep(Reporter.java:45)
	at wdMethods.SeMethods.takeSnap(SeMethods.java:426)
	at utils.Reporter.reportStep(Reporter.java:21)
	at utils.Reporter.reportStep(Reporter.java:45)
	at wdMethods.SeMethods.takeSnap(SeMethods.java:426)
	at utils.Reporter.reportStep(Reporter.java:21)
	at utils.Reporter.reportStep(Reporter.java:45)
	at wdMethods.SeMethods.takeSnap(SeMethods.java:426)
	at utils.Reporter.reportStep(Reporter.java:21)
	at utils.Reporter.reportStep(Reporter.java:45)
	at wdMethods.SeMethods.takeSnap(SeMethods.java:426)
	at utils.Reporter.reportStep(Reporter.java:21)
	at utils.Reporter.reportStep(Reporter.java:45)
	at wdMethods.SeMethods.takeSnap(SeMethods.java:426)
	at utils.Reporter.reportStep(Reporter.java:21)
	at utils.Reporter.reportStep(Reporter.java:45)
	at wdMethods.SeMethods.takeSnap(SeMethods.java:426)
	at utils.Reporter.reportStep(Reporter.java:21)
	at utils.Reporter.reportStep(Reporter.java:45)
	at wdMethods.SeMethods.takeSnap(SeMethods.java:426)
	at utils.Reporter.reportStep(Reporter.java:21)
	at utils.Reporter.reportStep(Reporter.java:45)
	at wdMethods.SeMethods.takeSnap(SeMethods.java:426)
	at utils.Reporter.reportStep(Reporter.java:21)
	at utils.Reporter.reportStep(Reporter.java:45)
	at wdMethods.SeMethods.takeSnap(SeMethods.java:426)
	at utils.Reporter.reportStep(Reporter.java:21)
	at utils.Reporter.reportStep(Reporter.java:45)
	at wdMethods.SeMethods.takeSnap(SeMethods.java:426)
	at utils.Reporter.reportStep(Reporter.java:21)
	at utils.Reporter.reportStep(Reporter.java:45)
	at wdMethods.SeMethods.takeSnap(SeMethods.java:426)
	at utils.Reporter.reportStep(Reporter.java:21)
	at utils.Reporter.reportStep(Reporter.java:45)
	at wdMethods.SeMethods.takeSnap(SeMethods.java:426)
	at utils.Reporter.reportStep(Reporter.java:21)
	at utils.Reporter.reportStep(Reporter.java:45)
	at wdMethods.SeMethods.takeSnap(SeMethods.java:426)
	at utils.Reporter.reportStep(Reporter.java:21)
	at utils.Reporter.reportStep(Reporter.java:45)
	at wdMethods.SeMethods.takeSnap(SeMethods.java:426)
	at utils.Reporter.reportStep(Reporter.java:21)
	at utils.Reporter.reportStep(Reporter.java:45)
	at wdMethods.SeMethods.takeSnap(SeMethods.java:426)
	at utils.Reporter.reportStep(Reporter.java:21)
	at utils.Reporter.reportStep(Reporter.java:45)
	at wdMethods.SeMethods.takeSnap(SeMethods.java:426)
	at utils.Reporter.reportStep(Reporter.java:21)
	at utils.Reporter.reportStep(Reporter.java:45)
	at wdMethods.SeMethods.takeSnap(SeMethods.java:426)
	at utils.Reporter.reportStep(Reporter.java:21)
	at utils.Reporter.reportStep(Reporter.java:45)
	at wdMethods.SeMethods.takeSnap(SeMethods.java:426)
	at utils.Reporter.reportStep(Reporter.java:21)
	at utils.Reporter.reportStep(Reporter.java:45)
	at wdMethods.SeMethods.takeSnap(SeMethods.java:426)
	at utils.Reporter.reportStep(Reporter.java:21)
	at utils.Reporter.reportStep(Reporter.java:45)
	at wdMethods.SeMethods.takeSnap(SeMethods.java:426)
	at utils.Reporter.reportStep(Reporter.java:21)
	at utils.Reporter.reportStep(Reporter.java:45)
	at wdMethods.SeMethods.takeSnap(SeMethods.java:426)
	at utils.Reporter.reportStep(Reporter.java:21)
	at utils.Reporter.reportStep(Reporter.java:45)
	at wdMethods.SeMethods.takeSnap(SeMethods.java:426)
	at utils.Reporter.reportStep(Reporter.java:21)
	at utils.Reporter.reportStep(Reporter.java:45)
	at wdMethods.SeMethods.takeSnap(SeMethods.java:426)
	at utils.Reporter.reportStep(Reporter.java:21)
	at utils.Reporter.reportStep(Reporter.java:45)
	at wdMethods.SeMethods.takeSnap(SeMethods.java:426)
	at utils.Reporter.reportStep(Reporter.java:21)
	at utils.Reporter.reportStep(Reporter.java:45)
	at wdMethods.SeMethods.takeSnap(SeMethods.java:426)
	at utils.Reporter.reportStep(Reporter.java:21)
	at utils.Reporter.reportStep(Reporter.java:45)
	at wdMethods.SeMethods.takeSnap(SeMethods.java:426)
	at utils.Reporter.reportStep(Reporter.java:21)
	at utils.Reporter.reportStep(Reporter.java:45)
	at wdMethods.SeMethods.takeSnap(SeMethods.java:426)
	at utils.Reporter.reportStep(Reporter.java:21)
	at utils.Reporter.reportStep(Reporter.java:45)
	at wdMethods.SeMethods.takeSnap(SeMethods.java:426)
	at utils.Reporter.reportStep(Reporter.java:21)
	at utils.Reporter.reportStep(Reporter.java:45)
	at wdMethods.SeMethods.takeSnap(SeMethods.java:426)
	at utils.Reporter.reportStep(Reporter.java:21)
	at utils.Reporter.reportStep(Reporter.java:45)
	at wdMethods.SeMethods.takeSnap(SeMethods.java:426)
	at utils.Reporter.reportStep(Reporter.java:21)
	at utils.Reporter.reportStep(Reporter.java:45)
	at wdMethods.SeMethods.takeSnap(SeMethods.java:426)
	at utils.Reporter.reportStep(Reporter.java:21)
	at utils.Reporter.reportStep(Reporter.java:45)
	at wdMethods.SeMethods.takeSnap(SeMethods.java:426)
	at utils.Reporter.reportStep(Reporter.java:21)
	at utils.Reporter.reportStep(Reporter.java:45)
	at wdMethods.SeMethods.takeSnap(SeMethods.java:426)
	at utils.Reporter.reportStep(Reporter.java:21)
	at utils.Reporter.reportStep(Reporter.java:45)
	at wdMethods.SeMethods.takeSnap(SeMethods.java:426)
	at utils.Reporter.reportStep(Reporter.java:21)
	at utils.Reporter.reportStep(Reporter.java:45)
	at wdMethods.SeMethods.takeSnap(SeMethods.java:426)
	at utils.Reporter.reportStep(Reporter.java:21)
	at utils.Reporter.reportStep(Reporter.java:45)
	at wdMethods.SeMethods.takeSnap(SeMethods.java:426)
	at utils.Reporter.reportStep(Reporter.java:21)
	at utils.Reporter.reportStep(Reporter.java:45)
	at wdMethods.SeMethods.takeSnap(SeMethods.java:426)
	at utils.Reporter.reportStep(Reporter.java:21)
	at utils.Reporter.reportStep(Reporter.java:45)
	at wdMethods.SeMethods.takeSnap(SeMethods.java:426)
	at utils.Reporter.reportStep(Reporter.java:21)
	at utils.Reporter.reportStep(Reporter.java:45)
	at wdMethods.SeMethods.takeSnap(SeMethods.java:426)
	at utils.Reporter.reportStep(Reporter.java:21)
	at utils.Reporter.reportStep(Reporter.java:45)
	at wdMethods.SeMethods.takeSnap(SeMethods.java:426)
	at utils.Reporter.reportStep(Reporter.java:21)
	at utils.Reporter.reportStep(Reporter.java:45)
	at wdMethods.SeMethods.takeSnap(SeMethods.java:426)
	at utils.Reporter.reportStep(Reporter.java:21)
	at utils.Reporter.reportStep(Reporter.java:45)
	at wdMethods.SeMethods.takeSnap(SeMethods.java:426)
	at utils.Reporter.reportStep(Reporter.java:21)
	at utils.Reporter.reportStep(Reporter.java:45)
	at wdMethods.SeMethods.takeSnap(SeMethods.java:426)
	at utils.Reporter.reportStep(Reporter.java:21)
	at utils.Reporter.reportStep(Reporter.java:45)
	at wdMethods.SeMethods.takeSnap(SeMethods.java:426)
	at utils.Reporter.reportStep(Reporter.java:21)
	at utils.Reporter.reportStep(Reporter.java:45)
	at wdMethods.SeMethods.takeSnap(SeMethods.java:426)
	at utils.Reporter.reportStep(Reporter.java:21)
	at utils.Reporter.reportStep(Reporter.java:45)
	at wdMethods.SeMethods.takeSnap(SeMethods.java:426)
	at utils.Reporter.reportStep(Reporter.java:21)
	at utils.Reporter.reportStep(Reporter.java:45)
	at wdMethods.SeMethods.takeSnap(SeMethods.java:426)
	at utils.Reporter.reportStep(Reporter.java:21)
	at utils.Reporter.reportStep(Reporter.java:45)
	at wdMethods.SeMethods.takeSnap(SeMethods.java:426)
	at utils.Reporter.reportStep(Reporter.java:21)
	at utils.Reporter.reportStep(Reporter.java:45)
	at wdMethods.SeMethods.takeSnap(SeMethods.java:426)
	at utils.Reporter.reportStep(Reporter.java:21)
	at utils.Reporter.reportStep(Reporter.java:45)
	at wdMethods.SeMethods.takeSnap(SeMethods.java:426)
	at utils.Reporter.reportStep(Reporter.java:21)
	at utils.Reporter.reportStep(Reporter.java:45)
	at wdMethods.SeMethods.takeSnap(SeMethods.java:426)
	at utils.Reporter.reportStep(Reporter.java:21)
	at utils.Reporter.reportStep(Reporter.java:45)
	at wdMethods.SeMethods.takeSnap(SeMethods.java:426)
	at utils.Reporter.reportStep(Reporter.java:21)
	at utils.Reporter.reportStep(Reporter.java:45)
	at wdMethods.SeMethods.takeSnap(SeMethods.java:426)
	at utils.Reporter.reportStep(Reporter.java:21)
	at utils.Reporter.reportStep(Reporter.java:45)
	at wdMethods.SeMethods.takeSnap(SeMethods.java:426)
	at utils.Reporter.reportStep(Reporter.java:21)
	at utils.Reporter.reportStep(Reporter.java:45)
	at wdMethods.SeMethods.takeSnap(SeMethods.java:426)
	at utils.Reporter.reportStep(Reporter.java:21)
	at utils.Reporter.reportStep(Reporter.java:45)
	at wdMethods.SeMethods.takeSnap(SeMethods.java:426)
	at utils.Reporter.reportStep(Reporter.java:21)
	at utils.Reporter.reportStep(Reporter.java:45)
	at wdMethods.SeMethods.takeSnap(SeMethods.java:426)
	at utils.Reporter.reportStep(Reporter.java:21)
	at utils.Reporter.reportStep(Reporter.java:45)
	at wdMethods.SeMethods.takeSnap(SeMethods.java:426)
	at utils.Reporter.reportStep(Reporter.java:21)
	at utils.Reporter.reportStep(Reporter.java:45)
	at wdMethods.SeMethods.takeSnap(SeMethods.java:426)
	at utils.Reporter.reportStep(Reporter.java:21)
	at utils.Reporter.reportStep(Reporter.java:45)
	at wdMethods.SeMethods.takeSnap(SeMethods.java:426)
	at utils.Reporter.reportStep(Reporter.java:21)
	at utils.Reporter.reportStep(Reporter.java:45)
	at wdMethods.SeMethods.takeSnap(SeMethods.java:426)
	at utils.Reporter.reportStep(Reporter.java:21)
	at utils.Reporter.reportStep(Reporter.java:45)
	at wdMethods.SeMethods.takeSnap(SeMethods.java:426)
	at utils.Reporter.reportStep(Reporter.java:21)
	at utils.Reporter.reportStep(Reporter.java:45)
	at wdMethods.SeMethods.takeSnap(SeMethods.java:426)
	at utils.Reporter.reportStep(Reporter.java:21)
	at utils.Reporter.reportStep(Reporter.java:45)
	at wdMethods.SeMethods.takeSnap(SeMethods.java:426)
	at utils.Reporter.reportStep(Reporter.java:21)
	at utils.Reporter.reportStep(Reporter.java:45)
	at wdMethods.SeMethods.takeSnap(SeMethods.java:426)
	at utils.Reporter.reportStep(Reporter.java:21)
	at utils.Reporter.reportStep(Reporter.java:45)
	at wdMethods.SeMethods.takeSnap(SeMethods.java:426)
	at utils.Reporter.reportStep(Reporter.java:21)
	at utils.Reporter.reportStep(Reporter.java:45)
	at wdMethods.SeMethods.takeSnap(SeMethods.java:426)
	at utils.Reporter.reportStep(Reporter.java:21)
	at utils.Reporter.reportStep(Reporter.java:45)
	at wdMethods.SeMethods.takeSnap(SeMethods.java:426)
	at utils.Reporter.reportStep(Reporter.java:21)
	at utils.Reporter.reportStep(Reporter.java:45)
	at wdMethods.SeMethods.takeSnap(SeMethods.java:426)
	at utils.Reporter.reportStep(Reporter.java:21)
	at utils.Reporter.reportStep(Reporter.java:45)
	at wdMethods.SeMethods.takeSnap(SeMethods.java:426)
	at utils.Reporter.reportStep(Reporter.java:21)
	at utils.Reporter.reportStep(Reporter.java:45)
	at wdMethods.SeMethods.takeSnap(SeMethods.java:426)
	at utils.Reporter.reportStep(Reporter.java:21)
	at utils.Reporter.reportStep(Reporter.java:45)
	at wdMethods.SeMethods.takeSnap(SeMethods.java:426)
	at utils.Reporter.reportStep(Reporter.java:21)
	at utils.Reporter.reportStep(Reporter.java:45)
	at wdMethods.SeMethods.takeSnap(SeMethods.java:426)
	at utils.Reporter.reportStep(Reporter.java:21)
	at utils.Reporter.reportStep(Reporter.java:45)
	at wdMethods.SeMethods.takeSnap(SeMethods.java:426)
	at utils.Reporter.reportStep(Reporter.java:21)
	at utils.Reporter.reportStep(Reporter.java:45)
	at wdMethods.SeMethods.takeSnap(SeMethods.java:426)
	at utils.Reporter.reportStep(Reporter.java:21)
	at utils.Reporter.reportStep(Reporter.java:45)
	at wdMethods.SeMethods.takeSnap(SeMethods.java:426)
	at utils.Reporter.reportStep(Reporter.java:21)
	at utils.Reporter.reportStep(Reporter.java:45)
	at wdMethods.SeMethods.takeSnap(SeMethods.java:426)
	at utils.Reporter.reportStep(Reporter.java:21)
	at utils.Reporter.reportStep(Reporter.java:45)
	at wdMethods.SeMethods.takeSnap(SeMethods.java:426)
	at utils.Reporter.reportStep(Reporter.java:21)
	at utils.Reporter.reportStep(Reporter.java:45)
	at wdMethods.SeMethods.takeSnap(SeMethods.java:426)
	at utils.Reporter.reportStep(Reporter.java:21)
	at utils.Reporter.reportStep(Reporter.java:45)
	at wdMethods.SeMethods.takeSnap(SeMethods.java:426)
	at utils.Reporter.reportStep(Reporter.java:21)
	at utils.Reporter.reportStep(Reporter.java:45)
	at wdMethods.SeMethods.takeSnap(SeMethods.java:426)
	at utils.Reporter.reportStep(Reporter.java:21)
	at utils.Reporter.reportStep(Reporter.java:45)
	at wdMethods.SeMethods.takeSnap(SeMethods.java:426)
	at utils.Reporter.reportStep(Reporter.java:21)
	at utils.Reporter.reportStep(Reporter.java:45)
	at wdMethods.SeMethods.takeSnap(SeMethods.java:426)
	at utils.Reporter.reportStep(Reporter.java:21)
	at utils.Reporter.reportStep(Reporter.java:45)
	at wdMethods.SeMethods.takeSnap(SeMethods.java:426)
	at utils.Reporter.reportStep(Reporter.java:21)
	at utils.Reporter.reportStep(Reporter.java:45)
	at wdMethods.SeMethods.takeSnap(SeMethods.java:426)
	at utils.Reporter.reportStep(Reporter.java:21)
	at utils.Reporter.reportStep(Reporter.java:45)
	at wdMethods.SeMethods.takeSnap(SeMethods.java:426)
	at utils.Reporter.reportStep(Reporter.java:21)
	at utils.Reporter.reportStep(Reporter.java:45)
	at wdMethods.SeMethods.takeSnap(SeMethods.java:426)
	at utils.Reporter.reportStep(Reporter.java:21)
	at utils.Reporter.reportStep(Reporter.java:45)
	at wdMethods.SeMethods.takeSnap(SeMethods.java:426)
	at utils.Reporter.reportStep(Reporter.java:21)
	at utils.Reporter.reportStep(Reporter.java:45)
	at wdMethods.SeMethods.takeSnap(SeMethods.java:426)
	at utils.Reporter.reportStep(Reporter.java:21)
	at utils.Reporter.reportStep(Reporter.java:45)
	at wdMethods.SeMethods.takeSnap(SeMethods.java:426)
	at utils.Reporter.reportStep(Reporter.java:21)
	at utils.Reporter.reportStep(Reporter.java:45)
	at wdMethods.SeMethods.takeSnap(SeMethods.java:426)
	at utils.Reporter.reportStep(Reporter.java:21)
	at utils.Reporter.reportStep(Reporter.java:45)
	at wdMethods.SeMethods.takeSnap(SeMethods.java:426)
	at utils.Reporter.reportStep(Reporter.java:21)
	at utils.Reporter.reportStep(Reporter.java:45)
	at wdMethods.SeMethods.takeSnap(SeMethods.java:426)
	at utils.Reporter.reportStep(Reporter.java:21)
	at utils.Reporter.reportStep(Reporter.java:45)
	at wdMethods.SeMethods.takeSnap(SeMethods.java:426)
	at utils.Reporter.reportStep(Reporter.java:21)
	at utils.Reporter.reportStep(Reporter.java:45)
	at wdMethods.SeMethods.takeSnap(SeMethods.java:426)
	at utils.Reporter.reportStep(Reporter.java:21)
	at utils.Reporter.reportStep(Reporter.java:45)
	at wdMethods.SeMethods.takeSnap(SeMethods.java:426)
	at utils.Reporter.reportStep(Reporter.java:21)
	at utils.Reporter.reportStep(Reporter.java:45)
	at wdMethods.SeMethods.takeSnap(SeMethods.java:426)
	at utils.Reporter.reportStep(Reporter.java:21)
	at utils.Reporter.reportStep(Reporter.java:45)
	at wdMethods.SeMethods.takeSnap(SeMethods.java:426)
	at utils.Reporter.reportStep(Reporter.java:21)
	at utils.Reporter.reportStep(Reporter.java:45)
	at wdMethods.SeMethods.takeSnap(SeMethods.java:426)
	at utils.Reporter.reportStep(Reporter.java:21)
	at utils.Reporter.reportStep(Reporter.java:45)
	at wdMethods.SeMethods.takeSnap(SeMethods.java:426)
	at utils.Reporter.reportStep(Reporter.java:21)
	at utils.Reporter.reportStep(Reporter.java:45)
	at wdMethods.SeMethods.takeSnap(SeMethods.java:426)
	at utils.Reporter.reportStep(Reporter.java:21)
	at utils.Reporter.reportStep(Reporter.java:45)
	at wdMethods.SeMethods.takeSnap(SeMethods.java:426)
	at utils.Reporter.reportStep(Reporter.java:21)
	at utils.Reporter.reportStep(Reporter.java:45)
	at wdMethods.SeMethods.takeSnap(SeMethods.java:426)
	at utils.Reporter.reportStep(Reporter.java:21)
	at utils.Reporter.reportStep(Reporter.java:45)
	at wdMethods.SeMethods.takeSnap(SeMethods.java:426)
	at utils.Reporter.reportStep(Reporter.java:21)
	at utils.Reporter.reportStep(Reporter.java:45)
	at wdMethods.SeMethods.takeSnap(SeMethods.java:426)
	at utils.Reporter.reportStep(Reporter.java:21)
	at utils.Reporter.reportStep(Reporter.java:45)
	at wdMethods.SeMethods.takeSnap(SeMethods.java:426)
	at utils.Reporter.reportStep(Reporter.java:21)
	at utils.Reporter.reportStep(Reporter.java:45)
	at wdMethods.SeMethods.takeSnap(SeMethods.java:426)
	at utils.Reporter.reportStep(Reporter.java:21)
	at utils.Reporter.reportStep(Reporter.java:45)
	at wdMethods.SeMethods.takeSnap(SeMethods.java:426)
	at utils.Reporter.reportStep(Reporter.java:21)
	at utils.Reporter.reportStep(Reporter.java:45)
	at wdMethods.SeMethods.takeSnap(SeMethods.java:426)
	at utils.Reporter.reportStep(Reporter.java:21)
	at utils.Reporter.reportStep(Reporter.java:45)
	at wdMethods.SeMethods.takeSnap(SeMethods.java:426)
	at utils.Reporter.reportStep(Reporter.java:21)
	at utils.Reporter.reportStep(Reporter.java:45)
	at wdMethods.SeMethods.takeSnap(SeMethods.java:426)
	at utils.Reporter.reportStep(Reporter.java:21)
	at utils.Reporter.reportStep(Reporter.java:45)
	at wdMethods.SeMethods.takeSnap(SeMethods.java:426)
	at utils.Reporter.reportStep(Reporter.java:21)
	at utils.Reporter.reportStep(Reporter.java:45)
	at wdMethods.SeMethods.takeSnap(SeMethods.java:426)
	at utils.Reporter.reportStep(Reporter.java:21)
	at utils.Reporter.reportStep(Reporter.java:45)
	at wdMethods.SeMethods.takeSnap(SeMethods.java:426)
	at utils.Reporter.reportStep(Reporter.java:21)
	at utils.Reporter.reportStep(Reporter.java:45)
	at wdMethods.SeMethods.takeSnap(SeMethods.java:426)
	at utils.Reporter.reportStep(Reporter.java:21)
	at utils.Reporter.reportStep(Reporter.java:45)
	at wdMethods.SeMethods.takeSnap(SeMethods.java:426)
	at utils.Reporter.reportStep(Reporter.java:21)
	at utils.Reporter.reportStep(Reporter.java:45)
	at wdMethods.SeMethods.takeSnap(SeMethods.java:426)
	at utils.Reporter.reportStep(Reporter.java:21)
	at utils.Reporter.reportStep(Reporter.java:45)
	at wdMethods.SeMethods.takeSnap(SeMethods.java:426)
	at utils.Reporter.reportStep(Reporter.java:21)
	at utils.Reporter.reportStep(Reporter.java:45)
	at wdMethods.SeMethods.takeSnap(SeMethods.java:426)
	at utils.Reporter.reportStep(Reporter.java:21)
	at utils.Reporter.reportStep(Reporter.java:45)
	at wdMethods.SeMethods.takeSnap(SeMethods.java:426)
	at utils.Reporter.reportStep(Reporter.java:21)
	at utils.Reporter.reportStep(Reporter.java:45)
	at wdMethods.SeMethods.takeSnap(SeMethods.java:426)
	at utils.Reporter.reportStep(Reporter.java:21)
	at utils.Reporter.reportStep(Reporter.java:45)
	at wdMethods.SeMethods.takeSnap(SeMethods.java:426)
	at utils.Reporter.reportStep(Reporter.java:21)
	at utils.Reporter.reportStep(Reporter.java:45)
	at wdMethods.SeMethods.takeSnap(SeMethods.java:426)
	at utils.Reporter.reportStep(Reporter.java:21)
	at utils.Reporter.reportStep(Reporter.java:45)
	at wdMethods.SeMethods.takeSnap(SeMethods.java:426)
	at utils.Reporter.reportStep(Reporter.java:21)
	at utils.Reporter.reportStep(Reporter.java:45)
	at wdMethods.SeMethods.takeSnap(SeMethods.java:426)
	at utils.Reporter.reportStep(Reporter.java:21)
	at utils.Reporter.reportStep(Reporter.java:45)
	at wdMethods.SeMethods.takeSnap(SeMethods.java:426)
	at utils.Reporter.reportStep(Reporter.java:21)
	at utils.Reporter.reportStep(Reporter.java:45)
	at wdMethods.SeMethods.takeSnap(SeMethods.java:426)
	at utils.Reporter.reportStep(Reporter.java:21)
	at utils.Reporter.reportStep(Reporter.java:45)
	at wdMethods.SeMethods.takeSnap(SeMethods.java:426)
	at utils.Reporter.reportStep(Reporter.java:21)
	at utils.Reporter.reportStep(Reporter.java:45)
	at wdMethods.SeMethods.takeSnap(SeMethods.java:426)
	at utils.Reporter.reportStep(Reporter.java:21)
	at utils.Reporter.reportStep(Reporter.java:45)
	at wdMethods.SeMethods.takeSnap(SeMethods.java:426)
	at utils.Reporter.reportStep(Reporter.java:21)
	at utils.Reporter.reportStep(Reporter.java:45)
	at wdMethods.SeMethods.takeSnap(SeMethods.java:426)
	at utils.Reporter.reportStep(Reporter.java:21)
	at utils.Reporter.reportStep(Reporter.java:45)
	at wdMethods.SeMethods.takeSnap(SeMethods.java:426)
	at utils.Reporter.reportStep(Reporter.java:21)
	at utils.Reporter.reportStep(Reporter.java:45)
	at wdMethods.SeMethods.takeSnap(SeMethods.java:426)
	at utils.Reporter.reportStep(Reporter.java:21)
	at utils.Reporter.reportStep(Reporter.java:45)
	at wdMethods.SeMethods.takeSnap(SeMethods.java:426)
	at utils.Reporter.reportStep(Reporter.java:21)
	at utils.Reporter.reportStep(Reporter.java:45)
	at wdMethods.SeMethods.takeSnap(SeMethods.java:426)
	at utils.Reporter.reportStep(Reporter.java:21)
	at utils.Reporter.reportStep(Reporter.java:45)
	at wdMethods.SeMethods.takeSnap(SeMethods.java:426)
	at utils.Reporter.reportStep(Reporter.java:21)
	at utils.Reporter.reportStep(Reporter.java:45)
	at wdMethods.SeMethods.takeSnap(SeMethods.java:426)
	at utils.Reporter.reportStep(Reporter.java:21)
	at utils.Reporter.reportStep(Reporter.java:45)
	at wdMethods.SeMethods.takeSnap(SeMethods.java:426)
	at utils.Reporter.reportStep(Reporter.java:21)
	at utils.Reporter.reportStep(Reporter.java:45)
	at wdMethods.SeMethods.takeSnap(SeMethods.java:426)
	at utils.Reporter.reportStep(Reporter.java:21)
	at utils.Reporter.reportStep(Reporter.java:45)
	at wdMethods.SeMethods.takeSnap(SeMethods.java:426)
	at utils.Reporter.reportStep(Reporter.java:21)
	at utils.Reporter.reportStep(Reporter.java:45)
	at wdMethods.SeMethods.takeSnap(SeMethods.java:426)
	at utils.Reporter.reportStep(Reporter.java:21)
	at utils.Reporter.reportStep(Reporter.java:45)
	at wdMethods.SeMethods.takeSnap(SeMethods.java:426)
	at utils.Reporter.reportStep(Reporter.java:21)
	at utils.Reporter.reportStep(Reporter.java:45)
	at wdMethods.SeMethods.takeSnap(SeMethods.java:426)
	at utils.Reporter.reportStep(Reporter.java:21)
	at utils.Reporter.reportStep(Reporter.java:45)
	at wdMethods.SeMethods.takeSnap(SeMethods.java:426)
	at utils.Reporter.reportStep(Reporter.java:21)
	at utils.Reporter.reportStep(Reporter.java:45)
	at wdMethods.SeMethods.takeSnap(SeMethods.java:426)
	at utils.Reporter.reportStep(Reporter.java:21)
	at utils.Reporter.reportStep(Reporter.java:45)
	at wdMethods.SeMethods.takeSnap(SeMethods.java:426)
	at utils.Reporter.reportStep(Reporter.java:21)
	at utils.Reporter.reportStep(Reporter.java:45)
	at wdMethods.SeMethods.takeSnap(SeMethods.java:426)
	at utils.Reporter.reportStep(Reporter.java:21)
	at utils.Reporter.reportStep(Reporter.java:45)
	at wdMethods.SeMethods.takeSnap(SeMethods.java:426)
	at utils.Reporter.reportStep(Reporter.java:21)
	at utils.Reporter.reportStep(Reporter.java:45)
	at wdMethods.SeMethods.takeSnap(SeMethods.java:426)
	at utils.Reporter.reportStep(Reporter.java:21)
	at utils.Reporter.reportStep(Reporter.java:45)
	at wdMethods.SeMethods.takeSnap(SeMethods.java:426)
	at utils.Reporter.reportStep(Reporter.java:21)
	at utils.Reporter.reportStep(Reporter.java:45)
	at wdMethods.SeMethods.takeSnap(SeMethods.java:426)
	at utils.Reporter.reportStep(Reporter.java:21)
	at utils.Reporter.reportStep(Reporter.java:45)
	at wdMethods.SeMethods.takeSnap(SeMethods.java:426)
	at utils.Reporter.reportStep(Reporter.java:21)
	at utils.Reporter.reportStep(Reporter.java:45)
	at wdMethods.SeMethods.takeSnap(SeMethods.java:426)
	at utils.Reporter.reportStep(Reporter.java:21)
	at utils.Reporter.reportStep(Reporter.java:45)
	at wdMethods.SeMethods.takeSnap(SeMethods.java:426)
	at utils.Reporter.reportStep(Reporter.java:21)
	at utils.Reporter.reportStep(Reporter.java:45)
	at wdMethods.SeMethods.takeSnap(SeMethods.java:426)
	at utils.Reporter.reportStep(Reporter.java:21)
	at utils.Reporter.reportStep(Reporter.java:45)
	at wdMethods.SeMethods.takeSnap(SeMethods.java:426)
	at utils.Reporter.reportStep(Reporter.java:21)
	at utils.Reporter.reportStep(Reporter.java:45)
	at wdMethods.SeMethods.takeSnap(SeMethods.java:426)
	at utils.Reporter.reportStep(Reporter.java:21)
	at utils.Reporter.reportStep(Reporter.java:45)
	at wdMethods.SeMethods.takeSnap(SeMethods.java:426)
	at utils.Reporter.reportStep(Reporter.java:21)
	at utils.Reporter.reportStep(Reporter.java:45)
	at wdMethods.SeMethods.takeSnap(SeMethods.java:426)
	at utils.Reporter.reportStep(Reporter.java:21)
	at utils.Reporter.reportStep(Reporter.java:45)
	at wdMethods.SeMethods.takeSnap(SeMethods.java:426)
	at utils.Reporter.reportStep(Reporter.java:21)
	at utils.Reporter.reportStep(Reporter.java:45)
	at wdMethods.SeMethods.takeSnap(SeMethods.java:426)
	at utils.Reporter.reportStep(Reporter.java:21)
	at utils.Reporter.reportStep(Reporter.java:45)
	at wdMethods.SeMethods.takeSnap(SeMethods.java:426)
	at utils.Reporter.reportStep(Reporter.java:21)
	at utils.Reporter.reportStep(Reporter.java:45)
	at wdMethods.SeMethods.takeSnap(SeMethods.java:426)
	at utils.Reporter.reportStep(Reporter.java:21)
	at utils.Reporter.reportStep(Reporter.java:45)
	at wdMethods.SeMethods.takeSnap(SeMethods.java:426)
	at utils.Reporter.reportStep(Reporter.java:21)
	at utils.Reporter.reportStep(Reporter.java:45)
	at wdMethods.SeMethods.takeSnap(SeMethods.java:426)
	at utils.Reporter.reportStep(Reporter.java:21)
	at utils.Reporter.reportStep(Reporter.java:45)
	at wdMethods.SeMethods.takeSnap(SeMethods.java:426)
	at utils.Reporter.reportStep(Reporter.java:21)
	at utils.Reporter.reportStep(Reporter.java:45)
	at wdMethods.SeMethods.takeSnap(SeMethods.java:426)
	at utils.Reporter.reportStep(Reporter.java:21)
	at utils.Reporter.reportStep(Reporter.java:45)
	at wdMethods.SeMethods.takeSnap(SeMethods.java:426)
	at utils.Reporter.reportStep(Reporter.java:21)
	at utils.Reporter.reportStep(Reporter.java:45)
	at wdMethods.SeMethods.takeSnap(SeMethods.java:426)
	at utils.Reporter.reportStep(Reporter.java:21)
	at utils.Reporter.reportStep(Reporter.java:45)
	at wdMethods.SeMethods.takeSnap(SeMethods.java:426)
	at utils.Reporter.reportStep(Reporter.java:21)
	at utils.Reporter.reportStep(Reporter.java:45)
	at wdMethods.SeMethods.takeSnap(SeMethods.java:426)
	at utils.Reporter.reportStep(Reporter.java:21)
	at utils.Reporter.reportStep(Reporter.java:45)
	at wdMethods.SeMethods.takeSnap(SeMethods.java:426)
	at utils.Reporter.reportStep(Reporter.java:21)
	at utils.Reporter.reportStep(Reporter.java:45)
	at wdMethods.SeMethods.takeSnap(SeMethods.java:426)
	at utils.Reporter.reportStep(Reporter.java:21)
	at utils.Reporter.reportStep(Reporter.java:45)
	at wdMethods.SeMethods.takeSnap(SeMethods.java:426)
	at utils.Reporter.reportStep(Reporter.java:21)
	at utils.Reporter.reportStep(Reporter.java:45)
	at wdMethods.SeMethods.takeSnap(SeMethods.java:426)
	at utils.Reporter.reportStep(Reporter.java:21)
	at utils.Reporter.reportStep(Reporter.java:45)
	at wdMethods.SeMethods.takeSnap(SeMethods.java:426)
	at utils.Reporter.reportStep(Reporter.java:21)
	at utils.Reporter.reportStep(Reporter.java:45)
	at wdMethods.SeMethods.takeSnap(SeMethods.java:426)
	at utils.Reporter.reportStep(Reporter.java:21)
	at utils.Reporter.reportStep(Reporter.java:45)
	at wdMethods.SeMethods.takeSnap(SeMethods.java:426)
	at utils.Reporter.reportStep(Reporter.java:21)
	at utils.Reporter.reportStep(Reporter.java:45)
	at wdMethods.SeMethods.takeSnap(SeMethods.java:426)
	at utils.Reporter.reportStep(Reporter.java:21)
	at utils.Reporter.reportStep(Reporter.java:45)
	at wdMethods.SeMethods.takeSnap(SeMethods.java:426)
	at utils.Reporter.reportStep(Reporter.java:21)
	at utils.Reporter.reportStep(Reporter.java:45)
	at wdMethods.SeMethods.takeSnap(SeMethods.java:426)
	at utils.Reporter.reportStep(Reporter.java:21)
	at utils.Reporter.reportStep(Reporter.java:45)
	at wdMethods.SeMethods.takeSnap(SeMethods.java:426)
	at utils.Reporter.reportStep(Reporter.java:21)
	at utils.Reporter.reportStep(Reporter.java:45)
	at wdMethods.SeMethods.takeSnap(SeMethods.java:426)
	at utils.Reporter.reportStep(Reporter.java:21)
	at utils.Reporter.reportStep(Reporter.java:45)
	at wdMethods.SeMethods.takeSnap(SeMethods.java:426)
	at utils.Reporter.reportStep(Reporter.java:21)
	at utils.Reporter.reportStep(Reporter.java:45)
	at wdMethods.SeMethods.takeSnap(SeMethods.java:426)
	at utils.Reporter.reportStep(Reporter.java:21)
	at utils.Reporter.reportStep(Reporter.java:45)
	at wdMethods.SeMethods.takeSnap(SeMethods.java:426)
	at utils.Reporter.reportStep(Reporter.java:21)
	at utils.Reporter.reportStep(Reporter.java:45)
	at wdMethods.SeMethods.takeSnap(SeMethods.java:426)
	at utils.Reporter.reportStep(Reporter.java:21)
	at utils.Reporter.reportStep(Reporter.java:45)
	at wdMethods.SeMethods.takeSnap(SeMethods.java:426)
	at utils.Reporter.reportStep(Reporter.java:21)
	at utils.Reporter.reportStep(Reporter.java:45)
	at wdMethods.SeMethods.takeSnap(SeMethods.java:426)
	at utils.Reporter.reportStep(Reporter.java:21)
	at utils.Reporter.reportStep(Reporter.java:45)
	at wdMethods.SeMethods.takeSnap(SeMethods.java:426)
	at utils.Reporter.reportStep(Reporter.java:21)
	at utils.Reporter.reportStep(Reporter.java:45)
	at wdMethods.SeMethods.takeSnap(SeMethods.java:426)
	at utils.Reporter.reportStep(Reporter.java:21)
	at utils.Reporter.reportStep(Reporter.java:45)
	at wdMethods.SeMethods.takeSnap(SeMethods.java:426)
	at utils.Reporter.reportStep(Reporter.java:21)
	at utils.Reporter.reportStep(Reporter.java:45)
	at wdMethods.SeMethods.takeSnap(SeMethods.java:426)
	at utils.Reporter.reportStep(Reporter.java:21)
	at utils.Reporter.reportStep(Reporter.java:45)
	at wdMethods.SeMethods.takeSnap(SeMethods.java:426)
	at utils.Reporter.reportStep(Reporter.java:21)
	at utils.Reporter.reportStep(Reporter.java:45)
	at wdMethods.SeMethods.takeSnap(SeMethods.java:426)
	at utils.Reporter.reportStep(Reporter.java:21)
	at utils.Reporter.reportStep(Reporter.java:45)
	at wdMethods.SeMethods.takeSnap(SeMethods.java:426)
	at utils.Reporter.reportStep(Reporter.java:21)
	at utils.Reporter.reportStep(Reporter.java:45)
	at wdMethods.SeMethods.takeSnap(SeMethods.java:426)
	at utils.Reporter.reportStep(Reporter.java:21)
	at utils.Reporter.reportStep(Reporter.java:45)
	at wdMethods.SeMethods.takeSnap(SeMethods.java:426)
	at utils.Reporter.reportStep(Reporter.java:21)
	at utils.Reporter.reportStep(Reporter.java:45)
	at wdMethods.SeMethods.takeSnap(SeMethods.java:426)
	at utils.Reporter.reportStep(Reporter.java:21)
	at utils.Reporter.reportStep(Reporter.java:45)
	at wdMethods.SeMethods.takeSnap(SeMethods.java:426)
	at utils.Reporter.reportStep(Reporter.java:21)
	at utils.Reporter.reportStep(Reporter.java:45)
	at wdMethods.SeMethods.takeSnap(SeMethods.java:426)
	at utils.Reporter.reportStep(Reporter.java:21)
	at utils.Reporter.reportStep(Reporter.java:45)
	at wdMethods.SeMethods.takeSnap(SeMethods.java:426)
	at utils.Reporter.reportStep(Reporter.java:21)
	at utils.Reporter.reportStep(Reporter.java:45)
	at wdMethods.SeMethods.takeSnap(SeMethods.java:426)
	at utils.Reporter.reportStep(Reporter.java:21)
	at utils.Reporter.reportStep(Reporter.java:45)
	at wdMethods.SeMethods.takeSnap(SeMethods.java:426)
	at utils.Reporter.reportStep(Reporter.java:21)
	at utils.Reporter.reportStep(Reporter.java:45)
	at wdMethods.SeMethods.takeSnap(SeMethods.java:426)
	at utils.Reporter.reportStep(Reporter.java:21)
	at utils.Reporter.reportStep(Reporter.java:45)
	at wdMethods.SeMethods.takeSnap(SeMethods.java:426)
	at utils.Reporter.reportStep(Reporter.java:21)
	at utils.Reporter.reportStep(Reporter.java:45)
	at wdMethods.SeMethods.takeSnap(SeMethods.java:426)
	at utils.Reporter.reportStep(Reporter.java:21)
	at utils.Reporter.reportStep(Reporter.java:45)
	at wdMethods.SeMethods.takeSnap(SeMethods.java:426)
	at utils.Reporter.reportStep(Reporter.java:21)
	at utils.Reporter.reportStep(Reporter.java:45)
	at wdMethods.SeMethods.takeSnap(SeMethods.java:426)
	at utils.Reporter.reportStep(Reporter.java:21)
	at utils.Reporter.reportStep(Reporter.java:45)
	at wdMethods.SeMethods.takeSnap(SeMethods.java:426)
	at utils.Reporter.reportStep(Reporter.java:21)
	at utils.Reporter.reportStep(Reporter.java:45)
	at wdMethods.SeMethods.takeSnap(SeMethods.java:426)
	at utils.Reporter.reportStep(Reporter.java:21)
	at utils.Reporter.reportStep(Reporter.java:45)
	at wdMethods.SeMethods.takeSnap(SeMethods.java:426)
	at utils.Reporter.reportStep(Reporter.java:21)
	at utils.Reporter.reportStep(Reporter.java:45)
	at wdMethods.SeMethods.takeSnap(SeMethods.java:426)
	at utils.Reporter.reportStep(Reporter.java:21)
	at utils.Reporter.reportStep(Reporter.java:45)
	at wdMethods.SeMethods.takeSnap(SeMethods.java:426)
	at utils.Reporter.reportStep(Reporter.java:21)
	at utils.Reporter.reportStep(Reporter.java:45)
	at wdMethods.SeMethods.takeSnap(SeMethods.java:426)
	at utils.Reporter.reportStep(Reporter.java:21)
	at utils.Reporter.reportStep(Reporter.java:45)
	at wdMethods.SeMethods.takeSnap(SeMethods.java:426)
	at utils.Reporter.reportStep(Reporter.java:21)
	at utils.Reporter.reportStep(Reporter.java:45)
	at wdMethods.SeMethods.takeSnap(SeMethods.java:426)
	at utils.Reporter.reportStep(Reporter.java:21)
	at utils.Reporter.reportStep(Reporter.java:45)
	at wdMethods.SeMethods.takeSnap(SeMethods.java:426)
	at utils.Reporter.reportStep(Reporter.java:21)
	at utils.Reporter.reportStep(Reporter.java:45)
	at wdMethods.SeMethods.takeSnap(SeMethods.java:426)
	at utils.Reporter.reportStep(Reporter.java:21)
	at utils.Reporter.reportStep(Reporter.java:45)
	at wdMethods.SeMethods.takeSnap(SeMethods.java:426)
	at utils.Reporter.reportStep(Reporter.java:21)
	at utils.Reporter.reportStep(Reporter.java:45)
	at wdMethods.SeMethods.takeSnap(SeMethods.java:426)
	at utils.Reporter.reportStep(Reporter.java:21)
	at utils.Reporter.reportStep(Reporter.java:45)
	at wdMethods.SeMethods.takeSnap(SeMethods.java:426)
	at utils.Reporter.reportStep(Reporter.java:21)
	at utils.Reporter.reportStep(Reporter.java:45)
	at wdMethods.SeMethods.takeSnap(SeMethods.java:426)
	at utils.Reporter.reportStep(Reporter.java:21)
	at utils.Reporter.reportStep(Reporter.java:45)
	at wdMethods.SeMethods.takeSnap(SeMethods.java:426)
	at utils.Reporter.reportStep(Reporter.java:21)
	at utils.Reporter.reportStep(Reporter.java:45)
	at wdMethods.SeMethods.takeSnap(SeMethods.java:426)
	at utils.Reporter.reportStep(Reporter.java:21)
	at utils.Reporter.reportStep(Reporter.java:45)
	at wdMethods.SeMethods.takeSnap(SeMethods.java:426)
	at utils.Reporter.reportStep(Reporter.java:21)
	at utils.Reporter.reportStep(Reporter.java:45)
	at wdMethods.SeMethods.takeSnap(SeMethods.java:426)
	at utils.Reporter.reportStep(Reporter.java:21)
	at utils.Reporter.reportStep(Reporter.java:45)
	at wdMethods.SeMethods.takeSnap(SeMethods.java:426)
	at utils.Reporter.reportStep(Reporter.java:21)
	at utils.Reporter.reportStep(Reporter.java:45)
	at wdMethods.SeMethods.takeSnap(SeMethods.java:426)
	at utils.Reporter.reportStep(Reporter.java:21)
	at utils.Reporter.reportStep(Reporter.java:45)
	at wdMethods.SeMethods.takeSnap(SeMethods.java:426)
	at utils.Reporter.reportStep(Reporter.java:21)
	at utils.Reporter.reportStep(Reporter.java:45)
	at wdMethods.SeMethods.takeSnap(SeMethods.java:426)
	at utils.Reporter.reportStep(Reporter.java:21)
	at utils.Reporter.reportStep(Reporter.java:45)
	at wdMethods.SeMethods.takeSnap(SeMethods.java:426)
	at utils.Reporter.reportStep(Reporter.java:21)
	at utils.Reporter.reportStep(Reporter.java:45)
	at wdMethods.SeMethods.takeSnap(SeMethods.java:426)
	at utils.Reporter.reportStep(Reporter.java:21)
	at utils.Reporter.reportStep(Reporter.java:45)
	at wdMethods.SeMethods.takeSnap(SeMethods.java:426)
	at utils.Reporter.reportStep(Reporter.java:21)
	at utils.Reporter.reportStep(Reporter.java:45)
	at wdMethods.SeMethods.takeSnap(SeMethods.java:426)
	at utils.Reporter.reportStep(Reporter.java:21)
	at utils.Reporter.reportStep(Reporter.java:45)
	at wdMethods.SeMethods.takeSnap(SeMethods.java:426)
	at utils.Reporter.reportStep(Reporter.java:21)
	at utils.Reporter.reportStep(Reporter.java:45)
	at wdMethods.SeMethods.takeSnap(SeMethods.java:426)
	at utils.Reporter.reportStep(Reporter.java:21)
	at utils.Reporter.reportStep(Reporter.java:45)
	at wdMethods.SeMethods.takeSnap(SeMethods.java:426)
	at utils.Reporter.reportStep(Reporter.java:21)
	at utils.Reporter.reportStep(Reporter.java:45)
	at wdMethods.SeMethods.takeSnap(SeMethods.java:426)
	at utils.Reporter.reportStep(Reporter.java:21)
	at utils.Reporter.reportStep(Reporter.java:45)
	at wdMethods.SeMethods.takeSnap(SeMethods.java:426)
	at utils.Reporter.reportStep(Reporter.java:21)
	at utils.Reporter.reportStep(Reporter.java:45)
	at wdMethods.SeMethods.takeSnap(SeMethods.java:426)
	at utils.Reporter.reportStep(Reporter.java:21)
	at utils.Reporter.reportStep(Reporter.java:45)
	at wdMethods.SeMethods.takeSnap(SeMethods.java:426)
	at utils.Reporter.reportStep(Reporter.java:21)
	at utils.Reporter.reportStep(Reporter.java:45)
	at wdMethods.SeMethods.takeSnap(SeMethods.java:426)
	at utils.Reporter.reportStep(Reporter.java:21)
	at utils.Reporter.reportStep(Reporter.java:45)
	at wdMethods.SeMethods.takeSnap(SeMethods.java:426)
	at utils.Reporter.reportStep(Reporter.java:21)
	at utils.Reporter.reportStep(Reporter.java:45)
	at wdMethods.SeMethods.takeSnap(SeMethods.java:426)
	at utils.Reporter.reportStep(Reporter.java:21)
	at utils.Reporter.reportStep(Reporter.java:45)
	at wdMethods.SeMethods.takeSnap(SeMethods.java:426)
	at utils.Reporter.reportStep(Reporter.java:21)
	at utils.Reporter.reportStep(Reporter.java:45)
	at wdMethods.SeMethods.takeSnap(SeMethods.java:426)
	at utils.Reporter.reportStep(Reporter.java:21)
	at utils.Reporter.reportStep(Reporter.java:45)
	at wdMethods.SeMethods.takeSnap(SeMethods.java:426)
	at utils.Reporter.reportStep(Reporter.java:21)
	at utils.Reporter.reportStep(Reporter.java:45)
	at wdMethods.SeMethods.takeSnap(SeMethods.java:426)
	at utils.Reporter.reportStep(Reporter.java:21)
	at utils.Reporter.reportStep(Reporter.java:45)
	at wdMethods.SeMethods.takeSnap(SeMethods.java:426)
	at utils.Reporter.reportStep(Reporter.java:21)
	at utils.Reporter.reportStep(Reporter.java:45)
	at wdMethods.SeMethods.takeSnap(SeMethods.java:426)
	at utils.Reporter.reportStep(Reporter.java:21)
	at utils.Reporter.reportStep(Reporter.java:45)
	at wdMethods.SeMethods.takeSnap(SeMethods.java:426)
	at utils.Reporter.reportStep(Reporter.java:21)
	at utils.Reporter.reportStep(Reporter.java:45)
	at wdMethods.SeMethods.takeSnap(SeMethods.java:426)
	at utils.Reporter.reportStep(Reporter.java:21)
	at utils.Reporter.reportStep(Reporter.java:45)
	at wdMethods.SeMethods.takeSnap(SeMethods.java:426)
	at utils.Reporter.reportStep(Reporter.java:21)
	at utils.Reporter.reportStep(Reporter.java:45)
	at wdMethods.SeMethods.takeSnap(SeMethods.java:426)
	at utils.Reporter.reportStep(Reporter.java:21)
	at utils.Reporter.reportStep(Reporter.java:45)
	at wdMethods.SeMethods.takeSnap(SeMethods.java:426)
	at utils.Reporter.reportStep(Reporter.java:21)
	at utils.Reporter.reportStep(Reporter.java:45)
	at wdMethods.SeMethods.takeSnap(SeMethods.java:426)
	at utils.Reporter.reportStep(Reporter.java:21)
	at utils.Reporter.reportStep(Reporter.java:45)
	at wdMethods.SeMethods.takeSnap(SeMethods.java:426)
	at utils.Reporter.reportStep(Reporter.java:21)
	at utils.Reporter.reportStep(Reporter.java:45)
	at wdMethods.SeMethods.takeSnap(SeMethods.java:426)
	at utils.Reporter.reportStep(Reporter.java:21)
	at utils.Reporter.reportStep(Reporter.java:45)
	at wdMethods.SeMethods.takeSnap(SeMethods.java:426)
	at utils.Reporter.reportStep(Reporter.java:21)
	at utils.Reporter.reportStep(Reporter.java:45)
	at wdMethods.SeMethods.takeSnap(SeMethods.java:426)
	at utils.Reporter.reportStep(Reporter.java:21)
	at utils.Reporter.reportStep(Reporter.java:45)
	at wdMethods.SeMethods.takeSnap(SeMethods.java:426)
	at utils.Reporter.reportStep(Reporter.java:21)
	at utils.Reporter.reportStep(Reporter.java:45)
	at wdMethods.SeMethods.takeSnap(SeMethods.java:426)
	at utils.Reporter.reportStep(Reporter.java:21)
	at utils.Reporter.reportStep(Reporter.java:45)
	at wdMethods.SeMethods.takeSnap(SeMethods.java:426)
	at utils.Reporter.reportStep(Reporter.java:21)
	at utils.Reporter.reportStep(Reporter.java:45)
	at wdMethods.SeMethods.takeSnap(SeMethods.java:426)
	at utils.Reporter.reportStep(Reporter.java:21)
	at utils.Reporter.reportStep(Reporter.java:45)
	at wdMethods.SeMethods.takeSnap(SeMethods.java:426)
	at utils.Reporter.reportStep(Reporter.java:21)
	at utils.Reporter.reportStep(Reporter.java:45)
	at wdMethods.SeMethods.takeSnap(SeMethods.java:426)
	at utils.Reporter.reportStep(Reporter.java:21)
	at utils.Reporter.reportStep(Reporter.java:45)
	at wdMethods.SeMethods.takeSnap(SeMethods.java:426)
	at utils.Reporter.reportStep(Reporter.java:21)
	at utils.Reporter.reportStep(Reporter.java:45)
	at wdMethods.SeMethods.takeSnap(SeMethods.java:426)
	at utils.Reporter.reportStep(Reporter.java:21)
	at utils.Reporter.reportStep(Reporter.java:45)
	at wdMethods.SeMethods.takeSnap(SeMethods.java:426)
	at utils.Reporter.reportStep(Reporter.java:21)
	at utils.Reporter.reportStep(Reporter.java:45)
	at wdMethods.SeMethods.takeSnap(SeMethods.java:426)
	at utils.Reporter.reportStep(Reporter.java:21)
	at utils.Reporter.reportStep(Reporter.java:45)
	at wdMethods.SeMethods.takeSnap(SeMethods.java:426)
	at utils.Reporter.reportStep(Reporter.java:21)
	at utils.Reporter.reportStep(Reporter.java:45)
	at wdMethods.SeMethods.takeSnap(SeMethods.java:426)
	at utils.Reporter.reportStep(Reporter.java:21)
	at utils.Reporter.reportStep(Reporter.java:45)
	at wdMethods.SeMethods.takeSnap(SeMethods.java:426)
	at utils.Reporter.reportStep(Reporter.java:21)
	at utils.Reporter.reportStep(Reporter.java:45)
	at wdMethods.SeMethods.takeSnap(SeMethods.java:426)
	at utils.Reporter.reportStep(Reporter.java:21)
	at utils.Reporter.reportStep(Reporter.java:45)
	at wdMethods.SeMethods.takeSnap(SeMethods.java:426)
	at utils.Reporter.reportStep(Reporter.java:21)
	at utils.Reporter.reportStep(Reporter.java:45)
	at wdMethods.SeMethods.takeSnap(SeMethods.java:426)
	at utils.Reporter.reportStep(Reporter.java:21)
	at utils.Reporter.reportStep(Reporter.java:45)
	at wdMethods.SeMethods.takeSnap(SeMethods.java:426)
	at utils.Reporter.reportStep(Reporter.java:21)
	at utils.Reporter.reportStep(Reporter.java:45)
	at wdMethods.SeMethods.takeSnap(SeMethods.java:426)
	at utils.Reporter.reportStep(Reporter.java:21)
]]>
    </error>
  </testcase> <!-- validatePerformanceDiscreteAnnualPerformanceTab -->
</testsuite> <!-- internationalTests.Italy.PERF018_PerformanceDiscreteAnnualPerformanceTab -->
