<?xml version="1.0" encoding="UTF-8"?>
<!-- Generated by org.testng.reporters.JUnitReportReporter -->
<testsuite hostname="hydwks135838" name="internationalTests.Canada.PERF004_PerformanceCumulativePerformanceMonthEnd" tests="1" failures="0" timestamp="11 Sep 2018 13:18:53 GMT" time="90.388" errors="0">
  <testcase name="validatePerformanceCumulativePerformanceMonthEnd" time="90.388" classname="internationalTests.Canada.PERF004_PerformanceCumulativePerformanceMonthEnd"/>
</testsuite> <!-- internationalTests.Canada.PERF004_PerformanceCumulativePerformanceMonthEnd -->
