<?xml version="1.0" encoding="UTF-8"?>
<!-- Generated by org.testng.reporters.JUnitReportReporter -->
<testsuite hostname="hydwks135838" name="internationalTests.Singapore.PPSS005_Performance_CumulativeDataMonthEnd" tests="1" failures="0" timestamp="16 Apr 2018 12:47:00 GMT" time="41.717" errors="0">
  <testcase name="validatePerformanceTabCumulativeDataByMonthEnd" time="41.717" classname="internationalTests.Singapore.PPSS005_Performance_CumulativeDataMonthEnd"/>
</testsuite> <!-- internationalTests.Singapore.PPSS005_Performance_CumulativeDataMonthEnd -->
