<?xml version="1.0" encoding="UTF-8"?>
<!-- Generated by org.testng.reporters.JUnitReportReporter -->
<testsuite hostname="hydwks135838" name="internationalTests.Singapore.PPSS004_Performance_AnnualizedDataMonthEnd" tests="1" failures="0" timestamp="16 Apr 2018 12:45:58 GMT" time="44.031" errors="0">
  <testcase name="validatePerformanceTabDiscreteAnnaulDataByMonthEnd" time="44.031" classname="internationalTests.Singapore.PPSS004_Performance_AnnualizedDataMonthEnd"/>
</testsuite> <!-- internationalTests.Singapore.PPSS004_Performance_AnnualizedDataMonthEnd -->
