<?xml version="1.0" encoding="UTF-8"?>
<!-- Generated by org.testng.reporters.JUnitReportReporter -->
<testsuite hostname="hydwks135838" name="internationalTests.Luxembourg.PERF025_PerformanceAnnualisedPerformanceViewAllShareClassQuarterEnd" tests="1" failures="0" timestamp="31 May 2018 12:33:33 GMT" time="82.081" errors="0">
  <testcase name="validatePerformanceAnnualisedPerformanceViewAllShareClassQuarterEnd" time="82.081" classname="internationalTests.Luxembourg.PERF025_PerformanceAnnualisedPerformanceViewAllShareClassQuarterEnd"/>
</testsuite> <!-- internationalTests.Luxembourg.PERF025_PerformanceAnnualisedPerformanceViewAllShareClassQuarterEnd -->
