<?xml version="1.0" encoding="UTF-8"?>
<!-- Generated by org.testng.reporters.JUnitReportReporter -->
<testsuite hostname="hydwks135838" name="internationalTests.Luxembourg.PERF008_PerformanceAnnualisedPerformanceTab" tests="1" failures="0" timestamp="31 May 2018 11:54:56 GMT" time="46.690" errors="0">
  <testcase name="validatePerformanceAnnualisedPerformanceTab" time="46.690" classname="internationalTests.Luxembourg.PERF008_PerformanceAnnualisedPerformanceTab"/>
</testsuite> <!-- internationalTests.Luxembourg.PERF008_PerformanceAnnualisedPerformanceTab -->
