<?xml version="1.0" encoding="UTF-8"?>
<!-- Generated by org.testng.reporters.JUnitReportReporter -->
<testsuite hostname="hydwks135838" name="internationalTests.Canada.FOVW003_Overview_Fund_Information" tests="1" failures="0" timestamp="11 Sep 2018 12:16:41 GMT" time="73.936" errors="0">
  <testcase name="validateSalesCharge" time="73.936" classname="internationalTests.Canada.FOVW003_Overview_Fund_Information"/>
</testsuite> <!-- internationalTests.Canada.FOVW003_Overview_Fund_Information -->
