<?xml version="1.0" encoding="UTF-8"?>
<!-- Generated by org.testng.reporters.JUnitReportReporter -->
<testsuite hostname="hydwks135838" name="internationalTests.Switzerland.PPSS008_PPSSPage_FindaFundSection" tests="1" failures="0" timestamp="12 Apr 2018 14:08:34 GMT" time="52.494" errors="0">
  <testcase name="ppssPageFindAFundValidation" time="52.494" classname="internationalTests.Switzerland.PPSS008_PPSSPage_FindaFundSection"/>
</testsuite> <!-- internationalTests.Switzerland.PPSS008_PPSSPage_FindaFundSection -->
