<?xml version="1.0" encoding="UTF-8"?>
<!-- Generated by org.testng.reporters.JUnitReportReporter -->
<testsuite hostname="hydwks135838" name="internationalTests.Singapore.PPSS007_PPSSPage_Filters" tests="1" failures="0" timestamp="27 Mar 2018 10:03:21 GMT" time="41.636" errors="0">
  <testcase name="ppssPageFilterValidation" time="41.636" classname="internationalTests.Singapore.PPSS007_PPSSPage_Filters"/>
</testsuite> <!-- internationalTests.Singapore.PPSS007_PPSSPage_Filters -->
