<?xml version="1.0" encoding="UTF-8"?>
<!-- Generated by org.testng.reporters.JUnitReportReporter -->
<testsuite hostname="hydwks135838" name="internationalTests.Canada.FOVW007_Overview_Fund_Managers" tests="1" failures="0" timestamp="25 Sep 2018 12:50:33 GMT" time="69.656" errors="0">
  <testcase name="validateFundManagers" time="69.656" classname="internationalTests.Canada.FOVW007_Overview_Fund_Managers"/>
</testsuite> <!-- internationalTests.Canada.FOVW007_Overview_Fund_Managers -->
