<?xml version="1.0" encoding="UTF-8"?>
<!-- Generated by org.testng.reporters.JUnitReportReporter -->
<testsuite hostname="hydwks135838" name="internationalTests.Italy.FOVW007_Overview_Fund_Managers" tests="1" failures="0" timestamp="14 Mar 2018 08:43:54 GMT" time="52.926" errors="0">
  <testcase name="validateFundManagers" time="52.926" classname="internationalTests.Italy.FOVW007_Overview_Fund_Managers"/>
</testsuite> <!-- internationalTests.Italy.FOVW007_Overview_Fund_Managers -->
