<?xml version="1.0" encoding="UTF-8"?>
<!-- Generated by org.testng.reporters.JUnitReportReporter -->
<testsuite hostname="hydwks135838" name="internationalTests.Luxembourg.PFOL020_PortfolioStatistics_Equity" tests="1" failures="0" timestamp="1 Jun 2018 07:35:17 GMT" time="65.892" errors="0">
  <testcase name="validatePortfolioStatisticsEquity" time="65.892" classname="internationalTests.Luxembourg.PFOL020_PortfolioStatistics_Equity"/>
</testsuite> <!-- internationalTests.Luxembourg.PFOL020_PortfolioStatistics_Equity -->
