<?xml version="1.0" encoding="UTF-8"?>
<!-- Generated by org.testng.reporters.JUnitReportReporter -->
<testsuite hostname="HYDNBK136574" name="internationalTests.German.FOVW007_Overview_Fund_Managers" tests="1" failures="0" timestamp="23 Nov 2018 07:48:04 GMT" time="132.346" errors="0">
  <testcase name="validateFundManagers" time="132.346" classname="internationalTests.German.FOVW007_Overview_Fund_Managers"/>
</testsuite> <!-- internationalTests.German.FOVW007_Overview_Fund_Managers -->
