<?xml version="1.0" encoding="UTF-8"?>
<!-- Generated by org.testng.reporters.JUnitReportReporter -->
<testsuite hostname="HYDNBK136589" name="internationalTests.Luxembourg.FOVW001_Overview_NAVPrice" tests="1" failures="0" timestamp="2 Apr 2018 09:24:06 GMT" time="123.180" errors="0">
  <testcase name="validateNAVPrice" time="123.180" classname="internationalTests.Luxembourg.FOVW001_Overview_NAVPrice"/>
</testsuite> <!-- internationalTests.Luxembourg.FOVW001_Overview_NAVPrice -->
