<?xml version="1.0" encoding="UTF-8"?>
<!-- Generated by org.testng.reporters.JUnitReportReporter -->
<testsuite hostname="HYDNBK136574" name="internationalTests.German.PERF031_PerformanceRiskMeasures_StdDevSharpeRatio" tests="1" failures="0" timestamp="23 Nov 2018 07:53:13 GMT" time="116.425" errors="0">
  <testcase name="validatePerformanceRiskMeasuresStandardDeviationSharpeRatio" time="116.425" classname="internationalTests.German.PERF031_PerformanceRiskMeasures_StdDevSharpeRatio"/>
</testsuite> <!-- internationalTests.German.PERF031_PerformanceRiskMeasures_StdDevSharpeRatio -->
