<?xml version="1.0" encoding="UTF-8"?>
<!-- Generated by org.testng.reporters.JUnitReportReporter -->
<testsuite hostname="hydwks135838" name="internationalTests.Canada.FOVW012_Overview_BreadCrumbs" tests="1" failures="0" timestamp="27 Apr 2018 10:37:43 GMT" time="42.286" errors="0">
  <testcase name="validateOverviewPageBreadCrumbs" time="42.286" classname="internationalTests.Canada.FOVW012_Overview_BreadCrumbs"/>
</testsuite> <!-- internationalTests.Canada.FOVW012_Overview_BreadCrumbs -->
