<?xml version="1.0" encoding="UTF-8"?>
<!-- Generated by org.testng.reporters.JUnitReportReporter -->
<testsuite hostname="hydwks135838" name="internationalTests.Offshore.PPSS005_Performance_CumulativeDataMonthEnd" tests="1" failures="0" timestamp="24 Apr 2018 11:05:43 GMT" time="38.915" errors="0">
  <testcase name="validatePerformanceTabCumulativeDataByMonthEnd" time="38.915" classname="internationalTests.Offshore.PPSS005_Performance_CumulativeDataMonthEnd"/>
</testsuite> <!-- internationalTests.Offshore.PPSS005_Performance_CumulativeDataMonthEnd -->
