<?xml version="1.0" encoding="UTF-8"?>
<!-- Generated by org.testng.reporters.JUnitReportReporter -->
<testsuite hostname="hydwks135838" name="internationalTests.Canada.Accounts.ACCT001_AssetSales_Assets_Overview" tests="1" failures="0" timestamp="14 May 2018 13:43:03 GMT" time="41.709" errors="0">
  <testcase name="validateAssetSalesOverview" time="41.709" classname="internationalTests.Canada.Accounts.ACCT001_AssetSales_Assets_Overview"/>
</testsuite> <!-- internationalTests.Canada.Accounts.ACCT001_AssetSales_Assets_Overview -->
