<?xml version="1.0" encoding="UTF-8"?>
<!-- Generated by org.testng.reporters.JUnitReportReporter -->
<testsuite hostname="hydwks135838" name="internationalTests.UK.PFOL017_SectorAllocation" tests="1" failures="0" timestamp="12 Mar 2018 09:45:41 GMT" time="60.430" errors="0">
  <testcase name="validateSectorAllocationWidget" time="60.430" classname="internationalTests.UK.PFOL017_SectorAllocation"/>
</testsuite> <!-- internationalTests.UK.PFOL017_SectorAllocation -->
