<?xml version="1.0" encoding="UTF-8"?>
<!-- Generated by org.testng.reporters.JUnitReportReporter -->
<testsuite hostname="hydwks135838" name="internationalTests.Switzerland.FOVW016_Overview_ShareClass" tests="1" failures="0" timestamp="20 Mar 2018 06:23:27 GMT" time="39.441" errors="0">
  <testcase name="validateOverviewPageSareClass" time="39.441" classname="internationalTests.Switzerland.FOVW016_Overview_ShareClass"/>
</testsuite> <!-- internationalTests.Switzerland.FOVW016_Overview_ShareClass -->
