<?xml version="1.0" encoding="UTF-8"?>
<!-- Generated by org.testng.reporters.JUnitReportReporter -->
<testsuite hostname="hydwks135838" name="internationalTests.UK.PFOL015_TopRiskAllocationByAssetClass" tests="1" failures="0" timestamp="12 Mar 2018 09:43:30 GMT" time="62.535" errors="0">
  <testcase name="validateTopRiskAllocationByAssetClassWidget" time="62.535" classname="internationalTests.UK.PFOL015_TopRiskAllocationByAssetClass"/>
</testsuite> <!-- internationalTests.UK.PFOL015_TopRiskAllocationByAssetClass -->
