<?xml version="1.0" encoding="UTF-8"?>
<!-- Generated by org.testng.reporters.JUnitReportReporter -->
<testsuite hostname="hydwks135838" name="internationalTests.Singapore.PERF002_PerformanceCumulativePerformanceTab" tests="1" failures="0" timestamp="27 Mar 2018 06:40:08 GMT" time="47.989" errors="0">
  <testcase name="validatePerformanceCumulativePerformanceTab" time="47.989" classname="internationalTests.Singapore.PERF002_PerformanceCumulativePerformanceTab"/>
</testsuite> <!-- internationalTests.Singapore.PERF002_PerformanceCumulativePerformanceTab -->
