<?xml version="1.0" encoding="UTF-8"?>
<!-- Generated by org.testng.reporters.JUnitReportReporter -->
<testsuite hostname="hydwks135838" name="internationalTests.Offshore.PFOL021_PortfolioStatistics_NumberOfIssuersHoldings" tests="1" failures="0" timestamp="18 Jul 2018 14:02:33 GMT" time="122.630" errors="0">
  <testcase name="validatePortfolioStatisticsNumberOfIssuersHoldings" time="122.630" classname="internationalTests.Offshore.PFOL021_PortfolioStatistics_NumberOfIssuersHoldings"/>
</testsuite> <!-- internationalTests.Offshore.PFOL021_PortfolioStatistics_NumberOfIssuersHoldings -->
