<?xml version="1.0" encoding="UTF-8"?>
<!-- Generated by org.testng.reporters.JUnitReportReporter -->
<testsuite hostname="hydwks135838" name="internationalTests.Singapore.PDST004_PriceAndDistributionHighestLowestNAV" tests="1" failures="0" timestamp="27 Mar 2018 06:22:58 GMT" time="59.860" errors="0">
  <testcase name="validatePriceAndDistributionHighestLowestNAV" time="59.860" classname="internationalTests.Singapore.PDST004_PriceAndDistributionHighestLowestNAV"/>
</testsuite> <!-- internationalTests.Singapore.PDST004_PriceAndDistributionHighestLowestNAV -->
