<?xml version="1.0" encoding="UTF-8"?>
<!-- Generated by org.testng.reporters.JUnitReportReporter -->
<testsuite hostname="HYDNBK136574" name="internationalTests.German.PPSS006_FundIdentifiersTab" tests="1" failures="0" timestamp="23 Nov 2018 09:53:37 GMT" time="32.107" errors="0">
  <testcase name="validateFndIdentifiers" time="32.107" classname="internationalTests.German.PPSS006_FundIdentifiersTab"/>
</testsuite> <!-- internationalTests.German.PPSS006_FundIdentifiersTab -->
