<?xml version="1.0" encoding="UTF-8"?>
<!-- Generated by org.testng.reporters.JUnitReportReporter -->
<testsuite hostname="hydwks135838" name="internationalTests.Austria.FOVW002_Overview_NAVPrice" tests="1" failures="0" timestamp="18 Jul 2018 06:39:32 GMT" time="166.691" errors="0">
  <testcase name="validateNAVPrice" time="166.691" classname="internationalTests.Austria.FOVW002_Overview_NAVPrice"/>
</testsuite> <!-- internationalTests.Austria.FOVW002_Overview_NAVPrice -->
