<?xml version="1.0" encoding="UTF-8"?>
<!-- Generated by org.testng.reporters.JUnitReportReporter -->
<testsuite hostname="hydwks135838" name="internationalTests.German.Marketing.RESR004_FundDocuments_3" tests="1" failures="0" timestamp="16 Oct 2018 10:13:00 GMT" time="33.122" errors="0">
  <testcase name="validateFundDocuments3" time="33.122" classname="internationalTests.German.Marketing.RESR004_FundDocuments_3"/>
</testsuite> <!-- internationalTests.German.Marketing.RESR004_FundDocuments_3 -->
