<?xml version="1.0" encoding="UTF-8"?>
<!-- Generated by org.testng.reporters.JUnitReportReporter -->
<testsuite hostname="hydwks135838" name="internationalTests.Singapore.PFOL013_PortfolioValueAtRisk" tests="1" failures="0" timestamp="27 Mar 2018 08:53:34 GMT" time="44.991" errors="0">
  <testcase name="validatePortfolioValueAtRisk" time="44.991" classname="internationalTests.Singapore.PFOL013_PortfolioValueAtRisk"/>
</testsuite> <!-- internationalTests.Singapore.PFOL013_PortfolioValueAtRisk -->
