<?xml version="1.0" encoding="UTF-8"?>
<!-- Generated by org.testng.reporters.JUnitReportReporter -->
<testsuite hostname="hydwks135838" name="internationalTests.German.FOVW013_Overview_FindAFund" tests="1" failures="0" timestamp="20 Sep 2018 10:29:43 GMT" time="44.020" errors="0">
  <testcase name="validateOverviewFindAFund" time="44.020" classname="internationalTests.German.FOVW013_Overview_FindAFund"/>
</testsuite> <!-- internationalTests.German.FOVW013_Overview_FindAFund -->
