<?xml version="1.0" encoding="UTF-8"?>
<!-- Generated by org.testng.reporters.JUnitReportReporter -->
<testsuite hostname="hydwks135838" name="internationalTests.Italy.PERF020_PerformanceDiscreteAnnualPerformanceQuarterEnd" tests="1" failures="0" timestamp="18 Jul 2018 10:07:04 GMT" time="62.211" errors="0">
  <testcase name="validatePerformanceDiscreteAnnualPerformanceQuarterEnd" time="62.211" classname="internationalTests.Italy.PERF020_PerformanceDiscreteAnnualPerformanceQuarterEnd"/>
</testsuite> <!-- internationalTests.Italy.PERF020_PerformanceDiscreteAnnualPerformanceQuarterEnd -->
