<?xml version="1.0" encoding="UTF-8"?>
<!-- Generated by org.testng.reporters.JUnitReportReporter -->
<testsuite hostname="hydwks135838" name="internationalTests.UK.PPSS007_PPSSPage_Filters" tests="1" failures="0" timestamp="12 Mar 2018 09:06:23 GMT" time="39.690" errors="0">
  <testcase name="ppssPageFilterValidation" time="39.690" classname="internationalTests.UK.PPSS007_PPSSPage_Filters"/>
</testsuite> <!-- internationalTests.UK.PPSS007_PPSSPage_Filters -->
