<?xml version="1.0" encoding="UTF-8"?>
<!-- Generated by org.testng.reporters.JUnitReportReporter -->
<testsuite hostname="hydwks135838" name="internationalTests.Canada.FOVW001_Overview_FundContent" tests="1" failures="0" timestamp="31 May 2018 06:17:58 GMT" time="62.550" errors="0">
  <testcase name="validateSummaryOfFundObjective" time="62.550" classname="internationalTests.Canada.FOVW001_Overview_FundContent"/>
</testsuite> <!-- internationalTests.Canada.FOVW001_Overview_FundContent -->
