<?xml version="1.0" encoding="UTF-8"?>
<!-- Generated by org.testng.reporters.JUnitReportReporter -->
<testsuite hostname="hydwks135838" name="internationalTests.Singapore.PERF031_PerformanceRiskMeasures_StdDevSharpeRatio" tests="1" failures="0" timestamp="17 Apr 2018 09:10:47 GMT" time="115.862" errors="0">
  <testcase name="validatePerformanceRiskMeasuresStandardDeviationSharpeRatio" time="115.862" classname="internationalTests.Singapore.PERF031_PerformanceRiskMeasures_StdDevSharpeRatio"/>
</testsuite> <!-- internationalTests.Singapore.PERF031_PerformanceRiskMeasures_StdDevSharpeRatio -->
