<?xml version="1.0" encoding="UTF-8"?>
<!-- Generated by org.testng.reporters.JUnitReportReporter -->
<testsuite hostname="hydwks135838" name="internationalTests.Luxembourg.PFOL011_PortfolioStrategyBreakdown" tests="1" failures="0" timestamp="9 May 2018 12:31:29 GMT" time="60.142" errors="0">
  <testcase name="validateStragetyBreakdownWidget" time="60.142" classname="internationalTests.Luxembourg.PFOL011_PortfolioStrategyBreakdown"/>
</testsuite> <!-- internationalTests.Luxembourg.PFOL011_PortfolioStrategyBreakdown -->
