<?xml version="1.0" encoding="UTF-8"?>
<!-- Generated by org.testng.reporters.JUnitReportReporter -->
<testsuite hostname="hydwks135838" name="internationalTests.Italy.FOVW001_Overview_NAVPrice" tests="1" failures="0" timestamp="14 Mar 2018 07:34:44 GMT" time="198.611" errors="0">
  <testcase name="validateNAVPrice" time="198.611" classname="internationalTests.Italy.FOVW001_Overview_NAVPrice"/>
</testsuite> <!-- internationalTests.Italy.FOVW001_Overview_NAVPrice -->
