<?xml version="1.0" encoding="UTF-8"?>
<!-- Generated by org.testng.reporters.JUnitReportReporter -->
<testsuite hostname="hydwks135838" name="internationalTests.UK.PFOL013_PortfolioValueAtRisk" tests="1" failures="0" timestamp="12 Mar 2018 09:41:13 GMT" time="48.701" errors="0">
  <testcase name="validatePortfolioValueAtRisk" time="48.701" classname="internationalTests.UK.PFOL013_PortfolioValueAtRisk"/>
</testsuite> <!-- internationalTests.UK.PFOL013_PortfolioValueAtRisk -->
