<?xml version="1.0" encoding="UTF-8"?>
<!-- Generated by org.testng.reporters.JUnitReportReporter -->
<testsuite hostname="HYDNBK136589" name="internationalTests.ppssFndIdentifiesrTab" tests="1" failures="0" timestamp="14 Dec 2017 06:02:32 GMT" time="51.524" errors="0">
  <testcase name="validateFndIdentifiers" time="51.524" classname="internationalTests.ppssFndIdentifiesrTab"/>
</testsuite> <!-- internationalTests.ppssFndIdentifiesrTab -->
