<?xml version="1.0" encoding="UTF-8"?>
<!-- Generated by org.testng.reporters.JUnitReportReporter -->
<testsuite hostname="hydwks135838" name="internationalTests.IDE.IDET003_FundsSolutions_Retirement" tests="1" failures="0" timestamp="14 Jun 2018 13:07:11 GMT" time="52.459" errors="1">
  <testcase name="validateFlow" time="52.459" classname="internationalTests.IDE.IDET003_FundsSolutions_Retirement">
    <error type="java.lang.StackOverflowError">
      <![CDATA[java.lang.StackOverflowError
	at java.net.SocketInputStream.socketRead0(Native Method)
	at java.net.SocketInputStream.socketRead(SocketInputStream.java:116)
	at java.net.SocketInputStream.read(SocketInputStream.java:171)
	at java.net.SocketInputStream.read(SocketInputStream.java:141)
	at org.apache.http.impl.io.SessionInputBufferImpl.streamRead(SessionInputBufferImpl.java:137)
	at org.apache.http.impl.io.SessionInputBufferImpl.fillBuffer(SessionInputBufferImpl.java:153)
	at org.apache.http.impl.BHttpConnectionBase.fillInputBuffer(BHttpConnectionBase.java:344)
	at org.apache.http.impl.BHttpConnectionBase.isStale(BHttpConnectionBase.java:364)
	at org.apache.http.impl.conn.CPoolProxy.isStale(CPoolProxy.java:112)
	at org.apache.http.impl.execchain.MainClientExec.execute(MainClientExec.java:209)
	at org.apache.http.impl.execchain.ProtocolExec.execute(ProtocolExec.java:185)
	at org.apache.http.impl.execchain.RetryExec.execute(RetryExec.java:89)
	at org.apache.http.impl.execchain.RedirectExec.execute(RedirectExec.java:111)
	at org.apache.http.impl.client.InternalHttpClient.doExecute(InternalHttpClient.java:185)
	at org.apache.http.impl.client.CloseableHttpClient.execute(CloseableHttpClient.java:72)
	at org.apache.http.impl.client.CloseableHttpClient.execute(CloseableHttpClient.java:56)
	at org.openqa.selenium.remote.internal.ApacheHttpClient.fallBackExecute(ApacheHttpClient.java:138)
	at org.openqa.selenium.remote.internal.ApacheHttpClient.execute(ApacheHttpClient.java:86)
	at org.openqa.selenium.remote.HttpCommandExecutor.execute(HttpCommandExecutor.java:161)
	at org.openqa.selenium.remote.service.DriverCommandExecutor.execute(DriverCommandExecutor.java:83)
	at org.openqa.selenium.remote.RemoteWebDriver.execute(RemoteWebDriver.java:586)
	at org.openqa.selenium.remote.RemoteWebDriver.execute(RemoteWebDriver.java:643)
	at org.openqa.selenium.remote.RemoteWebDriver.getScreenshotAs(RemoteWebDriver.java:328)
	at wdMethods.SeMethods.takeSnap(SeMethods.java:467)
	at utils.Reporter.reportStep(Reporter.java:21)
	at utils.Reporter.reportStep(Reporter.java:45)
	at wdMethods.SeMethods.takeSnap(SeMethods.java:470)
	at utils.Reporter.reportStep(Reporter.java:21)
	at utils.Reporter.reportStep(Reporter.java:45)
	at wdMethods.SeMethods.takeSnap(SeMethods.java:470)
	at utils.Reporter.reportStep(Reporter.java:21)
	at utils.Reporter.reportStep(Reporter.java:45)
	at wdMethods.SeMethods.takeSnap(SeMethods.java:470)
	at utils.Reporter.reportStep(Reporter.java:21)
	at utils.Reporter.reportStep(Reporter.java:45)
	at wdMethods.SeMethods.takeSnap(SeMethods.java:470)
	at utils.Reporter.reportStep(Reporter.java:21)
	at utils.Reporter.reportStep(Reporter.java:45)
	at wdMethods.SeMethods.takeSnap(SeMethods.java:470)
	at utils.Reporter.reportStep(Reporter.java:21)
	at utils.Reporter.reportStep(Reporter.java:45)
	at wdMethods.SeMethods.takeSnap(SeMethods.java:470)
	at utils.Reporter.reportStep(Reporter.java:21)
	at utils.Reporter.reportStep(Reporter.java:45)
	at wdMethods.SeMethods.takeSnap(SeMethods.java:470)
	at utils.Reporter.reportStep(Reporter.java:21)
	at utils.Reporter.reportStep(Reporter.java:45)
	at wdMethods.SeMethods.takeSnap(SeMethods.java:470)
	at utils.Reporter.reportStep(Reporter.java:21)
	at utils.Reporter.reportStep(Reporter.java:45)
	at wdMethods.SeMethods.takeSnap(SeMethods.java:470)
	at utils.Reporter.reportStep(Reporter.java:21)
	at utils.Reporter.reportStep(Reporter.java:45)
	at wdMethods.SeMethods.takeSnap(SeMethods.java:470)
	at utils.Reporter.reportStep(Reporter.java:21)
	at utils.Reporter.reportStep(Reporter.java:45)
	at wdMethods.SeMethods.takeSnap(SeMethods.java:470)
	at utils.Reporter.reportStep(Reporter.java:21)
	at utils.Reporter.reportStep(Reporter.java:45)
	at wdMethods.SeMethods.takeSnap(SeMethods.java:470)
	at utils.Reporter.reportStep(Reporter.java:21)
	at utils.Reporter.reportStep(Reporter.java:45)
	at wdMethods.SeMethods.takeSnap(SeMethods.java:470)
	at utils.Reporter.reportStep(Reporter.java:21)
	at utils.Reporter.reportStep(Reporter.java:45)
	at wdMethods.SeMethods.takeSnap(SeMethods.java:470)
	at utils.Reporter.reportStep(Reporter.java:21)
	at utils.Reporter.reportStep(Reporter.java:45)
	at wdMethods.SeMethods.takeSnap(SeMethods.java:470)
	at utils.Reporter.reportStep(Reporter.java:21)
	at utils.Reporter.reportStep(Reporter.java:45)
	at wdMethods.SeMethods.takeSnap(SeMethods.java:470)
	at utils.Reporter.reportStep(Reporter.java:21)
	at utils.Reporter.reportStep(Reporter.java:45)
	at wdMethods.SeMethods.takeSnap(SeMethods.java:470)
	at utils.Reporter.reportStep(Reporter.java:21)
	at utils.Reporter.reportStep(Reporter.java:45)
	at wdMethods.SeMethods.takeSnap(SeMethods.java:470)
	at utils.Reporter.reportStep(Reporter.java:21)
	at utils.Reporter.reportStep(Reporter.java:45)
	at wdMethods.SeMethods.takeSnap(SeMethods.java:470)
	at utils.Reporter.reportStep(Reporter.java:21)
	at utils.Reporter.reportStep(Reporter.java:45)
	at wdMethods.SeMethods.takeSnap(SeMethods.java:470)
	at utils.Reporter.reportStep(Reporter.java:21)
	at utils.Reporter.reportStep(Reporter.java:45)
	at wdMethods.SeMethods.takeSnap(SeMethods.java:470)
	at utils.Reporter.reportStep(Reporter.java:21)
	at utils.Reporter.reportStep(Reporter.java:45)
	at wdMethods.SeMethods.takeSnap(SeMethods.java:470)
	at utils.Reporter.reportStep(Reporter.java:21)
	at utils.Reporter.reportStep(Reporter.java:45)
	at wdMethods.SeMethods.takeSnap(SeMethods.java:470)
	at utils.Reporter.reportStep(Reporter.java:21)
	at utils.Reporter.reportStep(Reporter.java:45)
	at wdMethods.SeMethods.takeSnap(SeMethods.java:470)
	at utils.Reporter.reportStep(Reporter.java:21)
	at utils.Reporter.reportStep(Reporter.java:45)
	at wdMethods.SeMethods.takeSnap(SeMethods.java:470)
	at utils.Reporter.reportStep(Reporter.java:21)
	at utils.Reporter.reportStep(Reporter.java:45)
	at wdMethods.SeMethods.takeSnap(SeMethods.java:470)
	at utils.Reporter.reportStep(Reporter.java:21)
	at utils.Reporter.reportStep(Reporter.java:45)
	at wdMethods.SeMethods.takeSnap(SeMethods.java:470)
	at utils.Reporter.reportStep(Reporter.java:21)
	at utils.Reporter.reportStep(Reporter.java:45)
	at wdMethods.SeMethods.takeSnap(SeMethods.java:470)
	at utils.Reporter.reportStep(Reporter.java:21)
	at utils.Reporter.reportStep(Reporter.java:45)
	at wdMethods.SeMethods.takeSnap(SeMethods.java:470)
	at utils.Reporter.reportStep(Reporter.java:21)
	at utils.Reporter.reportStep(Reporter.java:45)
	at wdMethods.SeMethods.takeSnap(SeMethods.java:470)
	at utils.Reporter.reportStep(Reporter.java:21)
	at utils.Reporter.reportStep(Reporter.java:45)
	at wdMethods.SeMethods.takeSnap(SeMethods.java:470)
	at utils.Reporter.reportStep(Reporter.java:21)
	at utils.Reporter.reportStep(Reporter.java:45)
	at wdMethods.SeMethods.takeSnap(SeMethods.java:470)
	at utils.Reporter.reportStep(Reporter.java:21)
	at utils.Reporter.reportStep(Reporter.java:45)
	at wdMethods.SeMethods.takeSnap(SeMethods.java:470)
	at utils.Reporter.reportStep(Reporter.java:21)
	at utils.Reporter.reportStep(Reporter.java:45)
	at wdMethods.SeMethods.takeSnap(SeMethods.java:470)
	at utils.Reporter.reportStep(Reporter.java:21)
	at utils.Reporter.reportStep(Reporter.java:45)
	at wdMethods.SeMethods.takeSnap(SeMethods.java:470)
	at utils.Reporter.reportStep(Reporter.java:21)
	at utils.Reporter.reportStep(Reporter.java:45)
	at wdMethods.SeMethods.takeSnap(SeMethods.java:470)
	at utils.Reporter.reportStep(Reporter.java:21)
	at utils.Reporter.reportStep(Reporter.java:45)
	at wdMethods.SeMethods.takeSnap(SeMethods.java:470)
	at utils.Reporter.reportStep(Reporter.java:21)
	at utils.Reporter.reportStep(Reporter.java:45)
	at wdMethods.SeMethods.takeSnap(SeMethods.java:470)
	at utils.Reporter.reportStep(Reporter.java:21)
	at utils.Reporter.reportStep(Reporter.java:45)
	at wdMethods.SeMethods.takeSnap(SeMethods.java:470)
	at utils.Reporter.reportStep(Reporter.java:21)
	at utils.Reporter.reportStep(Reporter.java:45)
	at wdMethods.SeMethods.takeSnap(SeMethods.java:470)
	at utils.Reporter.reportStep(Reporter.java:21)
	at utils.Reporter.reportStep(Reporter.java:45)
	at wdMethods.SeMethods.takeSnap(SeMethods.java:470)
	at utils.Reporter.reportStep(Reporter.java:21)
	at utils.Reporter.reportStep(Reporter.java:45)
	at wdMethods.SeMethods.takeSnap(SeMethods.java:470)
	at utils.Reporter.reportStep(Reporter.java:21)
	at utils.Reporter.reportStep(Reporter.java:45)
	at wdMethods.SeMethods.takeSnap(SeMethods.java:470)
	at utils.Reporter.reportStep(Reporter.java:21)
	at utils.Reporter.reportStep(Reporter.java:45)
	at wdMethods.SeMethods.takeSnap(SeMethods.java:470)
	at utils.Reporter.reportStep(Reporter.java:21)
	at utils.Reporter.reportStep(Reporter.java:45)
	at wdMethods.SeMethods.takeSnap(SeMethods.java:470)
	at utils.Reporter.reportStep(Reporter.java:21)
	at utils.Reporter.reportStep(Reporter.java:45)
	at wdMethods.SeMethods.takeSnap(SeMethods.java:470)
	at utils.Reporter.reportStep(Reporter.java:21)
	at utils.Reporter.reportStep(Reporter.java:45)
	at wdMethods.SeMethods.takeSnap(SeMethods.java:470)
	at utils.Reporter.reportStep(Reporter.java:21)
	at utils.Reporter.reportStep(Reporter.java:45)
	at wdMethods.SeMethods.takeSnap(SeMethods.java:470)
	at utils.Reporter.reportStep(Reporter.java:21)
	at utils.Reporter.reportStep(Reporter.java:45)
	at wdMethods.SeMethods.takeSnap(SeMethods.java:470)
	at utils.Reporter.reportStep(Reporter.java:21)
	at utils.Reporter.reportStep(Reporter.java:45)
	at wdMethods.SeMethods.takeSnap(SeMethods.java:470)
	at utils.Reporter.reportStep(Reporter.java:21)
	at utils.Reporter.reportStep(Reporter.java:45)
	at wdMethods.SeMethods.takeSnap(SeMethods.java:470)
	at utils.Reporter.reportStep(Reporter.java:21)
	at utils.Reporter.reportStep(Reporter.java:45)
	at wdMethods.SeMethods.takeSnap(SeMethods.java:470)
	at utils.Reporter.reportStep(Reporter.java:21)
	at utils.Reporter.reportStep(Reporter.java:45)
	at wdMethods.SeMethods.takeSnap(SeMethods.java:470)
	at utils.Reporter.reportStep(Reporter.java:21)
	at utils.Reporter.reportStep(Reporter.java:45)
	at wdMethods.SeMethods.takeSnap(SeMethods.java:470)
	at utils.Reporter.reportStep(Reporter.java:21)
	at utils.Reporter.reportStep(Reporter.java:45)
	at wdMethods.SeMethods.takeSnap(SeMethods.java:470)
	at utils.Reporter.reportStep(Reporter.java:21)
	at utils.Reporter.reportStep(Reporter.java:45)
	at wdMethods.SeMethods.takeSnap(SeMethods.java:470)
	at utils.Reporter.reportStep(Reporter.java:21)
	at utils.Reporter.reportStep(Reporter.java:45)
	at wdMethods.SeMethods.takeSnap(SeMethods.java:470)
	at utils.Reporter.reportStep(Reporter.java:21)
	at utils.Reporter.reportStep(Reporter.java:45)
	at wdMethods.SeMethods.takeSnap(SeMethods.java:470)
	at utils.Reporter.reportStep(Reporter.java:21)
	at utils.Reporter.reportStep(Reporter.java:45)
	at wdMethods.SeMethods.takeSnap(SeMethods.java:470)
	at utils.Reporter.reportStep(Reporter.java:21)
	at utils.Reporter.reportStep(Reporter.java:45)
	at wdMethods.SeMethods.takeSnap(SeMethods.java:470)
	at utils.Reporter.reportStep(Reporter.java:21)
	at utils.Reporter.reportStep(Reporter.java:45)
	at wdMethods.SeMethods.takeSnap(SeMethods.java:470)
	at utils.Reporter.reportStep(Reporter.java:21)
	at utils.Reporter.reportStep(Reporter.java:45)
	at wdMethods.SeMethods.takeSnap(SeMethods.java:470)
	at utils.Reporter.reportStep(Reporter.java:21)
	at utils.Reporter.reportStep(Reporter.java:45)
	at wdMethods.SeMethods.takeSnap(SeMethods.java:470)
	at utils.Reporter.reportStep(Reporter.java:21)
	at utils.Reporter.reportStep(Reporter.java:45)
	at wdMethods.SeMethods.takeSnap(SeMethods.java:470)
	at utils.Reporter.reportStep(Reporter.java:21)
	at utils.Reporter.reportStep(Reporter.java:45)
	at wdMethods.SeMethods.takeSnap(SeMethods.java:470)
	at utils.Reporter.reportStep(Reporter.java:21)
	at utils.Reporter.reportStep(Reporter.java:45)
	at wdMethods.SeMethods.takeSnap(SeMethods.java:470)
	at utils.Reporter.reportStep(Reporter.java:21)
	at utils.Reporter.reportStep(Reporter.java:45)
	at wdMethods.SeMethods.takeSnap(SeMethods.java:470)
	at utils.Reporter.reportStep(Reporter.java:21)
	at utils.Reporter.reportStep(Reporter.java:45)
	at wdMethods.SeMethods.takeSnap(SeMethods.java:470)
	at utils.Reporter.reportStep(Reporter.java:21)
	at utils.Reporter.reportStep(Reporter.java:45)
	at wdMethods.SeMethods.takeSnap(SeMethods.java:470)
	at utils.Reporter.reportStep(Reporter.java:21)
	at utils.Reporter.reportStep(Reporter.java:45)
	at wdMethods.SeMethods.takeSnap(SeMethods.java:470)
	at utils.Reporter.reportStep(Reporter.java:21)
	at utils.Reporter.reportStep(Reporter.java:45)
	at wdMethods.SeMethods.takeSnap(SeMethods.java:470)
	at utils.Reporter.reportStep(Reporter.java:21)
	at utils.Reporter.reportStep(Reporter.java:45)
	at wdMethods.SeMethods.takeSnap(SeMethods.java:470)
	at utils.Reporter.reportStep(Reporter.java:21)
	at utils.Reporter.reportStep(Reporter.java:45)
	at wdMethods.SeMethods.takeSnap(SeMethods.java:470)
	at utils.Reporter.reportStep(Reporter.java:21)
	at utils.Reporter.reportStep(Reporter.java:45)
	at wdMethods.SeMethods.takeSnap(SeMethods.java:470)
	at utils.Reporter.reportStep(Reporter.java:21)
	at utils.Reporter.reportStep(Reporter.java:45)
	at wdMethods.SeMethods.takeSnap(SeMethods.java:470)
	at utils.Reporter.reportStep(Reporter.java:21)
	at utils.Reporter.reportStep(Reporter.java:45)
	at wdMethods.SeMethods.takeSnap(SeMethods.java:470)
	at utils.Reporter.reportStep(Reporter.java:21)
	at utils.Reporter.reportStep(Reporter.java:45)
	at wdMethods.SeMethods.takeSnap(SeMethods.java:470)
	at utils.Reporter.reportStep(Reporter.java:21)
	at utils.Reporter.reportStep(Reporter.java:45)
	at wdMethods.SeMethods.takeSnap(SeMethods.java:470)
	at utils.Reporter.reportStep(Reporter.java:21)
	at utils.Reporter.reportStep(Reporter.java:45)
	at wdMethods.SeMethods.takeSnap(SeMethods.java:470)
	at utils.Reporter.reportStep(Reporter.java:21)
	at utils.Reporter.reportStep(Reporter.java:45)
	at wdMethods.SeMethods.takeSnap(SeMethods.java:470)
	at utils.Reporter.reportStep(Reporter.java:21)
	at utils.Reporter.reportStep(Reporter.java:45)
	at wdMethods.SeMethods.takeSnap(SeMethods.java:470)
	at utils.Reporter.reportStep(Reporter.java:21)
	at utils.Reporter.reportStep(Reporter.java:45)
	at wdMethods.SeMethods.takeSnap(SeMethods.java:470)
	at utils.Reporter.reportStep(Reporter.java:21)
	at utils.Reporter.reportStep(Reporter.java:45)
	at wdMethods.SeMethods.takeSnap(SeMethods.java:470)
	at utils.Reporter.reportStep(Reporter.java:21)
	at utils.Reporter.reportStep(Reporter.java:45)
	at wdMethods.SeMethods.takeSnap(SeMethods.java:470)
	at utils.Reporter.reportStep(Reporter.java:21)
	at utils.Reporter.reportStep(Reporter.java:45)
	at wdMethods.SeMethods.takeSnap(SeMethods.java:470)
	at utils.Reporter.reportStep(Reporter.java:21)
	at utils.Reporter.reportStep(Reporter.java:45)
	at wdMethods.SeMethods.takeSnap(SeMethods.java:470)
	at utils.Reporter.reportStep(Reporter.java:21)
	at utils.Reporter.reportStep(Reporter.java:45)
	at wdMethods.SeMethods.takeSnap(SeMethods.java:470)
	at utils.Reporter.reportStep(Reporter.java:21)
	at utils.Reporter.reportStep(Reporter.java:45)
	at wdMethods.SeMethods.takeSnap(SeMethods.java:470)
	at utils.Reporter.reportStep(Reporter.java:21)
	at utils.Reporter.reportStep(Reporter.java:45)
	at wdMethods.SeMethods.takeSnap(SeMethods.java:470)
	at utils.Reporter.reportStep(Reporter.java:21)
	at utils.Reporter.reportStep(Reporter.java:45)
	at wdMethods.SeMethods.takeSnap(SeMethods.java:470)
	at utils.Reporter.reportStep(Reporter.java:21)
	at utils.Reporter.reportStep(Reporter.java:45)
	at wdMethods.SeMethods.takeSnap(SeMethods.java:470)
	at utils.Reporter.reportStep(Reporter.java:21)
	at utils.Reporter.reportStep(Reporter.java:45)
	at wdMethods.SeMethods.takeSnap(SeMethods.java:470)
	at utils.Reporter.reportStep(Reporter.java:21)
	at utils.Reporter.reportStep(Reporter.java:45)
	at wdMethods.SeMethods.takeSnap(SeMethods.java:470)
	at utils.Reporter.reportStep(Reporter.java:21)
	at utils.Reporter.reportStep(Reporter.java:45)
	at wdMethods.SeMethods.takeSnap(SeMethods.java:470)
	at utils.Reporter.reportStep(Reporter.java:21)
	at utils.Reporter.reportStep(Reporter.java:45)
	at wdMethods.SeMethods.takeSnap(SeMethods.java:470)
	at utils.Reporter.reportStep(Reporter.java:21)
	at utils.Reporter.reportStep(Reporter.java:45)
	at wdMethods.SeMethods.takeSnap(SeMethods.java:470)
	at utils.Reporter.reportStep(Reporter.java:21)
	at utils.Reporter.reportStep(Reporter.java:45)
	at wdMethods.SeMethods.takeSnap(SeMethods.java:470)
	at utils.Reporter.reportStep(Reporter.java:21)
	at utils.Reporter.reportStep(Reporter.java:45)
	at wdMethods.SeMethods.takeSnap(SeMethods.java:470)
	at utils.Reporter.reportStep(Reporter.java:21)
	at utils.Reporter.reportStep(Reporter.java:45)
	at wdMethods.SeMethods.takeSnap(SeMethods.java:470)
	at utils.Reporter.reportStep(Reporter.java:21)
	at utils.Reporter.reportStep(Reporter.java:45)
	at wdMethods.SeMethods.takeSnap(SeMethods.java:470)
	at utils.Reporter.reportStep(Reporter.java:21)
	at utils.Reporter.reportStep(Reporter.java:45)
	at wdMethods.SeMethods.takeSnap(SeMethods.java:470)
	at utils.Reporter.reportStep(Reporter.java:21)
	at utils.Reporter.reportStep(Reporter.java:45)
	at wdMethods.SeMethods.takeSnap(SeMethods.java:470)
	at utils.Reporter.reportStep(Reporter.java:21)
	at utils.Reporter.reportStep(Reporter.java:45)
	at wdMethods.SeMethods.takeSnap(SeMethods.java:470)
	at utils.Reporter.reportStep(Reporter.java:21)
	at utils.Reporter.reportStep(Reporter.java:45)
	at wdMethods.SeMethods.takeSnap(SeMethods.java:470)
	at utils.Reporter.reportStep(Reporter.java:21)
	at utils.Reporter.reportStep(Reporter.java:45)
	at wdMethods.SeMethods.takeSnap(SeMethods.java:470)
	at utils.Reporter.reportStep(Reporter.java:21)
	at utils.Reporter.reportStep(Reporter.java:45)
	at wdMethods.SeMethods.takeSnap(SeMethods.java:470)
	at utils.Reporter.reportStep(Reporter.java:21)
	at utils.Reporter.reportStep(Reporter.java:45)
	at wdMethods.SeMethods.takeSnap(SeMethods.java:470)
	at utils.Reporter.reportStep(Reporter.java:21)
	at utils.Reporter.reportStep(Reporter.java:45)
	at wdMethods.SeMethods.takeSnap(SeMethods.java:470)
	at utils.Reporter.reportStep(Reporter.java:21)
	at utils.Reporter.reportStep(Reporter.java:45)
	at wdMethods.SeMethods.takeSnap(SeMethods.java:470)
	at utils.Reporter.reportStep(Reporter.java:21)
	at utils.Reporter.reportStep(Reporter.java:45)
	at wdMethods.SeMethods.takeSnap(SeMethods.java:470)
	at utils.Reporter.reportStep(Reporter.java:21)
	at utils.Reporter.reportStep(Reporter.java:45)
	at wdMethods.SeMethods.takeSnap(SeMethods.java:470)
	at utils.Reporter.reportStep(Reporter.java:21)
	at utils.Reporter.reportStep(Reporter.java:45)
	at wdMethods.SeMethods.takeSnap(SeMethods.java:470)
	at utils.Reporter.reportStep(Reporter.java:21)
	at utils.Reporter.reportStep(Reporter.java:45)
	at wdMethods.SeMethods.takeSnap(SeMethods.java:470)
	at utils.Reporter.reportStep(Reporter.java:21)
	at utils.Reporter.reportStep(Reporter.java:45)
	at wdMethods.SeMethods.takeSnap(SeMethods.java:470)
	at utils.Reporter.reportStep(Reporter.java:21)
	at utils.Reporter.reportStep(Reporter.java:45)
	at wdMethods.SeMethods.takeSnap(SeMethods.java:470)
	at utils.Reporter.reportStep(Reporter.java:21)
	at utils.Reporter.reportStep(Reporter.java:45)
	at wdMethods.SeMethods.takeSnap(SeMethods.java:470)
	at utils.Reporter.reportStep(Reporter.java:21)
	at utils.Reporter.reportStep(Reporter.java:45)
	at wdMethods.SeMethods.takeSnap(SeMethods.java:470)
	at utils.Reporter.reportStep(Reporter.java:21)
	at utils.Reporter.reportStep(Reporter.java:45)
	at wdMethods.SeMethods.takeSnap(SeMethods.java:470)
	at utils.Reporter.reportStep(Reporter.java:21)
	at utils.Reporter.reportStep(Reporter.java:45)
	at wdMethods.SeMethods.takeSnap(SeMethods.java:470)
	at utils.Reporter.reportStep(Reporter.java:21)
	at utils.Reporter.reportStep(Reporter.java:45)
	at wdMethods.SeMethods.takeSnap(SeMethods.java:470)
	at utils.Reporter.reportStep(Reporter.java:21)
	at utils.Reporter.reportStep(Reporter.java:45)
	at wdMethods.SeMethods.takeSnap(SeMethods.java:470)
	at utils.Reporter.reportStep(Reporter.java:21)
	at utils.Reporter.reportStep(Reporter.java:45)
	at wdMethods.SeMethods.takeSnap(SeMethods.java:470)
	at utils.Reporter.reportStep(Reporter.java:21)
	at utils.Reporter.reportStep(Reporter.java:45)
	at wdMethods.SeMethods.takeSnap(SeMethods.java:470)
	at utils.Reporter.reportStep(Reporter.java:21)
	at utils.Reporter.reportStep(Reporter.java:45)
	at wdMethods.SeMethods.takeSnap(SeMethods.java:470)
	at utils.Reporter.reportStep(Reporter.java:21)
	at utils.Reporter.reportStep(Reporter.java:45)
	at wdMethods.SeMethods.takeSnap(SeMethods.java:470)
	at utils.Reporter.reportStep(Reporter.java:21)
	at utils.Reporter.reportStep(Reporter.java:45)
	at wdMethods.SeMethods.takeSnap(SeMethods.java:470)
	at utils.Reporter.reportStep(Reporter.java:21)
	at utils.Reporter.reportStep(Reporter.java:45)
	at wdMethods.SeMethods.takeSnap(SeMethods.java:470)
	at utils.Reporter.reportStep(Reporter.java:21)
	at utils.Reporter.reportStep(Reporter.java:45)
	at wdMethods.SeMethods.takeSnap(SeMethods.java:470)
	at utils.Reporter.reportStep(Reporter.java:21)
	at utils.Reporter.reportStep(Reporter.java:45)
	at wdMethods.SeMethods.takeSnap(SeMethods.java:470)
	at utils.Reporter.reportStep(Reporter.java:21)
	at utils.Reporter.reportStep(Reporter.java:45)
	at wdMethods.SeMethods.takeSnap(SeMethods.java:470)
	at utils.Reporter.reportStep(Reporter.java:21)
	at utils.Reporter.reportStep(Reporter.java:45)
	at wdMethods.SeMethods.takeSnap(SeMethods.java:470)
	at utils.Reporter.reportStep(Reporter.java:21)
	at utils.Reporter.reportStep(Reporter.java:45)
	at wdMethods.SeMethods.takeSnap(SeMethods.java:470)
	at utils.Reporter.reportStep(Reporter.java:21)
	at utils.Reporter.reportStep(Reporter.java:45)
	at wdMethods.SeMethods.takeSnap(SeMethods.java:470)
	at utils.Reporter.reportStep(Reporter.java:21)
	at utils.Reporter.reportStep(Reporter.java:45)
	at wdMethods.SeMethods.takeSnap(SeMethods.java:470)
	at utils.Reporter.reportStep(Reporter.java:21)
	at utils.Reporter.reportStep(Reporter.java:45)
	at wdMethods.SeMethods.takeSnap(SeMethods.java:470)
	at utils.Reporter.reportStep(Reporter.java:21)
	at utils.Reporter.reportStep(Reporter.java:45)
	at wdMethods.SeMethods.takeSnap(SeMethods.java:470)
	at utils.Reporter.reportStep(Reporter.java:21)
	at utils.Reporter.reportStep(Reporter.java:45)
	at wdMethods.SeMethods.takeSnap(SeMethods.java:470)
	at utils.Reporter.reportStep(Reporter.java:21)
	at utils.Reporter.reportStep(Reporter.java:45)
	at wdMethods.SeMethods.takeSnap(SeMethods.java:470)
	at utils.Reporter.reportStep(Reporter.java:21)
	at utils.Reporter.reportStep(Reporter.java:45)
	at wdMethods.SeMethods.takeSnap(SeMethods.java:470)
	at utils.Reporter.reportStep(Reporter.java:21)
	at utils.Reporter.reportStep(Reporter.java:45)
	at wdMethods.SeMethods.takeSnap(SeMethods.java:470)
	at utils.Reporter.reportStep(Reporter.java:21)
	at utils.Reporter.reportStep(Reporter.java:45)
	at wdMethods.SeMethods.takeSnap(SeMethods.java:470)
	at utils.Reporter.reportStep(Reporter.java:21)
	at utils.Reporter.reportStep(Reporter.java:45)
	at wdMethods.SeMethods.takeSnap(SeMethods.java:470)
	at utils.Reporter.reportStep(Reporter.java:21)
	at utils.Reporter.reportStep(Reporter.java:45)
	at wdMethods.SeMethods.takeSnap(SeMethods.java:470)
	at utils.Reporter.reportStep(Reporter.java:21)
	at utils.Reporter.reportStep(Reporter.java:45)
	at wdMethods.SeMethods.takeSnap(SeMethods.java:470)
	at utils.Reporter.reportStep(Reporter.java:21)
	at utils.Reporter.reportStep(Reporter.java:45)
	at wdMethods.SeMethods.takeSnap(SeMethods.java:470)
	at utils.Reporter.reportStep(Reporter.java:21)
	at utils.Reporter.reportStep(Reporter.java:45)
	at wdMethods.SeMethods.takeSnap(SeMethods.java:470)
	at utils.Reporter.reportStep(Reporter.java:21)
	at utils.Reporter.reportStep(Reporter.java:45)
	at wdMethods.SeMethods.takeSnap(SeMethods.java:470)
	at utils.Reporter.reportStep(Reporter.java:21)
	at utils.Reporter.reportStep(Reporter.java:45)
	at wdMethods.SeMethods.takeSnap(SeMethods.java:470)
	at utils.Reporter.reportStep(Reporter.java:21)
	at utils.Reporter.reportStep(Reporter.java:45)
	at wdMethods.SeMethods.takeSnap(SeMethods.java:470)
	at utils.Reporter.reportStep(Reporter.java:21)
	at utils.Reporter.reportStep(Reporter.java:45)
	at wdMethods.SeMethods.takeSnap(SeMethods.java:470)
	at utils.Reporter.reportStep(Reporter.java:21)
	at utils.Reporter.reportStep(Reporter.java:45)
	at wdMethods.SeMethods.takeSnap(SeMethods.java:470)
	at utils.Reporter.reportStep(Reporter.java:21)
	at utils.Reporter.reportStep(Reporter.java:45)
	at wdMethods.SeMethods.takeSnap(SeMethods.java:470)
	at utils.Reporter.reportStep(Reporter.java:21)
	at utils.Reporter.reportStep(Reporter.java:45)
	at wdMethods.SeMethods.takeSnap(SeMethods.java:470)
	at utils.Reporter.reportStep(Reporter.java:21)
	at utils.Reporter.reportStep(Reporter.java:45)
	at wdMethods.SeMethods.takeSnap(SeMethods.java:470)
	at utils.Reporter.reportStep(Reporter.java:21)
	at utils.Reporter.reportStep(Reporter.java:45)
	at wdMethods.SeMethods.takeSnap(SeMethods.java:470)
	at utils.Reporter.reportStep(Reporter.java:21)
	at utils.Reporter.reportStep(Reporter.java:45)
	at wdMethods.SeMethods.takeSnap(SeMethods.java:470)
	at utils.Reporter.reportStep(Reporter.java:21)
	at utils.Reporter.reportStep(Reporter.java:45)
	at wdMethods.SeMethods.takeSnap(SeMethods.java:470)
	at utils.Reporter.reportStep(Reporter.java:21)
	at utils.Reporter.reportStep(Reporter.java:45)
	at wdMethods.SeMethods.takeSnap(SeMethods.java:470)
	at utils.Reporter.reportStep(Reporter.java:21)
	at utils.Reporter.reportStep(Reporter.java:45)
	at wdMethods.SeMethods.takeSnap(SeMethods.java:470)
	at utils.Reporter.reportStep(Reporter.java:21)
	at utils.Reporter.reportStep(Reporter.java:45)
	at wdMethods.SeMethods.takeSnap(SeMethods.java:470)
	at utils.Reporter.reportStep(Reporter.java:21)
	at utils.Reporter.reportStep(Reporter.java:45)
	at wdMethods.SeMethods.takeSnap(SeMethods.java:470)
	at utils.Reporter.reportStep(Reporter.java:21)
	at utils.Reporter.reportStep(Reporter.java:45)
	at wdMethods.SeMethods.takeSnap(SeMethods.java:470)
	at utils.Reporter.reportStep(Reporter.java:21)
	at utils.Reporter.reportStep(Reporter.java:45)
	at wdMethods.SeMethods.takeSnap(SeMethods.java:470)
	at utils.Reporter.reportStep(Reporter.java:21)
	at utils.Reporter.reportStep(Reporter.java:45)
	at wdMethods.SeMethods.takeSnap(SeMethods.java:470)
	at utils.Reporter.reportStep(Reporter.java:21)
	at utils.Reporter.reportStep(Reporter.java:45)
	at wdMethods.SeMethods.takeSnap(SeMethods.java:470)
	at utils.Reporter.reportStep(Reporter.java:21)
	at utils.Reporter.reportStep(Reporter.java:45)
	at wdMethods.SeMethods.takeSnap(SeMethods.java:470)
	at utils.Reporter.reportStep(Reporter.java:21)
	at utils.Reporter.reportStep(Reporter.java:45)
	at wdMethods.SeMethods.takeSnap(SeMethods.java:470)
	at utils.Reporter.reportStep(Reporter.java:21)
	at utils.Reporter.reportStep(Reporter.java:45)
	at wdMethods.SeMethods.takeSnap(SeMethods.java:470)
	at utils.Reporter.reportStep(Reporter.java:21)
	at utils.Reporter.reportStep(Reporter.java:45)
	at wdMethods.SeMethods.takeSnap(SeMethods.java:470)
	at utils.Reporter.reportStep(Reporter.java:21)
	at utils.Reporter.reportStep(Reporter.java:45)
	at wdMethods.SeMethods.takeSnap(SeMethods.java:470)
	at utils.Reporter.reportStep(Reporter.java:21)
	at utils.Reporter.reportStep(Reporter.java:45)
	at wdMethods.SeMethods.takeSnap(SeMethods.java:470)
	at utils.Reporter.reportStep(Reporter.java:21)
	at utils.Reporter.reportStep(Reporter.java:45)
	at wdMethods.SeMethods.takeSnap(SeMethods.java:470)
	at utils.Reporter.reportStep(Reporter.java:21)
	at utils.Reporter.reportStep(Reporter.java:45)
	at wdMethods.SeMethods.takeSnap(SeMethods.java:470)
	at utils.Reporter.reportStep(Reporter.java:21)
	at utils.Reporter.reportStep(Reporter.java:45)
	at wdMethods.SeMethods.takeSnap(SeMethods.java:470)
	at utils.Reporter.reportStep(Reporter.java:21)
	at utils.Reporter.reportStep(Reporter.java:45)
	at wdMethods.SeMethods.takeSnap(SeMethods.java:470)
	at utils.Reporter.reportStep(Reporter.java:21)
	at utils.Reporter.reportStep(Reporter.java:45)
	at wdMethods.SeMethods.takeSnap(SeMethods.java:470)
	at utils.Reporter.reportStep(Reporter.java:21)
	at utils.Reporter.reportStep(Reporter.java:45)
	at wdMethods.SeMethods.takeSnap(SeMethods.java:470)
	at utils.Reporter.reportStep(Reporter.java:21)
	at utils.Reporter.reportStep(Reporter.java:45)
	at wdMethods.SeMethods.takeSnap(SeMethods.java:470)
	at utils.Reporter.reportStep(Reporter.java:21)
	at utils.Reporter.reportStep(Reporter.java:45)
	at wdMethods.SeMethods.takeSnap(SeMethods.java:470)
	at utils.Reporter.reportStep(Reporter.java:21)
	at utils.Reporter.reportStep(Reporter.java:45)
	at wdMethods.SeMethods.takeSnap(SeMethods.java:470)
	at utils.Reporter.reportStep(Reporter.java:21)
	at utils.Reporter.reportStep(Reporter.java:45)
	at wdMethods.SeMethods.takeSnap(SeMethods.java:470)
	at utils.Reporter.reportStep(Reporter.java:21)
	at utils.Reporter.reportStep(Reporter.java:45)
	at wdMethods.SeMethods.takeSnap(SeMethods.java:470)
	at utils.Reporter.reportStep(Reporter.java:21)
	at utils.Reporter.reportStep(Reporter.java:45)
	at wdMethods.SeMethods.takeSnap(SeMethods.java:470)
	at utils.Reporter.reportStep(Reporter.java:21)
	at utils.Reporter.reportStep(Reporter.java:45)
	at wdMethods.SeMethods.takeSnap(SeMethods.java:470)
	at utils.Reporter.reportStep(Reporter.java:21)
	at utils.Reporter.reportStep(Reporter.java:45)
	at wdMethods.SeMethods.takeSnap(SeMethods.java:470)
	at utils.Reporter.reportStep(Reporter.java:21)
	at utils.Reporter.reportStep(Reporter.java:45)
	at wdMethods.SeMethods.takeSnap(SeMethods.java:470)
	at utils.Reporter.reportStep(Reporter.java:21)
	at utils.Reporter.reportStep(Reporter.java:45)
	at wdMethods.SeMethods.takeSnap(SeMethods.java:470)
	at utils.Reporter.reportStep(Reporter.java:21)
	at utils.Reporter.reportStep(Reporter.java:45)
	at wdMethods.SeMethods.takeSnap(SeMethods.java:470)
	at utils.Reporter.reportStep(Reporter.java:21)
	at utils.Reporter.reportStep(Reporter.java:45)
	at wdMethods.SeMethods.takeSnap(SeMethods.java:470)
	at utils.Reporter.reportStep(Reporter.java:21)
	at utils.Reporter.reportStep(Reporter.java:45)
	at wdMethods.SeMethods.takeSnap(SeMethods.java:470)
	at utils.Reporter.reportStep(Reporter.java:21)
	at utils.Reporter.reportStep(Reporter.java:45)
	at wdMethods.SeMethods.takeSnap(SeMethods.java:470)
	at utils.Reporter.reportStep(Reporter.java:21)
	at utils.Reporter.reportStep(Reporter.java:45)
	at wdMethods.SeMethods.takeSnap(SeMethods.java:470)
	at utils.Reporter.reportStep(Reporter.java:21)
	at utils.Reporter.reportStep(Reporter.java:45)
	at wdMethods.SeMethods.takeSnap(SeMethods.java:470)
	at utils.Reporter.reportStep(Reporter.java:21)
	at utils.Reporter.reportStep(Reporter.java:45)
	at wdMethods.SeMethods.takeSnap(SeMethods.java:470)
	at utils.Reporter.reportStep(Reporter.java:21)
	at utils.Reporter.reportStep(Reporter.java:45)
	at wdMethods.SeMethods.takeSnap(SeMethods.java:470)
	at utils.Reporter.reportStep(Reporter.java:21)
	at utils.Reporter.reportStep(Reporter.java:45)
	at wdMethods.SeMethods.takeSnap(SeMethods.java:470)
	at utils.Reporter.reportStep(Reporter.java:21)
	at utils.Reporter.reportStep(Reporter.java:45)
	at wdMethods.SeMethods.takeSnap(SeMethods.java:470)
	at utils.Reporter.reportStep(Reporter.java:21)
	at utils.Reporter.reportStep(Reporter.java:45)
	at wdMethods.SeMethods.takeSnap(SeMethods.java:470)
	at utils.Reporter.reportStep(Reporter.java:21)
	at utils.Reporter.reportStep(Reporter.java:45)
	at wdMethods.SeMethods.takeSnap(SeMethods.java:470)
	at utils.Reporter.reportStep(Reporter.java:21)
	at utils.Reporter.reportStep(Reporter.java:45)
	at wdMethods.SeMethods.takeSnap(SeMethods.java:470)
	at utils.Reporter.reportStep(Reporter.java:21)
	at utils.Reporter.reportStep(Reporter.java:45)
	at wdMethods.SeMethods.takeSnap(SeMethods.java:470)
	at utils.Reporter.reportStep(Reporter.java:21)
	at utils.Reporter.reportStep(Reporter.java:45)
	at wdMethods.SeMethods.takeSnap(SeMethods.java:470)
	at utils.Reporter.reportStep(Reporter.java:21)
	at utils.Reporter.reportStep(Reporter.java:45)
	at wdMethods.SeMethods.takeSnap(SeMethods.java:470)
	at utils.Reporter.reportStep(Reporter.java:21)
	at utils.Reporter.reportStep(Reporter.java:45)
	at wdMethods.SeMethods.takeSnap(SeMethods.java:470)
	at utils.Reporter.reportStep(Reporter.java:21)
	at utils.Reporter.reportStep(Reporter.java:45)
	at wdMethods.SeMethods.takeSnap(SeMethods.java:470)
	at utils.Reporter.reportStep(Reporter.java:21)
	at utils.Reporter.reportStep(Reporter.java:45)
	at wdMethods.SeMethods.takeSnap(SeMethods.java:470)
	at utils.Reporter.reportStep(Reporter.java:21)
	at utils.Reporter.reportStep(Reporter.java:45)
	at wdMethods.SeMethods.takeSnap(SeMethods.java:470)
	at utils.Reporter.reportStep(Reporter.java:21)
	at utils.Reporter.reportStep(Reporter.java:45)
	at wdMethods.SeMethods.takeSnap(SeMethods.java:470)
	at utils.Reporter.reportStep(Reporter.java:21)
	at utils.Reporter.reportStep(Reporter.java:45)
	at wdMethods.SeMethods.takeSnap(SeMethods.java:470)
	at utils.Reporter.reportStep(Reporter.java:21)
	at utils.Reporter.reportStep(Reporter.java:45)
	at wdMethods.SeMethods.takeSnap(SeMethods.java:470)
	at utils.Reporter.reportStep(Reporter.java:21)
	at utils.Reporter.reportStep(Reporter.java:45)
	at wdMethods.SeMethods.takeSnap(SeMethods.java:470)
	at utils.Reporter.reportStep(Reporter.java:21)
	at utils.Reporter.reportStep(Reporter.java:45)
	at wdMethods.SeMethods.takeSnap(SeMethods.java:470)
	at utils.Reporter.reportStep(Reporter.java:21)
	at utils.Reporter.reportStep(Reporter.java:45)
	at wdMethods.SeMethods.takeSnap(SeMethods.java:470)
	at utils.Reporter.reportStep(Reporter.java:21)
	at utils.Reporter.reportStep(Reporter.java:45)
	at wdMethods.SeMethods.takeSnap(SeMethods.java:470)
	at utils.Reporter.reportStep(Reporter.java:21)
	at utils.Reporter.reportStep(Reporter.java:45)
	at wdMethods.SeMethods.takeSnap(SeMethods.java:470)
	at utils.Reporter.reportStep(Reporter.java:21)
	at utils.Reporter.reportStep(Reporter.java:45)
	at wdMethods.SeMethods.takeSnap(SeMethods.java:470)
	at utils.Reporter.reportStep(Reporter.java:21)
	at utils.Reporter.reportStep(Reporter.java:45)
	at wdMethods.SeMethods.takeSnap(SeMethods.java:470)
	at utils.Reporter.reportStep(Reporter.java:21)
	at utils.Reporter.reportStep(Reporter.java:45)
	at wdMethods.SeMethods.takeSnap(SeMethods.java:470)
	at utils.Reporter.reportStep(Reporter.java:21)
	at utils.Reporter.reportStep(Reporter.java:45)
	at wdMethods.SeMethods.takeSnap(SeMethods.java:470)
	at utils.Reporter.reportStep(Reporter.java:21)
	at utils.Reporter.reportStep(Reporter.java:45)
	at wdMethods.SeMethods.takeSnap(SeMethods.java:470)
	at utils.Reporter.reportStep(Reporter.java:21)
	at utils.Reporter.reportStep(Reporter.java:45)
	at wdMethods.SeMethods.takeSnap(SeMethods.java:470)
	at utils.Reporter.reportStep(Reporter.java:21)
	at utils.Reporter.reportStep(Reporter.java:45)
	at wdMethods.SeMethods.takeSnap(SeMethods.java:470)
	at utils.Reporter.reportStep(Reporter.java:21)
	at utils.Reporter.reportStep(Reporter.java:45)
	at wdMethods.SeMethods.takeSnap(SeMethods.java:470)
	at utils.Reporter.reportStep(Reporter.java:21)
	at utils.Reporter.reportStep(Reporter.java:45)
	at wdMethods.SeMethods.takeSnap(SeMethods.java:470)
	at utils.Reporter.reportStep(Reporter.java:21)
	at utils.Reporter.reportStep(Reporter.java:45)
	at wdMethods.SeMethods.takeSnap(SeMethods.java:470)
	at utils.Reporter.reportStep(Reporter.java:21)
	at utils.Reporter.reportStep(Reporter.java:45)
	at wdMethods.SeMethods.takeSnap(SeMethods.java:470)
	at utils.Reporter.reportStep(Reporter.java:21)
	at utils.Reporter.reportStep(Reporter.java:45)
	at wdMethods.SeMethods.takeSnap(SeMethods.java:470)
	at utils.Reporter.reportStep(Reporter.java:21)
	at utils.Reporter.reportStep(Reporter.java:45)
	at wdMethods.SeMethods.takeSnap(SeMethods.java:470)
	at utils.Reporter.reportStep(Reporter.java:21)
	at utils.Reporter.reportStep(Reporter.java:45)
	at wdMethods.SeMethods.takeSnap(SeMethods.java:470)
	at utils.Reporter.reportStep(Reporter.java:21)
	at utils.Reporter.reportStep(Reporter.java:45)
	at wdMethods.SeMethods.takeSnap(SeMethods.java:470)
	at utils.Reporter.reportStep(Reporter.java:21)
	at utils.Reporter.reportStep(Reporter.java:45)
	at wdMethods.SeMethods.takeSnap(SeMethods.java:470)
	at utils.Reporter.reportStep(Reporter.java:21)
	at utils.Reporter.reportStep(Reporter.java:45)
	at wdMethods.SeMethods.takeSnap(SeMethods.java:470)
	at utils.Reporter.reportStep(Reporter.java:21)
	at utils.Reporter.reportStep(Reporter.java:45)
	at wdMethods.SeMethods.takeSnap(SeMethods.java:470)
	at utils.Reporter.reportStep(Reporter.java:21)
	at utils.Reporter.reportStep(Reporter.java:45)
	at wdMethods.SeMethods.takeSnap(SeMethods.java:470)
	at utils.Reporter.reportStep(Reporter.java:21)
	at utils.Reporter.reportStep(Reporter.java:45)
	at wdMethods.SeMethods.takeSnap(SeMethods.java:470)
	at utils.Reporter.reportStep(Reporter.java:21)
	at utils.Reporter.reportStep(Reporter.java:45)
	at wdMethods.SeMethods.takeSnap(SeMethods.java:470)
	at utils.Reporter.reportStep(Reporter.java:21)
	at utils.Reporter.reportStep(Reporter.java:45)
	at wdMethods.SeMethods.takeSnap(SeMethods.java:470)
	at utils.Reporter.reportStep(Reporter.java:21)
	at utils.Reporter.reportStep(Reporter.java:45)
	at wdMethods.SeMethods.takeSnap(SeMethods.java:470)
	at utils.Reporter.reportStep(Reporter.java:21)
	at utils.Reporter.reportStep(Reporter.java:45)
	at wdMethods.SeMethods.takeSnap(SeMethods.java:470)
	at utils.Reporter.reportStep(Reporter.java:21)
	at utils.Reporter.reportStep(Reporter.java:45)
	at wdMethods.SeMethods.takeSnap(SeMethods.java:470)
	at utils.Reporter.reportStep(Reporter.java:21)
	at utils.Reporter.reportStep(Reporter.java:45)
	at wdMethods.SeMethods.takeSnap(SeMethods.java:470)
	at utils.Reporter.reportStep(Reporter.java:21)
	at utils.Reporter.reportStep(Reporter.java:45)
	at wdMethods.SeMethods.takeSnap(SeMethods.java:470)
	at utils.Reporter.reportStep(Reporter.java:21)
	at utils.Reporter.reportStep(Reporter.java:45)
	at wdMethods.SeMethods.takeSnap(SeMethods.java:470)
	at utils.Reporter.reportStep(Reporter.java:21)
	at utils.Reporter.reportStep(Reporter.java:45)
	at wdMethods.SeMethods.takeSnap(SeMethods.java:470)
	at utils.Reporter.reportStep(Reporter.java:21)
	at utils.Reporter.reportStep(Reporter.java:45)
	at wdMethods.SeMethods.takeSnap(SeMethods.java:470)
	at utils.Reporter.reportStep(Reporter.java:21)
	at utils.Reporter.reportStep(Reporter.java:45)
	at wdMethods.SeMethods.takeSnap(SeMethods.java:470)
	at utils.Reporter.reportStep(Reporter.java:21)
	at utils.Reporter.reportStep(Reporter.java:45)
	at wdMethods.SeMethods.takeSnap(SeMethods.java:470)
	at utils.Reporter.reportStep(Reporter.java:21)
	at utils.Reporter.reportStep(Reporter.java:45)
	at wdMethods.SeMethods.takeSnap(SeMethods.java:470)
	at utils.Reporter.reportStep(Reporter.java:21)
	at utils.Reporter.reportStep(Reporter.java:45)
	at wdMethods.SeMethods.takeSnap(SeMethods.java:470)
	at utils.Reporter.reportStep(Reporter.java:21)
	at utils.Reporter.reportStep(Reporter.java:45)
	at wdMethods.SeMethods.takeSnap(SeMethods.java:470)
	at utils.Reporter.reportStep(Reporter.java:21)
	at utils.Reporter.reportStep(Reporter.java:45)
	at wdMethods.SeMethods.takeSnap(SeMethods.java:470)
	at utils.Reporter.reportStep(Reporter.java:21)
	at utils.Reporter.reportStep(Reporter.java:45)
	at wdMethods.SeMethods.takeSnap(SeMethods.java:470)
	at utils.Reporter.reportStep(Reporter.java:21)
	at utils.Reporter.reportStep(Reporter.java:45)
	at wdMethods.SeMethods.takeSnap(SeMethods.java:470)
	at utils.Reporter.reportStep(Reporter.java:21)
	at utils.Reporter.reportStep(Reporter.java:45)
	at wdMethods.SeMethods.takeSnap(SeMethods.java:470)
	at utils.Reporter.reportStep(Reporter.java:21)
	at utils.Reporter.reportStep(Reporter.java:45)
	at wdMethods.SeMethods.takeSnap(SeMethods.java:470)
	at utils.Reporter.reportStep(Reporter.java:21)
	at utils.Reporter.reportStep(Reporter.java:45)
	at wdMethods.SeMethods.takeSnap(SeMethods.java:470)
	at utils.Reporter.reportStep(Reporter.java:21)
	at utils.Reporter.reportStep(Reporter.java:45)
	at wdMethods.SeMethods.takeSnap(SeMethods.java:470)
	at utils.Reporter.reportStep(Reporter.java:21)
	at utils.Reporter.reportStep(Reporter.java:45)
	at wdMethods.SeMethods.takeSnap(SeMethods.java:470)
	at utils.Reporter.reportStep(Reporter.java:21)
	at utils.Reporter.reportStep(Reporter.java:45)
	at wdMethods.SeMethods.takeSnap(SeMethods.java:470)
	at utils.Reporter.reportStep(Reporter.java:21)
	at utils.Reporter.reportStep(Reporter.java:45)
	at wdMethods.SeMethods.takeSnap(SeMethods.java:470)
	at utils.Reporter.reportStep(Reporter.java:21)
	at utils.Reporter.reportStep(Reporter.java:45)
	at wdMethods.SeMethods.takeSnap(SeMethods.java:470)
	at utils.Reporter.reportStep(Reporter.java:21)
	at utils.Reporter.reportStep(Reporter.java:45)
	at wdMethods.SeMethods.takeSnap(SeMethods.java:470)
	at utils.Reporter.reportStep(Reporter.java:21)
	at utils.Reporter.reportStep(Reporter.java:45)
	at wdMethods.SeMethods.takeSnap(SeMethods.java:470)
	at utils.Reporter.reportStep(Reporter.java:21)
	at utils.Reporter.reportStep(Reporter.java:45)
	at wdMethods.SeMethods.takeSnap(SeMethods.java:470)
	at utils.Reporter.reportStep(Reporter.java:21)
	at utils.Reporter.reportStep(Reporter.java:45)
	at wdMethods.SeMethods.takeSnap(SeMethods.java:470)
	at utils.Reporter.reportStep(Reporter.java:21)
	at utils.Reporter.reportStep(Reporter.java:45)
	at wdMethods.SeMethods.takeSnap(SeMethods.java:470)
	at utils.Reporter.reportStep(Reporter.java:21)
	at utils.Reporter.reportStep(Reporter.java:45)
	at wdMethods.SeMethods.takeSnap(SeMethods.java:470)
	at utils.Reporter.reportStep(Reporter.java:21)
	at utils.Reporter.reportStep(Reporter.java:45)
	at wdMethods.SeMethods.takeSnap(SeMethods.java:470)
	at utils.Reporter.reportStep(Reporter.java:21)
	at utils.Reporter.reportStep(Reporter.java:45)
	at wdMethods.SeMethods.takeSnap(SeMethods.java:470)
	at utils.Reporter.reportStep(Reporter.java:21)
	at utils.Reporter.reportStep(Reporter.java:45)
	at wdMethods.SeMethods.takeSnap(SeMethods.java:470)
	at utils.Reporter.reportStep(Reporter.java:21)
	at utils.Reporter.reportStep(Reporter.java:45)
	at wdMethods.SeMethods.takeSnap(SeMethods.java:470)
	at utils.Reporter.reportStep(Reporter.java:21)
	at utils.Reporter.reportStep(Reporter.java:45)
	at wdMethods.SeMethods.takeSnap(SeMethods.java:470)
	at utils.Reporter.reportStep(Reporter.java:21)
	at utils.Reporter.reportStep(Reporter.java:45)
	at wdMethods.SeMethods.takeSnap(SeMethods.java:470)
	at utils.Reporter.reportStep(Reporter.java:21)
	at utils.Reporter.reportStep(Reporter.java:45)
	at wdMethods.SeMethods.takeSnap(SeMethods.java:470)
	at utils.Reporter.reportStep(Reporter.java:21)
	at utils.Reporter.reportStep(Reporter.java:45)
	at wdMethods.SeMethods.takeSnap(SeMethods.java:470)
	at utils.Reporter.reportStep(Reporter.java:21)
	at utils.Reporter.reportStep(Reporter.java:45)
	at wdMethods.SeMethods.takeSnap(SeMethods.java:470)
	at utils.Reporter.reportStep(Reporter.java:21)
	at utils.Reporter.reportStep(Reporter.java:45)
	at wdMethods.SeMethods.takeSnap(SeMethods.java:470)
	at utils.Reporter.reportStep(Reporter.java:21)
	at utils.Reporter.reportStep(Reporter.java:45)
	at wdMethods.SeMethods.takeSnap(SeMethods.java:470)
	at utils.Reporter.reportStep(Reporter.java:21)
	at utils.Reporter.reportStep(Reporter.java:45)
	at wdMethods.SeMethods.takeSnap(SeMethods.java:470)
	at utils.Reporter.reportStep(Reporter.java:21)
	at utils.Reporter.reportStep(Reporter.java:45)
	at wdMethods.SeMethods.takeSnap(SeMethods.java:470)
	at utils.Reporter.reportStep(Reporter.java:21)
	at utils.Reporter.reportStep(Reporter.java:45)
	at wdMethods.SeMethods.takeSnap(SeMethods.java:470)
	at utils.Reporter.reportStep(Reporter.java:21)
	at utils.Reporter.reportStep(Reporter.java:45)
	at wdMethods.SeMethods.takeSnap(SeMethods.java:470)
	at utils.Reporter.reportStep(Reporter.java:21)
	at utils.Reporter.reportStep(Reporter.java:45)
	at wdMethods.SeMethods.takeSnap(SeMethods.java:470)
	at utils.Reporter.reportStep(Reporter.java:21)
	at utils.Reporter.reportStep(Reporter.java:45)
	at wdMethods.SeMethods.takeSnap(SeMethods.java:470)
	at utils.Reporter.reportStep(Reporter.java:21)
	at utils.Reporter.reportStep(Reporter.java:45)
	at wdMethods.SeMethods.takeSnap(SeMethods.java:470)
	at utils.Reporter.reportStep(Reporter.java:21)
	at utils.Reporter.reportStep(Reporter.java:45)
	at wdMethods.SeMethods.takeSnap(SeMethods.java:470)
	at utils.Reporter.reportStep(Reporter.java:21)
	at utils.Reporter.reportStep(Reporter.java:45)
	at wdMethods.SeMethods.takeSnap(SeMethods.java:470)
	at utils.Reporter.reportStep(Reporter.java:21)
	at utils.Reporter.reportStep(Reporter.java:45)
	at wdMethods.SeMethods.takeSnap(SeMethods.java:470)
	at utils.Reporter.reportStep(Reporter.java:21)
	at utils.Reporter.reportStep(Reporter.java:45)
	at wdMethods.SeMethods.takeSnap(SeMethods.java:470)
	at utils.Reporter.reportStep(Reporter.java:21)
	at utils.Reporter.reportStep(Reporter.java:45)
	at wdMethods.SeMethods.takeSnap(SeMethods.java:470)
	at utils.Reporter.reportStep(Reporter.java:21)
	at utils.Reporter.reportStep(Reporter.java:45)
	at wdMethods.SeMethods.takeSnap(SeMethods.java:470)
	at utils.Reporter.reportStep(Reporter.java:21)
	at utils.Reporter.reportStep(Reporter.java:45)
	at wdMethods.SeMethods.takeSnap(SeMethods.java:470)
	at utils.Reporter.reportStep(Reporter.java:21)
	at utils.Reporter.reportStep(Reporter.java:45)
	at wdMethods.SeMethods.takeSnap(SeMethods.java:470)
	at utils.Reporter.reportStep(Reporter.java:21)
	at utils.Reporter.reportStep(Reporter.java:45)
	at wdMethods.SeMethods.takeSnap(SeMethods.java:470)
	at utils.Reporter.reportStep(Reporter.java:21)
	at utils.Reporter.reportStep(Reporter.java:45)
	at wdMethods.SeMethods.takeSnap(SeMethods.java:470)
	at utils.Reporter.reportStep(Reporter.java:21)
	at utils.Reporter.reportStep(Reporter.java:45)
	at wdMethods.SeMethods.takeSnap(SeMethods.java:470)
	at utils.Reporter.reportStep(Reporter.java:21)
	at utils.Reporter.reportStep(Reporter.java:45)
	at wdMethods.SeMethods.takeSnap(SeMethods.java:470)
	at utils.Reporter.reportStep(Reporter.java:21)
	at utils.Reporter.reportStep(Reporter.java:45)
	at wdMethods.SeMethods.takeSnap(SeMethods.java:470)
	at utils.Reporter.reportStep(Reporter.java:21)
	at utils.Reporter.reportStep(Reporter.java:45)
	at wdMethods.SeMethods.takeSnap(SeMethods.java:470)
	at utils.Reporter.reportStep(Reporter.java:21)
	at utils.Reporter.reportStep(Reporter.java:45)
	at wdMethods.SeMethods.takeSnap(SeMethods.java:470)
	at utils.Reporter.reportStep(Reporter.java:21)
	at utils.Reporter.reportStep(Reporter.java:45)
	at wdMethods.SeMethods.takeSnap(SeMethods.java:470)
	at utils.Reporter.reportStep(Reporter.java:21)
	at utils.Reporter.reportStep(Reporter.java:45)
	at wdMethods.SeMethods.takeSnap(SeMethods.java:470)
	at utils.Reporter.reportStep(Reporter.java:21)
	at utils.Reporter.reportStep(Reporter.java:45)
	at wdMethods.SeMethods.takeSnap(SeMethods.java:470)
	at utils.Reporter.reportStep(Reporter.java:21)
	at utils.Reporter.reportStep(Reporter.java:45)
	at wdMethods.SeMethods.takeSnap(SeMethods.java:470)
	at utils.Reporter.reportStep(Reporter.java:21)
	at utils.Reporter.reportStep(Reporter.java:45)
	at wdMethods.SeMethods.takeSnap(SeMethods.java:470)
	at utils.Reporter.reportStep(Reporter.java:21)
	at utils.Reporter.reportStep(Reporter.java:45)
	at wdMethods.SeMethods.takeSnap(SeMethods.java:470)
	at utils.Reporter.reportStep(Reporter.java:21)
	at utils.Reporter.reportStep(Reporter.java:45)
	at wdMethods.SeMethods.takeSnap(SeMethods.java:470)
	at utils.Reporter.reportStep(Reporter.java:21)
	at utils.Reporter.reportStep(Reporter.java:45)
	at wdMethods.SeMethods.takeSnap(SeMethods.java:470)
	at utils.Reporter.reportStep(Reporter.java:21)
	at utils.Reporter.reportStep(Reporter.java:45)
	at wdMethods.SeMethods.takeSnap(SeMethods.java:470)
	at utils.Reporter.reportStep(Reporter.java:21)
	at utils.Reporter.reportStep(Reporter.java:45)
	at wdMethods.SeMethods.takeSnap(SeMethods.java:470)
	at utils.Reporter.reportStep(Reporter.java:21)
	at utils.Reporter.reportStep(Reporter.java:45)
	at wdMethods.SeMethods.takeSnap(SeMethods.java:470)
	at utils.Reporter.reportStep(Reporter.java:21)
	at utils.Reporter.reportStep(Reporter.java:45)
	at wdMethods.SeMethods.takeSnap(SeMethods.java:470)
	at utils.Reporter.reportStep(Reporter.java:21)
	at utils.Reporter.reportStep(Reporter.java:45)
	at wdMethods.SeMethods.takeSnap(SeMethods.java:470)
	at utils.Reporter.reportStep(Reporter.java:21)
	at utils.Reporter.reportStep(Reporter.java:45)
	at wdMethods.SeMethods.takeSnap(SeMethods.java:470)
	at utils.Reporter.reportStep(Reporter.java:21)
	at utils.Reporter.reportStep(Reporter.java:45)
	at wdMethods.SeMethods.takeSnap(SeMethods.java:470)
	at utils.Reporter.reportStep(Reporter.java:21)
	at utils.Reporter.reportStep(Reporter.java:45)
	at wdMethods.SeMethods.takeSnap(SeMethods.java:470)
	at utils.Reporter.reportStep(Reporter.java:21)
	at utils.Reporter.reportStep(Reporter.java:45)
	at wdMethods.SeMethods.takeSnap(SeMethods.java:470)
	at utils.Reporter.reportStep(Reporter.java:21)
	at utils.Reporter.reportStep(Reporter.java:45)
	at wdMethods.SeMethods.takeSnap(SeMethods.java:470)
	at utils.Reporter.reportStep(Reporter.java:21)
	at utils.Reporter.reportStep(Reporter.java:45)
	at wdMethods.SeMethods.takeSnap(SeMethods.java:470)
	at utils.Reporter.reportStep(Reporter.java:21)
	at utils.Reporter.reportStep(Reporter.java:45)
	at wdMethods.SeMethods.takeSnap(SeMethods.java:470)
	at utils.Reporter.reportStep(Reporter.java:21)
	at utils.Reporter.reportStep(Reporter.java:45)
	at wdMethods.SeMethods.takeSnap(SeMethods.java:470)
	at utils.Reporter.reportStep(Reporter.java:21)
	at utils.Reporter.reportStep(Reporter.java:45)
	at wdMethods.SeMethods.takeSnap(SeMethods.java:470)
	at utils.Reporter.reportStep(Reporter.java:21)
	at utils.Reporter.reportStep(Reporter.java:45)
	at wdMethods.SeMethods.takeSnap(SeMethods.java:470)
	at utils.Reporter.reportStep(Reporter.java:21)
	at utils.Reporter.reportStep(Reporter.java:45)
	at wdMethods.SeMethods.takeSnap(SeMethods.java:470)
	at utils.Reporter.reportStep(Reporter.java:21)
	at utils.Reporter.reportStep(Reporter.java:45)
	at wdMethods.SeMethods.takeSnap(SeMethods.java:470)
	at utils.Reporter.reportStep(Reporter.java:21)
	at utils.Reporter.reportStep(Reporter.java:45)
	at wdMethods.SeMethods.takeSnap(SeMethods.java:470)
	at utils.Reporter.reportStep(Reporter.java:21)
	at utils.Reporter.reportStep(Reporter.java:45)
	at wdMethods.SeMethods.takeSnap(SeMethods.java:470)
	at utils.Reporter.reportStep(Reporter.java:21)
	at utils.Reporter.reportStep(Reporter.java:45)
	at wdMethods.SeMethods.takeSnap(SeMethods.java:470)
	at utils.Reporter.reportStep(Reporter.java:21)
	at utils.Reporter.reportStep(Reporter.java:45)
	at wdMethods.SeMethods.takeSnap(SeMethods.java:470)
	at utils.Reporter.reportStep(Reporter.java:21)
	at utils.Reporter.reportStep(Reporter.java:45)
	at wdMethods.SeMethods.takeSnap(SeMethods.java:470)
	at utils.Reporter.reportStep(Reporter.java:21)
	at utils.Reporter.reportStep(Reporter.java:45)
	at wdMethods.SeMethods.takeSnap(SeMethods.java:470)
	at utils.Reporter.reportStep(Reporter.java:21)
	at utils.Reporter.reportStep(Reporter.java:45)
	at wdMethods.SeMethods.takeSnap(SeMethods.java:470)
	at utils.Reporter.reportStep(Reporter.java:21)
	at utils.Reporter.reportStep(Reporter.java:45)
	at wdMethods.SeMethods.takeSnap(SeMethods.java:470)
	at utils.Reporter.reportStep(Reporter.java:21)
]]>
    </error>
  </testcase> <!-- validateFlow -->
</testsuite> <!-- internationalTests.IDE.IDET003_FundsSolutions_Retirement -->
