<?xml version="1.0" encoding="UTF-8"?>
<!-- Generated by org.testng.reporters.JUnitReportReporter -->
<testsuite hostname="hydwks135838" name="internationalTests.Switzerland.FOVW018_Overview_ImportantLegalInformation" tests="1" failures="0" timestamp="20 Mar 2018 06:24:18 GMT" time="38.782" errors="0">
  <testcase name="validateOverviewPageLegalInfo" time="38.782" classname="internationalTests.Switzerland.FOVW018_Overview_ImportantLegalInformation"/>
</testsuite> <!-- internationalTests.Switzerland.FOVW018_Overview_ImportantLegalInformation -->
