<?xml version="1.0" encoding="UTF-8"?>
<!-- Generated by org.testng.reporters.JUnitReportReporter -->
<testsuite hostname="hydwks135838" name="internationalTests.UK.PERF019_PerformanceDiscreteAnnualPerformanceMonthEnd" tests="1" failures="0" timestamp="18 Jul 2018 12:07:36 GMT" time="62.942" errors="0">
  <testcase name="validatePerformanceDiscreteAnnualPerformanceMonthEnd" time="62.942" classname="internationalTests.UK.PERF019_PerformanceDiscreteAnnualPerformanceMonthEnd"/>
</testsuite> <!-- internationalTests.UK.PERF019_PerformanceDiscreteAnnualPerformanceMonthEnd -->
