<?xml version="1.0" encoding="UTF-8"?>
<!-- Generated by org.testng.reporters.JUnitReportReporter -->
<testsuite hostname="HYDNBK136589" name="internationalTests.Luxembourg.PPSS003_Performance_DiscreteAnnaul" tests="1" failures="0" timestamp="3 Apr 2018 09:58:43 GMT" time="33.383" errors="0">
  <testcase name="validatePerformanceTabColumnsByDiscreteAnnaul" time="33.383" classname="internationalTests.Luxembourg.PPSS003_Performance_DiscreteAnnaul"/>
</testsuite> <!-- internationalTests.Luxembourg.PPSS003_Performance_DiscreteAnnaul -->
