<?xml version="1.0" encoding="UTF-8"?>
<!-- Generated by org.testng.reporters.JUnitReportReporter -->
<testsuite hostname="hydwks135838" name="internationalTests.Singapore.PFOL020_PortfolioStatistics_Equity" tests="1" failures="0" timestamp="27 Mar 2018 09:04:03 GMT" time="53.408" errors="0">
  <testcase name="validatePortfolioStatisticsEquity" time="53.408" classname="internationalTests.Singapore.PFOL020_PortfolioStatistics_Equity"/>
</testsuite> <!-- internationalTests.Singapore.PFOL020_PortfolioStatistics_Equity -->
