<?xml version="1.0" encoding="UTF-8"?>
<!-- Generated by org.testng.reporters.JUnitReportReporter -->
<testsuite hostname="hydwks135838" name="internationalTests.Canada.PPSS001_PageNavigationAndOverview" tests="1" failures="0" timestamp="31 May 2018 13:28:04 GMT" time="32.243" errors="0">
  <testcase name="validatePPSSPageNavigation" time="32.243" classname="internationalTests.Canada.PPSS001_PageNavigationAndOverview"/>
</testsuite> <!-- internationalTests.Canada.PPSS001_PageNavigationAndOverview -->
