<?xml version="1.0" encoding="UTF-8"?>
<!-- Generated by org.testng.reporters.JUnitReportReporter -->
<testsuite hostname="hydwks135838" name="internationalTests.Luxembourg.PFOL012_ManagerAllocation" tests="1" failures="0" timestamp="16 Apr 2018 10:26:58 GMT" time="72.630" errors="0">
  <testcase name="validateManagerAllocationWidget" time="72.630" classname="internationalTests.Luxembourg.PFOL012_ManagerAllocation"/>
</testsuite> <!-- internationalTests.Luxembourg.PFOL012_ManagerAllocation -->
