<?xml version="1.0" encoding="UTF-8"?>
<!-- Generated by org.testng.reporters.JUnitReportReporter -->
<testsuite hostname="hydwks135838" name="internationalTests.UK.PERF029_PerformanceDiscreteAnnualPerformanceViewAllShareClassQuarterEnd" tests="1" failures="0" timestamp="18 Jul 2018 12:07:36 GMT" time="76.172" errors="0">
  <testcase name="validatePerformanceDiscreteAnnualPerformanceViewAllShareClassQuarterEnd" time="76.172" classname="internationalTests.UK.PERF029_PerformanceDiscreteAnnualPerformanceViewAllShareClassQuarterEnd"/>
</testsuite> <!-- internationalTests.UK.PERF029_PerformanceDiscreteAnnualPerformanceViewAllShareClassQuarterEnd -->
