<?xml version="1.0" encoding="UTF-8"?>
<!-- Generated by org.testng.reporters.JUnitReportReporter -->
<testsuite hostname="HYDNBK136589" name="internationalTests.Luxembourg.PPSS_FundIdentifiersTab" tests="1" failures="0" timestamp="21 Dec 2017 11:31:13 GMT" time="35.123" errors="0">
  <testcase name="validateFndIdentifiers" time="35.123" classname="internationalTests.Luxembourg.PPSS_FundIdentifiersTab"/>
</testsuite> <!-- internationalTests.Luxembourg.PPSS_FundIdentifiersTab -->
