<?xml version="1.0" encoding="UTF-8"?>
<!-- Generated by org.testng.reporters.JUnitReportReporter -->
<testsuite hostname="hydwks135838" name="internationalTests.Switzerland.PERF025_PerformanceAnnualisedPerformanceViewAllShareClassQuarterEnd" tests="1" failures="0" timestamp="19 Mar 2018 10:39:47 GMT" time="73.280" errors="0">
  <testcase name="validatePerformanceAnnualisedPerformanceViewAllShareClassQuarterEnd" time="73.280" classname="internationalTests.Switzerland.PERF025_PerformanceAnnualisedPerformanceViewAllShareClassQuarterEnd"/>
</testsuite> <!-- internationalTests.Switzerland.PERF025_PerformanceAnnualisedPerformanceViewAllShareClassQuarterEnd -->
