<?xml version="1.0" encoding="UTF-8"?>
<!-- Generated by org.testng.reporters.JUnitReportReporter -->
<testsuite hostname="hydwks135838" name="internationalTests.Canada.PPSS004_Performance_AnnualizedDataMonthEnd" tests="1" failures="0" timestamp="31 May 2018 13:44:25 GMT" time="31.107" errors="0">
  <testcase name="validatePerformanceTabDiscreteAnnaulDataByMonthEnd" time="31.107" classname="internationalTests.Canada.PPSS004_Performance_AnnualizedDataMonthEnd"/>
</testsuite> <!-- internationalTests.Canada.PPSS004_Performance_AnnualizedDataMonthEnd -->
