<?xml version="1.0" encoding="UTF-8"?>
<!-- Generated by org.testng.reporters.JUnitReportReporter -->
<testsuite hostname="hydwks135838" name="internationalTests.Switzerland.PERF026_PerformanceCalendarYearPerformanceViewAllShareClassMonthEnd" tests="1" failures="0" timestamp="19 Mar 2018 10:42:31 GMT" time="72.164" errors="0">
  <testcase name="validatePerformanceCalendarYearPerformanceViewAllShareClasMonthEnd" time="72.164" classname="internationalTests.Switzerland.PERF026_PerformanceCalendarYearPerformanceViewAllShareClassMonthEnd"/>
</testsuite> <!-- internationalTests.Switzerland.PERF026_PerformanceCalendarYearPerformanceViewAllShareClassMonthEnd -->
