<?xml version="1.0" encoding="UTF-8"?>
<!-- Generated by org.testng.reporters.JUnitReportReporter -->
<testsuite hostname="hydwks135838" name="internationalTests.Switzerland.PERF002_PerformanceCumulativePerformanceTab" tests="1" failures="0" timestamp="19 Mar 2018 09:38:57 GMT" time="54.178" errors="0">
  <testcase name="validatePerformanceCumulativePerformanceTab" time="54.178" classname="internationalTests.Switzerland.PERF002_PerformanceCumulativePerformanceTab"/>
</testsuite> <!-- internationalTests.Switzerland.PERF002_PerformanceCumulativePerformanceTab -->
