<?xml version="1.0" encoding="UTF-8"?>
<!-- Generated by org.testng.reporters.JUnitReportReporter -->
<testsuite hostname="hydwks135838" name="internationalTests.Italy.PERF011_PerformanceAnnualisedPerformanceCaveats" tests="1" failures="0" timestamp="14 Mar 2018 12:59:18 GMT" time="85.035" errors="0">
  <testcase name="validatePerformanceAnnualisedPerformanceCaveats" time="85.035" classname="internationalTests.Italy.PERF011_PerformanceAnnualisedPerformanceCaveats"/>
</testsuite> <!-- internationalTests.Italy.PERF011_PerformanceAnnualisedPerformanceCaveats -->
