<?xml version="1.0" encoding="UTF-8"?>
<!-- Generated by org.testng.reporters.JUnitReportReporter -->
<testsuite hostname="hydwks135838" name="internationalTests.Canada.PPSS006_FundIdentifiersTab" tests="1" failures="0" timestamp="28 Aug 2018 06:32:11 GMT" time="31.747" errors="0">
  <testcase name="validateFndIdentifiers" time="31.747" classname="internationalTests.Canada.PPSS006_FundIdentifiersTab"/>
</testsuite> <!-- internationalTests.Canada.PPSS006_FundIdentifiersTab -->
