<?xml version="1.0" encoding="UTF-8"?>
<!-- Generated by org.testng.reporters.JUnitReportReporter -->
<testsuite hostname="hydwks135838" name="internationalTests.UK.PDST007_PriceAndDistributionNAVPrices" tests="1" failures="0" timestamp="13 Mar 2018 07:47:30 GMT" time="62.401" errors="0">
  <testcase name="validatePriceAndDistributionNAVPrices" time="62.401" classname="internationalTests.UK.PDST007_PriceAndDistributionNAVPrices"/>
</testsuite> <!-- internationalTests.UK.PDST007_PriceAndDistributionNAVPrices -->
