<?xml version="1.0" encoding="UTF-8"?>
<!-- Generated by org.testng.reporters.JUnitReportReporter -->
<testsuite hostname="hydwks135838" name="internationalTests.German.PERF009_PerformanceAnnualisedPerformanceMonthEnd" tests="1" failures="0" timestamp="8 Mar 2018 13:41:32 GMT" time="59.262" errors="0">
  <testcase name="validatePerformanceAnnualisedPerformanceMonthEnd" time="59.262" classname="internationalTests.German.PERF009_PerformanceAnnualisedPerformanceMonthEnd"/>
</testsuite> <!-- internationalTests.German.PERF009_PerformanceAnnualisedPerformanceMonthEnd -->
