<?xml version="1.0" encoding="UTF-8"?>
<!-- Generated by org.testng.reporters.JUnitReportReporter -->
<testsuite hostname="hydwks135838" name="internationalTests.Switzerland.PDST004_PriceAndDistributionHighestLowestNAV" tests="1" failures="0" timestamp="20 Mar 2018 06:26:49 GMT" time="61.445" errors="0">
  <testcase name="validatePriceAndDistributionHighestLowestNAV" time="61.445" classname="internationalTests.Switzerland.PDST004_PriceAndDistributionHighestLowestNAV"/>
</testsuite> <!-- internationalTests.Switzerland.PDST004_PriceAndDistributionHighestLowestNAV -->
