<?xml version="1.0" encoding="UTF-8"?>
<!-- Generated by org.testng.reporters.JUnitReportReporter -->
<testsuite hostname="HYDNBK136574" name="internationalTests.Canada.Marketing.RESR007_ApplicationForms_2" tests="1" failures="0" timestamp="21 Nov 2018 07:51:07 GMT" time="59.536" errors="0">
  <testcase name="validateApplicationForms2" time="59.536" classname="internationalTests.Canada.Marketing.RESR007_ApplicationForms_2"/>
</testsuite> <!-- internationalTests.Canada.Marketing.RESR007_ApplicationForms_2 -->
