<?xml version="1.0" encoding="UTF-8"?>
<!-- Generated by org.testng.reporters.JUnitReportReporter -->
<testsuite hostname="HYDNBK136589" name="internationalTests.Luxembourg.ppssFndIdentifiesrTab" tests="1" failures="0" timestamp="14 Dec 2017 06:23:58 GMT" time="45.736" errors="0">
  <testcase name="validateFndIdentifiers" time="45.736" classname="internationalTests.Luxembourg.ppssFndIdentifiesrTab"/>
</testsuite> <!-- internationalTests.Luxembourg.ppssFndIdentifiesrTab -->
