<?xml version="1.0" encoding="UTF-8"?>
<!-- Generated by org.testng.reporters.JUnitReportReporter -->
<testsuite hostname="hydwks135838" name="internationalTests.Luxembourg.FOVW008_Overview_DividendDistributionYield" tests="1" failures="0" timestamp="24 Jul 2018 12:34:41 GMT" time="62.538" errors="0">
  <testcase name="validateDividendDistributionSection" time="62.538" classname="internationalTests.Luxembourg.FOVW008_Overview_DividendDistributionYield"/>
</testsuite> <!-- internationalTests.Luxembourg.FOVW008_Overview_DividendDistributionYield -->
