<?xml version="1.0" encoding="UTF-8"?>
<!-- Generated by org.testng.reporters.JUnitReportReporter -->
<testsuite hostname="hydwks135838" name="internationalTests.Switzerland.PPSS001_PageNavigationAndOverview" tests="1" failures="0" timestamp="8 Jun 2018 12:15:28 GMT" time="53.140" errors="0">
  <testcase name="validatePPSSPageNavigation" time="53.140" classname="internationalTests.Switzerland.PPSS001_PageNavigationAndOverview"/>
</testsuite> <!-- internationalTests.Switzerland.PPSS001_PageNavigationAndOverview -->
