<?xml version="1.0" encoding="UTF-8"?>
<!-- Generated by org.testng.reporters.JUnitReportReporter -->
<testsuite hostname="HYDNBK136589" name="internationalTests.Luxembourg.PPSS_FndIdentifierInvestmentVehicleFilter" tests="1" failures="0" timestamp="14 Dec 2017 13:54:21 GMT" time="43.538" errors="0">
  <testcase name="ppssFndIdentifiesrTabFilterValidation" time="43.538" classname="internationalTests.Luxembourg.PPSS_FndIdentifierInvestmentVehicleFilter"/>
</testsuite> <!-- internationalTests.Luxembourg.PPSS_FndIdentifierInvestmentVehicleFilter -->
