<?xml version="1.0" encoding="UTF-8"?>
<!-- Generated by org.testng.reporters.JUnitReportReporter -->
<testsuite hostname="HYDNBK136589" name="internationalTests.Luxembourg.PPSS_FndIdentifierShareClassFilter" tests="1" failures="0" timestamp="18 Dec 2017 12:49:16 GMT" time="40.531" errors="0">
  <testcase name="ppssFndIdentifiesrTabFilterValidation" time="40.531" classname="internationalTests.Luxembourg.PPSS_FndIdentifierShareClassFilter"/>
</testsuite> <!-- internationalTests.Luxembourg.PPSS_FndIdentifierShareClassFilter -->
