<?xml version="1.0" encoding="UTF-8"?>
<!-- Generated by org.testng.reporters.JUnitReportReporter -->
<testsuite hostname="hydwks135838" name="internationalTests.Italy.PPSS006_FundIdentifiersTab" tests="1" failures="0" timestamp="15 Mar 2018 10:44:16 GMT" time="25.548" errors="0">
  <testcase name="validateFndIdentifiers" time="25.548" classname="internationalTests.Italy.PPSS006_FundIdentifiersTab"/>
</testsuite> <!-- internationalTests.Italy.PPSS006_FundIdentifiersTab -->
