<?xml version="1.0" encoding="UTF-8"?>
<!-- Generated by org.testng.reporters.JUnitReportReporter -->
<testsuite hostname="hydwks135838" name="internationalTests.Singapore.PFOL006_MarketCapitalisation" tests="1" failures="0" timestamp="27 Mar 2018 08:41:54 GMT" time="57.583" errors="0">
  <testcase name="validateMarketCapitalisationWidget" time="57.583" classname="internationalTests.Singapore.PFOL006_MarketCapitalisation"/>
</testsuite> <!-- internationalTests.Singapore.PFOL006_MarketCapitalisation -->
