<?xml version="1.0" encoding="UTF-8"?>
<!-- Generated by org.testng.reporters.JUnitReportReporter -->
<testsuite hostname="hydwks135838" name="internationalTests.Canada.PERF002_PerformanceCumulativePerformanceTab" tests="1" failures="0" timestamp="11 Sep 2018 10:14:49 GMT" time="67.232" errors="0">
  <testcase name="validatePerformanceCumulativePerformanceTab" time="67.232" classname="internationalTests.Canada.PERF002_PerformanceCumulativePerformanceTab"/>
</testsuite> <!-- internationalTests.Canada.PERF002_PerformanceCumulativePerformanceTab -->
