<?xml version="1.0" encoding="UTF-8"?>
<!-- Generated by org.testng.reporters.JUnitReportReporter -->
<testsuite hostname="hydwks135838" name="internationalTests.Singapore.FOVW001_Overview_NAVPrice" tests="1" failures="0" timestamp="26 Mar 2018 11:43:41 GMT" time="105.244" errors="0">
  <testcase name="validateNAVPrice" time="105.244" classname="internationalTests.Singapore.FOVW001_Overview_NAVPrice"/>
</testsuite> <!-- internationalTests.Singapore.FOVW001_Overview_NAVPrice -->
