<?xml version="1.0" encoding="UTF-8"?>
<!-- Generated by org.testng.reporters.JUnitReportReporter -->
<testsuite hostname="hydwks135838" name="internationalTests.Offshore.PERF004_PerformanceCumulativePerformanceMonthEnd" tests="1" failures="0" timestamp="16 Apr 2018 07:41:53 GMT" time="67.969" errors="0">
  <testcase name="validatePerformanceCumulativePerformanceMonthEnd" time="67.969" classname="internationalTests.Offshore.PERF004_PerformanceCumulativePerformanceMonthEnd"/>
</testsuite> <!-- internationalTests.Offshore.PERF004_PerformanceCumulativePerformanceMonthEnd -->
