<?xml version="1.0" encoding="UTF-8"?>
<!-- Generated by org.testng.reporters.JUnitReportReporter -->
<testsuite hostname="hydwks135838" name="internationalTests.Offshore.PFOL020_PortfolioStatistics_Equity" tests="1" failures="0" timestamp="24 Apr 2018 10:02:40 GMT" time="69.358" errors="0">
  <testcase name="validatePortfolioStatisticsEquity" time="69.358" classname="internationalTests.Offshore.PFOL020_PortfolioStatistics_Equity"/>
</testsuite> <!-- internationalTests.Offshore.PFOL020_PortfolioStatistics_Equity -->
