<?xml version="1.0" encoding="UTF-8"?>
<!-- Generated by org.testng.reporters.JUnitReportReporter -->
<testsuite hostname="hydwks135838" name="internationalTests.Singapore.PERF005_PerformanceCumulativePerformanceQuarterEnd" tests="1" failures="0" timestamp="27 Mar 2018 06:51:11 GMT" time="60.064" errors="0">
  <testcase name="validatePerformanceCumulativePerformanceQuarterEnd" time="60.064" classname="internationalTests.Singapore.PERF005_PerformanceCumulativePerformanceQuarterEnd"/>
</testsuite> <!-- internationalTests.Singapore.PERF005_PerformanceCumulativePerformanceQuarterEnd -->
