<?xml version="1.0" encoding="UTF-8"?>
<!-- Generated by org.testng.reporters.JUnitReportReporter -->
<testsuite hostname="hydwks135838" name="internationalTests.UK.FOVW012_Overview_BreadCrumbs" tests="1" failures="0" timestamp="18 Jul 2018 12:07:36 GMT" time="26.433" errors="0">
  <testcase name="validateOverviewPageBreadCrumbs" time="26.433" classname="internationalTests.UK.FOVW012_Overview_BreadCrumbs"/>
</testsuite> <!-- internationalTests.UK.FOVW012_Overview_BreadCrumbs -->
