<?xml version="1.0" encoding="UTF-8"?>
<!-- Generated by org.testng.reporters.JUnitReportReporter -->
<testsuite hostname="hydwks135838" name="internationalTests.Offshore.PERF009_PerformanceAnnualisedPerformanceMonthEnd" tests="1" failures="0" timestamp="16 Apr 2018 07:54:19 GMT" time="69.046" errors="0">
  <testcase name="validatePerformanceAnnualisedPerformanceMonthEnd" time="69.046" classname="internationalTests.Offshore.PERF009_PerformanceAnnualisedPerformanceMonthEnd"/>
</testsuite> <!-- internationalTests.Offshore.PERF009_PerformanceAnnualisedPerformanceMonthEnd -->
