<?xml version="1.0" encoding="UTF-8"?>
<!-- Generated by org.testng.reporters.JUnitReportReporter -->
<testsuite hostname="hydwks135838" name="internationalTests.UK.FOVW004_Overview_Sales_Charge" tests="1" failures="0" timestamp="18 Jul 2018 12:07:36 GMT" time="52.649" errors="0">
  <testcase name="validateSalesCharge" time="52.649" classname="internationalTests.UK.FOVW004_Overview_Sales_Charge"/>
</testsuite> <!-- internationalTests.UK.FOVW004_Overview_Sales_Charge -->
