<?xml version="1.0" encoding="UTF-8"?>
<!-- Generated by org.testng.reporters.JUnitReportReporter -->
<testsuite hostname="hydwks135838" name="internationalTests.Austria.PFOL021_PortfolioStatistics_NumberOfIssuersHoldings" tests="1" failures="0" timestamp="24 Jul 2018 11:42:42 GMT" time="130.304" errors="0">
  <testcase name="validatePortfolioStatisticsNumberOfIssuersHoldings" time="130.304" classname="internationalTests.Austria.PFOL021_PortfolioStatistics_NumberOfIssuersHoldings"/>
</testsuite> <!-- internationalTests.Austria.PFOL021_PortfolioStatistics_NumberOfIssuersHoldings -->
