<?xml version="1.0" encoding="UTF-8"?>
<!-- Generated by org.testng.reporters.JUnitReportReporter -->
<testsuite hostname="hydwks135838" name="internationalTests.German.FOVW009_Overview_PerfSnpDiscrete_Performance" tests="1" failures="0" timestamp="23 Oct 2018 06:46:42 GMT" time="85.154" errors="0">
  <testcase name="validatePerfSnpshtDiscretePerformance" time="85.154" classname="internationalTests.German.FOVW009_Overview_PerfSnpDiscrete_Performance"/>
</testsuite> <!-- internationalTests.German.FOVW009_Overview_PerfSnpDiscrete_Performance -->
