<?xml version="1.0" encoding="UTF-8"?>
<!-- Generated by org.testng.reporters.JUnitReportReporter -->
<testsuite hostname="hydwks135838" name="internationalTests.Offshore.PPSS003_Performance_Annualized" tests="1" failures="0" timestamp="30 Apr 2018 06:11:43 GMT" time="40.709" errors="0">
  <testcase name="validatePerformanceTabColumnsByDiscreteAnnaul" time="40.709" classname="internationalTests.Offshore.PPSS003_Performance_Annualized"/>
</testsuite> <!-- internationalTests.Offshore.PPSS003_Performance_Annualized -->
