<?xml version="1.0" encoding="UTF-8"?>
<!-- Generated by org.testng.reporters.JUnitReportReporter -->
<testsuite hostname="hydwks135838" name="internationalTests.Luxembourg.FOVW018_Overview_ImportantLegalInformation" tests="1" failures="0" timestamp="23 Apr 2018 12:23:18 GMT" time="76.157" errors="0">
  <testcase name="validateOverviewPageLegalInfo" time="76.157" classname="internationalTests.Luxembourg.FOVW018_Overview_ImportantLegalInformation"/>
</testsuite> <!-- internationalTests.Luxembourg.FOVW018_Overview_ImportantLegalInformation -->
