<?xml version="1.0" encoding="UTF-8"?>
<!-- Generated by org.testng.reporters.JUnitReportReporter -->
<testsuite hostname="HYDNBK136574" name="internationalTests.Canada.Marketing.RESR013_IndependentReviewCommitee" tests="1" failures="0" timestamp="21 Nov 2018 13:08:36 GMT" time="38.832" errors="0">
  <testcase name="validateIndependentReviewComitee" time="38.832" classname="internationalTests.Canada.Marketing.RESR013_IndependentReviewCommitee"/>
</testsuite> <!-- internationalTests.Canada.Marketing.RESR013_IndependentReviewCommitee -->
