<?xml version="1.0" encoding="UTF-8"?>
<!-- Generated by org.testng.reporters.JUnitReportReporter -->
<testsuite hostname="hydwks135838" name="internationalTests.Luxembourg.FOVW007_Overview_Fund_Managers" tests="1" failures="0" timestamp="24 Jul 2018 12:36:44 GMT" time="61.344" errors="0">
  <testcase name="validateFundManagers" time="61.344" classname="internationalTests.Luxembourg.FOVW007_Overview_Fund_Managers"/>
</testsuite> <!-- internationalTests.Luxembourg.FOVW007_Overview_Fund_Managers -->
