<?xml version="1.0" encoding="UTF-8"?>
<!-- Generated by org.testng.reporters.JUnitReportReporter -->
<testsuite hostname="hydwks135838" name="internationalTests.Canada.PERF005_PerformanceCumulativePerformanceQuarterEnd" tests="1" failures="0" timestamp="11 Sep 2018 10:20:56 GMT" time="65.236" errors="0">
  <testcase name="validatePerformanceCumulativePerformanceQuarterEnd" time="65.236" classname="internationalTests.Canada.PERF005_PerformanceCumulativePerformanceQuarterEnd"/>
</testsuite> <!-- internationalTests.Canada.PERF005_PerformanceCumulativePerformanceQuarterEnd -->
