<?xml version="1.0" encoding="UTF-8"?>
<!-- Generated by org.testng.reporters.JUnitReportReporter -->
<testsuite hostname="hydwks135838" name="internationalTests.UK.PDST006_PriceAndDistributionHistoricalDividend" tests="1" failures="0" timestamp="18 Jul 2018 12:10:52 GMT" time="86.059" errors="0">
  <testcase name="validatePriceAndDistributionHistoricalDividend" time="86.059" classname="internationalTests.UK.PDST006_PriceAndDistributionHistoricalDividend"/>
</testsuite> <!-- internationalTests.UK.PDST006_PriceAndDistributionHistoricalDividend -->
