<?xml version="1.0" encoding="UTF-8"?>
<!-- Generated by org.testng.reporters.JUnitReportReporter -->
<testsuite hostname="hydwks135838" name="internationalTests.UK.Smoke.SMOK002_PPSSPage" tests="1" failures="0" timestamp="15 Oct 2018 06:40:39 GMT" time="120.126" errors="0">
  <testcase name="validatePPSSPage" time="120.126" classname="internationalTests.UK.Smoke.SMOK002_PPSSPage"/>
</testsuite> <!-- internationalTests.UK.Smoke.SMOK002_PPSSPage -->
