<?xml version="1.0" encoding="UTF-8"?>
<!-- Generated by org.testng.reporters.JUnitReportReporter -->
<testsuite hostname="hydwks135838" name="internationalTests.Italy.FOVW016_Overview_ShareClass" tests="1" failures="0" timestamp="14 Mar 2018 08:56:03 GMT" time="37.407" errors="0">
  <testcase name="validateOverviewPageSareClass" time="37.407" classname="internationalTests.Italy.FOVW016_Overview_ShareClass"/>
</testsuite> <!-- internationalTests.Italy.FOVW016_Overview_ShareClass -->
