<?xml version="1.0" encoding="UTF-8"?>
<!-- Generated by org.testng.reporters.JUnitReportReporter -->
<testsuite hostname="hydwks135838" name="internationalTests.Offshore.FOVW016_Overview_ShareClass" tests="1" failures="0" timestamp="24 Apr 2018 12:12:02 GMT" time="60.508" errors="0">
  <testcase name="validateOverviewPageSareClass" time="60.508" classname="internationalTests.Offshore.FOVW016_Overview_ShareClass"/>
</testsuite> <!-- internationalTests.Offshore.FOVW016_Overview_ShareClass -->
